ARM GAS  C:\Users\Reza\AppData\Local\Temp\ccQiDuQC.s 			page 1


   1              		.syntax unified
   2              		.cpu cortex-m3
   3              		.fpu softvfp
   4              		.eabi_attribute 20, 1
   5              		.eabi_attribute 21, 1
   6              		.eabi_attribute 23, 3
   7              		.eabi_attribute 24, 1
   8              		.eabi_attribute 25, 1
   9              		.eabi_attribute 26, 1
  10              		.eabi_attribute 30, 1
  11              		.eabi_attribute 34, 1
  12              		.eabi_attribute 18, 4
  13              		.thumb
  14              		.syntax unified
  15              		.file	"adc_type.c"
  16              		.text
  17              	.Ltext0:
  18              		.cfi_sections	.debug_frame
  19              		.section	.text.ADC_driverIn,"ax",%progbits
  20              		.align	2
  21              		.global	ADC_driverIn
  22              		.thumb
  23              		.thumb_func
  24              		.type	ADC_driverIn, %function
  25              	ADC_driverIn:
  26              	.LFB114:
  27              		.file 1 "source\\rte\\adc_type.c"
   1:source\rte/adc_type.c **** /*
   2:source\rte/adc_type.c ****  * adc_type.c
   3:source\rte/adc_type.c ****  *
   4:source\rte/adc_type.c ****  * Author: Autogenerated by H-DA RTE Generator, (c) Prof. Fromm
   5:source\rte/adc_type.c ****  */
   6:source\rte/adc_type.c **** 
   7:source\rte/adc_type.c **** 
   8:source\rte/adc_type.c **** #include "project.h"
   9:source\rte/adc_type.c **** #include "global.h"
  10:source\rte/adc_type.c **** 
  11:source\rte/adc_type.c **** #include "adc_type.h"
  12:source\rte/adc_type.c **** #include "joystick.h"
  13:source\rte/adc_type.c **** #include "logging.h"
  14:source\rte/adc_type.c **** 
  15:source\rte/adc_type.c **** /*****************************************************************************************
  16:source\rte/adc_type.c ****  *************** Port Wrapper Implementation for ADC signal                     *******************
  17:source\rte/adc_type.c ****  *****************************************************************************************/
  18:source\rte/adc_type.c **** 
  19:source\rte/adc_type.c **** 
  20:source\rte/adc_type.c **** /**
  21:source\rte/adc_type.c ****  * Default IN driver API - may be deleted if not required
  22:source\rte/adc_type.c ****  */
  23:source\rte/adc_type.c **** inline RC_t ADC_driverIn(ADC_data_t *const data)
  24:source\rte/adc_type.c **** {
  28              		.loc 1 24 0
  29              		.cfi_startproc
  30              		@ args = 0, pretend = 0, frame = 8
  31              		@ frame_needed = 0, uses_anonymous_args = 0
  32              	.LVL0:
  33 0000 10B5     		push	{r4, lr}
ARM GAS  C:\Users\Reza\AppData\Local\Temp\ccQiDuQC.s 			page 2


  34              		.cfi_def_cfa_offset 8
  35              		.cfi_offset 4, -8
  36              		.cfi_offset 14, -4
  37 0002 82B0     		sub	sp, sp, #8
  38              		.cfi_def_cfa_offset 16
  39 0004 0446     		mov	r4, r0
  40              	.LVL1:
  25:source\rte/adc_type.c ****     RC_t result=RC_SUCCESS;
  26:source\rte/adc_type.c ****     sint8_t x=0;
  41              		.loc 1 26 0
  42 0006 0023     		movs	r3, #0
  43 0008 8DF80730 		strb	r3, [sp, #7]
  27:source\rte/adc_type.c ****     sint8_t y=0;
  44              		.loc 1 27 0
  45 000c 02A9     		add	r1, sp, #8
  46 000e 01F8023D 		strb	r3, [r1, #-2]!
  28:source\rte/adc_type.c **** 	//Read data from the MCAL driver
  29:source\rte/adc_type.c ****     result = JOYSTICK_ReadPosition(&x, &y);
  47              		.loc 1 29 0
  48 0012 0DF10700 		add	r0, sp, #7
  49              	.LVL2:
  50 0016 FFF7FEFF 		bl	JOYSTICK_ReadPosition
  51              	.LVL3:
  30:source\rte/adc_type.c **** 	//Scale it to the application type
  31:source\rte/adc_type.c ****     if(result == RC_SUCCESS)
  52              		.loc 1 31 0
  53 001a 0246     		mov	r2, r0
  54 001c 98B9     		cbnz	r0, .L2
  32:source\rte/adc_type.c ****     {
  33:source\rte/adc_type.c ****         data->m_x = (100 * x)/128;
  55              		.loc 1 33 0
  56 001e 9DF90710 		ldrsb	r1, [sp, #7]
  57 0022 6423     		movs	r3, #100
  58 0024 03FB01F3 		mul	r3, r3, r1
  59 0028 002B     		cmp	r3, #0
  60 002a 00DA     		bge	.L3
  61 002c 7F33     		adds	r3, r3, #127
  62              	.L3:
  63 002e DB11     		asrs	r3, r3, #7
  64 0030 2370     		strb	r3, [r4]
  34:source\rte/adc_type.c ****         data->m_y = (100 * y)/128;
  65              		.loc 1 34 0
  66 0032 9DF90610 		ldrsb	r1, [sp, #6]
  67 0036 6423     		movs	r3, #100
  68 0038 03FB01F3 		mul	r3, r3, r1
  69 003c 002B     		cmp	r3, #0
  70 003e 00DA     		bge	.L4
  71 0040 7F33     		adds	r3, r3, #127
  72              	.L4:
  73 0042 DB11     		asrs	r3, r3, #7
  74 0044 6370     		strb	r3, [r4, #1]
  75              	.L2:
  35:source\rte/adc_type.c ****     }
  36:source\rte/adc_type.c **** 	return result;
  37:source\rte/adc_type.c **** }
  76              		.loc 1 37 0
  77 0046 1046     		mov	r0, r2
ARM GAS  C:\Users\Reza\AppData\Local\Temp\ccQiDuQC.s 			page 3


  78              	.LVL4:
  79 0048 02B0     		add	sp, sp, #8
  80              		.cfi_def_cfa_offset 8
  81              		@ sp needed
  82 004a 10BD     		pop	{r4, pc}
  83              		.cfi_endproc
  84              	.LFE114:
  85              		.size	ADC_driverIn, .-ADC_driverIn
  86              		.section	.text.ADC_driverOut,"ax",%progbits
  87              		.align	2
  88              		.global	ADC_driverOut
  89              		.thumb
  90              		.thumb_func
  91              		.type	ADC_driverOut, %function
  92              	ADC_driverOut:
  93              	.LFB115:
  38:source\rte/adc_type.c **** 
  39:source\rte/adc_type.c **** /**
  40:source\rte/adc_type.c ****  * Default IN driver API - may be deleted if not required
  41:source\rte/adc_type.c ****  */
  42:source\rte/adc_type.c **** inline RC_t ADC_driverOut(const ADC_data_t  *const data)
  43:source\rte/adc_type.c **** {
  94              		.loc 1 43 0
  95              		.cfi_startproc
  96              		@ args = 0, pretend = 0, frame = 0
  97              		@ frame_needed = 0, uses_anonymous_args = 0
  98              		@ link register save eliminated.
  99              	.LVL5:
  44:source\rte/adc_type.c **** //#error "Add your code here"
  45:source\rte/adc_type.c **** 
  46:source\rte/adc_type.c **** 	//Scale application data to drive format
  47:source\rte/adc_type.c **** 
  48:source\rte/adc_type.c **** 	//Write scaled data to driver
  49:source\rte/adc_type.c **** 
  50:source\rte/adc_type.c **** 	return RC_SUCCESS;
  51:source\rte/adc_type.c **** }
 100              		.loc 1 51 0
 101 0000 0020     		movs	r0, #0
 102              	.LVL6:
 103 0002 7047     		bx	lr
 104              		.cfi_endproc
 105              	.LFE115:
 106              		.size	ADC_driverOut, .-ADC_driverOut
 107              		.text
 108              	.Letext0:
 109              		.file 2 "c:\\program files (x86)\\cypress\\psoc creator\\4.4\\psoc creator\\import\\gnu\\arm\\5.4.
 110              		.file 3 "c:\\program files (x86)\\cypress\\psoc creator\\4.4\\psoc creator\\import\\gnu\\arm\\5.4.
 111              		.file 4 "Generated_Source\\PSoC5/ErikaOS_1_common_ee_types.inc"
 112              		.file 5 "Generated_Source\\PSoC5/ErikaOS_1_cortex_mx_ee_cpu.inc"
 113              		.file 6 ".\\source\\bsw/global.h"
 114              		.file 7 "source\\rte\\adc_type.h"
 115              		.file 8 "Generated_Source\\PSoC5/ErikaOS_1_ee_oo_intfunc.inc"
 116              		.file 9 "Generated_Source\\PSoC5/ErikaOS_1_cortex_mx_ee_context.inc"
 117              		.file 10 "Generated_Source\\PSoC5/ErikaOS_1_common_ee_primitives.inc"
 118              		.file 11 "Generated_Source\\PSoC5/core_cm3.h"
 119              		.file 12 ".\\source\\bsw\\labboard/joystick.h"
 120              		.section	.debug_info,"",%progbits
ARM GAS  C:\Users\Reza\AppData\Local\Temp\ccQiDuQC.s 			page 4


 121              	.Ldebug_info0:
 122 0000 BE020000 		.4byte	0x2be
 123 0004 0400     		.2byte	0x4
 124 0006 00000000 		.4byte	.Ldebug_abbrev0
 125 000a 04       		.byte	0x4
 126 000b 01       		.uleb128 0x1
 127 000c ED020000 		.4byte	.LASF59
 128 0010 0C       		.byte	0xc
 129 0011 A9000000 		.4byte	.LASF60
 130 0015 46020000 		.4byte	.LASF61
 131 0019 00000000 		.4byte	.Ldebug_ranges0+0
 132 001d 00000000 		.4byte	0
 133 0021 00000000 		.4byte	.Ldebug_line0
 134 0025 02       		.uleb128 0x2
 135 0026 01       		.byte	0x1
 136 0027 06       		.byte	0x6
 137 0028 E4010000 		.4byte	.LASF0
 138 002c 02       		.uleb128 0x2
 139 002d 01       		.byte	0x1
 140 002e 08       		.byte	0x8
 141 002f CC010000 		.4byte	.LASF1
 142 0033 02       		.uleb128 0x2
 143 0034 02       		.byte	0x2
 144 0035 05       		.byte	0x5
 145 0036 46000000 		.4byte	.LASF2
 146 003a 02       		.uleb128 0x2
 147 003b 02       		.byte	0x2
 148 003c 07       		.byte	0x7
 149 003d DA020000 		.4byte	.LASF3
 150 0041 03       		.uleb128 0x3
 151 0042 FB030000 		.4byte	.LASF9
 152 0046 02       		.byte	0x2
 153 0047 3F       		.byte	0x3f
 154 0048 4C000000 		.4byte	0x4c
 155 004c 02       		.uleb128 0x2
 156 004d 04       		.byte	0x4
 157 004e 05       		.byte	0x5
 158 004f 74010000 		.4byte	.LASF4
 159 0053 02       		.uleb128 0x2
 160 0054 04       		.byte	0x4
 161 0055 07       		.byte	0x7
 162 0056 C8030000 		.4byte	.LASF5
 163 005a 02       		.uleb128 0x2
 164 005b 08       		.byte	0x8
 165 005c 05       		.byte	0x5
 166 005d 29010000 		.4byte	.LASF6
 167 0061 02       		.uleb128 0x2
 168 0062 08       		.byte	0x8
 169 0063 07       		.byte	0x7
 170 0064 F0010000 		.4byte	.LASF7
 171 0068 04       		.uleb128 0x4
 172 0069 04       		.byte	0x4
 173 006a 05       		.byte	0x5
 174 006b 696E7400 		.ascii	"int\000"
 175 006f 02       		.uleb128 0x2
 176 0070 04       		.byte	0x4
 177 0071 07       		.byte	0x7
ARM GAS  C:\Users\Reza\AppData\Local\Temp\ccQiDuQC.s 			page 5


 178 0072 07020000 		.4byte	.LASF8
 179 0076 03       		.uleb128 0x3
 180 0077 95030000 		.4byte	.LASF10
 181 007b 03       		.byte	0x3
 182 007c 2C       		.byte	0x2c
 183 007d 41000000 		.4byte	0x41
 184 0081 02       		.uleb128 0x2
 185 0082 04       		.byte	0x4
 186 0083 04       		.byte	0x4
 187 0084 23010000 		.4byte	.LASF11
 188 0088 02       		.uleb128 0x2
 189 0089 08       		.byte	0x8
 190 008a 04       		.byte	0x4
 191 008b DA030000 		.4byte	.LASF12
 192 008f 02       		.uleb128 0x2
 193 0090 01       		.byte	0x1
 194 0091 08       		.byte	0x8
 195 0092 7B030000 		.4byte	.LASF13
 196 0096 02       		.uleb128 0x2
 197 0097 08       		.byte	0x8
 198 0098 04       		.byte	0x4
 199 0099 C0010000 		.4byte	.LASF14
 200 009d 02       		.uleb128 0x2
 201 009e 04       		.byte	0x4
 202 009f 07       		.byte	0x7
 203 00a0 76000000 		.4byte	.LASF15
 204 00a4 03       		.uleb128 0x3
 205 00a5 F2000000 		.4byte	.LASF16
 206 00a9 04       		.byte	0x4
 207 00aa 53       		.byte	0x53
 208 00ab 68000000 		.4byte	0x68
 209 00af 03       		.uleb128 0x3
 210 00b0 DA010000 		.4byte	.LASF17
 211 00b4 04       		.byte	0x4
 212 00b5 54       		.byte	0x54
 213 00b6 6F000000 		.4byte	0x6f
 214 00ba 03       		.uleb128 0x3
 215 00bb F3030000 		.4byte	.LASF18
 216 00bf 05       		.byte	0x5
 217 00c0 4D       		.byte	0x4d
 218 00c1 AF000000 		.4byte	0xaf
 219 00c5 03       		.uleb128 0x3
 220 00c6 8D000000 		.4byte	.LASF19
 221 00ca 05       		.byte	0x5
 222 00cb 4F       		.byte	0x4f
 223 00cc AF000000 		.4byte	0xaf
 224 00d0 03       		.uleb128 0x3
 225 00d1 BF000000 		.4byte	.LASF20
 226 00d5 05       		.byte	0x5
 227 00d6 78       		.byte	0x78
 228 00d7 A4000000 		.4byte	0xa4
 229 00db 03       		.uleb128 0x3
 230 00dc 89040000 		.4byte	.LASF21
 231 00e0 06       		.byte	0x6
 232 00e1 76       		.byte	0x76
 233 00e2 25000000 		.4byte	0x25
 234 00e6 05       		.uleb128 0x5
ARM GAS  C:\Users\Reza\AppData\Local\Temp\ccQiDuQC.s 			page 6


 235 00e7 65524300 		.ascii	"eRC\000"
 236 00eb 01       		.byte	0x1
 237 00ec 25000000 		.4byte	0x25
 238 00f0 06       		.byte	0x6
 239 00f1 AC       		.byte	0xac
 240 00f2 8D010000 		.4byte	0x18d
 241 00f6 06       		.uleb128 0x6
 242 00f7 1A000000 		.4byte	.LASF22
 243 00fb 00       		.byte	0
 244 00fc 07       		.uleb128 0x7
 245 00fd 2F040000 		.4byte	.LASF23
 246 0101 7F       		.sleb128 -1
 247 0102 07       		.uleb128 0x7
 248 0103 22020000 		.4byte	.LASF24
 249 0107 7E       		.sleb128 -2
 250 0108 07       		.uleb128 0x7
 251 0109 7F000000 		.4byte	.LASF25
 252 010d 7D       		.sleb128 -3
 253 010e 07       		.uleb128 0x7
 254 010f 4E040000 		.4byte	.LASF26
 255 0113 7C       		.sleb128 -4
 256 0114 07       		.uleb128 0x7
 257 0115 14010000 		.4byte	.LASF27
 258 0119 7B       		.sleb128 -5
 259 011a 07       		.uleb128 0x7
 260 011b 50000000 		.4byte	.LASF28
 261 011f 7A       		.sleb128 -6
 262 0120 07       		.uleb128 0x7
 263 0121 7D010000 		.4byte	.LASF29
 264 0125 79       		.sleb128 -7
 265 0126 07       		.uleb128 0x7
 266 0127 80030000 		.4byte	.LASF30
 267 012b 78       		.sleb128 -8
 268 012c 07       		.uleb128 0x7
 269 012d 30020000 		.4byte	.LASF31
 270 0131 77       		.sleb128 -9
 271 0132 07       		.uleb128 0x7
 272 0133 8F010000 		.4byte	.LASF32
 273 0137 76       		.sleb128 -10
 274 0138 07       		.uleb128 0x7
 275 0139 91040000 		.4byte	.LASF33
 276 013d 75       		.sleb128 -11
 277 013e 07       		.uleb128 0x7
 278 013f 14020000 		.4byte	.LASF34
 279 0143 74       		.sleb128 -12
 280 0144 07       		.uleb128 0x7
 281 0145 E1030000 		.4byte	.LASF35
 282 0149 73       		.sleb128 -13
 283 014a 07       		.uleb128 0x7
 284 014b 07000000 		.4byte	.LASF36
 285 014f 72       		.sleb128 -14
 286 0150 07       		.uleb128 0x7
 287 0151 32000000 		.4byte	.LASF37
 288 0155 71       		.sleb128 -15
 289 0156 07       		.uleb128 0x7
 290 0157 9D010000 		.4byte	.LASF38
 291 015b 70       		.sleb128 -16
ARM GAS  C:\Users\Reza\AppData\Local\Temp\ccQiDuQC.s 			page 7


 292 015c 07       		.uleb128 0x7
 293 015d 95000000 		.4byte	.LASF39
 294 0161 6F       		.sleb128 -17
 295 0162 07       		.uleb128 0x7
 296 0163 61000000 		.4byte	.LASF40
 297 0167 6E       		.sleb128 -18
 298 0168 07       		.uleb128 0x7
 299 0169 50010000 		.4byte	.LASF41
 300 016d 6D       		.sleb128 -19
 301 016e 07       		.uleb128 0x7
 302 016f 9D030000 		.4byte	.LASF42
 303 0173 6C       		.sleb128 -20
 304 0174 07       		.uleb128 0x7
 305 0175 AE010000 		.4byte	.LASF43
 306 0179 6B       		.sleb128 -21
 307 017a 07       		.uleb128 0x7
 308 017b 10040000 		.4byte	.LASF44
 309 017f 6A       		.sleb128 -22
 310 0180 07       		.uleb128 0x7
 311 0181 C6000000 		.4byte	.LASF45
 312 0185 69       		.sleb128 -23
 313 0186 07       		.uleb128 0x7
 314 0187 63010000 		.4byte	.LASF46
 315 018b 68       		.sleb128 -24
 316 018c 00       		.byte	0
 317 018d 03       		.uleb128 0x3
 318 018e 84040000 		.4byte	.LASF47
 319 0192 06       		.byte	0x6
 320 0193 C8       		.byte	0xc8
 321 0194 E6000000 		.4byte	0xe6
 322 0198 08       		.uleb128 0x8
 323 0199 02       		.byte	0x2
 324 019a 07       		.byte	0x7
 325 019b 14       		.byte	0x14
 326 019c B9010000 		.4byte	0x1b9
 327 01a0 09       		.uleb128 0x9
 328 01a1 6D5F7800 		.ascii	"m_x\000"
 329 01a5 07       		.byte	0x7
 330 01a6 16       		.byte	0x16
 331 01a7 DB000000 		.4byte	0xdb
 332 01ab 00       		.byte	0
 333 01ac 09       		.uleb128 0x9
 334 01ad 6D5F7900 		.ascii	"m_y\000"
 335 01b1 07       		.byte	0x7
 336 01b2 17       		.byte	0x17
 337 01b3 DB000000 		.4byte	0xdb
 338 01b7 01       		.byte	0x1
 339 01b8 00       		.byte	0
 340 01b9 03       		.uleb128 0x3
 341 01ba 05040000 		.4byte	.LASF48
 342 01be 07       		.byte	0x7
 343 01bf 18       		.byte	0x18
 344 01c0 98010000 		.4byte	0x198
 345 01c4 0A       		.uleb128 0xa
 346 01c5 25000000 		.4byte	.LASF50
 347 01c9 01       		.byte	0x1
 348 01ca 17       		.byte	0x17
ARM GAS  C:\Users\Reza\AppData\Local\Temp\ccQiDuQC.s 			page 8


 349 01cb 8D010000 		.4byte	0x18d
 350 01cf 00000000 		.4byte	.LFB114
 351 01d3 4C000000 		.4byte	.LFE114-.LFB114
 352 01d7 01       		.uleb128 0x1
 353 01d8 9C       		.byte	0x9c
 354 01d9 2A020000 		.4byte	0x22a
 355 01dd 0B       		.uleb128 0xb
 356 01de B0030000 		.4byte	.LASF52
 357 01e2 01       		.byte	0x1
 358 01e3 17       		.byte	0x17
 359 01e4 30020000 		.4byte	0x230
 360 01e8 00000000 		.4byte	.LLST0
 361 01ec 0C       		.uleb128 0xc
 362 01ed 00000000 		.4byte	.LASF49
 363 01f1 01       		.byte	0x1
 364 01f2 19       		.byte	0x19
 365 01f3 8D010000 		.4byte	0x18d
 366 01f7 1E000000 		.4byte	.LLST1
 367 01fb 0D       		.uleb128 0xd
 368 01fc 7800     		.ascii	"x\000"
 369 01fe 01       		.byte	0x1
 370 01ff 1A       		.byte	0x1a
 371 0200 DB000000 		.4byte	0xdb
 372 0204 02       		.uleb128 0x2
 373 0205 91       		.byte	0x91
 374 0206 77       		.sleb128 -9
 375 0207 0D       		.uleb128 0xd
 376 0208 7900     		.ascii	"y\000"
 377 020a 01       		.byte	0x1
 378 020b 1B       		.byte	0x1b
 379 020c DB000000 		.4byte	0xdb
 380 0210 02       		.uleb128 0x2
 381 0211 91       		.byte	0x91
 382 0212 76       		.sleb128 -10
 383 0213 0E       		.uleb128 0xe
 384 0214 1A000000 		.4byte	.LVL3
 385 0218 B6020000 		.4byte	0x2b6
 386 021c 0F       		.uleb128 0xf
 387 021d 01       		.uleb128 0x1
 388 021e 50       		.byte	0x50
 389 021f 02       		.uleb128 0x2
 390 0220 91       		.byte	0x91
 391 0221 77       		.sleb128 -9
 392 0222 0F       		.uleb128 0xf
 393 0223 01       		.uleb128 0x1
 394 0224 51       		.byte	0x51
 395 0225 02       		.uleb128 0x2
 396 0226 91       		.byte	0x91
 397 0227 76       		.sleb128 -10
 398 0228 00       		.byte	0
 399 0229 00       		.byte	0
 400 022a 10       		.uleb128 0x10
 401 022b 04       		.byte	0x4
 402 022c B9010000 		.4byte	0x1b9
 403 0230 11       		.uleb128 0x11
 404 0231 2A020000 		.4byte	0x22a
 405 0235 0A       		.uleb128 0xa
ARM GAS  C:\Users\Reza\AppData\Local\Temp\ccQiDuQC.s 			page 9


 406 0236 76040000 		.4byte	.LASF51
 407 023a 01       		.byte	0x1
 408 023b 2A       		.byte	0x2a
 409 023c 8D010000 		.4byte	0x18d
 410 0240 00000000 		.4byte	.LFB115
 411 0244 04000000 		.4byte	.LFE115-.LFB115
 412 0248 01       		.uleb128 0x1
 413 0249 9C       		.byte	0x9c
 414 024a 5E020000 		.4byte	0x25e
 415 024e 0B       		.uleb128 0xb
 416 024f B0030000 		.4byte	.LASF52
 417 0253 01       		.byte	0x1
 418 0254 2A       		.byte	0x2a
 419 0255 69020000 		.4byte	0x269
 420 0259 3D000000 		.4byte	.LLST2
 421 025d 00       		.byte	0
 422 025e 10       		.uleb128 0x10
 423 025f 04       		.byte	0x4
 424 0260 64020000 		.4byte	0x264
 425 0264 11       		.uleb128 0x11
 426 0265 B9010000 		.4byte	0x1b9
 427 0269 11       		.uleb128 0x11
 428 026a 5E020000 		.4byte	0x25e
 429 026e 12       		.uleb128 0x12
 430 026f 5E040000 		.4byte	.LASF53
 431 0273 08       		.byte	0x8
 432 0274 40       		.byte	0x40
 433 0275 BA000000 		.4byte	0xba
 434 0279 12       		.uleb128 0x12
 435 027a 37010000 		.4byte	.LASF54
 436 027e 08       		.byte	0x8
 437 027f 47       		.byte	0x47
 438 0280 C5000000 		.4byte	0xc5
 439 0284 12       		.uleb128 0x12
 440 0285 B5030000 		.4byte	.LASF55
 441 0289 08       		.byte	0x8
 442 028a 4A       		.byte	0x4a
 443 028b BA000000 		.4byte	0xba
 444 028f 12       		.uleb128 0x12
 445 0290 FB000000 		.4byte	.LASF56
 446 0294 09       		.byte	0x9
 447 0295 48       		.byte	0x48
 448 0296 D0000000 		.4byte	0xd0
 449 029a 12       		.uleb128 0x12
 450 029b DD000000 		.4byte	.LASF57
 451 029f 0A       		.byte	0xa
 452 02a0 44       		.byte	0x44
 453 02a1 BA000000 		.4byte	0xba
 454 02a5 13       		.uleb128 0x13
 455 02a6 22040000 		.4byte	.LASF58
 456 02aa 0B       		.byte	0xb
 457 02ab 1207     		.2byte	0x712
 458 02ad B1020000 		.4byte	0x2b1
 459 02b1 14       		.uleb128 0x14
 460 02b2 76000000 		.4byte	0x76
 461 02b6 15       		.uleb128 0x15
 462 02b7 38040000 		.4byte	.LASF62
ARM GAS  C:\Users\Reza\AppData\Local\Temp\ccQiDuQC.s 			page 10


 463 02bb 38040000 		.4byte	.LASF62
 464 02bf 0C       		.byte	0xc
 465 02c0 75       		.byte	0x75
 466 02c1 00       		.byte	0
 467              		.section	.debug_abbrev,"",%progbits
 468              	.Ldebug_abbrev0:
 469 0000 01       		.uleb128 0x1
 470 0001 11       		.uleb128 0x11
 471 0002 01       		.byte	0x1
 472 0003 25       		.uleb128 0x25
 473 0004 0E       		.uleb128 0xe
 474 0005 13       		.uleb128 0x13
 475 0006 0B       		.uleb128 0xb
 476 0007 03       		.uleb128 0x3
 477 0008 0E       		.uleb128 0xe
 478 0009 1B       		.uleb128 0x1b
 479 000a 0E       		.uleb128 0xe
 480 000b 55       		.uleb128 0x55
 481 000c 17       		.uleb128 0x17
 482 000d 11       		.uleb128 0x11
 483 000e 01       		.uleb128 0x1
 484 000f 10       		.uleb128 0x10
 485 0010 17       		.uleb128 0x17
 486 0011 00       		.byte	0
 487 0012 00       		.byte	0
 488 0013 02       		.uleb128 0x2
 489 0014 24       		.uleb128 0x24
 490 0015 00       		.byte	0
 491 0016 0B       		.uleb128 0xb
 492 0017 0B       		.uleb128 0xb
 493 0018 3E       		.uleb128 0x3e
 494 0019 0B       		.uleb128 0xb
 495 001a 03       		.uleb128 0x3
 496 001b 0E       		.uleb128 0xe
 497 001c 00       		.byte	0
 498 001d 00       		.byte	0
 499 001e 03       		.uleb128 0x3
 500 001f 16       		.uleb128 0x16
 501 0020 00       		.byte	0
 502 0021 03       		.uleb128 0x3
 503 0022 0E       		.uleb128 0xe
 504 0023 3A       		.uleb128 0x3a
 505 0024 0B       		.uleb128 0xb
 506 0025 3B       		.uleb128 0x3b
 507 0026 0B       		.uleb128 0xb
 508 0027 49       		.uleb128 0x49
 509 0028 13       		.uleb128 0x13
 510 0029 00       		.byte	0
 511 002a 00       		.byte	0
 512 002b 04       		.uleb128 0x4
 513 002c 24       		.uleb128 0x24
 514 002d 00       		.byte	0
 515 002e 0B       		.uleb128 0xb
 516 002f 0B       		.uleb128 0xb
 517 0030 3E       		.uleb128 0x3e
 518 0031 0B       		.uleb128 0xb
 519 0032 03       		.uleb128 0x3
ARM GAS  C:\Users\Reza\AppData\Local\Temp\ccQiDuQC.s 			page 11


 520 0033 08       		.uleb128 0x8
 521 0034 00       		.byte	0
 522 0035 00       		.byte	0
 523 0036 05       		.uleb128 0x5
 524 0037 04       		.uleb128 0x4
 525 0038 01       		.byte	0x1
 526 0039 03       		.uleb128 0x3
 527 003a 08       		.uleb128 0x8
 528 003b 0B       		.uleb128 0xb
 529 003c 0B       		.uleb128 0xb
 530 003d 49       		.uleb128 0x49
 531 003e 13       		.uleb128 0x13
 532 003f 3A       		.uleb128 0x3a
 533 0040 0B       		.uleb128 0xb
 534 0041 3B       		.uleb128 0x3b
 535 0042 0B       		.uleb128 0xb
 536 0043 01       		.uleb128 0x1
 537 0044 13       		.uleb128 0x13
 538 0045 00       		.byte	0
 539 0046 00       		.byte	0
 540 0047 06       		.uleb128 0x6
 541 0048 28       		.uleb128 0x28
 542 0049 00       		.byte	0
 543 004a 03       		.uleb128 0x3
 544 004b 0E       		.uleb128 0xe
 545 004c 1C       		.uleb128 0x1c
 546 004d 0B       		.uleb128 0xb
 547 004e 00       		.byte	0
 548 004f 00       		.byte	0
 549 0050 07       		.uleb128 0x7
 550 0051 28       		.uleb128 0x28
 551 0052 00       		.byte	0
 552 0053 03       		.uleb128 0x3
 553 0054 0E       		.uleb128 0xe
 554 0055 1C       		.uleb128 0x1c
 555 0056 0D       		.uleb128 0xd
 556 0057 00       		.byte	0
 557 0058 00       		.byte	0
 558 0059 08       		.uleb128 0x8
 559 005a 13       		.uleb128 0x13
 560 005b 01       		.byte	0x1
 561 005c 0B       		.uleb128 0xb
 562 005d 0B       		.uleb128 0xb
 563 005e 3A       		.uleb128 0x3a
 564 005f 0B       		.uleb128 0xb
 565 0060 3B       		.uleb128 0x3b
 566 0061 0B       		.uleb128 0xb
 567 0062 01       		.uleb128 0x1
 568 0063 13       		.uleb128 0x13
 569 0064 00       		.byte	0
 570 0065 00       		.byte	0
 571 0066 09       		.uleb128 0x9
 572 0067 0D       		.uleb128 0xd
 573 0068 00       		.byte	0
 574 0069 03       		.uleb128 0x3
 575 006a 08       		.uleb128 0x8
 576 006b 3A       		.uleb128 0x3a
ARM GAS  C:\Users\Reza\AppData\Local\Temp\ccQiDuQC.s 			page 12


 577 006c 0B       		.uleb128 0xb
 578 006d 3B       		.uleb128 0x3b
 579 006e 0B       		.uleb128 0xb
 580 006f 49       		.uleb128 0x49
 581 0070 13       		.uleb128 0x13
 582 0071 38       		.uleb128 0x38
 583 0072 0B       		.uleb128 0xb
 584 0073 00       		.byte	0
 585 0074 00       		.byte	0
 586 0075 0A       		.uleb128 0xa
 587 0076 2E       		.uleb128 0x2e
 588 0077 01       		.byte	0x1
 589 0078 3F       		.uleb128 0x3f
 590 0079 19       		.uleb128 0x19
 591 007a 03       		.uleb128 0x3
 592 007b 0E       		.uleb128 0xe
 593 007c 3A       		.uleb128 0x3a
 594 007d 0B       		.uleb128 0xb
 595 007e 3B       		.uleb128 0x3b
 596 007f 0B       		.uleb128 0xb
 597 0080 27       		.uleb128 0x27
 598 0081 19       		.uleb128 0x19
 599 0082 49       		.uleb128 0x49
 600 0083 13       		.uleb128 0x13
 601 0084 11       		.uleb128 0x11
 602 0085 01       		.uleb128 0x1
 603 0086 12       		.uleb128 0x12
 604 0087 06       		.uleb128 0x6
 605 0088 40       		.uleb128 0x40
 606 0089 18       		.uleb128 0x18
 607 008a 9742     		.uleb128 0x2117
 608 008c 19       		.uleb128 0x19
 609 008d 01       		.uleb128 0x1
 610 008e 13       		.uleb128 0x13
 611 008f 00       		.byte	0
 612 0090 00       		.byte	0
 613 0091 0B       		.uleb128 0xb
 614 0092 05       		.uleb128 0x5
 615 0093 00       		.byte	0
 616 0094 03       		.uleb128 0x3
 617 0095 0E       		.uleb128 0xe
 618 0096 3A       		.uleb128 0x3a
 619 0097 0B       		.uleb128 0xb
 620 0098 3B       		.uleb128 0x3b
 621 0099 0B       		.uleb128 0xb
 622 009a 49       		.uleb128 0x49
 623 009b 13       		.uleb128 0x13
 624 009c 02       		.uleb128 0x2
 625 009d 17       		.uleb128 0x17
 626 009e 00       		.byte	0
 627 009f 00       		.byte	0
 628 00a0 0C       		.uleb128 0xc
 629 00a1 34       		.uleb128 0x34
 630 00a2 00       		.byte	0
 631 00a3 03       		.uleb128 0x3
 632 00a4 0E       		.uleb128 0xe
 633 00a5 3A       		.uleb128 0x3a
ARM GAS  C:\Users\Reza\AppData\Local\Temp\ccQiDuQC.s 			page 13


 634 00a6 0B       		.uleb128 0xb
 635 00a7 3B       		.uleb128 0x3b
 636 00a8 0B       		.uleb128 0xb
 637 00a9 49       		.uleb128 0x49
 638 00aa 13       		.uleb128 0x13
 639 00ab 02       		.uleb128 0x2
 640 00ac 17       		.uleb128 0x17
 641 00ad 00       		.byte	0
 642 00ae 00       		.byte	0
 643 00af 0D       		.uleb128 0xd
 644 00b0 34       		.uleb128 0x34
 645 00b1 00       		.byte	0
 646 00b2 03       		.uleb128 0x3
 647 00b3 08       		.uleb128 0x8
 648 00b4 3A       		.uleb128 0x3a
 649 00b5 0B       		.uleb128 0xb
 650 00b6 3B       		.uleb128 0x3b
 651 00b7 0B       		.uleb128 0xb
 652 00b8 49       		.uleb128 0x49
 653 00b9 13       		.uleb128 0x13
 654 00ba 02       		.uleb128 0x2
 655 00bb 18       		.uleb128 0x18
 656 00bc 00       		.byte	0
 657 00bd 00       		.byte	0
 658 00be 0E       		.uleb128 0xe
 659 00bf 898201   		.uleb128 0x4109
 660 00c2 01       		.byte	0x1
 661 00c3 11       		.uleb128 0x11
 662 00c4 01       		.uleb128 0x1
 663 00c5 31       		.uleb128 0x31
 664 00c6 13       		.uleb128 0x13
 665 00c7 00       		.byte	0
 666 00c8 00       		.byte	0
 667 00c9 0F       		.uleb128 0xf
 668 00ca 8A8201   		.uleb128 0x410a
 669 00cd 00       		.byte	0
 670 00ce 02       		.uleb128 0x2
 671 00cf 18       		.uleb128 0x18
 672 00d0 9142     		.uleb128 0x2111
 673 00d2 18       		.uleb128 0x18
 674 00d3 00       		.byte	0
 675 00d4 00       		.byte	0
 676 00d5 10       		.uleb128 0x10
 677 00d6 0F       		.uleb128 0xf
 678 00d7 00       		.byte	0
 679 00d8 0B       		.uleb128 0xb
 680 00d9 0B       		.uleb128 0xb
 681 00da 49       		.uleb128 0x49
 682 00db 13       		.uleb128 0x13
 683 00dc 00       		.byte	0
 684 00dd 00       		.byte	0
 685 00de 11       		.uleb128 0x11
 686 00df 26       		.uleb128 0x26
 687 00e0 00       		.byte	0
 688 00e1 49       		.uleb128 0x49
 689 00e2 13       		.uleb128 0x13
 690 00e3 00       		.byte	0
ARM GAS  C:\Users\Reza\AppData\Local\Temp\ccQiDuQC.s 			page 14


 691 00e4 00       		.byte	0
 692 00e5 12       		.uleb128 0x12
 693 00e6 34       		.uleb128 0x34
 694 00e7 00       		.byte	0
 695 00e8 03       		.uleb128 0x3
 696 00e9 0E       		.uleb128 0xe
 697 00ea 3A       		.uleb128 0x3a
 698 00eb 0B       		.uleb128 0xb
 699 00ec 3B       		.uleb128 0x3b
 700 00ed 0B       		.uleb128 0xb
 701 00ee 49       		.uleb128 0x49
 702 00ef 13       		.uleb128 0x13
 703 00f0 3F       		.uleb128 0x3f
 704 00f1 19       		.uleb128 0x19
 705 00f2 3C       		.uleb128 0x3c
 706 00f3 19       		.uleb128 0x19
 707 00f4 00       		.byte	0
 708 00f5 00       		.byte	0
 709 00f6 13       		.uleb128 0x13
 710 00f7 34       		.uleb128 0x34
 711 00f8 00       		.byte	0
 712 00f9 03       		.uleb128 0x3
 713 00fa 0E       		.uleb128 0xe
 714 00fb 3A       		.uleb128 0x3a
 715 00fc 0B       		.uleb128 0xb
 716 00fd 3B       		.uleb128 0x3b
 717 00fe 05       		.uleb128 0x5
 718 00ff 49       		.uleb128 0x49
 719 0100 13       		.uleb128 0x13
 720 0101 3F       		.uleb128 0x3f
 721 0102 19       		.uleb128 0x19
 722 0103 3C       		.uleb128 0x3c
 723 0104 19       		.uleb128 0x19
 724 0105 00       		.byte	0
 725 0106 00       		.byte	0
 726 0107 14       		.uleb128 0x14
 727 0108 35       		.uleb128 0x35
 728 0109 00       		.byte	0
 729 010a 49       		.uleb128 0x49
 730 010b 13       		.uleb128 0x13
 731 010c 00       		.byte	0
 732 010d 00       		.byte	0
 733 010e 15       		.uleb128 0x15
 734 010f 2E       		.uleb128 0x2e
 735 0110 00       		.byte	0
 736 0111 3F       		.uleb128 0x3f
 737 0112 19       		.uleb128 0x19
 738 0113 3C       		.uleb128 0x3c
 739 0114 19       		.uleb128 0x19
 740 0115 6E       		.uleb128 0x6e
 741 0116 0E       		.uleb128 0xe
 742 0117 03       		.uleb128 0x3
 743 0118 0E       		.uleb128 0xe
 744 0119 3A       		.uleb128 0x3a
 745 011a 0B       		.uleb128 0xb
 746 011b 3B       		.uleb128 0x3b
 747 011c 0B       		.uleb128 0xb
ARM GAS  C:\Users\Reza\AppData\Local\Temp\ccQiDuQC.s 			page 15


 748 011d 00       		.byte	0
 749 011e 00       		.byte	0
 750 011f 00       		.byte	0
 751              		.section	.debug_loc,"",%progbits
 752              	.Ldebug_loc0:
 753              	.LLST0:
 754 0000 00000000 		.4byte	.LVL0
 755 0004 16000000 		.4byte	.LVL2
 756 0008 0100     		.2byte	0x1
 757 000a 50       		.byte	0x50
 758 000b 16000000 		.4byte	.LVL2
 759 000f 4C000000 		.4byte	.LFE114
 760 0013 0100     		.2byte	0x1
 761 0015 54       		.byte	0x54
 762 0016 00000000 		.4byte	0
 763 001a 00000000 		.4byte	0
 764              	.LLST1:
 765 001e 06000000 		.4byte	.LVL1
 766 0022 1A000000 		.4byte	.LVL3
 767 0026 0200     		.2byte	0x2
 768 0028 30       		.byte	0x30
 769 0029 9F       		.byte	0x9f
 770 002a 1A000000 		.4byte	.LVL3
 771 002e 48000000 		.4byte	.LVL4
 772 0032 0100     		.2byte	0x1
 773 0034 50       		.byte	0x50
 774 0035 00000000 		.4byte	0
 775 0039 00000000 		.4byte	0
 776              	.LLST2:
 777 003d 00000000 		.4byte	.LVL5
 778 0041 02000000 		.4byte	.LVL6
 779 0045 0100     		.2byte	0x1
 780 0047 50       		.byte	0x50
 781 0048 02000000 		.4byte	.LVL6
 782 004c 04000000 		.4byte	.LFE115
 783 0050 0400     		.2byte	0x4
 784 0052 F3       		.byte	0xf3
 785 0053 01       		.uleb128 0x1
 786 0054 50       		.byte	0x50
 787 0055 9F       		.byte	0x9f
 788 0056 00000000 		.4byte	0
 789 005a 00000000 		.4byte	0
 790              		.section	.debug_aranges,"",%progbits
 791 0000 24000000 		.4byte	0x24
 792 0004 0200     		.2byte	0x2
 793 0006 00000000 		.4byte	.Ldebug_info0
 794 000a 04       		.byte	0x4
 795 000b 00       		.byte	0
 796 000c 0000     		.2byte	0
 797 000e 0000     		.2byte	0
 798 0010 00000000 		.4byte	.LFB114
 799 0014 4C000000 		.4byte	.LFE114-.LFB114
 800 0018 00000000 		.4byte	.LFB115
 801 001c 04000000 		.4byte	.LFE115-.LFB115
 802 0020 00000000 		.4byte	0
 803 0024 00000000 		.4byte	0
 804              		.section	.debug_ranges,"",%progbits
ARM GAS  C:\Users\Reza\AppData\Local\Temp\ccQiDuQC.s 			page 16


 805              	.Ldebug_ranges0:
 806 0000 00000000 		.4byte	.LFB114
 807 0004 4C000000 		.4byte	.LFE114
 808 0008 00000000 		.4byte	.LFB115
 809 000c 04000000 		.4byte	.LFE115
 810 0010 00000000 		.4byte	0
 811 0014 00000000 		.4byte	0
 812              		.section	.debug_line,"",%progbits
 813              	.Ldebug_line0:
 814 0000 73020000 		.section	.debug_str,"MS",%progbits,1
 814      02004702 
 814      00000201 
 814      FB0E0D00 
 814      01010101 
 815              	.LASF49:
 816 0000 72657375 		.ascii	"result\000"
 816      6C7400
 817              	.LASF36:
 818 0007 52435F45 		.ascii	"RC_ERROR_READ_ONLY\000"
 818      52524F52 
 818      5F524541 
 818      445F4F4E 
 818      4C5900
 819              	.LASF22:
 820 001a 52435F53 		.ascii	"RC_SUCCESS\000"
 820      55434345 
 820      535300
 821              	.LASF50:
 822 0025 4144435F 		.ascii	"ADC_driverIn\000"
 822      64726976 
 822      6572496E 
 822      00
 823              	.LASF37:
 824 0032 52435F45 		.ascii	"RC_ERROR_WRITE_ONLY\000"
 824      52524F52 
 824      5F575249 
 824      54455F4F 
 824      4E4C5900 
 825              	.LASF2:
 826 0046 73686F72 		.ascii	"short int\000"
 826      7420696E 
 826      7400
 827              	.LASF28:
 828 0050 52435F45 		.ascii	"RC_ERROR_OVERRUN\000"
 828      52524F52 
 828      5F4F5645 
 828      5252554E 
 828      00
 829              	.LASF40:
 830 0061 52435F45 		.ascii	"RC_ERROR_WRITE_FAILS\000"
 830      52524F52 
 830      5F575249 
 830      54455F46 
 830      41494C53 
 831              	.LASF15:
 832 0076 73697A65 		.ascii	"sizetype\000"
 832      74797065 
ARM GAS  C:\Users\Reza\AppData\Local\Temp\ccQiDuQC.s 			page 17


 832      00
 833              	.LASF25:
 834 007f 52435F45 		.ascii	"RC_ERROR_ZERO\000"
 834      52524F52 
 834      5F5A4552 
 834      4F00
 835              	.LASF19:
 836 008d 45455F46 		.ascii	"EE_FREG\000"
 836      52454700 
 837              	.LASF39:
 838 0095 52435F45 		.ascii	"RC_ERROR_READ_FAILS\000"
 838      52524F52 
 838      5F524541 
 838      445F4641 
 838      494C5300 
 839              	.LASF60:
 840 00a9 736F7572 		.ascii	"source\\rte\\adc_type.c\000"
 840      63655C72 
 840      74655C61 
 840      64635F74 
 840      7970652E 
 841              	.LASF20:
 842 00bf 45455F54 		.ascii	"EE_TID\000"
 842      494400
 843              	.LASF45:
 844 00c6 52435F45 		.ascii	"RC_ERROR_INVALID_STATE\000"
 844      52524F52 
 844      5F494E56 
 844      414C4944 
 844      5F535441 
 845              	.LASF57:
 846 00dd 45455F49 		.ascii	"EE_IRQ_nesting_level\000"
 846      52515F6E 
 846      65737469 
 846      6E675F6C 
 846      6576656C 
 847              	.LASF16:
 848 00f2 45455F49 		.ascii	"EE_INT32\000"
 848      4E543332 
 848      00
 849              	.LASF56:
 850 00fb 45455F73 		.ascii	"EE_std_endcycle_next_tid\000"
 850      74645F65 
 850      6E646379 
 850      636C655F 
 850      6E657874 
 851              	.LASF27:
 852 0114 52435F45 		.ascii	"RC_ERROR_RANGE\000"
 852      52524F52 
 852      5F52414E 
 852      474500
 853              	.LASF11:
 854 0123 666C6F61 		.ascii	"float\000"
 854      7400
 855              	.LASF6:
 856 0129 6C6F6E67 		.ascii	"long long int\000"
 856      206C6F6E 
ARM GAS  C:\Users\Reza\AppData\Local\Temp\ccQiDuQC.s 			page 18


 856      6720696E 
 856      7400
 857              	.LASF54:
 858 0137 45455F6F 		.ascii	"EE_oo_IRQ_suspend_status\000"
 858      6F5F4952 
 858      515F7375 
 858      7370656E 
 858      645F7374 
 859              	.LASF41:
 860 0150 52435F45 		.ascii	"RC_ERROR_NOT_MATCH\000"
 860      52524F52 
 860      5F4E4F54 
 860      5F4D4154 
 860      434800
 861              	.LASF46:
 862 0163 52435F45 		.ascii	"RC_ERROR_UNKNOWN\000"
 862      52524F52 
 862      5F554E4B 
 862      4E4F574E 
 862      00
 863              	.LASF4:
 864 0174 6C6F6E67 		.ascii	"long int\000"
 864      20696E74 
 864      00
 865              	.LASF29:
 866 017d 52435F45 		.ascii	"RC_ERROR_UNDERRUN\000"
 866      52524F52 
 866      5F554E44 
 866      45525255 
 866      4E00
 867              	.LASF32:
 868 018f 52435F45 		.ascii	"RC_ERROR_BUSY\000"
 868      52524F52 
 868      5F425553 
 868      5900
 869              	.LASF38:
 870 019d 52435F45 		.ascii	"RC_ERROR_INVALID\000"
 870      52524F52 
 870      5F494E56 
 870      414C4944 
 870      00
 871              	.LASF43:
 872 01ae 52435F45 		.ascii	"RC_ERROR_BAD_DATA\000"
 872      52524F52 
 872      5F424144 
 872      5F444154 
 872      4100
 873              	.LASF14:
 874 01c0 6C6F6E67 		.ascii	"long double\000"
 874      20646F75 
 874      626C6500 
 875              	.LASF1:
 876 01cc 756E7369 		.ascii	"unsigned char\000"
 876      676E6564 
 876      20636861 
 876      7200
 877              	.LASF17:
ARM GAS  C:\Users\Reza\AppData\Local\Temp\ccQiDuQC.s 			page 19


 878 01da 45455F55 		.ascii	"EE_UINT32\000"
 878      494E5433 
 878      3200
 879              	.LASF0:
 880 01e4 7369676E 		.ascii	"signed char\000"
 880      65642063 
 880      68617200 
 881              	.LASF7:
 882 01f0 6C6F6E67 		.ascii	"long long unsigned int\000"
 882      206C6F6E 
 882      6720756E 
 882      7369676E 
 882      65642069 
 883              	.LASF8:
 884 0207 756E7369 		.ascii	"unsigned int\000"
 884      676E6564 
 884      20696E74 
 884      00
 885              	.LASF34:
 886 0214 52435F45 		.ascii	"RC_ERROR_OPEN\000"
 886      52524F52 
 886      5F4F5045 
 886      4E00
 887              	.LASF24:
 888 0222 52435F45 		.ascii	"RC_ERROR_NULL\000"
 888      52524F52 
 888      5F4E554C 
 888      4C00
 889              	.LASF31:
 890 0230 52435F45 		.ascii	"RC_ERROR_BUFFER_EMTPY\000"
 890      52524F52 
 890      5F425546 
 890      4645525F 
 890      454D5450 
 891              	.LASF61:
 892 0246 453A5C4E 		.ascii	"E:\\New_Dell_Laptop_18.04.2021\\Drive_D\\hda\\Summe"
 892      65775F44 
 892      656C6C5F 
 892      4C617074 
 892      6F705F31 
 893 0275 725F5365 		.ascii	"r_Semester_2020\\Embedded Architecture and Applicat"
 893      6D657374 
 893      65725F32 
 893      3032305C 
 893      456D6265 
 894 02a7 696F6E5C 		.ascii	"ion\\Lab1\\Work_Space_RTE\\RTE_Electronic_Clock.cyd"
 894      4C616231 
 894      5C576F72 
 894      6B5F5370 
 894      6163655F 
 895 02d7 736E00   		.ascii	"sn\000"
 896              	.LASF3:
 897 02da 73686F72 		.ascii	"short unsigned int\000"
 897      7420756E 
 897      7369676E 
 897      65642069 
 897      6E7400
ARM GAS  C:\Users\Reza\AppData\Local\Temp\ccQiDuQC.s 			page 20


 898              	.LASF59:
 899 02ed 474E5520 		.ascii	"GNU C11 5.4.1 20160609 (release) [ARM/embedded-5-br"
 899      43313120 
 899      352E342E 
 899      31203230 
 899      31363036 
 900 0320 616E6368 		.ascii	"anch revision 237715] -mcpu=cortex-m3 -mthumb -g -O"
 900      20726576 
 900      6973696F 
 900      6E203233 
 900      37373135 
 901 0353 67202D66 		.ascii	"g -ffunction-sections -ffat-lto-objects\000"
 901      66756E63 
 901      74696F6E 
 901      2D736563 
 901      74696F6E 
 902              	.LASF13:
 903 037b 63686172 		.ascii	"char\000"
 903      00
 904              	.LASF30:
 905 0380 52435F45 		.ascii	"RC_ERROR_BUFFER_FULL\000"
 905      52524F52 
 905      5F425546 
 905      4645525F 
 905      46554C4C 
 906              	.LASF10:
 907 0395 696E7433 		.ascii	"int32_t\000"
 907      325F7400 
 908              	.LASF42:
 909 039d 52435F45 		.ascii	"RC_ERROR_BAD_PARAM\000"
 909      52524F52 
 909      5F424144 
 909      5F504152 
 909      414D00
 910              	.LASF52:
 911 03b0 64617461 		.ascii	"data\000"
 911      00
 912              	.LASF55:
 913 03b5 45455F41 		.ascii	"EE_ApplicationMode\000"
 913      70706C69 
 913      63617469 
 913      6F6E4D6F 
 913      646500
 914              	.LASF5:
 915 03c8 6C6F6E67 		.ascii	"long unsigned int\000"
 915      20756E73 
 915      69676E65 
 915      6420696E 
 915      7400
 916              	.LASF12:
 917 03da 646F7562 		.ascii	"double\000"
 917      6C6500
 918              	.LASF35:
 919 03e1 52435F45 		.ascii	"RC_ERROR_CHECKSUM\000"
 919      52524F52 
 919      5F434845 
 919      434B5355 
ARM GAS  C:\Users\Reza\AppData\Local\Temp\ccQiDuQC.s 			page 21


 919      4D00
 920              	.LASF18:
 921 03f3 45455F55 		.ascii	"EE_UREG\000"
 921      52454700 
 922              	.LASF9:
 923 03fb 5F5F696E 		.ascii	"__int32_t\000"
 923      7433325F 
 923      7400
 924              	.LASF48:
 925 0405 4144435F 		.ascii	"ADC_data_t\000"
 925      64617461 
 925      5F7400
 926              	.LASF44:
 927 0410 52435F45 		.ascii	"RC_ERROR_CANCELED\000"
 927      52524F52 
 927      5F43414E 
 927      43454C45 
 927      4400
 928              	.LASF58:
 929 0422 49544D5F 		.ascii	"ITM_RxBuffer\000"
 929      52784275 
 929      66666572 
 929      00
 930              	.LASF23:
 931 042f 52435F45 		.ascii	"RC_ERROR\000"
 931      52524F52 
 931      00
 932              	.LASF62:
 933 0438 4A4F5953 		.ascii	"JOYSTICK_ReadPosition\000"
 933      5449434B 
 933      5F526561 
 933      64506F73 
 933      6974696F 
 934              	.LASF26:
 935 044e 52435F45 		.ascii	"RC_ERROR_MEMORY\000"
 935      52524F52 
 935      5F4D454D 
 935      4F525900 
 936              	.LASF53:
 937 045e 45455F6F 		.ascii	"EE_oo_IRQ_disable_count\000"
 937      6F5F4952 
 937      515F6469 
 937      7361626C 
 937      655F636F 
 938              	.LASF51:
 939 0476 4144435F 		.ascii	"ADC_driverOut\000"
 939      64726976 
 939      65724F75 
 939      7400
 940              	.LASF47:
 941 0484 52435F74 		.ascii	"RC_t\000"
 941      00
 942              	.LASF21:
 943 0489 73696E74 		.ascii	"sint8_t\000"
 943      385F7400 
 944              	.LASF33:
 945 0491 52435F45 		.ascii	"RC_ERROR_TIME_OUT\000"
ARM GAS  C:\Users\Reza\AppData\Local\Temp\ccQiDuQC.s 			page 22


 945      52524F52 
 945      5F54494D 
 945      455F4F55 
 945      5400
 946              		.ident	"GCC: (GNU Tools for ARM Embedded Processors) 5.4.1 20160609 (release) [ARM/embedded-5-bran
