ARM GAS  C:\Users\Reza\AppData\Local\Temp\ccXxv8Ca.s 			page 1


   1              		.syntax unified
   2              		.cpu cortex-m3
   3              		.fpu softvfp
   4              		.eabi_attribute 20, 1
   5              		.eabi_attribute 21, 1
   6              		.eabi_attribute 23, 3
   7              		.eabi_attribute 24, 1
   8              		.eabi_attribute 25, 1
   9              		.eabi_attribute 26, 1
  10              		.eabi_attribute 30, 1
  11              		.eabi_attribute 34, 1
  12              		.eabi_attribute 18, 4
  13              		.thumb
  14              		.syntax unified
  15              		.file	"Em_EEPROM.c"
  16              		.text
  17              	.Ltext0:
  18              		.cfi_sections	.debug_frame
  19              		.section	.text.Em_EEPROM_Init,"ax",%progbits
  20              		.align	2
  21              		.global	Em_EEPROM_Init
  22              		.thumb
  23              		.thumb_func
  24              		.type	Em_EEPROM_Init, %function
  25              	Em_EEPROM_Init:
  26              	.LFB0:
  27              		.file 1 "Generated_Source\\PSoC5\\Em_EEPROM.c"
   1:Generated_Source\PSoC5/Em_EEPROM.c **** /*******************************************************************************
   2:Generated_Source\PSoC5/Em_EEPROM.c **** * File Name: Em_EEPROM.c
   3:Generated_Source\PSoC5/Em_EEPROM.c **** * Version 2.0
   4:Generated_Source\PSoC5/Em_EEPROM.c **** *
   5:Generated_Source\PSoC5/Em_EEPROM.c **** * Description:
   6:Generated_Source\PSoC5/Em_EEPROM.c **** *  This file provides source code of the API for the Emulated EEPROM
   7:Generated_Source\PSoC5/Em_EEPROM.c **** *  Component.
   8:Generated_Source\PSoC5/Em_EEPROM.c **** *
   9:Generated_Source\PSoC5/Em_EEPROM.c **** ********************************************************************************
  10:Generated_Source\PSoC5/Em_EEPROM.c **** * Copyright 2013-2017, Cypress Semiconductor Corporation. All rights reserved.
  11:Generated_Source\PSoC5/Em_EEPROM.c **** * You may use this file only in accordance with the license, terms, conditions,
  12:Generated_Source\PSoC5/Em_EEPROM.c **** * disclaimers, and limitations in the end user license agreement accompanying
  13:Generated_Source\PSoC5/Em_EEPROM.c **** * the software package with which this file was provided.
  14:Generated_Source\PSoC5/Em_EEPROM.c **** *******************************************************************************/
  15:Generated_Source\PSoC5/Em_EEPROM.c **** 
  16:Generated_Source\PSoC5/Em_EEPROM.c **** #include "Em_EEPROM.h"
  17:Generated_Source\PSoC5/Em_EEPROM.c **** 
  18:Generated_Source\PSoC5/Em_EEPROM.c **** /** The instance-specific configuration structure. This should be used in the
  19:Generated_Source\PSoC5/Em_EEPROM.c **** *  associated Em_EEPROM_Init() function.
  20:Generated_Source\PSoC5/Em_EEPROM.c **** */
  21:Generated_Source\PSoC5/Em_EEPROM.c **** cy_stc_eeprom_config_t const Em_EEPROM_config =
  22:Generated_Source\PSoC5/Em_EEPROM.c **** {
  23:Generated_Source\PSoC5/Em_EEPROM.c ****     256U,
  24:Generated_Source\PSoC5/Em_EEPROM.c ****     1U,
  25:Generated_Source\PSoC5/Em_EEPROM.c ****     0U,
  26:Generated_Source\PSoC5/Em_EEPROM.c ****     0U,
  27:Generated_Source\PSoC5/Em_EEPROM.c ****     0U
  28:Generated_Source\PSoC5/Em_EEPROM.c **** };
  29:Generated_Source\PSoC5/Em_EEPROM.c **** 
  30:Generated_Source\PSoC5/Em_EEPROM.c **** /** The instance-specific context structure that holds all required information
ARM GAS  C:\Users\Reza\AppData\Local\Temp\ccXxv8Ca.s 			page 2


  31:Generated_Source\PSoC5/Em_EEPROM.c **** * about an EEPROM instance. This structure is filled by the Em_EEPROM
  32:Generated_Source\PSoC5/Em_EEPROM.c **** * library Init() function and used by EEPROM library functions.
  33:Generated_Source\PSoC5/Em_EEPROM.c **** */
  34:Generated_Source\PSoC5/Em_EEPROM.c **** cy_stc_eeprom_context_t Em_EEPROM_context;
  35:Generated_Source\PSoC5/Em_EEPROM.c **** 
  36:Generated_Source\PSoC5/Em_EEPROM.c **** /* For PSoC 6 place EEPROM into Emulated EEPROM flash area */
  37:Generated_Source\PSoC5/Em_EEPROM.c **** #if ((CY_PSOC6) && (Em_EEPROM_STORAGE_EM_EEPROM))
  38:Generated_Source\PSoC5/Em_EEPROM.c **** 
  39:Generated_Source\PSoC5/Em_EEPROM.c ****     CY_SECTION(".cy_em_eeprom") CY_ALIGN(CY_FLASH_SIZEOF_ROW)
  40:Generated_Source\PSoC5/Em_EEPROM.c ****     const uint8 Em_EEPROM_em_EepromStorage[Em_EEPROM_ACTUAL_SIZE] = {0u};
  41:Generated_Source\PSoC5/Em_EEPROM.c **** 
  42:Generated_Source\PSoC5/Em_EEPROM.c **** #endif /* ((CY_PSOC6) && (Em_EEPROM_STORAGE_EM_EEPROM)) */
  43:Generated_Source\PSoC5/Em_EEPROM.c **** 
  44:Generated_Source\PSoC5/Em_EEPROM.c **** 
  45:Generated_Source\PSoC5/Em_EEPROM.c **** /*******************************************************************************
  46:Generated_Source\PSoC5/Em_EEPROM.c **** * Function Name: Em_EEPROM_Init
  47:Generated_Source\PSoC5/Em_EEPROM.c **** ********************************************************************************
  48:Generated_Source\PSoC5/Em_EEPROM.c **** *
  49:Generated_Source\PSoC5/Em_EEPROM.c **** * Fills the start address of the EEPROM to the component configuration structure
  50:Generated_Source\PSoC5/Em_EEPROM.c **** * and invokes Cy_Em_EEPROM_Init() function. In case of PSoC 6 the function 
  51:Generated_Source\PSoC5/Em_EEPROM.c **** * is located in Cy_Em_EEPROM middleware library which is part of PDL. In case if
  52:Generated_Source\PSoC5/Em_EEPROM.c **** * it is utilized in the design based on non-PSOC 6 device the function is 
  53:Generated_Source\PSoC5/Em_EEPROM.c **** * located in internal design wide resource component - Em_EEPROM_Dynamic.
  54:Generated_Source\PSoC5/Em_EEPROM.c **** *
  55:Generated_Source\PSoC5/Em_EEPROM.c **** * \param startAddress
  56:Generated_Source\PSoC5/Em_EEPROM.c **** * Start address of the EEPROM storage. For PSoC 6, if Emulated EEPROM is 
  57:Generated_Source\PSoC5/Em_EEPROM.c **** * selected for EEPROM storage, the start address will be overwritten to some 
  58:Generated_Source\PSoC5/Em_EEPROM.c **** * address from Emulated EEPROM flash area.
  59:Generated_Source\PSoC5/Em_EEPROM.c **** *
  60:Generated_Source\PSoC5/Em_EEPROM.c **** * \return
  61:Generated_Source\PSoC5/Em_EEPROM.c **** * A result of function execution of type cy_en_em_eeprom_status_t.
  62:Generated_Source\PSoC5/Em_EEPROM.c **** *
  63:Generated_Source\PSoC5/Em_EEPROM.c **** *******************************************************************************/
  64:Generated_Source\PSoC5/Em_EEPROM.c **** cy_en_em_eeprom_status_t Em_EEPROM_Init(uint32 startAddress)
  65:Generated_Source\PSoC5/Em_EEPROM.c **** {
  28              		.loc 1 65 0
  29              		.cfi_startproc
  30              		@ args = 0, pretend = 0, frame = 16
  31              		@ frame_needed = 0, uses_anonymous_args = 0
  32              	.LVL0:
  33 0000 00B5     		push	{lr}
  34              		.cfi_def_cfa_offset 4
  35              		.cfi_offset 14, -4
  36 0002 85B0     		sub	sp, sp, #20
  37              		.cfi_def_cfa_offset 24
  66:Generated_Source\PSoC5/Em_EEPROM.c ****     cy_en_em_eeprom_status_t ret;
  67:Generated_Source\PSoC5/Em_EEPROM.c ****     cy_stc_eeprom_config_t config;
  68:Generated_Source\PSoC5/Em_EEPROM.c **** 
  69:Generated_Source\PSoC5/Em_EEPROM.c ****     config.blockingWrite =      Em_EEPROM_config.blockingWrite;
  38              		.loc 1 69 0
  39 0004 0023     		movs	r3, #0
  40 0006 8DF80930 		strb	r3, [sp, #9]
  70:Generated_Source\PSoC5/Em_EEPROM.c ****     config.eepromSize =         Em_EEPROM_config.eepromSize;
  41              		.loc 1 70 0
  42 000a 4FF48072 		mov	r2, #256
  43 000e 0092     		str	r2, [sp]
  71:Generated_Source\PSoC5/Em_EEPROM.c ****     config.redundantCopy =      Em_EEPROM_config.redundantCopy;
ARM GAS  C:\Users\Reza\AppData\Local\Temp\ccXxv8Ca.s 			page 3


  44              		.loc 1 71 0
  45 0010 8DF80830 		strb	r3, [sp, #8]
  72:Generated_Source\PSoC5/Em_EEPROM.c ****     config.wearLevelingFactor = Em_EEPROM_config.wearLevelingFactor;
  46              		.loc 1 72 0
  47 0014 0123     		movs	r3, #1
  48 0016 0193     		str	r3, [sp, #4]
  73:Generated_Source\PSoC5/Em_EEPROM.c ****     
  74:Generated_Source\PSoC5/Em_EEPROM.c **** #if ((CY_PSOC6) && (Em_EEPROM_STORAGE_EM_EEPROM))
  75:Generated_Source\PSoC5/Em_EEPROM.c ****     /* For PSoC 6, if Emulated EEPROM is selected - override the eeprom start 
  76:Generated_Source\PSoC5/Em_EEPROM.c ****     * address.
  77:Generated_Source\PSoC5/Em_EEPROM.c ****     */
  78:Generated_Source\PSoC5/Em_EEPROM.c ****     config.userFlashStartAddr = (uint32)Em_EEPROM_em_EepromStorage;
  79:Generated_Source\PSoC5/Em_EEPROM.c **** #else
  80:Generated_Source\PSoC5/Em_EEPROM.c ****     config.userFlashStartAddr = startAddress;
  49              		.loc 1 80 0
  50 0018 0390     		str	r0, [sp, #12]
  81:Generated_Source\PSoC5/Em_EEPROM.c **** #endif /* ((CY_PSOC6) && (Em_EEPROM_STORAGE_EM_EEPROM)) */
  82:Generated_Source\PSoC5/Em_EEPROM.c ****         
  83:Generated_Source\PSoC5/Em_EEPROM.c ****     ret = Cy_Em_EEPROM_Init(&config, &Em_EEPROM_context);
  51              		.loc 1 83 0
  52 001a 0349     		ldr	r1, .L3
  53 001c 6846     		mov	r0, sp
  54              	.LVL1:
  55 001e FFF7FEFF 		bl	Cy_Em_EEPROM_Init
  56              	.LVL2:
  84:Generated_Source\PSoC5/Em_EEPROM.c **** 
  85:Generated_Source\PSoC5/Em_EEPROM.c ****     return(ret);
  86:Generated_Source\PSoC5/Em_EEPROM.c **** }
  57              		.loc 1 86 0
  58 0022 05B0     		add	sp, sp, #20
  59              		.cfi_def_cfa_offset 4
  60              		@ sp needed
  61 0024 5DF804FB 		ldr	pc, [sp], #4
  62              	.L4:
  63              		.align	2
  64              	.L3:
  65 0028 00000000 		.word	Em_EEPROM_context
  66              		.cfi_endproc
  67              	.LFE0:
  68              		.size	Em_EEPROM_Init, .-Em_EEPROM_Init
  69              		.comm	Em_EEPROM_context,28,4
  70              		.global	Em_EEPROM_config
  71              		.section	.rodata
  72              		.align	2
  73              		.type	Em_EEPROM_config, %object
  74              		.size	Em_EEPROM_config, 16
  75              	Em_EEPROM_config:
  76 0000 00010000 		.word	256
  77 0004 01000000 		.word	1
  78 0008 00       		.byte	0
  79 0009 00       		.byte	0
  80 000a 0000     		.space	2
  81 000c 00000000 		.word	0
  82              		.text
  83              	.Letext0:
  84              		.file 2 "Generated_Source\\PSoC5\\cytypes.h"
  85              		.file 3 "Generated_Source\\PSoC5\\cy_em_eeprom.h"
ARM GAS  C:\Users\Reza\AppData\Local\Temp\ccXxv8Ca.s 			page 4


  86              		.section	.debug_info,"",%progbits
  87              	.Ldebug_info0:
  88 0000 3E020000 		.4byte	0x23e
  89 0004 0400     		.2byte	0x4
  90 0006 00000000 		.4byte	.Ldebug_abbrev0
  91 000a 04       		.byte	0x4
  92 000b 01       		.uleb128 0x1
  93 000c 46010000 		.4byte	.LASF35
  94 0010 0C       		.byte	0xc
  95 0011 C6000000 		.4byte	.LASF36
  96 0015 00000000 		.4byte	.LASF37
  97 0019 00000000 		.4byte	.Ldebug_ranges0+0
  98 001d 00000000 		.4byte	0
  99 0021 00000000 		.4byte	.Ldebug_line0
 100 0025 02       		.uleb128 0x2
 101 0026 01       		.byte	0x1
 102 0027 06       		.byte	0x6
 103 0028 4E030000 		.4byte	.LASF0
 104 002c 02       		.uleb128 0x2
 105 002d 01       		.byte	0x1
 106 002e 08       		.byte	0x8
 107 002f 38010000 		.4byte	.LASF1
 108 0033 02       		.uleb128 0x2
 109 0034 02       		.byte	0x2
 110 0035 05       		.byte	0x5
 111 0036 17030000 		.4byte	.LASF2
 112 003a 02       		.uleb128 0x2
 113 003b 02       		.byte	0x2
 114 003c 07       		.byte	0x7
 115 003d E9000000 		.4byte	.LASF3
 116 0041 02       		.uleb128 0x2
 117 0042 04       		.byte	0x4
 118 0043 05       		.byte	0x5
 119 0044 2B030000 		.4byte	.LASF4
 120 0048 02       		.uleb128 0x2
 121 0049 04       		.byte	0x4
 122 004a 07       		.byte	0x7
 123 004b EC010000 		.4byte	.LASF5
 124 004f 02       		.uleb128 0x2
 125 0050 08       		.byte	0x8
 126 0051 05       		.byte	0x5
 127 0052 C7020000 		.4byte	.LASF6
 128 0056 02       		.uleb128 0x2
 129 0057 08       		.byte	0x8
 130 0058 07       		.byte	0x7
 131 0059 5E020000 		.4byte	.LASF7
 132 005d 03       		.uleb128 0x3
 133 005e 04       		.byte	0x4
 134 005f 05       		.byte	0x5
 135 0060 696E7400 		.ascii	"int\000"
 136 0064 02       		.uleb128 0x2
 137 0065 04       		.byte	0x4
 138 0066 07       		.byte	0x7
 139 0067 3B020000 		.4byte	.LASF8
 140 006b 04       		.uleb128 0x4
 141 006c FE010000 		.4byte	.LASF9
 142 0070 02       		.byte	0x2
ARM GAS  C:\Users\Reza\AppData\Local\Temp\ccXxv8Ca.s 			page 5


 143 0071 E401     		.2byte	0x1e4
 144 0073 2C000000 		.4byte	0x2c
 145 0077 04       		.uleb128 0x4
 146 0078 34020000 		.4byte	.LASF10
 147 007c 02       		.byte	0x2
 148 007d E601     		.2byte	0x1e6
 149 007f 48000000 		.4byte	0x48
 150 0083 02       		.uleb128 0x2
 151 0084 04       		.byte	0x4
 152 0085 04       		.byte	0x4
 153 0086 32010000 		.4byte	.LASF11
 154 008a 02       		.uleb128 0x2
 155 008b 08       		.byte	0x8
 156 008c 04       		.byte	0x4
 157 008d 2D020000 		.4byte	.LASF12
 158 0091 02       		.uleb128 0x2
 159 0092 01       		.byte	0x1
 160 0093 08       		.byte	0x8
 161 0094 E2020000 		.4byte	.LASF13
 162 0098 02       		.uleb128 0x2
 163 0099 08       		.byte	0x8
 164 009a 04       		.byte	0x4
 165 009b 34030000 		.4byte	.LASF14
 166 009f 02       		.uleb128 0x2
 167 00a0 04       		.byte	0x4
 168 00a1 07       		.byte	0x7
 169 00a2 BE020000 		.4byte	.LASF15
 170 00a6 05       		.uleb128 0x5
 171 00a7 10       		.byte	0x10
 172 00a8 03       		.byte	0x3
 173 00a9 FB       		.byte	0xfb
 174 00aa EF000000 		.4byte	0xef
 175 00ae 06       		.uleb128 0x6
 176 00af 27010000 		.4byte	.LASF16
 177 00b3 03       		.byte	0x3
 178 00b4 FE       		.byte	0xfe
 179 00b5 77000000 		.4byte	0x77
 180 00b9 00       		.byte	0
 181 00ba 07       		.uleb128 0x7
 182 00bb 14010000 		.4byte	.LASF17
 183 00bf 03       		.byte	0x3
 184 00c0 0301     		.2byte	0x103
 185 00c2 77000000 		.4byte	0x77
 186 00c6 04       		.byte	0x4
 187 00c7 07       		.uleb128 0x7
 188 00c8 B0020000 		.4byte	.LASF18
 189 00cc 03       		.byte	0x3
 190 00cd 0601     		.2byte	0x106
 191 00cf 6B000000 		.4byte	0x6b
 192 00d3 08       		.byte	0x8
 193 00d4 07       		.uleb128 0x7
 194 00d5 9B020000 		.4byte	.LASF19
 195 00d9 03       		.byte	0x3
 196 00da 0B01     		.2byte	0x10b
 197 00dc 6B000000 		.4byte	0x6b
 198 00e0 09       		.byte	0x9
 199 00e1 07       		.uleb128 0x7
ARM GAS  C:\Users\Reza\AppData\Local\Temp\ccXxv8Ca.s 			page 6


 200 00e2 94000000 		.4byte	.LASF20
 201 00e6 03       		.byte	0x3
 202 00e7 0E01     		.2byte	0x10e
 203 00e9 77000000 		.4byte	0x77
 204 00ed 0C       		.byte	0xc
 205 00ee 00       		.byte	0
 206 00ef 04       		.uleb128 0x4
 207 00f0 04020000 		.4byte	.LASF21
 208 00f4 03       		.byte	0x3
 209 00f5 0F01     		.2byte	0x10f
 210 00f7 A6000000 		.4byte	0xa6
 211 00fb 08       		.uleb128 0x8
 212 00fc 1C       		.byte	0x1c
 213 00fd 03       		.byte	0x3
 214 00fe 1601     		.2byte	0x116
 215 0100 6D010000 		.4byte	0x16d
 216 0104 07       		.uleb128 0x7
 217 0105 21030000 		.4byte	.LASF22
 218 0109 03       		.byte	0x3
 219 010a 1B01     		.2byte	0x11b
 220 010c 77000000 		.4byte	0x77
 221 0110 00       		.byte	0
 222 0111 07       		.uleb128 0x7
 223 0112 B9000000 		.4byte	.LASF23
 224 0116 03       		.byte	0x3
 225 0117 2001     		.2byte	0x120
 226 0119 77000000 		.4byte	0x77
 227 011d 04       		.byte	0x4
 228 011e 07       		.uleb128 0x7
 229 011f 40030000 		.4byte	.LASF24
 230 0123 03       		.byte	0x3
 231 0124 2301     		.2byte	0x123
 232 0126 77000000 		.4byte	0x77
 233 012a 08       		.byte	0x8
 234 012b 07       		.uleb128 0x7
 235 012c 27010000 		.4byte	.LASF16
 236 0130 03       		.byte	0x3
 237 0131 2601     		.2byte	0x126
 238 0133 77000000 		.4byte	0x77
 239 0137 0C       		.byte	0xc
 240 0138 07       		.uleb128 0x7
 241 0139 14010000 		.4byte	.LASF17
 242 013d 03       		.byte	0x3
 243 013e 2B01     		.2byte	0x12b
 244 0140 77000000 		.4byte	0x77
 245 0144 10       		.byte	0x10
 246 0145 07       		.uleb128 0x7
 247 0146 B0020000 		.4byte	.LASF18
 248 014a 03       		.byte	0x3
 249 014b 2E01     		.2byte	0x12e
 250 014d 6B000000 		.4byte	0x6b
 251 0151 14       		.byte	0x14
 252 0152 07       		.uleb128 0x7
 253 0153 9B020000 		.4byte	.LASF19
 254 0157 03       		.byte	0x3
 255 0158 3301     		.2byte	0x133
 256 015a 6B000000 		.4byte	0x6b
ARM GAS  C:\Users\Reza\AppData\Local\Temp\ccXxv8Ca.s 			page 7


 257 015e 15       		.byte	0x15
 258 015f 07       		.uleb128 0x7
 259 0160 94000000 		.4byte	.LASF20
 260 0164 03       		.byte	0x3
 261 0165 3601     		.2byte	0x136
 262 0167 77000000 		.4byte	0x77
 263 016b 18       		.byte	0x18
 264 016c 00       		.byte	0
 265 016d 04       		.uleb128 0x4
 266 016e FC000000 		.4byte	.LASF25
 267 0172 03       		.byte	0x3
 268 0173 3701     		.2byte	0x137
 269 0175 FB000000 		.4byte	0xfb
 270 0179 09       		.uleb128 0x9
 271 017a 01       		.byte	0x1
 272 017b 2C000000 		.4byte	0x2c
 273 017f 03       		.byte	0x3
 274 0180 5401     		.2byte	0x154
 275 0182 A5010000 		.4byte	0x1a5
 276 0186 0A       		.uleb128 0xa
 277 0187 75020000 		.4byte	.LASF26
 278 018b 00       		.byte	0
 279 018c 0A       		.uleb128 0xa
 280 018d E7020000 		.4byte	.LASF27
 281 0191 01       		.byte	0x1
 282 0192 0A       		.uleb128 0xa
 283 0193 5A030000 		.4byte	.LASF28
 284 0197 02       		.byte	0x2
 285 0198 0A       		.uleb128 0xa
 286 0199 48020000 		.4byte	.LASF29
 287 019d 03       		.byte	0x3
 288 019e 0A       		.uleb128 0xa
 289 019f D4010000 		.4byte	.LASF30
 290 01a3 04       		.byte	0x4
 291 01a4 00       		.byte	0
 292 01a5 04       		.uleb128 0x4
 293 01a6 FE020000 		.4byte	.LASF31
 294 01aa 03       		.byte	0x3
 295 01ab 5A01     		.2byte	0x15a
 296 01ad 79010000 		.4byte	0x179
 297 01b1 0B       		.uleb128 0xb
 298 01b2 74030000 		.4byte	.LASF38
 299 01b6 01       		.byte	0x1
 300 01b7 40       		.byte	0x40
 301 01b8 A5010000 		.4byte	0x1a5
 302 01bc 00000000 		.4byte	.LFB0
 303 01c0 2C000000 		.4byte	.LFE0-.LFB0
 304 01c4 01       		.uleb128 0x1
 305 01c5 9C       		.byte	0x9c
 306 01c6 0E020000 		.4byte	0x20e
 307 01ca 0C       		.uleb128 0xc
 308 01cb D5020000 		.4byte	.LASF39
 309 01cf 01       		.byte	0x1
 310 01d0 40       		.byte	0x40
 311 01d1 77000000 		.4byte	0x77
 312 01d5 00000000 		.4byte	.LLST0
 313 01d9 0D       		.uleb128 0xd
ARM GAS  C:\Users\Reza\AppData\Local\Temp\ccXxv8Ca.s 			page 8


 314 01da 72657400 		.ascii	"ret\000"
 315 01de 01       		.byte	0x1
 316 01df 42       		.byte	0x42
 317 01e0 A5010000 		.4byte	0x1a5
 318 01e4 01       		.uleb128 0x1
 319 01e5 50       		.byte	0x50
 320 01e6 0E       		.uleb128 0xe
 321 01e7 A9020000 		.4byte	.LASF32
 322 01eb 01       		.byte	0x1
 323 01ec 43       		.byte	0x43
 324 01ed EF000000 		.4byte	0xef
 325 01f1 02       		.uleb128 0x2
 326 01f2 91       		.byte	0x91
 327 01f3 68       		.sleb128 -24
 328 01f4 0F       		.uleb128 0xf
 329 01f5 22000000 		.4byte	.LVL2
 330 01f9 35020000 		.4byte	0x235
 331 01fd 10       		.uleb128 0x10
 332 01fe 01       		.uleb128 0x1
 333 01ff 50       		.byte	0x50
 334 0200 02       		.uleb128 0x2
 335 0201 7D       		.byte	0x7d
 336 0202 00       		.sleb128 0
 337 0203 10       		.uleb128 0x10
 338 0204 01       		.uleb128 0x1
 339 0205 51       		.byte	0x51
 340 0206 05       		.uleb128 0x5
 341 0207 03       		.byte	0x3
 342 0208 00000000 		.4byte	Em_EEPROM_context
 343 020c 00       		.byte	0
 344 020d 00       		.byte	0
 345 020e 11       		.uleb128 0x11
 346 020f 8A020000 		.4byte	.LASF33
 347 0213 01       		.byte	0x1
 348 0214 15       		.byte	0x15
 349 0215 1F020000 		.4byte	0x21f
 350 0219 05       		.uleb128 0x5
 351 021a 03       		.byte	0x3
 352 021b 00000000 		.4byte	Em_EEPROM_config
 353 021f 12       		.uleb128 0x12
 354 0220 EF000000 		.4byte	0xef
 355 0224 11       		.uleb128 0x11
 356 0225 A7000000 		.4byte	.LASF34
 357 0229 01       		.byte	0x1
 358 022a 22       		.byte	0x22
 359 022b 6D010000 		.4byte	0x16d
 360 022f 05       		.uleb128 0x5
 361 0230 03       		.byte	0x3
 362 0231 00000000 		.4byte	Em_EEPROM_context
 363 0235 13       		.uleb128 0x13
 364 0236 1B020000 		.4byte	.LASF40
 365 023a 1B020000 		.4byte	.LASF40
 366 023e 03       		.byte	0x3
 367 023f 6701     		.2byte	0x167
 368 0241 00       		.byte	0
 369              		.section	.debug_abbrev,"",%progbits
 370              	.Ldebug_abbrev0:
ARM GAS  C:\Users\Reza\AppData\Local\Temp\ccXxv8Ca.s 			page 9


 371 0000 01       		.uleb128 0x1
 372 0001 11       		.uleb128 0x11
 373 0002 01       		.byte	0x1
 374 0003 25       		.uleb128 0x25
 375 0004 0E       		.uleb128 0xe
 376 0005 13       		.uleb128 0x13
 377 0006 0B       		.uleb128 0xb
 378 0007 03       		.uleb128 0x3
 379 0008 0E       		.uleb128 0xe
 380 0009 1B       		.uleb128 0x1b
 381 000a 0E       		.uleb128 0xe
 382 000b 55       		.uleb128 0x55
 383 000c 17       		.uleb128 0x17
 384 000d 11       		.uleb128 0x11
 385 000e 01       		.uleb128 0x1
 386 000f 10       		.uleb128 0x10
 387 0010 17       		.uleb128 0x17
 388 0011 00       		.byte	0
 389 0012 00       		.byte	0
 390 0013 02       		.uleb128 0x2
 391 0014 24       		.uleb128 0x24
 392 0015 00       		.byte	0
 393 0016 0B       		.uleb128 0xb
 394 0017 0B       		.uleb128 0xb
 395 0018 3E       		.uleb128 0x3e
 396 0019 0B       		.uleb128 0xb
 397 001a 03       		.uleb128 0x3
 398 001b 0E       		.uleb128 0xe
 399 001c 00       		.byte	0
 400 001d 00       		.byte	0
 401 001e 03       		.uleb128 0x3
 402 001f 24       		.uleb128 0x24
 403 0020 00       		.byte	0
 404 0021 0B       		.uleb128 0xb
 405 0022 0B       		.uleb128 0xb
 406 0023 3E       		.uleb128 0x3e
 407 0024 0B       		.uleb128 0xb
 408 0025 03       		.uleb128 0x3
 409 0026 08       		.uleb128 0x8
 410 0027 00       		.byte	0
 411 0028 00       		.byte	0
 412 0029 04       		.uleb128 0x4
 413 002a 16       		.uleb128 0x16
 414 002b 00       		.byte	0
 415 002c 03       		.uleb128 0x3
 416 002d 0E       		.uleb128 0xe
 417 002e 3A       		.uleb128 0x3a
 418 002f 0B       		.uleb128 0xb
 419 0030 3B       		.uleb128 0x3b
 420 0031 05       		.uleb128 0x5
 421 0032 49       		.uleb128 0x49
 422 0033 13       		.uleb128 0x13
 423 0034 00       		.byte	0
 424 0035 00       		.byte	0
 425 0036 05       		.uleb128 0x5
 426 0037 13       		.uleb128 0x13
 427 0038 01       		.byte	0x1
ARM GAS  C:\Users\Reza\AppData\Local\Temp\ccXxv8Ca.s 			page 10


 428 0039 0B       		.uleb128 0xb
 429 003a 0B       		.uleb128 0xb
 430 003b 3A       		.uleb128 0x3a
 431 003c 0B       		.uleb128 0xb
 432 003d 3B       		.uleb128 0x3b
 433 003e 0B       		.uleb128 0xb
 434 003f 01       		.uleb128 0x1
 435 0040 13       		.uleb128 0x13
 436 0041 00       		.byte	0
 437 0042 00       		.byte	0
 438 0043 06       		.uleb128 0x6
 439 0044 0D       		.uleb128 0xd
 440 0045 00       		.byte	0
 441 0046 03       		.uleb128 0x3
 442 0047 0E       		.uleb128 0xe
 443 0048 3A       		.uleb128 0x3a
 444 0049 0B       		.uleb128 0xb
 445 004a 3B       		.uleb128 0x3b
 446 004b 0B       		.uleb128 0xb
 447 004c 49       		.uleb128 0x49
 448 004d 13       		.uleb128 0x13
 449 004e 38       		.uleb128 0x38
 450 004f 0B       		.uleb128 0xb
 451 0050 00       		.byte	0
 452 0051 00       		.byte	0
 453 0052 07       		.uleb128 0x7
 454 0053 0D       		.uleb128 0xd
 455 0054 00       		.byte	0
 456 0055 03       		.uleb128 0x3
 457 0056 0E       		.uleb128 0xe
 458 0057 3A       		.uleb128 0x3a
 459 0058 0B       		.uleb128 0xb
 460 0059 3B       		.uleb128 0x3b
 461 005a 05       		.uleb128 0x5
 462 005b 49       		.uleb128 0x49
 463 005c 13       		.uleb128 0x13
 464 005d 38       		.uleb128 0x38
 465 005e 0B       		.uleb128 0xb
 466 005f 00       		.byte	0
 467 0060 00       		.byte	0
 468 0061 08       		.uleb128 0x8
 469 0062 13       		.uleb128 0x13
 470 0063 01       		.byte	0x1
 471 0064 0B       		.uleb128 0xb
 472 0065 0B       		.uleb128 0xb
 473 0066 3A       		.uleb128 0x3a
 474 0067 0B       		.uleb128 0xb
 475 0068 3B       		.uleb128 0x3b
 476 0069 05       		.uleb128 0x5
 477 006a 01       		.uleb128 0x1
 478 006b 13       		.uleb128 0x13
 479 006c 00       		.byte	0
 480 006d 00       		.byte	0
 481 006e 09       		.uleb128 0x9
 482 006f 04       		.uleb128 0x4
 483 0070 01       		.byte	0x1
 484 0071 0B       		.uleb128 0xb
ARM GAS  C:\Users\Reza\AppData\Local\Temp\ccXxv8Ca.s 			page 11


 485 0072 0B       		.uleb128 0xb
 486 0073 49       		.uleb128 0x49
 487 0074 13       		.uleb128 0x13
 488 0075 3A       		.uleb128 0x3a
 489 0076 0B       		.uleb128 0xb
 490 0077 3B       		.uleb128 0x3b
 491 0078 05       		.uleb128 0x5
 492 0079 01       		.uleb128 0x1
 493 007a 13       		.uleb128 0x13
 494 007b 00       		.byte	0
 495 007c 00       		.byte	0
 496 007d 0A       		.uleb128 0xa
 497 007e 28       		.uleb128 0x28
 498 007f 00       		.byte	0
 499 0080 03       		.uleb128 0x3
 500 0081 0E       		.uleb128 0xe
 501 0082 1C       		.uleb128 0x1c
 502 0083 0B       		.uleb128 0xb
 503 0084 00       		.byte	0
 504 0085 00       		.byte	0
 505 0086 0B       		.uleb128 0xb
 506 0087 2E       		.uleb128 0x2e
 507 0088 01       		.byte	0x1
 508 0089 3F       		.uleb128 0x3f
 509 008a 19       		.uleb128 0x19
 510 008b 03       		.uleb128 0x3
 511 008c 0E       		.uleb128 0xe
 512 008d 3A       		.uleb128 0x3a
 513 008e 0B       		.uleb128 0xb
 514 008f 3B       		.uleb128 0x3b
 515 0090 0B       		.uleb128 0xb
 516 0091 27       		.uleb128 0x27
 517 0092 19       		.uleb128 0x19
 518 0093 49       		.uleb128 0x49
 519 0094 13       		.uleb128 0x13
 520 0095 11       		.uleb128 0x11
 521 0096 01       		.uleb128 0x1
 522 0097 12       		.uleb128 0x12
 523 0098 06       		.uleb128 0x6
 524 0099 40       		.uleb128 0x40
 525 009a 18       		.uleb128 0x18
 526 009b 9742     		.uleb128 0x2117
 527 009d 19       		.uleb128 0x19
 528 009e 01       		.uleb128 0x1
 529 009f 13       		.uleb128 0x13
 530 00a0 00       		.byte	0
 531 00a1 00       		.byte	0
 532 00a2 0C       		.uleb128 0xc
 533 00a3 05       		.uleb128 0x5
 534 00a4 00       		.byte	0
 535 00a5 03       		.uleb128 0x3
 536 00a6 0E       		.uleb128 0xe
 537 00a7 3A       		.uleb128 0x3a
 538 00a8 0B       		.uleb128 0xb
 539 00a9 3B       		.uleb128 0x3b
 540 00aa 0B       		.uleb128 0xb
 541 00ab 49       		.uleb128 0x49
ARM GAS  C:\Users\Reza\AppData\Local\Temp\ccXxv8Ca.s 			page 12


 542 00ac 13       		.uleb128 0x13
 543 00ad 02       		.uleb128 0x2
 544 00ae 17       		.uleb128 0x17
 545 00af 00       		.byte	0
 546 00b0 00       		.byte	0
 547 00b1 0D       		.uleb128 0xd
 548 00b2 34       		.uleb128 0x34
 549 00b3 00       		.byte	0
 550 00b4 03       		.uleb128 0x3
 551 00b5 08       		.uleb128 0x8
 552 00b6 3A       		.uleb128 0x3a
 553 00b7 0B       		.uleb128 0xb
 554 00b8 3B       		.uleb128 0x3b
 555 00b9 0B       		.uleb128 0xb
 556 00ba 49       		.uleb128 0x49
 557 00bb 13       		.uleb128 0x13
 558 00bc 02       		.uleb128 0x2
 559 00bd 18       		.uleb128 0x18
 560 00be 00       		.byte	0
 561 00bf 00       		.byte	0
 562 00c0 0E       		.uleb128 0xe
 563 00c1 34       		.uleb128 0x34
 564 00c2 00       		.byte	0
 565 00c3 03       		.uleb128 0x3
 566 00c4 0E       		.uleb128 0xe
 567 00c5 3A       		.uleb128 0x3a
 568 00c6 0B       		.uleb128 0xb
 569 00c7 3B       		.uleb128 0x3b
 570 00c8 0B       		.uleb128 0xb
 571 00c9 49       		.uleb128 0x49
 572 00ca 13       		.uleb128 0x13
 573 00cb 02       		.uleb128 0x2
 574 00cc 18       		.uleb128 0x18
 575 00cd 00       		.byte	0
 576 00ce 00       		.byte	0
 577 00cf 0F       		.uleb128 0xf
 578 00d0 898201   		.uleb128 0x4109
 579 00d3 01       		.byte	0x1
 580 00d4 11       		.uleb128 0x11
 581 00d5 01       		.uleb128 0x1
 582 00d6 31       		.uleb128 0x31
 583 00d7 13       		.uleb128 0x13
 584 00d8 00       		.byte	0
 585 00d9 00       		.byte	0
 586 00da 10       		.uleb128 0x10
 587 00db 8A8201   		.uleb128 0x410a
 588 00de 00       		.byte	0
 589 00df 02       		.uleb128 0x2
 590 00e0 18       		.uleb128 0x18
 591 00e1 9142     		.uleb128 0x2111
 592 00e3 18       		.uleb128 0x18
 593 00e4 00       		.byte	0
 594 00e5 00       		.byte	0
 595 00e6 11       		.uleb128 0x11
 596 00e7 34       		.uleb128 0x34
 597 00e8 00       		.byte	0
 598 00e9 03       		.uleb128 0x3
ARM GAS  C:\Users\Reza\AppData\Local\Temp\ccXxv8Ca.s 			page 13


 599 00ea 0E       		.uleb128 0xe
 600 00eb 3A       		.uleb128 0x3a
 601 00ec 0B       		.uleb128 0xb
 602 00ed 3B       		.uleb128 0x3b
 603 00ee 0B       		.uleb128 0xb
 604 00ef 49       		.uleb128 0x49
 605 00f0 13       		.uleb128 0x13
 606 00f1 3F       		.uleb128 0x3f
 607 00f2 19       		.uleb128 0x19
 608 00f3 02       		.uleb128 0x2
 609 00f4 18       		.uleb128 0x18
 610 00f5 00       		.byte	0
 611 00f6 00       		.byte	0
 612 00f7 12       		.uleb128 0x12
 613 00f8 26       		.uleb128 0x26
 614 00f9 00       		.byte	0
 615 00fa 49       		.uleb128 0x49
 616 00fb 13       		.uleb128 0x13
 617 00fc 00       		.byte	0
 618 00fd 00       		.byte	0
 619 00fe 13       		.uleb128 0x13
 620 00ff 2E       		.uleb128 0x2e
 621 0100 00       		.byte	0
 622 0101 3F       		.uleb128 0x3f
 623 0102 19       		.uleb128 0x19
 624 0103 3C       		.uleb128 0x3c
 625 0104 19       		.uleb128 0x19
 626 0105 6E       		.uleb128 0x6e
 627 0106 0E       		.uleb128 0xe
 628 0107 03       		.uleb128 0x3
 629 0108 0E       		.uleb128 0xe
 630 0109 3A       		.uleb128 0x3a
 631 010a 0B       		.uleb128 0xb
 632 010b 3B       		.uleb128 0x3b
 633 010c 05       		.uleb128 0x5
 634 010d 00       		.byte	0
 635 010e 00       		.byte	0
 636 010f 00       		.byte	0
 637              		.section	.debug_loc,"",%progbits
 638              	.Ldebug_loc0:
 639              	.LLST0:
 640 0000 00000000 		.4byte	.LVL0
 641 0004 1E000000 		.4byte	.LVL1
 642 0008 0100     		.2byte	0x1
 643 000a 50       		.byte	0x50
 644 000b 1E000000 		.4byte	.LVL1
 645 000f 21000000 		.4byte	.LVL2-1
 646 0013 0200     		.2byte	0x2
 647 0015 91       		.byte	0x91
 648 0016 74       		.sleb128 -12
 649 0017 21000000 		.4byte	.LVL2-1
 650 001b 2C000000 		.4byte	.LFE0
 651 001f 0400     		.2byte	0x4
 652 0021 F3       		.byte	0xf3
 653 0022 01       		.uleb128 0x1
 654 0023 50       		.byte	0x50
 655 0024 9F       		.byte	0x9f
ARM GAS  C:\Users\Reza\AppData\Local\Temp\ccXxv8Ca.s 			page 14


 656 0025 00000000 		.4byte	0
 657 0029 00000000 		.4byte	0
 658              		.section	.debug_aranges,"",%progbits
 659 0000 1C000000 		.4byte	0x1c
 660 0004 0200     		.2byte	0x2
 661 0006 00000000 		.4byte	.Ldebug_info0
 662 000a 04       		.byte	0x4
 663 000b 00       		.byte	0
 664 000c 0000     		.2byte	0
 665 000e 0000     		.2byte	0
 666 0010 00000000 		.4byte	.LFB0
 667 0014 2C000000 		.4byte	.LFE0-.LFB0
 668 0018 00000000 		.4byte	0
 669 001c 00000000 		.4byte	0
 670              		.section	.debug_ranges,"",%progbits
 671              	.Ldebug_ranges0:
 672 0000 00000000 		.4byte	.LFB0
 673 0004 2C000000 		.4byte	.LFE0
 674 0008 00000000 		.4byte	0
 675 000c 00000000 		.4byte	0
 676              		.section	.debug_line,"",%progbits
 677              	.Ldebug_line0:
 678 0000 75000000 		.section	.debug_str,"MS",%progbits,1
 678      02005800 
 678      00000201 
 678      FB0E0D00 
 678      01010101 
 679              	.LASF37:
 680 0000 453A5C4E 		.ascii	"E:\\New_Dell_Laptop_18.04.2021\\Drive_D\\hda\\Summe"
 680      65775F44 
 680      656C6C5F 
 680      4C617074 
 680      6F705F31 
 681 002f 725F5365 		.ascii	"r_Semester_2020\\Embedded Architecture and Applicat"
 681      6D657374 
 681      65725F32 
 681      3032305C 
 681      456D6265 
 682 0061 696F6E5C 		.ascii	"ion\\Lab1\\Work_Space_RTE\\RTE_Electronic_Clock.cyd"
 682      4C616231 
 682      5C576F72 
 682      6B5F5370 
 682      6163655F 
 683 0091 736E00   		.ascii	"sn\000"
 684              	.LASF20:
 685 0094 75736572 		.ascii	"userFlashStartAddr\000"
 685      466C6173 
 685      68537461 
 685      72744164 
 685      647200
 686              	.LASF34:
 687 00a7 456D5F45 		.ascii	"Em_EEPROM_context\000"
 687      4550524F 
 687      4D5F636F 
 687      6E746578 
 687      7400
 688              	.LASF23:
ARM GAS  C:\Users\Reza\AppData\Local\Temp\ccXxv8Ca.s 			page 15


 689 00b9 6E756D62 		.ascii	"numberOfRows\000"
 689      65724F66 
 689      526F7773 
 689      00
 690              	.LASF36:
 691 00c6 47656E65 		.ascii	"Generated_Source\\PSoC5\\Em_EEPROM.c\000"
 691      72617465 
 691      645F536F 
 691      75726365 
 691      5C50536F 
 692              	.LASF3:
 693 00e9 73686F72 		.ascii	"short unsigned int\000"
 693      7420756E 
 693      7369676E 
 693      65642069 
 693      6E7400
 694              	.LASF25:
 695 00fc 63795F73 		.ascii	"cy_stc_eeprom_context_t\000"
 695      74635F65 
 695      6570726F 
 695      6D5F636F 
 695      6E746578 
 696              	.LASF17:
 697 0114 77656172 		.ascii	"wearLevelingFactor\000"
 697      4C657665 
 697      6C696E67 
 697      46616374 
 697      6F7200
 698              	.LASF16:
 699 0127 65657072 		.ascii	"eepromSize\000"
 699      6F6D5369 
 699      7A6500
 700              	.LASF11:
 701 0132 666C6F61 		.ascii	"float\000"
 701      7400
 702              	.LASF1:
 703 0138 756E7369 		.ascii	"unsigned char\000"
 703      676E6564 
 703      20636861 
 703      7200
 704              	.LASF35:
 705 0146 474E5520 		.ascii	"GNU C11 5.4.1 20160609 (release) [ARM/embedded-5-br"
 705      43313120 
 705      352E342E 
 705      31203230 
 705      31363036 
 706 0179 616E6368 		.ascii	"anch revision 237715] -mcpu=cortex-m3 -mthumb -g -O"
 706      20726576 
 706      6973696F 
 706      6E203233 
 706      37373135 
 707 01ac 67202D66 		.ascii	"g -ffunction-sections -ffat-lto-objects\000"
 707      66756E63 
 707      74696F6E 
 707      2D736563 
 707      74696F6E 
 708              	.LASF30:
ARM GAS  C:\Users\Reza\AppData\Local\Temp\ccXxv8Ca.s 			page 16


 709 01d4 43595F45 		.ascii	"CY_EM_EEPROM_WRITE_FAIL\000"
 709      4D5F4545 
 709      50524F4D 
 709      5F575249 
 709      54455F46 
 710              	.LASF5:
 711 01ec 6C6F6E67 		.ascii	"long unsigned int\000"
 711      20756E73 
 711      69676E65 
 711      6420696E 
 711      7400
 712              	.LASF9:
 713 01fe 75696E74 		.ascii	"uint8\000"
 713      3800
 714              	.LASF21:
 715 0204 63795F73 		.ascii	"cy_stc_eeprom_config_t\000"
 715      74635F65 
 715      6570726F 
 715      6D5F636F 
 715      6E666967 
 716              	.LASF40:
 717 021b 43795F45 		.ascii	"Cy_Em_EEPROM_Init\000"
 717      6D5F4545 
 717      50524F4D 
 717      5F496E69 
 717      7400
 718              	.LASF12:
 719 022d 646F7562 		.ascii	"double\000"
 719      6C6500
 720              	.LASF10:
 721 0234 75696E74 		.ascii	"uint32\000"
 721      333200
 722              	.LASF8:
 723 023b 756E7369 		.ascii	"unsigned int\000"
 723      676E6564 
 723      20696E74 
 723      00
 724              	.LASF29:
 725 0248 43595F45 		.ascii	"CY_EM_EEPROM_BAD_DATA\000"
 725      4D5F4545 
 725      50524F4D 
 725      5F424144 
 725      5F444154 
 726              	.LASF7:
 727 025e 6C6F6E67 		.ascii	"long long unsigned int\000"
 727      206C6F6E 
 727      6720756E 
 727      7369676E 
 727      65642069 
 728              	.LASF26:
 729 0275 43595F45 		.ascii	"CY_EM_EEPROM_SUCCESS\000"
 729      4D5F4545 
 729      50524F4D 
 729      5F535543 
 729      43455353 
 730              	.LASF33:
 731 028a 456D5F45 		.ascii	"Em_EEPROM_config\000"
ARM GAS  C:\Users\Reza\AppData\Local\Temp\ccXxv8Ca.s 			page 17


 731      4550524F 
 731      4D5F636F 
 731      6E666967 
 731      00
 732              	.LASF19:
 733 029b 626C6F63 		.ascii	"blockingWrite\000"
 733      6B696E67 
 733      57726974 
 733      6500
 734              	.LASF32:
 735 02a9 636F6E66 		.ascii	"config\000"
 735      696700
 736              	.LASF18:
 737 02b0 72656475 		.ascii	"redundantCopy\000"
 737      6E64616E 
 737      74436F70 
 737      7900
 738              	.LASF15:
 739 02be 73697A65 		.ascii	"sizetype\000"
 739      74797065 
 739      00
 740              	.LASF6:
 741 02c7 6C6F6E67 		.ascii	"long long int\000"
 741      206C6F6E 
 741      6720696E 
 741      7400
 742              	.LASF39:
 743 02d5 73746172 		.ascii	"startAddress\000"
 743      74416464 
 743      72657373 
 743      00
 744              	.LASF13:
 745 02e2 63686172 		.ascii	"char\000"
 745      00
 746              	.LASF27:
 747 02e7 43595F45 		.ascii	"CY_EM_EEPROM_BAD_PARAM\000"
 747      4D5F4545 
 747      50524F4D 
 747      5F424144 
 747      5F504152 
 748              	.LASF31:
 749 02fe 63795F65 		.ascii	"cy_en_em_eeprom_status_t\000"
 749      6E5F656D 
 749      5F656570 
 749      726F6D5F 
 749      73746174 
 750              	.LASF2:
 751 0317 73686F72 		.ascii	"short int\000"
 751      7420696E 
 751      7400
 752              	.LASF22:
 753 0321 776C456E 		.ascii	"wlEndAddr\000"
 753      64416464 
 753      7200
 754              	.LASF4:
 755 032b 6C6F6E67 		.ascii	"long int\000"
 755      20696E74 
ARM GAS  C:\Users\Reza\AppData\Local\Temp\ccXxv8Ca.s 			page 18


 755      00
 756              	.LASF14:
 757 0334 6C6F6E67 		.ascii	"long double\000"
 757      20646F75 
 757      626C6500 
 758              	.LASF24:
 759 0340 6C617374 		.ascii	"lastWrRowAddr\000"
 759      5772526F 
 759      77416464 
 759      7200
 760              	.LASF0:
 761 034e 7369676E 		.ascii	"signed char\000"
 761      65642063 
 761      68617200 
 762              	.LASF28:
 763 035a 43595F45 		.ascii	"CY_EM_EEPROM_BAD_CHECKSUM\000"
 763      4D5F4545 
 763      50524F4D 
 763      5F424144 
 763      5F434845 
 764              	.LASF38:
 765 0374 456D5F45 		.ascii	"Em_EEPROM_Init\000"
 765      4550524F 
 765      4D5F496E 
 765      697400
 766              		.ident	"GCC: (GNU Tools for ARM Embedded Processors) 5.4.1 20160609 (release) [ARM/embedded-5-bran
