ARM GAS  C:\Users\Reza\AppData\Local\Temp\cc7iAmWv.s 			page 1


   1              		.syntax unified
   2              		.cpu cortex-m3
   3              		.fpu softvfp
   4              		.eabi_attribute 20, 1
   5              		.eabi_attribute 21, 1
   6              		.eabi_attribute 23, 3
   7              		.eabi_attribute 24, 1
   8              		.eabi_attribute 25, 1
   9              		.eabi_attribute 26, 1
  10              		.eabi_attribute 30, 1
  11              		.eabi_attribute 34, 1
  12              		.eabi_attribute 18, 4
  13              		.thumb
  14              		.syntax unified
  15              		.file	"ErikaOS_1_eecfg.c"
  16              		.text
  17              	.Ltext0:
  18              		.cfi_sections	.debug_frame
  19              		.global	EE_oo_autostart_task_data
  20              		.comm	EE_ApplicationMode,4,4
  21              		.global	EE_oo_action_ROM
  22              		.comm	EE_oo_counter_object_RAM,16,4
  23              		.global	EE_oo_counter_object_ROM
  24              		.global	EE_ALARM_ID
  25              		.global	EE_ALARM_NAME
  26              		.global	EE_alarm_ROM
  27              		.global	EE_counter_RAM
  28              		.global	EE_counter_ROM
  29              		.global	EE_th_is_extended
  30              		.global	EE_th_waswaiting
  31              		.global	EE_th_event_waitmask
  32              		.global	EE_th_event_active
  33              		.global	EE_th_terminate_nextask
  34              		.global	EE_rq_free
  35              		.comm	EE_rq_pairs_tid,16,4
  36              		.global	EE_rq_pairs_next
  37              		.global	EE_rq_link
  38              		.global	EE_th_rnact_max
  39              		.global	EE_th_rnact
  40              		.global	EE_rq_bitmask
  41              		.global	EE_rq_queues_tail
  42              		.global	EE_rq_queues_head
  43              		.global	EE_sys_ceiling
  44              		.global	EE_stkfirst
  45              		.global	EE_th_next
  46              		.global	EE_th_status
  47              		.global	EE_th_dispatch_prio
  48              		.global	EE_EVENT_ID
  49              		.global	EE_EVENT_NAME
  50              		.global	EE_TASK_NAME
  51              		.global	EE_th_ready_prio
  52              		.global	EE_terminate_real_th_body
  53              		.comm	EE_terminate_data,16,4
  54              		.global	EE_hal_thread_body
  55              		.global	EE_cortex_mx_IRQ_tos
  56              		.global	EE_cortex_mx_active_tos
  57              		.global	EE_cortex_mx_system_tos
ARM GAS  C:\Users\Reza\AppData\Local\Temp\cc7iAmWv.s 			page 2


  58              		.global	EE_std_thread_tos
  59              		.comm	EE_cortex_mx_stack_9,512,4
  60              		.comm	EE_cortex_mx_stack_4,1200,4
  61              		.section	.rodata
  62              		.align	2
  63              		.type	EE_oo_autostart_task_data, %object
  64              		.size	EE_oo_autostart_task_data, 8
  65              	EE_oo_autostart_task_data:
  66 0000 01000000 		.word	1
  67 0004 08000000 		.word	EE_oo_autostart_task_mode_OSDEFAULTAPPMODE
  68              		.type	EE_oo_autostart_task_mode_OSDEFAULTAPPMODE, %object
  69              		.size	EE_oo_autostart_task_mode_OSDEFAULTAPPMODE, 4
  70              	EE_oo_autostart_task_mode_OSDEFAULTAPPMODE:
  71 0008 00000000 		.space	4
  72              		.type	EE_oo_action_ROM, %object
  73              		.size	EE_oo_action_ROM, 20
  74              	EE_oo_action_ROM:
  75 000c 00       		.byte	0
  76 000d 000000   		.space	3
  77 0010 02000000 		.word	2
  78 0014 00000000 		.word	0
  79 0018 00000000 		.word	0
  80 001c FFFFFFFF 		.word	-1
  81              		.type	EE_oo_counter_object_ROM, %object
  82              		.size	EE_oo_counter_object_ROM, 12
  83              	EE_oo_counter_object_ROM:
  84 0020 00000000 		.space	12
  84      00000000 
  84      00000000 
  85              		.type	EE_ALARM_ID, %object
  86              		.size	EE_ALARM_ID, 4
  87              	EE_ALARM_ID:
  88 002c 00000000 		.space	4
  89              		.type	EE_alarm_ROM, %object
  90              		.size	EE_alarm_ROM, 4
  91              	EE_alarm_ROM:
  92 0030 00000000 		.space	4
  93              		.type	EE_counter_ROM, %object
  94              		.size	EE_counter_ROM, 12
  95              	EE_counter_ROM:
  96 0034 10270000 		.word	10000
  97 0038 00000000 		.word	0
  98 003c 00000000 		.word	0
  99              		.type	EE_th_is_extended, %object
 100              		.size	EE_th_is_extended, 16
 101              	EE_th_is_extended:
 102 0040 00000000 		.word	0
 103 0044 00000000 		.word	0
 104 0048 00000000 		.word	0
 105 004c 01000000 		.word	1
 106              		.type	EE_th_rnact_max, %object
 107              		.size	EE_th_rnact_max, 16
 108              	EE_th_rnact_max:
 109 0050 01000000 		.word	1
 110 0054 01000000 		.word	1
 111 0058 01000000 		.word	1
 112 005c 01000000 		.word	1
ARM GAS  C:\Users\Reza\AppData\Local\Temp\cc7iAmWv.s 			page 3


 113              		.type	EE_th_dispatch_prio, %object
 114              		.size	EE_th_dispatch_prio, 16
 115              	EE_th_dispatch_prio:
 116 0060 80000000 		.word	128
 117 0064 01000000 		.word	1
 118 0068 40000000 		.word	64
 119 006c 10000000 		.word	16
 120              		.type	EE_EVENT_ID, %object
 121              		.size	EE_EVENT_ID, 8
 122              	EE_EVENT_ID:
 123 0070 01000000 		.word	1
 124 0074 02000000 		.word	2
 125              		.type	EE_th_ready_prio, %object
 126              		.size	EE_th_ready_prio, 16
 127              	EE_th_ready_prio:
 128 0078 01000000 		.word	1
 129 007c 01000000 		.word	1
 130 0080 40000000 		.word	64
 131 0084 10000000 		.word	16
 132              		.type	EE_terminate_real_th_body, %object
 133              		.size	EE_terminate_real_th_body, 16
 134              	EE_terminate_real_th_body:
 135 0088 00000000 		.word	Functsk_Init
 136 008c 00000000 		.word	Functsk_Background
 137 0090 00000000 		.word	Functsk_CyclicDispatcher
 138 0094 00000000 		.word	Functsk_EventDispatcher
 139              		.type	EE_hal_thread_body, %object
 140              		.size	EE_hal_thread_body, 16
 141              	EE_hal_thread_body:
 142 0098 00000000 		.word	EE_oo_thread_stub
 143 009c 00000000 		.word	EE_oo_thread_stub
 144 00a0 00000000 		.word	EE_oo_thread_stub
 145 00a4 00000000 		.word	EE_oo_thread_stub
 146              		.type	EE_std_thread_tos, %object
 147              		.size	EE_std_thread_tos, 20
 148              	EE_std_thread_tos:
 149 00a8 00000000 		.word	0
 150 00ac 00000000 		.word	0
 151 00b0 00000000 		.word	0
 152 00b4 00000000 		.word	0
 153 00b8 01000000 		.word	1
 154              		.data
 155              		.align	2
 156              		.type	EE_ALARM_NAME, %object
 157              		.size	EE_ALARM_NAME, 4
 158              	EE_ALARM_NAME:
 159 0000 00000000 		.word	.LC0
 160              		.type	EE_counter_RAM, %object
 161              		.size	EE_counter_RAM, 8
 162              	EE_counter_RAM:
 163 0004 00000000 		.word	0
 164 0008 FFFFFFFF 		.word	-1
 165              		.type	EE_th_terminate_nextask, %object
 166              		.size	EE_th_terminate_nextask, 16
 167              	EE_th_terminate_nextask:
 168 000c FFFFFFFF 		.word	-1
 169 0010 FFFFFFFF 		.word	-1
ARM GAS  C:\Users\Reza\AppData\Local\Temp\cc7iAmWv.s 			page 4


 170 0014 FFFFFFFF 		.word	-1
 171 0018 FFFFFFFF 		.word	-1
 172              		.type	EE_rq_pairs_next, %object
 173              		.size	EE_rq_pairs_next, 16
 174              	EE_rq_pairs_next:
 175 001c 01000000 		.word	1
 176 0020 02000000 		.word	2
 177 0024 03000000 		.word	3
 178 0028 FFFFFFFF 		.word	-1
 179              		.type	EE_rq_link, %object
 180              		.size	EE_rq_link, 16
 181              	EE_rq_link:
 182 002c 00000000 		.word	0
 183 0030 00000000 		.word	0
 184 0034 06000000 		.word	6
 185 0038 04000000 		.word	4
 186              		.type	EE_th_rnact, %object
 187              		.size	EE_th_rnact, 16
 188              	EE_th_rnact:
 189 003c 01000000 		.word	1
 190 0040 01000000 		.word	1
 191 0044 01000000 		.word	1
 192 0048 01000000 		.word	1
 193              		.type	EE_rq_queues_tail, %object
 194              		.size	EE_rq_queues_tail, 64
 195              	EE_rq_queues_tail:
 196 004c FFFFFFFF 		.word	-1
 197 0050 FFFFFFFF 		.word	-1
 198 0054 FFFFFFFF 		.word	-1
 199 0058 FFFFFFFF 		.word	-1
 200 005c FFFFFFFF 		.word	-1
 201 0060 FFFFFFFF 		.word	-1
 202 0064 FFFFFFFF 		.word	-1
 203 0068 FFFFFFFF 		.word	-1
 204 006c FFFFFFFF 		.word	-1
 205 0070 FFFFFFFF 		.word	-1
 206 0074 FFFFFFFF 		.word	-1
 207 0078 FFFFFFFF 		.word	-1
 208 007c FFFFFFFF 		.word	-1
 209 0080 FFFFFFFF 		.word	-1
 210 0084 FFFFFFFF 		.word	-1
 211 0088 FFFFFFFF 		.word	-1
 212              		.type	EE_rq_queues_head, %object
 213              		.size	EE_rq_queues_head, 64
 214              	EE_rq_queues_head:
 215 008c FFFFFFFF 		.word	-1
 216 0090 FFFFFFFF 		.word	-1
 217 0094 FFFFFFFF 		.word	-1
 218 0098 FFFFFFFF 		.word	-1
 219 009c FFFFFFFF 		.word	-1
 220 00a0 FFFFFFFF 		.word	-1
 221 00a4 FFFFFFFF 		.word	-1
 222 00a8 FFFFFFFF 		.word	-1
 223 00ac FFFFFFFF 		.word	-1
 224 00b0 FFFFFFFF 		.word	-1
 225 00b4 FFFFFFFF 		.word	-1
 226 00b8 FFFFFFFF 		.word	-1
ARM GAS  C:\Users\Reza\AppData\Local\Temp\cc7iAmWv.s 			page 5


 227 00bc FFFFFFFF 		.word	-1
 228 00c0 FFFFFFFF 		.word	-1
 229 00c4 FFFFFFFF 		.word	-1
 230 00c8 FFFFFFFF 		.word	-1
 231              		.type	EE_stkfirst, %object
 232              		.size	EE_stkfirst, 4
 233              	EE_stkfirst:
 234 00cc FFFFFFFF 		.word	-1
 235              		.type	EE_th_next, %object
 236              		.size	EE_th_next, 16
 237              	EE_th_next:
 238 00d0 FFFFFFFF 		.word	-1
 239 00d4 FFFFFFFF 		.word	-1
 240 00d8 FFFFFFFF 		.word	-1
 241 00dc FFFFFFFF 		.word	-1
 242              		.type	EE_th_status, %object
 243              		.size	EE_th_status, 16
 244              	EE_th_status:
 245 00e0 03000000 		.word	3
 246 00e4 03000000 		.word	3
 247 00e8 03000000 		.word	3
 248 00ec 03000000 		.word	3
 249              		.type	EE_EVENT_NAME, %object
 250              		.size	EE_EVENT_NAME, 8
 251              	EE_EVENT_NAME:
 252 00f0 0C000000 		.word	.LC1
 253 00f4 24000000 		.word	.LC2
 254              		.type	EE_TASK_NAME, %object
 255              		.size	EE_TASK_NAME, 16
 256              	EE_TASK_NAME:
 257 00f8 38000000 		.word	.LC3
 258 00fc 44000000 		.word	.LC4
 259 0100 54000000 		.word	.LC5
 260 0104 6C000000 		.word	.LC6
 261              		.type	EE_cortex_mx_IRQ_tos, %object
 262              		.size	EE_cortex_mx_IRQ_tos, 4
 263              	EE_cortex_mx_IRQ_tos:
 264 0108 00020000 		.word	EE_cortex_mx_stack_9+512
 265              		.type	EE_cortex_mx_system_tos, %object
 266              		.size	EE_cortex_mx_system_tos, 8
 267              	EE_cortex_mx_system_tos:
 268 010c 00000000 		.word	0
 269 0110 88040000 		.word	EE_cortex_mx_stack_4+1160
 270              		.section	.rodata.str1.4,"aMS",%progbits,1
 271              		.align	2
 272              	.LC0:
 273 0000 616C726D 		.ascii	"alrm_1ms\000"
 273      5F316D73 
 273      00
 274 0009 000000   		.space	3
 275              	.LC1:
 276 000c 65765F6A 		.ascii	"ev_joystick_onUpdate\000"
 276      6F797374 
 276      69636B5F 
 276      6F6E5570 
 276      64617465 
 277 0021 000000   		.space	3
ARM GAS  C:\Users\Reza\AppData\Local\Temp\cc7iAmWv.s 			page 6


 278              	.LC2:
 279 0024 65765F65 		.ascii	"ev_engine_onUpdate\000"
 279      6E67696E 
 279      655F6F6E 
 279      55706461 
 279      746500
 280 0037 00       		.space	1
 281              	.LC3:
 282 0038 74736B5F 		.ascii	"tsk_Init\000"
 282      496E6974 
 282      00
 283 0041 000000   		.space	3
 284              	.LC4:
 285 0044 74736B5F 		.ascii	"tsk_Background\000"
 285      4261636B 
 285      67726F75 
 285      6E6400
 286 0053 00       		.space	1
 287              	.LC5:
 288 0054 74736B5F 		.ascii	"tsk_CyclicDispatcher\000"
 288      4379636C 
 288      69634469 
 288      73706174 
 288      63686572 
 289 0069 000000   		.space	3
 290              	.LC6:
 291 006c 74736B5F 		.ascii	"tsk_EventDispatcher\000"
 291      4576656E 
 291      74446973 
 291      70617463 
 291      68657200 
 292              		.bss
 293              		.align	2
 294              		.type	EE_th_waswaiting, %object
 295              		.size	EE_th_waswaiting, 16
 296              	EE_th_waswaiting:
 297 0000 00000000 		.space	16
 297      00000000 
 297      00000000 
 297      00000000 
 298              		.type	EE_th_event_waitmask, %object
 299              		.size	EE_th_event_waitmask, 16
 300              	EE_th_event_waitmask:
 301 0010 00000000 		.space	16
 301      00000000 
 301      00000000 
 301      00000000 
 302              		.type	EE_th_event_active, %object
 303              		.size	EE_th_event_active, 16
 304              	EE_th_event_active:
 305 0020 00000000 		.space	16
 305      00000000 
 305      00000000 
 305      00000000 
 306              		.type	EE_rq_free, %object
 307              		.size	EE_rq_free, 4
 308              	EE_rq_free:
ARM GAS  C:\Users\Reza\AppData\Local\Temp\cc7iAmWv.s 			page 7


 309 0030 00000000 		.space	4
 310              		.type	EE_rq_bitmask, %object
 311              		.size	EE_rq_bitmask, 2
 312              	EE_rq_bitmask:
 313 0034 0000     		.space	2
 314 0036 0000     		.space	2
 315              		.type	EE_sys_ceiling, %object
 316              		.size	EE_sys_ceiling, 4
 317              	EE_sys_ceiling:
 318 0038 00000000 		.space	4
 319              		.type	EE_cortex_mx_active_tos, %object
 320              		.size	EE_cortex_mx_active_tos, 4
 321              	EE_cortex_mx_active_tos:
 322 003c 00000000 		.space	4
 323              		.text
 324              	.Letext0:
 325              		.file 1 "Generated_Source\\PSoC5\\ErikaOS_1_common_ee_types.inc"
 326              		.file 2 "Generated_Source\\PSoC5\\ErikaOS_1_cortex_mx_ee_cpu.inc"
 327              		.file 3 "Generated_Source\\PSoC5\\ErikaOS_1_ee_oo_common.inc"
 328              		.file 4 "Generated_Source\\PSoC5\\ErikaOS_1_common_ee_hal_structs.inc"
 329              		.file 5 "Generated_Source\\PSoC5\\ErikaOS_1_eecfg.c"
 330              		.file 6 "Generated_Source\\PSoC5\\ErikaOS_1_ee_oo_intfunc.inc"
 331              		.file 7 "Generated_Source\\PSoC5\\ErikaOS_1_cortex_mx_ee_context.inc"
 332              		.file 8 "Generated_Source\\PSoC5\\ErikaOS_1_common_ee_primitives.inc"
 333              		.section	.debug_info,"",%progbits
 334              	.Ldebug_info0:
 335 0000 B3080000 		.4byte	0x8b3
 336 0004 0400     		.2byte	0x4
 337 0006 00000000 		.4byte	.Ldebug_abbrev0
 338 000a 04       		.byte	0x4
 339 000b 01       		.uleb128 0x1
 340 000c E1040000 		.4byte	.LASF112
 341 0010 0C       		.byte	0xc
 342 0011 05070000 		.4byte	.LASF113
 343 0015 52070000 		.4byte	.LASF114
 344 0019 00000000 		.4byte	.Ldebug_line0
 345 001d 02       		.uleb128 0x2
 346 001e 01       		.byte	0x1
 347 001f 06       		.byte	0x6
 348 0020 0F010000 		.4byte	.LASF0
 349 0024 02       		.uleb128 0x2
 350 0025 01       		.byte	0x1
 351 0026 08       		.byte	0x8
 352 0027 59040000 		.4byte	.LASF1
 353 002b 02       		.uleb128 0x2
 354 002c 02       		.byte	0x2
 355 002d 05       		.byte	0x5
 356 002e 9E040000 		.4byte	.LASF2
 357 0032 02       		.uleb128 0x2
 358 0033 02       		.byte	0x2
 359 0034 07       		.byte	0x7
 360 0035 73020000 		.4byte	.LASF3
 361 0039 02       		.uleb128 0x2
 362 003a 04       		.byte	0x4
 363 003b 05       		.byte	0x5
 364 003c 96010000 		.4byte	.LASF4
 365 0040 02       		.uleb128 0x2
ARM GAS  C:\Users\Reza\AppData\Local\Temp\cc7iAmWv.s 			page 8


 366 0041 04       		.byte	0x4
 367 0042 07       		.byte	0x7
 368 0043 31020000 		.4byte	.LASF5
 369 0047 02       		.uleb128 0x2
 370 0048 08       		.byte	0x8
 371 0049 05       		.byte	0x5
 372 004a 01010000 		.4byte	.LASF6
 373 004e 02       		.uleb128 0x2
 374 004f 08       		.byte	0x8
 375 0050 07       		.byte	0x7
 376 0051 5E000000 		.4byte	.LASF7
 377 0055 03       		.uleb128 0x3
 378 0056 04       		.byte	0x4
 379 0057 05       		.byte	0x5
 380 0058 696E7400 		.ascii	"int\000"
 381 005c 02       		.uleb128 0x2
 382 005d 04       		.byte	0x4
 383 005e 07       		.byte	0x7
 384 005f F9010000 		.4byte	.LASF8
 385 0063 02       		.uleb128 0x2
 386 0064 08       		.byte	0x8
 387 0065 04       		.byte	0x4
 388 0066 A7030000 		.4byte	.LASF9
 389 006a 04       		.uleb128 0x4
 390 006b 26040000 		.4byte	.LASF10
 391 006f 01       		.byte	0x1
 392 0070 52       		.byte	0x52
 393 0071 32000000 		.4byte	0x32
 394 0075 04       		.uleb128 0x4
 395 0076 EA060000 		.4byte	.LASF11
 396 007a 01       		.byte	0x1
 397 007b 53       		.byte	0x53
 398 007c 55000000 		.4byte	0x55
 399 0080 04       		.uleb128 0x4
 400 0081 E0060000 		.4byte	.LASF12
 401 0085 01       		.byte	0x1
 402 0086 54       		.byte	0x54
 403 0087 5C000000 		.4byte	0x5c
 404 008b 04       		.uleb128 0x4
 405 008c C4070000 		.4byte	.LASF13
 406 0090 01       		.byte	0x1
 407 0091 64       		.byte	0x64
 408 0092 96000000 		.4byte	0x96
 409 0096 05       		.uleb128 0x5
 410 0097 04       		.byte	0x4
 411 0098 06       		.uleb128 0x6
 412 0099 04       		.byte	0x4
 413 009a 9E000000 		.4byte	0x9e
 414 009e 07       		.uleb128 0x7
 415 009f 04       		.uleb128 0x4
 416 00a0 1E030000 		.4byte	.LASF14
 417 00a4 01       		.byte	0x1
 418 00a5 70       		.byte	0x70
 419 00a6 98000000 		.4byte	0x98
 420 00aa 04       		.uleb128 0x4
 421 00ab 7B050000 		.4byte	.LASF15
 422 00af 01       		.byte	0x1
ARM GAS  C:\Users\Reza\AppData\Local\Temp\cc7iAmWv.s 			page 9


 423 00b0 73       		.byte	0x73
 424 00b1 98000000 		.4byte	0x98
 425 00b5 04       		.uleb128 0x4
 426 00b6 06020000 		.4byte	.LASF16
 427 00ba 02       		.byte	0x2
 428 00bb 4D       		.byte	0x4d
 429 00bc 80000000 		.4byte	0x80
 430 00c0 04       		.uleb128 0x4
 431 00c1 C9030000 		.4byte	.LASF17
 432 00c5 02       		.byte	0x2
 433 00c6 4E       		.byte	0x4e
 434 00c7 75000000 		.4byte	0x75
 435 00cb 04       		.uleb128 0x4
 436 00cc DE070000 		.4byte	.LASF18
 437 00d0 02       		.byte	0x2
 438 00d1 4F       		.byte	0x4f
 439 00d2 80000000 		.4byte	0x80
 440 00d6 04       		.uleb128 0x4
 441 00d7 3D000000 		.4byte	.LASF19
 442 00db 02       		.byte	0x2
 443 00dc 54       		.byte	0x54
 444 00dd B5000000 		.4byte	0xb5
 445 00e1 04       		.uleb128 0x4
 446 00e2 EC010000 		.4byte	.LASF20
 447 00e6 02       		.byte	0x2
 448 00e7 78       		.byte	0x78
 449 00e8 75000000 		.4byte	0x75
 450 00ec 08       		.uleb128 0x8
 451 00ed B3000000 		.4byte	.LASF61
 452 00f1 04       		.byte	0x4
 453 00f2 04       		.byte	0x4
 454 00f3 4D       		.byte	0x4d
 455 00f4 05010000 		.4byte	0x105
 456 00f8 09       		.uleb128 0x9
 457 00f9 4A070000 		.4byte	.LASF28
 458 00fd 04       		.byte	0x4
 459 00fe 4E       		.byte	0x4e
 460 00ff 8B000000 		.4byte	0x8b
 461 0103 00       		.byte	0
 462 0104 00       		.byte	0
 463 0105 0A       		.uleb128 0xa
 464 0106 82030000 		.4byte	.LASF21
 465 010a 03       		.byte	0x3
 466 010b 1101     		.2byte	0x111
 467 010d 6A000000 		.4byte	0x6a
 468 0111 0A       		.uleb128 0xa
 469 0112 AA000000 		.4byte	.LASF22
 470 0116 03       		.byte	0x3
 471 0117 F701     		.2byte	0x1f7
 472 0119 E1000000 		.4byte	0xe1
 473 011d 0A       		.uleb128 0xa
 474 011e 32010000 		.4byte	.LASF23
 475 0122 03       		.byte	0x3
 476 0123 2C02     		.2byte	0x22c
 477 0125 B5000000 		.4byte	0xb5
 478 0129 0A       		.uleb128 0xa
 479 012a 1D000000 		.4byte	.LASF24
ARM GAS  C:\Users\Reza\AppData\Local\Temp\cc7iAmWv.s 			page 10


 480 012e 03       		.byte	0x3
 481 012f 3502     		.2byte	0x235
 482 0131 B5000000 		.4byte	0xb5
 483 0135 0A       		.uleb128 0xa
 484 0136 D4050000 		.4byte	.LASF25
 485 013a 03       		.byte	0x3
 486 013b 5D02     		.2byte	0x25d
 487 013d B5000000 		.4byte	0xb5
 488 0141 0A       		.uleb128 0xa
 489 0142 32000000 		.4byte	.LASF26
 490 0146 03       		.byte	0x3
 491 0147 6302     		.2byte	0x263
 492 0149 B5000000 		.4byte	0xb5
 493 014d 0A       		.uleb128 0xa
 494 014e 2F030000 		.4byte	.LASF27
 495 0152 03       		.byte	0x3
 496 0153 6C02     		.2byte	0x26c
 497 0155 B5000000 		.4byte	0xb5
 498 0159 0B       		.uleb128 0xb
 499 015a 0C       		.byte	0xc
 500 015b 03       		.byte	0x3
 501 015c 7202     		.2byte	0x272
 502 015e 8A010000 		.4byte	0x18a
 503 0162 0C       		.uleb128 0xc
 504 0163 BA000000 		.4byte	.LASF29
 505 0167 03       		.byte	0x3
 506 0168 7302     		.2byte	0x273
 507 016a 29010000 		.4byte	0x129
 508 016e 00       		.byte	0
 509 016f 0C       		.uleb128 0xc
 510 0170 D1030000 		.4byte	.LASF30
 511 0174 03       		.byte	0x3
 512 0175 7402     		.2byte	0x274
 513 0177 29010000 		.4byte	0x129
 514 017b 04       		.byte	0x4
 515 017c 0C       		.uleb128 0xc
 516 017d E3010000 		.4byte	.LASF31
 517 0181 03       		.byte	0x3
 518 0182 7502     		.2byte	0x275
 519 0184 29010000 		.4byte	0x129
 520 0188 08       		.byte	0x8
 521 0189 00       		.byte	0
 522 018a 0A       		.uleb128 0xa
 523 018b CA040000 		.4byte	.LASF32
 524 018f 03       		.byte	0x3
 525 0190 7A02     		.2byte	0x27a
 526 0192 59010000 		.4byte	0x159
 527 0196 0B       		.uleb128 0xb
 528 0197 08       		.byte	0x8
 529 0198 03       		.byte	0x3
 530 0199 7D02     		.2byte	0x27d
 531 019b BA010000 		.4byte	0x1ba
 532 019f 0C       		.uleb128 0xc
 533 01a0 F3010000 		.4byte	.LASF33
 534 01a4 03       		.byte	0x3
 535 01a5 7E02     		.2byte	0x27e
 536 01a7 29010000 		.4byte	0x129
ARM GAS  C:\Users\Reza\AppData\Local\Temp\cc7iAmWv.s 			page 11


 537 01ab 00       		.byte	0
 538 01ac 0C       		.uleb128 0xc
 539 01ad CE050000 		.4byte	.LASF34
 540 01b1 03       		.byte	0x3
 541 01b2 7F02     		.2byte	0x27f
 542 01b4 35010000 		.4byte	0x135
 543 01b8 04       		.byte	0x4
 544 01b9 00       		.byte	0
 545 01ba 0A       		.uleb128 0xa
 546 01bb 73010000 		.4byte	.LASF35
 547 01bf 03       		.byte	0x3
 548 01c0 8002     		.2byte	0x280
 549 01c2 96010000 		.4byte	0x196
 550 01c6 0D       		.uleb128 0xd
 551 01c7 01       		.byte	0x1
 552 01c8 24000000 		.4byte	0x24
 553 01cc 03       		.byte	0x3
 554 01cd 8A02     		.2byte	0x28a
 555 01cf E0010000 		.4byte	0x1e0
 556 01d3 0E       		.uleb128 0xe
 557 01d4 67040000 		.4byte	.LASF36
 558 01d8 00       		.byte	0
 559 01d9 0E       		.uleb128 0xe
 560 01da 30040000 		.4byte	.LASF37
 561 01de 01       		.byte	0x1
 562 01df 00       		.byte	0
 563 01e0 0A       		.uleb128 0xa
 564 01e1 9E020000 		.4byte	.LASF38
 565 01e5 03       		.byte	0x3
 566 01e6 8D02     		.2byte	0x28d
 567 01e8 C6010000 		.4byte	0x1c6
 568 01ec 0A       		.uleb128 0xa
 569 01ed CA020000 		.4byte	.LASF39
 570 01f1 03       		.byte	0x3
 571 01f2 9002     		.2byte	0x290
 572 01f4 E0010000 		.4byte	0x1e0
 573 01f8 0B       		.uleb128 0xb
 574 01f9 0C       		.byte	0xc
 575 01fa 03       		.byte	0x3
 576 01fb 9402     		.2byte	0x294
 577 01fd 27020000 		.4byte	0x227
 578 0201 0F       		.uleb128 0xf
 579 0202 6300     		.ascii	"c\000"
 580 0204 03       		.byte	0x3
 581 0205 9602     		.2byte	0x296
 582 0207 4D010000 		.4byte	0x14d
 583 020b 00       		.byte	0
 584 020c 0C       		.uleb128 0xc
 585 020d 2B060000 		.4byte	.LASF40
 586 0211 03       		.byte	0x3
 587 0212 9802     		.2byte	0x298
 588 0214 35010000 		.4byte	0x135
 589 0218 04       		.byte	0x4
 590 0219 0C       		.uleb128 0xc
 591 021a 6E020000 		.4byte	.LASF41
 592 021e 03       		.byte	0x3
 593 021f 9A02     		.2byte	0x29a
ARM GAS  C:\Users\Reza\AppData\Local\Temp\cc7iAmWv.s 			page 12


 594 0221 EC010000 		.4byte	0x1ec
 595 0225 08       		.byte	0x8
 596 0226 00       		.byte	0
 597 0227 0A       		.uleb128 0xa
 598 0228 7B000000 		.4byte	.LASF42
 599 022c 03       		.byte	0x3
 600 022d 9B02     		.2byte	0x29b
 601 022f F8010000 		.4byte	0x1f8
 602 0233 0B       		.uleb128 0xb
 603 0234 10       		.byte	0x10
 604 0235 03       		.byte	0x3
 605 0236 9F02     		.2byte	0x29f
 606 0238 71020000 		.4byte	0x271
 607 023c 0C       		.uleb128 0xc
 608 023d DE030000 		.4byte	.LASF43
 609 0241 03       		.byte	0x3
 610 0242 A002     		.2byte	0x2a0
 611 0244 D6000000 		.4byte	0xd6
 612 0248 00       		.byte	0
 613 0249 0C       		.uleb128 0xc
 614 024a 41070000 		.4byte	.LASF44
 615 024e 03       		.byte	0x3
 616 024f A102     		.2byte	0x2a1
 617 0251 29010000 		.4byte	0x129
 618 0255 04       		.byte	0x4
 619 0256 0C       		.uleb128 0xc
 620 0257 75000000 		.4byte	.LASF45
 621 025b 03       		.byte	0x3
 622 025c A202     		.2byte	0x2a2
 623 025e 29010000 		.4byte	0x129
 624 0262 08       		.byte	0x8
 625 0263 0C       		.uleb128 0xc
 626 0264 00000000 		.4byte	.LASF46
 627 0268 03       		.byte	0x3
 628 0269 A302     		.2byte	0x2a3
 629 026b 35010000 		.4byte	0x135
 630 026f 0C       		.byte	0xc
 631 0270 00       		.byte	0
 632 0271 0A       		.uleb128 0xa
 633 0272 E3030000 		.4byte	.LASF47
 634 0276 03       		.byte	0x3
 635 0277 A402     		.2byte	0x2a4
 636 0279 33020000 		.4byte	0x233
 637 027d 0D       		.uleb128 0xd
 638 027e 01       		.byte	0x1
 639 027f 24000000 		.4byte	0x24
 640 0283 03       		.byte	0x3
 641 0284 A702     		.2byte	0x2a7
 642 0286 A3020000 		.4byte	0x2a3
 643 028a 0E       		.uleb128 0xe
 644 028b EB050000 		.4byte	.LASF48
 645 028f 00       		.byte	0
 646 0290 0E       		.uleb128 0xe
 647 0291 33060000 		.4byte	.LASF49
 648 0295 01       		.byte	0x1
 649 0296 0E       		.uleb128 0xe
 650 0297 0A060000 		.4byte	.LASF50
ARM GAS  C:\Users\Reza\AppData\Local\Temp\cc7iAmWv.s 			page 13


 651 029b 02       		.byte	0x2
 652 029c 0E       		.uleb128 0xe
 653 029d AD050000 		.4byte	.LASF51
 654 02a1 03       		.byte	0x3
 655 02a2 00       		.byte	0
 656 02a3 0A       		.uleb128 0xa
 657 02a4 1B010000 		.4byte	.LASF52
 658 02a8 03       		.byte	0x3
 659 02a9 AC02     		.2byte	0x2ac
 660 02ab 7D020000 		.4byte	0x27d
 661 02af 0A       		.uleb128 0xa
 662 02b0 8F060000 		.4byte	.LASF53
 663 02b4 03       		.byte	0x3
 664 02b5 AF02     		.2byte	0x2af
 665 02b7 A3020000 		.4byte	0x2a3
 666 02bb 0B       		.uleb128 0xb
 667 02bc 14       		.byte	0x14
 668 02bd 03       		.byte	0x3
 669 02be B202     		.2byte	0x2b2
 670 02c0 04030000 		.4byte	0x304
 671 02c4 0C       		.uleb128 0xc
 672 02c5 65060000 		.4byte	.LASF54
 673 02c9 03       		.byte	0x3
 674 02ca B302     		.2byte	0x2b3
 675 02cc AF020000 		.4byte	0x2af
 676 02d0 00       		.byte	0
 677 02d1 0C       		.uleb128 0xc
 678 02d2 92030000 		.4byte	.LASF55
 679 02d6 03       		.byte	0x3
 680 02d7 B402     		.2byte	0x2b4
 681 02d9 11010000 		.4byte	0x111
 682 02dd 04       		.byte	0x4
 683 02de 0C       		.uleb128 0xc
 684 02df 6F050000 		.4byte	.LASF56
 685 02e3 03       		.byte	0x3
 686 02e4 B602     		.2byte	0x2b6
 687 02e6 1D010000 		.4byte	0x11d
 688 02ea 08       		.byte	0x8
 689 02eb 0F       		.uleb128 0xf
 690 02ec 6600     		.ascii	"f\000"
 691 02ee 03       		.byte	0x3
 692 02ef B802     		.2byte	0x2b8
 693 02f1 9F000000 		.4byte	0x9f
 694 02f5 0C       		.byte	0xc
 695 02f6 0C       		.uleb128 0xc
 696 02f7 95040000 		.4byte	.LASF57
 697 02fb 03       		.byte	0x3
 698 02fc BA02     		.2byte	0x2ba
 699 02fe 4D010000 		.4byte	0x14d
 700 0302 10       		.byte	0x10
 701 0303 00       		.byte	0
 702 0304 0A       		.uleb128 0xa
 703 0305 10040000 		.4byte	.LASF58
 704 0309 03       		.byte	0x3
 705 030a BB02     		.2byte	0x2bb
 706 030c BB020000 		.4byte	0x2bb
 707 0310 0B       		.uleb128 0xb
ARM GAS  C:\Users\Reza\AppData\Local\Temp\cc7iAmWv.s 			page 14


 708 0311 04       		.byte	0x4
 709 0312 03       		.byte	0x3
 710 0313 BD02     		.2byte	0x2bd
 711 0315 27030000 		.4byte	0x327
 712 0319 0C       		.uleb128 0xc
 713 031a 54030000 		.4byte	.LASF59
 714 031e 03       		.byte	0x3
 715 031f BF02     		.2byte	0x2bf
 716 0321 41010000 		.4byte	0x141
 717 0325 00       		.byte	0
 718 0326 00       		.byte	0
 719 0327 0A       		.uleb128 0xa
 720 0328 0E020000 		.4byte	.LASF60
 721 032c 03       		.byte	0x3
 722 032d C402     		.2byte	0x2c4
 723 032f 10030000 		.4byte	0x310
 724 0333 10       		.uleb128 0x10
 725 0334 54020000 		.4byte	.LASF62
 726 0338 08       		.byte	0x8
 727 0339 03       		.byte	0x3
 728 033a 0E04     		.2byte	0x40e
 729 033c 5A030000 		.4byte	0x35a
 730 0340 0F       		.uleb128 0xf
 731 0341 6E7400   		.ascii	"nt\000"
 732 0344 03       		.byte	0x3
 733 0345 0F04     		.2byte	0x40f
 734 0347 B5000000 		.4byte	0xb5
 735 034b 00       		.byte	0
 736 034c 0C       		.uleb128 0xc
 737 034d 71060000 		.4byte	.LASF63
 738 0351 03       		.byte	0x3
 739 0352 1004     		.2byte	0x410
 740 0354 6A030000 		.4byte	0x36a
 741 0358 04       		.byte	0x4
 742 0359 00       		.byte	0
 743 035a 11       		.uleb128 0x11
 744 035b 65030000 		.4byte	0x365
 745 035f 65030000 		.4byte	0x365
 746 0363 12       		.uleb128 0x12
 747 0364 00       		.byte	0
 748 0365 13       		.uleb128 0x13
 749 0366 E1000000 		.4byte	0xe1
 750 036a 06       		.uleb128 0x6
 751 036b 04       		.byte	0x4
 752 036c 5A030000 		.4byte	0x35a
 753 0370 11       		.uleb128 0x11
 754 0371 65030000 		.4byte	0x365
 755 0375 80030000 		.4byte	0x380
 756 0379 14       		.uleb128 0x14
 757 037a 80030000 		.4byte	0x380
 758 037e 00       		.byte	0
 759 037f 00       		.byte	0
 760 0380 02       		.uleb128 0x2
 761 0381 04       		.byte	0x4
 762 0382 07       		.byte	0x7
 763 0383 9E030000 		.4byte	.LASF64
 764 0387 15       		.uleb128 0x15
ARM GAS  C:\Users\Reza\AppData\Local\Temp\cc7iAmWv.s 			page 15


 765 0388 CA000000 		.4byte	.LASF115
 766 038c 05       		.byte	0x5
 767 038d 6507     		.2byte	0x765
 768 038f 99030000 		.4byte	0x399
 769 0393 05       		.uleb128 0x5
 770 0394 03       		.byte	0x3
 771 0395 08000000 		.4byte	EE_oo_autostart_task_mode_OSDEFAULTAPPMODE
 772 0399 13       		.uleb128 0x13
 773 039a 70030000 		.4byte	0x370
 774 039e 11       		.uleb128 0x11
 775 039f AE030000 		.4byte	0x3ae
 776 03a3 AE030000 		.4byte	0x3ae
 777 03a7 14       		.uleb128 0x14
 778 03a8 80030000 		.4byte	0x380
 779 03ac 03       		.byte	0x3
 780 03ad 00       		.byte	0
 781 03ae 13       		.uleb128 0x13
 782 03af AA000000 		.4byte	0xaa
 783 03b3 16       		.uleb128 0x16
 784 03b4 43060000 		.4byte	.LASF65
 785 03b8 05       		.byte	0x5
 786 03b9 D2       		.byte	0xd2
 787 03ba C4030000 		.4byte	0x3c4
 788 03be 05       		.uleb128 0x5
 789 03bf 03       		.byte	0x3
 790 03c0 00000000 		.4byte	EE_hal_thread_body
 791 03c4 13       		.uleb128 0x13
 792 03c5 9E030000 		.4byte	0x39e
 793 03c9 11       		.uleb128 0x11
 794 03ca D9030000 		.4byte	0x3d9
 795 03ce D9030000 		.4byte	0x3d9
 796 03d2 14       		.uleb128 0x14
 797 03d3 80030000 		.4byte	0x380
 798 03d7 04       		.byte	0x4
 799 03d8 00       		.byte	0
 800 03d9 13       		.uleb128 0x13
 801 03da B5000000 		.4byte	0xb5
 802 03de 16       		.uleb128 0x16
 803 03df 9B050000 		.4byte	.LASF66
 804 03e3 05       		.byte	0x5
 805 03e4 71       		.byte	0x71
 806 03e5 EF030000 		.4byte	0x3ef
 807 03e9 05       		.uleb128 0x5
 808 03ea 03       		.byte	0x3
 809 03eb 00000000 		.4byte	EE_std_thread_tos
 810 03ef 13       		.uleb128 0x13
 811 03f0 C9030000 		.4byte	0x3c9
 812 03f4 11       		.uleb128 0x11
 813 03f5 80000000 		.4byte	0x80
 814 03f9 04040000 		.4byte	0x404
 815 03fd 14       		.uleb128 0x14
 816 03fe 80030000 		.4byte	0x380
 817 0402 03       		.byte	0x3
 818 0403 00       		.byte	0
 819 0404 16       		.uleb128 0x16
 820 0405 F3060000 		.4byte	.LASF67
 821 0409 05       		.byte	0x5
ARM GAS  C:\Users\Reza\AppData\Local\Temp\cc7iAmWv.s 			page 16


 822 040a ED       		.byte	0xed
 823 040b F4030000 		.4byte	0x3f4
 824 040f 05       		.uleb128 0x5
 825 0410 03       		.byte	0x3
 826 0411 00000000 		.4byte	EE_terminate_data
 827 0415 16       		.uleb128 0x16
 828 0416 7B040000 		.4byte	.LASF68
 829 041a 05       		.byte	0x5
 830 041b F0       		.byte	0xf0
 831 041c 26040000 		.4byte	0x426
 832 0420 05       		.uleb128 0x5
 833 0421 03       		.byte	0x3
 834 0422 00000000 		.4byte	EE_terminate_real_th_body
 835 0426 13       		.uleb128 0x13
 836 0427 9E030000 		.4byte	0x39e
 837 042b 11       		.uleb128 0x11
 838 042c EC000000 		.4byte	0xec
 839 0430 3B040000 		.4byte	0x43b
 840 0434 14       		.uleb128 0x14
 841 0435 80030000 		.4byte	0x380
 842 0439 01       		.byte	0x1
 843 043a 00       		.byte	0
 844 043b 16       		.uleb128 0x16
 845 043c 41040000 		.4byte	.LASF69
 846 0440 05       		.byte	0x5
 847 0441 8D       		.byte	0x8d
 848 0442 2B040000 		.4byte	0x42b
 849 0446 05       		.uleb128 0x5
 850 0447 03       		.byte	0x3
 851 0448 00000000 		.4byte	EE_cortex_mx_system_tos
 852 044c 16       		.uleb128 0x16
 853 044d 5B010000 		.4byte	.LASF70
 854 0451 05       		.byte	0x5
 855 0452 A9       		.byte	0xa9
 856 0453 B5000000 		.4byte	0xb5
 857 0457 05       		.uleb128 0x5
 858 0458 03       		.byte	0x3
 859 0459 00000000 		.4byte	EE_cortex_mx_active_tos
 860 045d 11       		.uleb128 0x11
 861 045e D9030000 		.4byte	0x3d9
 862 0462 6D040000 		.4byte	0x46d
 863 0466 14       		.uleb128 0x14
 864 0467 80030000 		.4byte	0x380
 865 046b 03       		.byte	0x3
 866 046c 00       		.byte	0
 867 046d 17       		.uleb128 0x17
 868 046e FA050000 		.4byte	.LASF71
 869 0472 05       		.byte	0x5
 870 0473 E202     		.2byte	0x2e2
 871 0475 7F040000 		.4byte	0x47f
 872 0479 05       		.uleb128 0x5
 873 047a 03       		.byte	0x3
 874 047b 00000000 		.4byte	EE_th_rnact_max
 875 047f 13       		.uleb128 0x13
 876 0480 5D040000 		.4byte	0x45d
 877 0484 17       		.uleb128 0x17
 878 0485 9E060000 		.4byte	.LASF72
ARM GAS  C:\Users\Reza\AppData\Local\Temp\cc7iAmWv.s 			page 17


 879 0489 05       		.byte	0x5
 880 048a 0C01     		.2byte	0x10c
 881 048c 96040000 		.4byte	0x496
 882 0490 05       		.uleb128 0x5
 883 0491 03       		.byte	0x3
 884 0492 00000000 		.4byte	EE_th_ready_prio
 885 0496 13       		.uleb128 0x13
 886 0497 5D040000 		.4byte	0x45d
 887 049b 17       		.uleb128 0x17
 888 049c E0020000 		.4byte	.LASF73
 889 04a0 05       		.byte	0x5
 890 04a1 4502     		.2byte	0x245
 891 04a3 AD040000 		.4byte	0x4ad
 892 04a7 05       		.uleb128 0x5
 893 04a8 03       		.byte	0x3
 894 04a9 00000000 		.4byte	EE_th_dispatch_prio
 895 04ad 13       		.uleb128 0x13
 896 04ae 5D040000 		.4byte	0x45d
 897 04b2 11       		.uleb128 0x11
 898 04b3 C2040000 		.4byte	0x4c2
 899 04b7 C2040000 		.4byte	0x4c2
 900 04bb 14       		.uleb128 0x14
 901 04bc 80030000 		.4byte	0x380
 902 04c0 03       		.byte	0x3
 903 04c1 00       		.byte	0
 904 04c2 06       		.uleb128 0x6
 905 04c3 04       		.byte	0x4
 906 04c4 CF040000 		.4byte	0x4cf
 907 04c8 02       		.uleb128 0x2
 908 04c9 01       		.byte	0x1
 909 04ca 08       		.byte	0x8
 910 04cb E6050000 		.4byte	.LASF74
 911 04cf 13       		.uleb128 0x13
 912 04d0 C8040000 		.4byte	0x4c8
 913 04d4 17       		.uleb128 0x17
 914 04d5 BD040000 		.4byte	.LASF75
 915 04d9 05       		.byte	0x5
 916 04da 2801     		.2byte	0x128
 917 04dc B2040000 		.4byte	0x4b2
 918 04e0 05       		.uleb128 0x5
 919 04e1 03       		.byte	0x3
 920 04e2 00000000 		.4byte	EE_TASK_NAME
 921 04e6 11       		.uleb128 0x11
 922 04e7 C2040000 		.4byte	0x4c2
 923 04eb F6040000 		.4byte	0x4f6
 924 04ef 14       		.uleb128 0x14
 925 04f0 80030000 		.4byte	0x380
 926 04f4 01       		.byte	0x1
 927 04f5 00       		.byte	0
 928 04f6 17       		.uleb128 0x17
 929 04f7 40010000 		.4byte	.LASF76
 930 04fb 05       		.byte	0x5
 931 04fc 8101     		.2byte	0x181
 932 04fe E6040000 		.4byte	0x4e6
 933 0502 05       		.uleb128 0x5
 934 0503 03       		.byte	0x3
 935 0504 00000000 		.4byte	EE_EVENT_NAME
ARM GAS  C:\Users\Reza\AppData\Local\Temp\cc7iAmWv.s 			page 18


 936 0508 11       		.uleb128 0x11
 937 0509 C2040000 		.4byte	0x4c2
 938 050d 18050000 		.4byte	0x518
 939 0511 14       		.uleb128 0x14
 940 0512 80030000 		.4byte	0x380
 941 0516 00       		.byte	0
 942 0517 00       		.byte	0
 943 0518 17       		.uleb128 0x17
 944 0519 23020000 		.4byte	.LASF77
 945 051d 05       		.byte	0x5
 946 051e 3D06     		.2byte	0x63d
 947 0520 08050000 		.4byte	0x508
 948 0524 05       		.uleb128 0x5
 949 0525 03       		.byte	0x3
 950 0526 00000000 		.4byte	EE_ALARM_NAME
 951 052a 11       		.uleb128 0x11
 952 052b 3A050000 		.4byte	0x53a
 953 052f 3A050000 		.4byte	0x53a
 954 0533 14       		.uleb128 0x14
 955 0534 80030000 		.4byte	0x380
 956 0538 01       		.byte	0x1
 957 0539 00       		.byte	0
 958 053a 13       		.uleb128 0x13
 959 053b 40000000 		.4byte	0x40
 960 053f 17       		.uleb128 0x17
 961 0540 8A010000 		.4byte	.LASF78
 962 0544 05       		.byte	0x5
 963 0545 E201     		.2byte	0x1e2
 964 0547 51050000 		.4byte	0x551
 965 054b 05       		.uleb128 0x5
 966 054c 03       		.byte	0x3
 967 054d 00000000 		.4byte	EE_EVENT_ID
 968 0551 13       		.uleb128 0x13
 969 0552 2A050000 		.4byte	0x52a
 970 0556 11       		.uleb128 0x11
 971 0557 3A050000 		.4byte	0x53a
 972 055b 66050000 		.4byte	0x566
 973 055f 14       		.uleb128 0x14
 974 0560 80030000 		.4byte	0x380
 975 0564 00       		.byte	0
 976 0565 00       		.byte	0
 977 0566 17       		.uleb128 0x17
 978 0567 F5000000 		.4byte	.LASF79
 979 056b 05       		.byte	0x5
 980 056c 5906     		.2byte	0x659
 981 056e 78050000 		.4byte	0x578
 982 0572 05       		.uleb128 0x5
 983 0573 03       		.byte	0x3
 984 0574 00000000 		.4byte	EE_ALARM_ID
 985 0578 13       		.uleb128 0x13
 986 0579 56050000 		.4byte	0x556
 987 057d 11       		.uleb128 0x11
 988 057e B5000000 		.4byte	0xb5
 989 0582 8D050000 		.4byte	0x58d
 990 0586 14       		.uleb128 0x14
 991 0587 80030000 		.4byte	0x380
 992 058b 03       		.byte	0x3
ARM GAS  C:\Users\Reza\AppData\Local\Temp\cc7iAmWv.s 			page 19


 993 058c 00       		.byte	0
 994 058d 17       		.uleb128 0x17
 995 058e BD020000 		.4byte	.LASF80
 996 0592 05       		.byte	0x5
 997 0593 8102     		.2byte	0x281
 998 0595 7D050000 		.4byte	0x57d
 999 0599 05       		.uleb128 0x5
 1000 059a 03       		.byte	0x3
 1001 059b 00000000 		.4byte	EE_th_status
 1002 059f 11       		.uleb128 0x11
 1003 05a0 E1000000 		.4byte	0xe1
 1004 05a4 AF050000 		.4byte	0x5af
 1005 05a8 14       		.uleb128 0x14
 1006 05a9 80030000 		.4byte	0x380
 1007 05ad 03       		.byte	0x3
 1008 05ae 00       		.byte	0
 1009 05af 17       		.uleb128 0x17
 1010 05b0 70040000 		.4byte	.LASF81
 1011 05b4 05       		.byte	0x5
 1012 05b5 9D02     		.2byte	0x29d
 1013 05b7 9F050000 		.4byte	0x59f
 1014 05bb 05       		.uleb128 0x5
 1015 05bc 03       		.byte	0x3
 1016 05bd 00000000 		.4byte	EE_th_next
 1017 05c1 17       		.uleb128 0x17
 1018 05c2 AF060000 		.4byte	.LASF82
 1019 05c6 05       		.byte	0x5
 1020 05c7 C702     		.2byte	0x2c7
 1021 05c9 7D050000 		.4byte	0x57d
 1022 05cd 05       		.uleb128 0x5
 1023 05ce 03       		.byte	0x3
 1024 05cf 00000000 		.4byte	EE_th_rnact
 1025 05d3 17       		.uleb128 0x17
 1026 05d4 05000000 		.4byte	.LASF83
 1027 05d8 05       		.byte	0x5
 1028 05d9 7703     		.2byte	0x377
 1029 05db 9F050000 		.4byte	0x59f
 1030 05df 05       		.uleb128 0x5
 1031 05e0 03       		.byte	0x3
 1032 05e1 00000000 		.4byte	EE_th_terminate_nextask
 1033 05e5 17       		.uleb128 0x17
 1034 05e6 26000000 		.4byte	.LASF84
 1035 05ea 05       		.byte	0x5
 1036 05eb B902     		.2byte	0x2b9
 1037 05ed E1000000 		.4byte	0xe1
 1038 05f1 05       		.uleb128 0x5
 1039 05f2 03       		.byte	0x3
 1040 05f3 00000000 		.4byte	EE_stkfirst
 1041 05f7 17       		.uleb128 0x17
 1042 05f8 56060000 		.4byte	.LASF85
 1043 05fc 05       		.byte	0x5
 1044 05fd BC02     		.2byte	0x2bc
 1045 05ff B5000000 		.4byte	0xb5
 1046 0603 05       		.uleb128 0x5
 1047 0604 03       		.byte	0x3
 1048 0605 00000000 		.4byte	EE_sys_ceiling
 1049 0609 17       		.uleb128 0x17
ARM GAS  C:\Users\Reza\AppData\Local\Temp\cc7iAmWv.s 			page 20


 1050 060a BE030000 		.4byte	.LASF86
 1051 060e 05       		.byte	0x5
 1052 060f FD02     		.2byte	0x2fd
 1053 0611 7D050000 		.4byte	0x57d
 1054 0615 05       		.uleb128 0x5
 1055 0616 03       		.byte	0x3
 1056 0617 00000000 		.4byte	EE_rq_link
 1057 061b 11       		.uleb128 0x11
 1058 061c C0000000 		.4byte	0xc0
 1059 0620 2B060000 		.4byte	0x62b
 1060 0624 14       		.uleb128 0x14
 1061 0625 80030000 		.4byte	0x380
 1062 0629 0F       		.byte	0xf
 1063 062a 00       		.byte	0
 1064 062b 17       		.uleb128 0x17
 1065 062c 9F010000 		.4byte	.LASF87
 1066 0630 05       		.byte	0x5
 1067 0631 BF02     		.2byte	0x2bf
 1068 0633 1B060000 		.4byte	0x61b
 1069 0637 05       		.uleb128 0x5
 1070 0638 03       		.byte	0x3
 1071 0639 00000000 		.4byte	EE_rq_queues_head
 1072 063d 17       		.uleb128 0x17
 1073 063e 89050000 		.4byte	.LASF88
 1074 0642 05       		.byte	0x5
 1075 0643 C102     		.2byte	0x2c1
 1076 0645 1B060000 		.4byte	0x61b
 1077 0649 05       		.uleb128 0x5
 1078 064a 03       		.byte	0x3
 1079 064b 00000000 		.4byte	EE_rq_queues_tail
 1080 064f 11       		.uleb128 0x11
 1081 0650 C0000000 		.4byte	0xc0
 1082 0654 5F060000 		.4byte	0x65f
 1083 0658 14       		.uleb128 0x14
 1084 0659 80030000 		.4byte	0x380
 1085 065d 03       		.byte	0x3
 1086 065e 00       		.byte	0
 1087 065f 17       		.uleb128 0x17
 1088 0660 99000000 		.4byte	.LASF89
 1089 0664 05       		.byte	0x5
 1090 0665 1B03     		.2byte	0x31b
 1091 0667 4F060000 		.4byte	0x64f
 1092 066b 05       		.uleb128 0x5
 1093 066c 03       		.byte	0x3
 1094 066d 00000000 		.4byte	EE_rq_pairs_next
 1095 0671 17       		.uleb128 0x17
 1096 0672 BB060000 		.4byte	.LASF90
 1097 0676 05       		.byte	0x5
 1098 0677 7003     		.2byte	0x370
 1099 0679 9F050000 		.4byte	0x59f
 1100 067d 05       		.uleb128 0x5
 1101 067e 03       		.byte	0x3
 1102 067f 00000000 		.4byte	EE_rq_pairs_tid
 1103 0683 17       		.uleb128 0x17
 1104 0684 C0050000 		.4byte	.LASF91
 1105 0688 05       		.byte	0x5
 1106 0689 C402     		.2byte	0x2c4
ARM GAS  C:\Users\Reza\AppData\Local\Temp\cc7iAmWv.s 			page 21


 1107 068b 05010000 		.4byte	0x105
 1108 068f 05       		.uleb128 0x5
 1109 0690 03       		.byte	0x3
 1110 0691 00000000 		.4byte	EE_rq_bitmask
 1111 0695 17       		.uleb128 0x17
 1112 0696 B3030000 		.4byte	.LASF92
 1113 069a 05       		.byte	0x5
 1114 069b 7303     		.2byte	0x373
 1115 069d C0000000 		.4byte	0xc0
 1116 06a1 05       		.uleb128 0x5
 1117 06a2 03       		.byte	0x3
 1118 06a3 00000000 		.4byte	EE_rq_free
 1119 06a7 17       		.uleb128 0x17
 1120 06a8 2E070000 		.4byte	.LASF93
 1121 06ac 05       		.byte	0x5
 1122 06ad 9A03     		.2byte	0x39a
 1123 06af 7D050000 		.4byte	0x57d
 1124 06b3 05       		.uleb128 0x5
 1125 06b4 03       		.byte	0x3
 1126 06b5 00000000 		.4byte	EE_th_event_active
 1127 06b9 17       		.uleb128 0x17
 1128 06ba A8040000 		.4byte	.LASF94
 1129 06be 05       		.byte	0x5
 1130 06bf B603     		.2byte	0x3b6
 1131 06c1 7D050000 		.4byte	0x57d
 1132 06c5 05       		.uleb128 0x5
 1133 06c6 03       		.byte	0x3
 1134 06c7 00000000 		.4byte	EE_th_event_waitmask
 1135 06cb 11       		.uleb128 0x11
 1136 06cc D6000000 		.4byte	0xd6
 1137 06d0 DB060000 		.4byte	0x6db
 1138 06d4 14       		.uleb128 0x14
 1139 06d5 80030000 		.4byte	0x380
 1140 06d9 03       		.byte	0x3
 1141 06da 00       		.byte	0
 1142 06db 17       		.uleb128 0x17
 1143 06dc 43020000 		.4byte	.LASF95
 1144 06e0 05       		.byte	0x5
 1145 06e1 D203     		.2byte	0x3d2
 1146 06e3 CB060000 		.4byte	0x6cb
 1147 06e7 05       		.uleb128 0x5
 1148 06e8 03       		.byte	0x3
 1149 06e9 00000000 		.4byte	EE_th_waswaiting
 1150 06ed 17       		.uleb128 0x17
 1151 06ee CC070000 		.4byte	.LASF96
 1152 06f2 05       		.byte	0x5
 1153 06f3 EE03     		.2byte	0x3ee
 1154 06f5 FF060000 		.4byte	0x6ff
 1155 06f9 05       		.uleb128 0x5
 1156 06fa 03       		.byte	0x3
 1157 06fb 00000000 		.4byte	EE_th_is_extended
 1158 06ff 13       		.uleb128 0x13
 1159 0700 5D040000 		.4byte	0x45d
 1160 0704 11       		.uleb128 0x11
 1161 0705 14070000 		.4byte	0x714
 1162 0709 14070000 		.4byte	0x714
 1163 070d 14       		.uleb128 0x14
ARM GAS  C:\Users\Reza\AppData\Local\Temp\cc7iAmWv.s 			page 22


 1164 070e 80030000 		.4byte	0x380
 1165 0712 00       		.byte	0
 1166 0713 00       		.byte	0
 1167 0714 13       		.uleb128 0x13
 1168 0715 8A010000 		.4byte	0x18a
 1169 0719 17       		.uleb128 0x17
 1170 071a 01040000 		.4byte	.LASF97
 1171 071e 05       		.byte	0x5
 1172 071f FF05     		.2byte	0x5ff
 1173 0721 2B070000 		.4byte	0x72b
 1174 0725 05       		.uleb128 0x5
 1175 0726 03       		.byte	0x3
 1176 0727 00000000 		.4byte	EE_counter_ROM
 1177 072b 13       		.uleb128 0x13
 1178 072c 04070000 		.4byte	0x704
 1179 0730 11       		.uleb128 0x11
 1180 0731 40070000 		.4byte	0x740
 1181 0735 40070000 		.4byte	0x740
 1182 0739 14       		.uleb128 0x14
 1183 073a 80030000 		.4byte	0x380
 1184 073e 00       		.byte	0
 1185 073f 00       		.byte	0
 1186 0740 13       		.uleb128 0x13
 1187 0741 27020000 		.4byte	0x227
 1188 0745 17       		.uleb128 0x17
 1189 0746 3B030000 		.4byte	.LASF98
 1190 074a 05       		.byte	0x5
 1191 074b 9606     		.2byte	0x696
 1192 074d 57070000 		.4byte	0x757
 1193 0751 05       		.uleb128 0x5
 1194 0752 03       		.byte	0x3
 1195 0753 00000000 		.4byte	EE_oo_counter_object_ROM
 1196 0757 13       		.uleb128 0x13
 1197 0758 30070000 		.4byte	0x730
 1198 075c 11       		.uleb128 0x11
 1199 075d 6C070000 		.4byte	0x76c
 1200 0761 6C070000 		.4byte	0x76c
 1201 0765 14       		.uleb128 0x14
 1202 0766 80030000 		.4byte	0x380
 1203 076a 00       		.byte	0
 1204 076b 00       		.byte	0
 1205 076c 13       		.uleb128 0x13
 1206 076d 04030000 		.4byte	0x304
 1207 0771 17       		.uleb128 0x17
 1208 0772 71030000 		.4byte	.LASF99
 1209 0776 05       		.byte	0x5
 1210 0777 BA06     		.2byte	0x6ba
 1211 0779 83070000 		.4byte	0x783
 1212 077d 05       		.uleb128 0x5
 1213 077e 03       		.byte	0x3
 1214 077f 00000000 		.4byte	EE_oo_action_ROM
 1215 0783 13       		.uleb128 0x13
 1216 0784 5C070000 		.4byte	0x75c
 1217 0788 11       		.uleb128 0x11
 1218 0789 98070000 		.4byte	0x798
 1219 078d 98070000 		.4byte	0x798
 1220 0791 14       		.uleb128 0x14
ARM GAS  C:\Users\Reza\AppData\Local\Temp\cc7iAmWv.s 			page 23


 1221 0792 80030000 		.4byte	0x380
 1222 0796 00       		.byte	0
 1223 0797 00       		.byte	0
 1224 0798 13       		.uleb128 0x13
 1225 0799 27030000 		.4byte	0x327
 1226 079d 17       		.uleb128 0x17
 1227 079e 4E010000 		.4byte	.LASF100
 1228 07a2 05       		.byte	0x5
 1229 07a3 2006     		.2byte	0x620
 1230 07a5 AF070000 		.4byte	0x7af
 1231 07a9 05       		.uleb128 0x5
 1232 07aa 03       		.byte	0x3
 1233 07ab 00000000 		.4byte	EE_alarm_ROM
 1234 07af 13       		.uleb128 0x13
 1235 07b0 88070000 		.4byte	0x788
 1236 07b4 11       		.uleb128 0x11
 1237 07b5 BA010000 		.4byte	0x1ba
 1238 07b9 C4070000 		.4byte	0x7c4
 1239 07bd 14       		.uleb128 0x14
 1240 07be 80030000 		.4byte	0x380
 1241 07c2 00       		.byte	0
 1242 07c3 00       		.byte	0
 1243 07c4 17       		.uleb128 0x17
 1244 07c5 1C060000 		.4byte	.LASF101
 1245 07c9 05       		.byte	0x5
 1246 07ca 0C06     		.2byte	0x60c
 1247 07cc B4070000 		.4byte	0x7b4
 1248 07d0 05       		.uleb128 0x5
 1249 07d1 03       		.byte	0x3
 1250 07d2 00000000 		.4byte	EE_counter_RAM
 1251 07d6 11       		.uleb128 0x11
 1252 07d7 71020000 		.4byte	0x271
 1253 07db E6070000 		.4byte	0x7e6
 1254 07df 14       		.uleb128 0x14
 1255 07e0 80030000 		.4byte	0x380
 1256 07e4 00       		.byte	0
 1257 07e5 00       		.byte	0
 1258 07e6 17       		.uleb128 0x17
 1259 07e7 76060000 		.4byte	.LASF102
 1260 07eb 05       		.byte	0x5
 1261 07ec B106     		.2byte	0x6b1
 1262 07ee D6070000 		.4byte	0x7d6
 1263 07f2 05       		.uleb128 0x5
 1264 07f3 03       		.byte	0x3
 1265 07f4 00000000 		.4byte	EE_oo_counter_object_RAM
 1266 07f8 11       		.uleb128 0x11
 1267 07f9 08080000 		.4byte	0x808
 1268 07fd 08080000 		.4byte	0x808
 1269 0801 14       		.uleb128 0x14
 1270 0802 80030000 		.4byte	0x380
 1271 0806 00       		.byte	0
 1272 0807 00       		.byte	0
 1273 0808 13       		.uleb128 0x13
 1274 0809 33030000 		.4byte	0x333
 1275 080d 17       		.uleb128 0x17
 1276 080e E6070000 		.4byte	.LASF103
 1277 0812 05       		.byte	0x5
ARM GAS  C:\Users\Reza\AppData\Local\Temp\cc7iAmWv.s 			page 24


 1278 0813 9607     		.2byte	0x796
 1279 0815 1F080000 		.4byte	0x81f
 1280 0819 05       		.uleb128 0x5
 1281 081a 03       		.byte	0x3
 1282 081b 00000000 		.4byte	EE_oo_autostart_task_data
 1283 081f 13       		.uleb128 0x13
 1284 0820 F8070000 		.4byte	0x7f8
 1285 0824 18       		.uleb128 0x18
 1286 0825 86020000 		.4byte	.LASF104
 1287 0829 06       		.byte	0x6
 1288 082a 40       		.byte	0x40
 1289 082b B5000000 		.4byte	0xb5
 1290 082f 18       		.uleb128 0x18
 1291 0830 B1010000 		.4byte	.LASF105
 1292 0834 06       		.byte	0x6
 1293 0835 47       		.byte	0x47
 1294 0836 CB000000 		.4byte	0xcb
 1295 083a 17       		.uleb128 0x17
 1296 083b 5E030000 		.4byte	.LASF106
 1297 083f 05       		.byte	0x5
 1298 0840 5C07     		.2byte	0x75c
 1299 0842 B5000000 		.4byte	0xb5
 1300 0846 05       		.uleb128 0x5
 1301 0847 03       		.byte	0x3
 1302 0848 00000000 		.4byte	EE_ApplicationMode
 1303 084c 18       		.uleb128 0x18
 1304 084d CA010000 		.4byte	.LASF107
 1305 0851 07       		.byte	0x7
 1306 0852 48       		.byte	0x48
 1307 0853 E1000000 		.4byte	0xe1
 1308 0857 18       		.uleb128 0x18
 1309 0858 CB060000 		.4byte	.LASF108
 1310 085c 08       		.byte	0x8
 1311 085d 44       		.byte	0x44
 1312 085e B5000000 		.4byte	0xb5
 1313 0862 16       		.uleb128 0x16
 1314 0863 49000000 		.4byte	.LASF109
 1315 0867 05       		.byte	0x5
 1316 0868 AD       		.byte	0xad
 1317 0869 EC000000 		.4byte	0xec
 1318 086d 05       		.uleb128 0x5
 1319 086e 03       		.byte	0x3
 1320 086f 00000000 		.4byte	EE_cortex_mx_IRQ_tos
 1321 0873 11       		.uleb128 0x11
 1322 0874 55000000 		.4byte	0x55
 1323 0878 84080000 		.4byte	0x884
 1324 087c 19       		.uleb128 0x19
 1325 087d 80030000 		.4byte	0x380
 1326 0881 2B01     		.2byte	0x12b
 1327 0883 00       		.byte	0
 1328 0884 16       		.uleb128 0x16
 1329 0885 F4020000 		.4byte	.LASF110
 1330 0889 05       		.byte	0x5
 1331 088a 1D       		.byte	0x1d
 1332 088b 73080000 		.4byte	0x873
 1333 088f 05       		.uleb128 0x5
 1334 0890 03       		.byte	0x3
ARM GAS  C:\Users\Reza\AppData\Local\Temp\cc7iAmWv.s 			page 25


 1335 0891 00000000 		.4byte	EE_cortex_mx_stack_4
 1336 0895 11       		.uleb128 0x11
 1337 0896 55000000 		.4byte	0x55
 1338 089a A5080000 		.4byte	0x8a5
 1339 089e 14       		.uleb128 0x14
 1340 089f 80030000 		.4byte	0x380
 1341 08a3 7F       		.byte	0x7f
 1342 08a4 00       		.byte	0
 1343 08a5 16       		.uleb128 0x16
 1344 08a6 09030000 		.4byte	.LASF111
 1345 08aa 05       		.byte	0x5
 1346 08ab 32       		.byte	0x32
 1347 08ac 95080000 		.4byte	0x895
 1348 08b0 05       		.uleb128 0x5
 1349 08b1 03       		.byte	0x3
 1350 08b2 00000000 		.4byte	EE_cortex_mx_stack_9
 1351 08b6 00       		.byte	0
 1352              		.section	.debug_abbrev,"",%progbits
 1353              	.Ldebug_abbrev0:
 1354 0000 01       		.uleb128 0x1
 1355 0001 11       		.uleb128 0x11
 1356 0002 01       		.byte	0x1
 1357 0003 25       		.uleb128 0x25
 1358 0004 0E       		.uleb128 0xe
 1359 0005 13       		.uleb128 0x13
 1360 0006 0B       		.uleb128 0xb
 1361 0007 03       		.uleb128 0x3
 1362 0008 0E       		.uleb128 0xe
 1363 0009 1B       		.uleb128 0x1b
 1364 000a 0E       		.uleb128 0xe
 1365 000b 10       		.uleb128 0x10
 1366 000c 17       		.uleb128 0x17
 1367 000d 00       		.byte	0
 1368 000e 00       		.byte	0
 1369 000f 02       		.uleb128 0x2
 1370 0010 24       		.uleb128 0x24
 1371 0011 00       		.byte	0
 1372 0012 0B       		.uleb128 0xb
 1373 0013 0B       		.uleb128 0xb
 1374 0014 3E       		.uleb128 0x3e
 1375 0015 0B       		.uleb128 0xb
 1376 0016 03       		.uleb128 0x3
 1377 0017 0E       		.uleb128 0xe
 1378 0018 00       		.byte	0
 1379 0019 00       		.byte	0
 1380 001a 03       		.uleb128 0x3
 1381 001b 24       		.uleb128 0x24
 1382 001c 00       		.byte	0
 1383 001d 0B       		.uleb128 0xb
 1384 001e 0B       		.uleb128 0xb
 1385 001f 3E       		.uleb128 0x3e
 1386 0020 0B       		.uleb128 0xb
 1387 0021 03       		.uleb128 0x3
 1388 0022 08       		.uleb128 0x8
 1389 0023 00       		.byte	0
 1390 0024 00       		.byte	0
 1391 0025 04       		.uleb128 0x4
ARM GAS  C:\Users\Reza\AppData\Local\Temp\cc7iAmWv.s 			page 26


 1392 0026 16       		.uleb128 0x16
 1393 0027 00       		.byte	0
 1394 0028 03       		.uleb128 0x3
 1395 0029 0E       		.uleb128 0xe
 1396 002a 3A       		.uleb128 0x3a
 1397 002b 0B       		.uleb128 0xb
 1398 002c 3B       		.uleb128 0x3b
 1399 002d 0B       		.uleb128 0xb
 1400 002e 49       		.uleb128 0x49
 1401 002f 13       		.uleb128 0x13
 1402 0030 00       		.byte	0
 1403 0031 00       		.byte	0
 1404 0032 05       		.uleb128 0x5
 1405 0033 0F       		.uleb128 0xf
 1406 0034 00       		.byte	0
 1407 0035 0B       		.uleb128 0xb
 1408 0036 0B       		.uleb128 0xb
 1409 0037 00       		.byte	0
 1410 0038 00       		.byte	0
 1411 0039 06       		.uleb128 0x6
 1412 003a 0F       		.uleb128 0xf
 1413 003b 00       		.byte	0
 1414 003c 0B       		.uleb128 0xb
 1415 003d 0B       		.uleb128 0xb
 1416 003e 49       		.uleb128 0x49
 1417 003f 13       		.uleb128 0x13
 1418 0040 00       		.byte	0
 1419 0041 00       		.byte	0
 1420 0042 07       		.uleb128 0x7
 1421 0043 15       		.uleb128 0x15
 1422 0044 00       		.byte	0
 1423 0045 27       		.uleb128 0x27
 1424 0046 19       		.uleb128 0x19
 1425 0047 00       		.byte	0
 1426 0048 00       		.byte	0
 1427 0049 08       		.uleb128 0x8
 1428 004a 13       		.uleb128 0x13
 1429 004b 01       		.byte	0x1
 1430 004c 03       		.uleb128 0x3
 1431 004d 0E       		.uleb128 0xe
 1432 004e 0B       		.uleb128 0xb
 1433 004f 0B       		.uleb128 0xb
 1434 0050 3A       		.uleb128 0x3a
 1435 0051 0B       		.uleb128 0xb
 1436 0052 3B       		.uleb128 0x3b
 1437 0053 0B       		.uleb128 0xb
 1438 0054 01       		.uleb128 0x1
 1439 0055 13       		.uleb128 0x13
 1440 0056 00       		.byte	0
 1441 0057 00       		.byte	0
 1442 0058 09       		.uleb128 0x9
 1443 0059 0D       		.uleb128 0xd
 1444 005a 00       		.byte	0
 1445 005b 03       		.uleb128 0x3
 1446 005c 0E       		.uleb128 0xe
 1447 005d 3A       		.uleb128 0x3a
 1448 005e 0B       		.uleb128 0xb
ARM GAS  C:\Users\Reza\AppData\Local\Temp\cc7iAmWv.s 			page 27


 1449 005f 3B       		.uleb128 0x3b
 1450 0060 0B       		.uleb128 0xb
 1451 0061 49       		.uleb128 0x49
 1452 0062 13       		.uleb128 0x13
 1453 0063 38       		.uleb128 0x38
 1454 0064 0B       		.uleb128 0xb
 1455 0065 00       		.byte	0
 1456 0066 00       		.byte	0
 1457 0067 0A       		.uleb128 0xa
 1458 0068 16       		.uleb128 0x16
 1459 0069 00       		.byte	0
 1460 006a 03       		.uleb128 0x3
 1461 006b 0E       		.uleb128 0xe
 1462 006c 3A       		.uleb128 0x3a
 1463 006d 0B       		.uleb128 0xb
 1464 006e 3B       		.uleb128 0x3b
 1465 006f 05       		.uleb128 0x5
 1466 0070 49       		.uleb128 0x49
 1467 0071 13       		.uleb128 0x13
 1468 0072 00       		.byte	0
 1469 0073 00       		.byte	0
 1470 0074 0B       		.uleb128 0xb
 1471 0075 13       		.uleb128 0x13
 1472 0076 01       		.byte	0x1
 1473 0077 0B       		.uleb128 0xb
 1474 0078 0B       		.uleb128 0xb
 1475 0079 3A       		.uleb128 0x3a
 1476 007a 0B       		.uleb128 0xb
 1477 007b 3B       		.uleb128 0x3b
 1478 007c 05       		.uleb128 0x5
 1479 007d 01       		.uleb128 0x1
 1480 007e 13       		.uleb128 0x13
 1481 007f 00       		.byte	0
 1482 0080 00       		.byte	0
 1483 0081 0C       		.uleb128 0xc
 1484 0082 0D       		.uleb128 0xd
 1485 0083 00       		.byte	0
 1486 0084 03       		.uleb128 0x3
 1487 0085 0E       		.uleb128 0xe
 1488 0086 3A       		.uleb128 0x3a
 1489 0087 0B       		.uleb128 0xb
 1490 0088 3B       		.uleb128 0x3b
 1491 0089 05       		.uleb128 0x5
 1492 008a 49       		.uleb128 0x49
 1493 008b 13       		.uleb128 0x13
 1494 008c 38       		.uleb128 0x38
 1495 008d 0B       		.uleb128 0xb
 1496 008e 00       		.byte	0
 1497 008f 00       		.byte	0
 1498 0090 0D       		.uleb128 0xd
 1499 0091 04       		.uleb128 0x4
 1500 0092 01       		.byte	0x1
 1501 0093 0B       		.uleb128 0xb
 1502 0094 0B       		.uleb128 0xb
 1503 0095 49       		.uleb128 0x49
 1504 0096 13       		.uleb128 0x13
 1505 0097 3A       		.uleb128 0x3a
ARM GAS  C:\Users\Reza\AppData\Local\Temp\cc7iAmWv.s 			page 28


 1506 0098 0B       		.uleb128 0xb
 1507 0099 3B       		.uleb128 0x3b
 1508 009a 05       		.uleb128 0x5
 1509 009b 01       		.uleb128 0x1
 1510 009c 13       		.uleb128 0x13
 1511 009d 00       		.byte	0
 1512 009e 00       		.byte	0
 1513 009f 0E       		.uleb128 0xe
 1514 00a0 28       		.uleb128 0x28
 1515 00a1 00       		.byte	0
 1516 00a2 03       		.uleb128 0x3
 1517 00a3 0E       		.uleb128 0xe
 1518 00a4 1C       		.uleb128 0x1c
 1519 00a5 0B       		.uleb128 0xb
 1520 00a6 00       		.byte	0
 1521 00a7 00       		.byte	0
 1522 00a8 0F       		.uleb128 0xf
 1523 00a9 0D       		.uleb128 0xd
 1524 00aa 00       		.byte	0
 1525 00ab 03       		.uleb128 0x3
 1526 00ac 08       		.uleb128 0x8
 1527 00ad 3A       		.uleb128 0x3a
 1528 00ae 0B       		.uleb128 0xb
 1529 00af 3B       		.uleb128 0x3b
 1530 00b0 05       		.uleb128 0x5
 1531 00b1 49       		.uleb128 0x49
 1532 00b2 13       		.uleb128 0x13
 1533 00b3 38       		.uleb128 0x38
 1534 00b4 0B       		.uleb128 0xb
 1535 00b5 00       		.byte	0
 1536 00b6 00       		.byte	0
 1537 00b7 10       		.uleb128 0x10
 1538 00b8 13       		.uleb128 0x13
 1539 00b9 01       		.byte	0x1
 1540 00ba 03       		.uleb128 0x3
 1541 00bb 0E       		.uleb128 0xe
 1542 00bc 0B       		.uleb128 0xb
 1543 00bd 0B       		.uleb128 0xb
 1544 00be 3A       		.uleb128 0x3a
 1545 00bf 0B       		.uleb128 0xb
 1546 00c0 3B       		.uleb128 0x3b
 1547 00c1 05       		.uleb128 0x5
 1548 00c2 01       		.uleb128 0x1
 1549 00c3 13       		.uleb128 0x13
 1550 00c4 00       		.byte	0
 1551 00c5 00       		.byte	0
 1552 00c6 11       		.uleb128 0x11
 1553 00c7 01       		.uleb128 0x1
 1554 00c8 01       		.byte	0x1
 1555 00c9 49       		.uleb128 0x49
 1556 00ca 13       		.uleb128 0x13
 1557 00cb 01       		.uleb128 0x1
 1558 00cc 13       		.uleb128 0x13
 1559 00cd 00       		.byte	0
 1560 00ce 00       		.byte	0
 1561 00cf 12       		.uleb128 0x12
 1562 00d0 21       		.uleb128 0x21
ARM GAS  C:\Users\Reza\AppData\Local\Temp\cc7iAmWv.s 			page 29


 1563 00d1 00       		.byte	0
 1564 00d2 00       		.byte	0
 1565 00d3 00       		.byte	0
 1566 00d4 13       		.uleb128 0x13
 1567 00d5 26       		.uleb128 0x26
 1568 00d6 00       		.byte	0
 1569 00d7 49       		.uleb128 0x49
 1570 00d8 13       		.uleb128 0x13
 1571 00d9 00       		.byte	0
 1572 00da 00       		.byte	0
 1573 00db 14       		.uleb128 0x14
 1574 00dc 21       		.uleb128 0x21
 1575 00dd 00       		.byte	0
 1576 00de 49       		.uleb128 0x49
 1577 00df 13       		.uleb128 0x13
 1578 00e0 2F       		.uleb128 0x2f
 1579 00e1 0B       		.uleb128 0xb
 1580 00e2 00       		.byte	0
 1581 00e3 00       		.byte	0
 1582 00e4 15       		.uleb128 0x15
 1583 00e5 34       		.uleb128 0x34
 1584 00e6 00       		.byte	0
 1585 00e7 03       		.uleb128 0x3
 1586 00e8 0E       		.uleb128 0xe
 1587 00e9 3A       		.uleb128 0x3a
 1588 00ea 0B       		.uleb128 0xb
 1589 00eb 3B       		.uleb128 0x3b
 1590 00ec 05       		.uleb128 0x5
 1591 00ed 49       		.uleb128 0x49
 1592 00ee 13       		.uleb128 0x13
 1593 00ef 02       		.uleb128 0x2
 1594 00f0 18       		.uleb128 0x18
 1595 00f1 00       		.byte	0
 1596 00f2 00       		.byte	0
 1597 00f3 16       		.uleb128 0x16
 1598 00f4 34       		.uleb128 0x34
 1599 00f5 00       		.byte	0
 1600 00f6 03       		.uleb128 0x3
 1601 00f7 0E       		.uleb128 0xe
 1602 00f8 3A       		.uleb128 0x3a
 1603 00f9 0B       		.uleb128 0xb
 1604 00fa 3B       		.uleb128 0x3b
 1605 00fb 0B       		.uleb128 0xb
 1606 00fc 49       		.uleb128 0x49
 1607 00fd 13       		.uleb128 0x13
 1608 00fe 3F       		.uleb128 0x3f
 1609 00ff 19       		.uleb128 0x19
 1610 0100 02       		.uleb128 0x2
 1611 0101 18       		.uleb128 0x18
 1612 0102 00       		.byte	0
 1613 0103 00       		.byte	0
 1614 0104 17       		.uleb128 0x17
 1615 0105 34       		.uleb128 0x34
 1616 0106 00       		.byte	0
 1617 0107 03       		.uleb128 0x3
 1618 0108 0E       		.uleb128 0xe
 1619 0109 3A       		.uleb128 0x3a
ARM GAS  C:\Users\Reza\AppData\Local\Temp\cc7iAmWv.s 			page 30


 1620 010a 0B       		.uleb128 0xb
 1621 010b 3B       		.uleb128 0x3b
 1622 010c 05       		.uleb128 0x5
 1623 010d 49       		.uleb128 0x49
 1624 010e 13       		.uleb128 0x13
 1625 010f 3F       		.uleb128 0x3f
 1626 0110 19       		.uleb128 0x19
 1627 0111 02       		.uleb128 0x2
 1628 0112 18       		.uleb128 0x18
 1629 0113 00       		.byte	0
 1630 0114 00       		.byte	0
 1631 0115 18       		.uleb128 0x18
 1632 0116 34       		.uleb128 0x34
 1633 0117 00       		.byte	0
 1634 0118 03       		.uleb128 0x3
 1635 0119 0E       		.uleb128 0xe
 1636 011a 3A       		.uleb128 0x3a
 1637 011b 0B       		.uleb128 0xb
 1638 011c 3B       		.uleb128 0x3b
 1639 011d 0B       		.uleb128 0xb
 1640 011e 49       		.uleb128 0x49
 1641 011f 13       		.uleb128 0x13
 1642 0120 3F       		.uleb128 0x3f
 1643 0121 19       		.uleb128 0x19
 1644 0122 3C       		.uleb128 0x3c
 1645 0123 19       		.uleb128 0x19
 1646 0124 00       		.byte	0
 1647 0125 00       		.byte	0
 1648 0126 19       		.uleb128 0x19
 1649 0127 21       		.uleb128 0x21
 1650 0128 00       		.byte	0
 1651 0129 49       		.uleb128 0x49
 1652 012a 13       		.uleb128 0x13
 1653 012b 2F       		.uleb128 0x2f
 1654 012c 05       		.uleb128 0x5
 1655 012d 00       		.byte	0
 1656 012e 00       		.byte	0
 1657 012f 00       		.byte	0
 1658              		.section	.debug_aranges,"",%progbits
 1659 0000 14000000 		.4byte	0x14
 1660 0004 0200     		.2byte	0x2
 1661 0006 00000000 		.4byte	.Ldebug_info0
 1662 000a 04       		.byte	0x4
 1663 000b 00       		.byte	0
 1664 000c 0000     		.2byte	0
 1665 000e 0000     		.2byte	0
 1666 0010 00000000 		.4byte	0
 1667 0014 00000000 		.4byte	0
 1668              		.section	.debug_line,"",%progbits
 1669              	.Ldebug_line0:
 1670 0000 38010000 		.section	.debug_str,"MS",%progbits,1
 1670      02003201 
 1670      00000201 
 1670      FB0E0D00 
 1670      01010101 
 1671              	.LASF46:
 1672 0000 6E657874 		.ascii	"next\000"
ARM GAS  C:\Users\Reza\AppData\Local\Temp\cc7iAmWv.s 			page 31


 1672      00
 1673              	.LASF83:
 1674 0005 45455F74 		.ascii	"EE_th_terminate_nextask\000"
 1674      685F7465 
 1674      726D696E 
 1674      6174655F 
 1674      6E657874 
 1675              	.LASF24:
 1676 001d 5469636B 		.ascii	"TickType\000"
 1676      54797065 
 1676      00
 1677              	.LASF84:
 1678 0026 45455F73 		.ascii	"EE_stkfirst\000"
 1678      746B6669 
 1678      72737400 
 1679              	.LASF26:
 1680 0032 41637469 		.ascii	"ActionType\000"
 1680      6F6E5479 
 1680      706500
 1681              	.LASF19:
 1682 003d 45455F54 		.ascii	"EE_TYPEBOOL\000"
 1682      59504542 
 1682      4F4F4C00 
 1683              	.LASF109:
 1684 0049 45455F63 		.ascii	"EE_cortex_mx_IRQ_tos\000"
 1684      6F727465 
 1684      785F6D78 
 1684      5F495251 
 1684      5F746F73 
 1685              	.LASF7:
 1686 005e 6C6F6E67 		.ascii	"long long unsigned int\000"
 1686      206C6F6E 
 1686      6720756E 
 1686      7369676E 
 1686      65642069 
 1687              	.LASF45:
 1688 0075 64656C74 		.ascii	"delta\000"
 1688      6100
 1689              	.LASF42:
 1690 007b 45455F6F 		.ascii	"EE_oo_counter_object_ROM_type\000"
 1690      6F5F636F 
 1690      756E7465 
 1690      725F6F62 
 1690      6A656374 
 1691              	.LASF89:
 1692 0099 45455F72 		.ascii	"EE_rq_pairs_next\000"
 1692      715F7061 
 1692      6972735F 
 1692      6E657874 
 1692      00
 1693              	.LASF22:
 1694 00aa 5461736B 		.ascii	"TaskType\000"
 1694      54797065 
 1694      00
 1695              	.LASF61:
 1696 00b3 45455F54 		.ascii	"EE_TOS\000"
 1696      4F5300
ARM GAS  C:\Users\Reza\AppData\Local\Temp\cc7iAmWv.s 			page 32


 1697              	.LASF29:
 1698 00ba 6D617861 		.ascii	"maxallowedvalue\000"
 1698      6C6C6F77 
 1698      65647661 
 1698      6C756500 
 1699              	.LASF115:
 1700 00ca 45455F6F 		.ascii	"EE_oo_autostart_task_mode_OSDEFAULTAPPMODE\000"
 1700      6F5F6175 
 1700      746F7374 
 1700      6172745F 
 1700      7461736B 
 1701              	.LASF79:
 1702 00f5 45455F41 		.ascii	"EE_ALARM_ID\000"
 1702      4C41524D 
 1702      5F494400 
 1703              	.LASF6:
 1704 0101 6C6F6E67 		.ascii	"long long int\000"
 1704      206C6F6E 
 1704      6720696E 
 1704      7400
 1705              	.LASF0:
 1706 010f 7369676E 		.ascii	"signed char\000"
 1706      65642063 
 1706      68617200 
 1707              	.LASF52:
 1708 011b 45455F6F 		.ascii	"EE_oo_action_kind_type\000"
 1708      6F5F6163 
 1708      74696F6E 
 1708      5F6B696E 
 1708      645F7479 
 1709              	.LASF23:
 1710 0132 4576656E 		.ascii	"EventMaskType\000"
 1710      744D6173 
 1710      6B547970 
 1710      6500
 1711              	.LASF76:
 1712 0140 45455F45 		.ascii	"EE_EVENT_NAME\000"
 1712      56454E54 
 1712      5F4E414D 
 1712      4500
 1713              	.LASF100:
 1714 014e 45455F61 		.ascii	"EE_alarm_ROM\000"
 1714      6C61726D 
 1714      5F524F4D 
 1714      00
 1715              	.LASF70:
 1716 015b 45455F63 		.ascii	"EE_cortex_mx_active_tos\000"
 1716      6F727465 
 1716      785F6D78 
 1716      5F616374 
 1716      6976655F 
 1717              	.LASF35:
 1718 0173 45455F6F 		.ascii	"EE_oo_counter_RAM_type\000"
 1718      6F5F636F 
 1718      756E7465 
 1718      725F5241 
 1718      4D5F7479 
ARM GAS  C:\Users\Reza\AppData\Local\Temp\cc7iAmWv.s 			page 33


 1719              	.LASF78:
 1720 018a 45455F45 		.ascii	"EE_EVENT_ID\000"
 1720      56454E54 
 1720      5F494400 
 1721              	.LASF4:
 1722 0196 6C6F6E67 		.ascii	"long int\000"
 1722      20696E74 
 1722      00
 1723              	.LASF87:
 1724 019f 45455F72 		.ascii	"EE_rq_queues_head\000"
 1724      715F7175 
 1724      65756573 
 1724      5F686561 
 1724      6400
 1725              	.LASF105:
 1726 01b1 45455F6F 		.ascii	"EE_oo_IRQ_suspend_status\000"
 1726      6F5F4952 
 1726      515F7375 
 1726      7370656E 
 1726      645F7374 
 1727              	.LASF107:
 1728 01ca 45455F73 		.ascii	"EE_std_endcycle_next_tid\000"
 1728      74645F65 
 1728      6E646379 
 1728      636C655F 
 1728      6E657874 
 1729              	.LASF31:
 1730 01e3 6D696E63 		.ascii	"mincycle\000"
 1730      79636C65 
 1730      00
 1731              	.LASF20:
 1732 01ec 45455F54 		.ascii	"EE_TID\000"
 1732      494400
 1733              	.LASF33:
 1734 01f3 76616C75 		.ascii	"value\000"
 1734      6500
 1735              	.LASF8:
 1736 01f9 756E7369 		.ascii	"unsigned int\000"
 1736      676E6564 
 1736      20696E74 
 1736      00
 1737              	.LASF16:
 1738 0206 45455F55 		.ascii	"EE_UREG\000"
 1738      52454700 
 1739              	.LASF60:
 1740 020e 45455F6F 		.ascii	"EE_oo_alarm_ROM_type\000"
 1740      6F5F616C 
 1740      61726D5F 
 1740      524F4D5F 
 1740      74797065 
 1741              	.LASF77:
 1742 0223 45455F41 		.ascii	"EE_ALARM_NAME\000"
 1742      4C41524D 
 1742      5F4E414D 
 1742      4500
 1743              	.LASF5:
 1744 0231 6C6F6E67 		.ascii	"long unsigned int\000"
ARM GAS  C:\Users\Reza\AppData\Local\Temp\cc7iAmWv.s 			page 34


 1744      20756E73 
 1744      69676E65 
 1744      6420696E 
 1744      7400
 1745              	.LASF95:
 1746 0243 45455F74 		.ascii	"EE_th_waswaiting\000"
 1746      685F7761 
 1746      73776169 
 1746      74696E67 
 1746      00
 1747              	.LASF62:
 1748 0254 45455F6F 		.ascii	"EE_oo_autostart_task_type\000"
 1748      6F5F6175 
 1748      746F7374 
 1748      6172745F 
 1748      7461736B 
 1749              	.LASF41:
 1750 026e 6B696E64 		.ascii	"kind\000"
 1750      00
 1751              	.LASF3:
 1752 0273 73686F72 		.ascii	"short unsigned int\000"
 1752      7420756E 
 1752      7369676E 
 1752      65642069 
 1752      6E7400
 1753              	.LASF104:
 1754 0286 45455F6F 		.ascii	"EE_oo_IRQ_disable_count\000"
 1754      6F5F4952 
 1754      515F6469 
 1754      7361626C 
 1754      655F636F 
 1755              	.LASF38:
 1756 029e 45455F6F 		.ascii	"EE_oo_counter_object_kind_type\000"
 1756      6F5F636F 
 1756      756E7465 
 1756      725F6F62 
 1756      6A656374 
 1757              	.LASF80:
 1758 02bd 45455F74 		.ascii	"EE_th_status\000"
 1758      685F7374 
 1758      61747573 
 1758      00
 1759              	.LASF39:
 1760 02ca 436F756E 		.ascii	"CounterObjectKindType\000"
 1760      7465724F 
 1760      626A6563 
 1760      744B696E 
 1760      64547970 
 1761              	.LASF73:
 1762 02e0 45455F74 		.ascii	"EE_th_dispatch_prio\000"
 1762      685F6469 
 1762      73706174 
 1762      63685F70 
 1762      72696F00 
 1763              	.LASF110:
 1764 02f4 45455F63 		.ascii	"EE_cortex_mx_stack_4\000"
 1764      6F727465 
ARM GAS  C:\Users\Reza\AppData\Local\Temp\cc7iAmWv.s 			page 35


 1764      785F6D78 
 1764      5F737461 
 1764      636B5F34 
 1765              	.LASF111:
 1766 0309 45455F63 		.ascii	"EE_cortex_mx_stack_9\000"
 1766      6F727465 
 1766      785F6D78 
 1766      5F737461 
 1766      636B5F39 
 1767              	.LASF14:
 1768 031e 45455F56 		.ascii	"EE_VOID_CALLBACK\000"
 1768      4F49445F 
 1768      43414C4C 
 1768      4241434B 
 1768      00
 1769              	.LASF27:
 1770 032f 436F756E 		.ascii	"CounterType\000"
 1770      74657254 
 1770      79706500 
 1771              	.LASF98:
 1772 033b 45455F6F 		.ascii	"EE_oo_counter_object_ROM\000"
 1772      6F5F636F 
 1772      756E7465 
 1772      725F6F62 
 1772      6A656374 
 1773              	.LASF59:
 1774 0354 61637469 		.ascii	"action_id\000"
 1774      6F6E5F69 
 1774      6400
 1775              	.LASF106:
 1776 035e 45455F41 		.ascii	"EE_ApplicationMode\000"
 1776      70706C69 
 1776      63617469 
 1776      6F6E4D6F 
 1776      646500
 1777              	.LASF99:
 1778 0371 45455F6F 		.ascii	"EE_oo_action_ROM\000"
 1778      6F5F6163 
 1778      74696F6E 
 1778      5F524F4D 
 1778      00
 1779              	.LASF21:
 1780 0382 45455F54 		.ascii	"EE_TYPE_RQ_MASK\000"
 1780      5950455F 
 1780      52515F4D 
 1780      41534B00 
 1781              	.LASF55:
 1782 0392 61637469 		.ascii	"action_task\000"
 1782      6F6E5F74 
 1782      61736B00 
 1783              	.LASF64:
 1784 039e 73697A65 		.ascii	"sizetype\000"
 1784      74797065 
 1784      00
 1785              	.LASF9:
 1786 03a7 6C6F6E67 		.ascii	"long double\000"
 1786      20646F75 
ARM GAS  C:\Users\Reza\AppData\Local\Temp\cc7iAmWv.s 			page 36


 1786      626C6500 
 1787              	.LASF92:
 1788 03b3 45455F72 		.ascii	"EE_rq_free\000"
 1788      715F6672 
 1788      656500
 1789              	.LASF86:
 1790 03be 45455F72 		.ascii	"EE_rq_link\000"
 1790      715F6C69 
 1790      6E6B00
 1791              	.LASF17:
 1792 03c9 45455F53 		.ascii	"EE_SREG\000"
 1792      52454700 
 1793              	.LASF30:
 1794 03d1 7469636B 		.ascii	"ticksperbase\000"
 1794      73706572 
 1794      62617365 
 1794      00
 1795              	.LASF43:
 1796 03de 75736564 		.ascii	"used\000"
 1796      00
 1797              	.LASF47:
 1798 03e3 45455F6F 		.ascii	"EE_oo_counter_object_RAM_type\000"
 1798      6F5F636F 
 1798      756E7465 
 1798      725F6F62 
 1798      6A656374 
 1799              	.LASF97:
 1800 0401 45455F63 		.ascii	"EE_counter_ROM\000"
 1800      6F756E74 
 1800      65725F52 
 1800      4F4D00
 1801              	.LASF58:
 1802 0410 45455F6F 		.ascii	"EE_oo_action_ROM_type\000"
 1802      6F5F6163 
 1802      74696F6E 
 1802      5F524F4D 
 1802      5F747970 
 1803              	.LASF10:
 1804 0426 45455F55 		.ascii	"EE_UINT16\000"
 1804      494E5431 
 1804      3600
 1805              	.LASF37:
 1806 0430 45455F53 		.ascii	"EE_SCHEDULETABLE\000"
 1806      43484544 
 1806      554C4554 
 1806      41424C45 
 1806      00
 1807              	.LASF69:
 1808 0441 45455F63 		.ascii	"EE_cortex_mx_system_tos\000"
 1808      6F727465 
 1808      785F6D78 
 1808      5F737973 
 1808      74656D5F 
 1809              	.LASF1:
 1810 0459 756E7369 		.ascii	"unsigned char\000"
 1810      676E6564 
 1810      20636861 
ARM GAS  C:\Users\Reza\AppData\Local\Temp\cc7iAmWv.s 			page 37


 1810      7200
 1811              	.LASF36:
 1812 0467 45455F41 		.ascii	"EE_ALARM\000"
 1812      4C41524D 
 1812      00
 1813              	.LASF81:
 1814 0470 45455F74 		.ascii	"EE_th_next\000"
 1814      685F6E65 
 1814      787400
 1815              	.LASF68:
 1816 047b 45455F74 		.ascii	"EE_terminate_real_th_body\000"
 1816      65726D69 
 1816      6E617465 
 1816      5F726561 
 1816      6C5F7468 
 1817              	.LASF57:
 1818 0495 696E6363 		.ascii	"inccount\000"
 1818      6F756E74 
 1818      00
 1819              	.LASF2:
 1820 049e 73686F72 		.ascii	"short int\000"
 1820      7420696E 
 1820      7400
 1821              	.LASF94:
 1822 04a8 45455F74 		.ascii	"EE_th_event_waitmask\000"
 1822      685F6576 
 1822      656E745F 
 1822      77616974 
 1822      6D61736B 
 1823              	.LASF75:
 1824 04bd 45455F54 		.ascii	"EE_TASK_NAME\000"
 1824      41534B5F 
 1824      4E414D45 
 1824      00
 1825              	.LASF32:
 1826 04ca 45455F6F 		.ascii	"EE_oo_counter_ROM_type\000"
 1826      6F5F636F 
 1826      756E7465 
 1826      725F524F 
 1826      4D5F7479 
 1827              	.LASF112:
 1828 04e1 474E5520 		.ascii	"GNU C11 5.4.1 20160609 (release) [ARM/embedded-5-br"
 1828      43313120 
 1828      352E342E 
 1828      31203230 
 1828      31363036 
 1829 0514 616E6368 		.ascii	"anch revision 237715] -mcpu=cortex-m3 -mthumb -g -O"
 1829      20726576 
 1829      6973696F 
 1829      6E203233 
 1829      37373135 
 1830 0547 67202D66 		.ascii	"g -ffunction-sections -ffat-lto-objects\000"
 1830      66756E63 
 1830      74696F6E 
 1830      2D736563 
 1830      74696F6E 
 1831              	.LASF56:
ARM GAS  C:\Users\Reza\AppData\Local\Temp\cc7iAmWv.s 			page 38


 1832 056f 61637469 		.ascii	"action_mask\000"
 1832      6F6E5F6D 
 1832      61736B00 
 1833              	.LASF15:
 1834 057b 45455F54 		.ascii	"EE_THREAD_PTR\000"
 1834      48524541 
 1834      445F5054 
 1834      5200
 1835              	.LASF88:
 1836 0589 45455F72 		.ascii	"EE_rq_queues_tail\000"
 1836      715F7175 
 1836      65756573 
 1836      5F746169 
 1836      6C00
 1837              	.LASF66:
 1838 059b 45455F73 		.ascii	"EE_std_thread_tos\000"
 1838      74645F74 
 1838      68726561 
 1838      645F746F 
 1838      7300
 1839              	.LASF51:
 1840 05ad 45455F41 		.ascii	"EE_ACTION_CALLBACK\000"
 1840      4354494F 
 1840      4E5F4341 
 1840      4C4C4241 
 1840      434B00
 1841              	.LASF91:
 1842 05c0 45455F72 		.ascii	"EE_rq_bitmask\000"
 1842      715F6269 
 1842      746D6173 
 1842      6B00
 1843              	.LASF34:
 1844 05ce 66697273 		.ascii	"first\000"
 1844      7400
 1845              	.LASF25:
 1846 05d4 436F756E 		.ascii	"CounterObjectType\000"
 1846      7465724F 
 1846      626A6563 
 1846      74547970 
 1846      6500
 1847              	.LASF74:
 1848 05e6 63686172 		.ascii	"char\000"
 1848      00
 1849              	.LASF48:
 1850 05eb 45455F41 		.ascii	"EE_ACTION_TASK\000"
 1850      4354494F 
 1850      4E5F5441 
 1850      534B00
 1851              	.LASF71:
 1852 05fa 45455F74 		.ascii	"EE_th_rnact_max\000"
 1852      685F726E 
 1852      6163745F 
 1852      6D617800 
 1853              	.LASF50:
 1854 060a 45455F41 		.ascii	"EE_ACTION_COUNTER\000"
 1854      4354494F 
 1854      4E5F434F 
ARM GAS  C:\Users\Reza\AppData\Local\Temp\cc7iAmWv.s 			page 39


 1854      554E5445 
 1854      5200
 1855              	.LASF101:
 1856 061c 45455F63 		.ascii	"EE_counter_RAM\000"
 1856      6F756E74 
 1856      65725F52 
 1856      414D00
 1857              	.LASF40:
 1858 062b 73706563 		.ascii	"spec_id\000"
 1858      5F696400 
 1859              	.LASF49:
 1860 0633 45455F41 		.ascii	"EE_ACTION_EVENT\000"
 1860      4354494F 
 1860      4E5F4556 
 1860      454E5400 
 1861              	.LASF65:
 1862 0643 45455F68 		.ascii	"EE_hal_thread_body\000"
 1862      616C5F74 
 1862      68726561 
 1862      645F626F 
 1862      647900
 1863              	.LASF85:
 1864 0656 45455F73 		.ascii	"EE_sys_ceiling\000"
 1864      79735F63 
 1864      65696C69 
 1864      6E6700
 1865              	.LASF54:
 1866 0665 61637469 		.ascii	"action_kind\000"
 1866      6F6E5F6B 
 1866      696E6400 
 1867              	.LASF63:
 1868 0671 7461736B 		.ascii	"task\000"
 1868      00
 1869              	.LASF102:
 1870 0676 45455F6F 		.ascii	"EE_oo_counter_object_RAM\000"
 1870      6F5F636F 
 1870      756E7465 
 1870      725F6F62 
 1870      6A656374 
 1871              	.LASF53:
 1872 068f 41637469 		.ascii	"ActionKindType\000"
 1872      6F6E4B69 
 1872      6E645479 
 1872      706500
 1873              	.LASF72:
 1874 069e 45455F74 		.ascii	"EE_th_ready_prio\000"
 1874      685F7265 
 1874      6164795F 
 1874      7072696F 
 1874      00
 1875              	.LASF82:
 1876 06af 45455F74 		.ascii	"EE_th_rnact\000"
 1876      685F726E 
 1876      61637400 
 1877              	.LASF90:
 1878 06bb 45455F72 		.ascii	"EE_rq_pairs_tid\000"
 1878      715F7061 
ARM GAS  C:\Users\Reza\AppData\Local\Temp\cc7iAmWv.s 			page 40


 1878      6972735F 
 1878      74696400 
 1879              	.LASF108:
 1880 06cb 45455F49 		.ascii	"EE_IRQ_nesting_level\000"
 1880      52515F6E 
 1880      65737469 
 1880      6E675F6C 
 1880      6576656C 
 1881              	.LASF12:
 1882 06e0 45455F55 		.ascii	"EE_UINT32\000"
 1882      494E5433 
 1882      3200
 1883              	.LASF11:
 1884 06ea 45455F49 		.ascii	"EE_INT32\000"
 1884      4E543332 
 1884      00
 1885              	.LASF67:
 1886 06f3 45455F74 		.ascii	"EE_terminate_data\000"
 1886      65726D69 
 1886      6E617465 
 1886      5F646174 
 1886      6100
 1887              	.LASF113:
 1888 0705 47656E65 		.ascii	"Generated_Source\\PSoC5\\ErikaOS_1_eecfg.c\000"
 1888      72617465 
 1888      645F536F 
 1888      75726365 
 1888      5C50536F 
 1889              	.LASF93:
 1890 072e 45455F74 		.ascii	"EE_th_event_active\000"
 1890      685F6576 
 1890      656E745F 
 1890      61637469 
 1890      766500
 1891              	.LASF44:
 1892 0741 636E7463 		.ascii	"cntcycle\000"
 1892      79636C65 
 1892      00
 1893              	.LASF28:
 1894 074a 5359535F 		.ascii	"SYS_tos\000"
 1894      746F7300 
 1895              	.LASF114:
 1896 0752 443A5C48 		.ascii	"D:\\H_da\\Summer_Semester_2020\\Embedded Architectu"
 1896      5F64615C 
 1896      53756D6D 
 1896      65725F53 
 1896      656D6573 
 1897 0782 72652061 		.ascii	"re and Application\\Lab1\\Work_Space_RTE\\RTE_Elect"
 1897      6E642041 
 1897      70706C69 
 1897      63617469 
 1897      6F6E5C4C 
 1898 07b2 726F6E69 		.ascii	"ronic_Clock.cydsn\000"
 1898      635F436C 
 1898      6F636B2E 
 1898      63796473 
 1898      6E00
ARM GAS  C:\Users\Reza\AppData\Local\Temp\cc7iAmWv.s 			page 41


 1899              	.LASF13:
 1900 07c4 45455F41 		.ascii	"EE_ADDR\000"
 1900      44445200 
 1901              	.LASF96:
 1902 07cc 45455F74 		.ascii	"EE_th_is_extended\000"
 1902      685F6973 
 1902      5F657874 
 1902      656E6465 
 1902      6400
 1903              	.LASF18:
 1904 07de 45455F46 		.ascii	"EE_FREG\000"
 1904      52454700 
 1905              	.LASF103:
 1906 07e6 45455F6F 		.ascii	"EE_oo_autostart_task_data\000"
 1906      6F5F6175 
 1906      746F7374 
 1906      6172745F 
 1906      7461736B 
 1907              		.ident	"GCC: (GNU Tools for ARM Embedded Processors) 5.4.1 20160609 (release) [ARM/embedded-5-bran
