ARM GAS  C:\Users\Reza\AppData\Local\Temp\ccXrSAJk.s 			page 1


   1              		.syntax unified
   2              		.cpu cortex-m3
   3              		.fpu softvfp
   4              		.eabi_attribute 20, 1
   5              		.eabi_attribute 21, 1
   6              		.eabi_attribute 23, 3
   7              		.eabi_attribute 24, 1
   8              		.eabi_attribute 25, 1
   9              		.eabi_attribute 26, 1
  10              		.eabi_attribute 30, 1
  11              		.eabi_attribute 34, 1
  12              		.eabi_attribute 18, 4
  13              		.thumb
  14              		.syntax unified
  15              		.file	"ErikaOS_1_common_ee_hal_structs.c"
  16              		.text
  17              	.Ltext0:
  18              		.cfi_sections	.debug_frame
  19              		.comm	EE_std_endcycle_next_tid,4,4
  20              		.comm	EE_IRQ_nesting_level,4,4
  21              	.Letext0:
  22              		.file 1 "Generated_Source\\PSoC5\\ErikaOS_1_common_ee_types.inc"
  23              		.file 2 "Generated_Source\\PSoC5\\ErikaOS_1_cortex_mx_ee_cpu.inc"
  24              		.file 3 "Generated_Source\\PSoC5\\ErikaOS_1_ee_oo_common.inc"
  25              		.file 4 "Generated_Source\\PSoC5\\ErikaOS_1_common_ee_hal_structs.c"
  26              		.file 5 "Generated_Source\\PSoC5\\ErikaOS_1_ee_oo_intfunc.inc"
  27              		.file 6 "Generated_Source\\PSoC5\\ErikaOS_1_ee_oo_internal.inc"
  28              		.section	.debug_info,"",%progbits
  29              	.Ldebug_info0:
  30 0000 C7030000 		.4byte	0x3c7
  31 0004 0400     		.2byte	0x4
  32 0006 00000000 		.4byte	.Ldebug_abbrev0
  33 000a 04       		.byte	0x4
  34 000b 01       		.uleb128 0x1
  35 000c 00040000 		.4byte	.LASF62
  36 0010 0C       		.byte	0xc
  37 0011 BC030000 		.4byte	.LASF63
  38 0015 BC000000 		.4byte	.LASF64
  39 0019 00000000 		.4byte	.Ldebug_line0
  40 001d 02       		.uleb128 0x2
  41 001e 01       		.byte	0x1
  42 001f 06       		.byte	0x6
  43 0020 9C020000 		.4byte	.LASF0
  44 0024 02       		.uleb128 0x2
  45 0025 01       		.byte	0x1
  46 0026 08       		.byte	0x8
  47 0027 75020000 		.4byte	.LASF1
  48 002b 02       		.uleb128 0x2
  49 002c 02       		.byte	0x2
  50 002d 05       		.byte	0x5
  51 002e 4C000000 		.4byte	.LASF2
  52 0032 02       		.uleb128 0x2
  53 0033 02       		.byte	0x2
  54 0034 07       		.byte	0x7
  55 0035 FA020000 		.4byte	.LASF3
  56 0039 02       		.uleb128 0x2
  57 003a 04       		.byte	0x4
ARM GAS  C:\Users\Reza\AppData\Local\Temp\ccXrSAJk.s 			page 2


  58 003b 05       		.byte	0x5
  59 003c E2010000 		.4byte	.LASF4
  60 0040 02       		.uleb128 0x2
  61 0041 04       		.byte	0x4
  62 0042 07       		.byte	0x7
  63 0043 57030000 		.4byte	.LASF5
  64 0047 02       		.uleb128 0x2
  65 0048 08       		.byte	0x8
  66 0049 05       		.byte	0x5
  67 004a 92010000 		.4byte	.LASF6
  68 004e 02       		.uleb128 0x2
  69 004f 08       		.byte	0x8
  70 0050 07       		.byte	0x7
  71 0051 A8020000 		.4byte	.LASF7
  72 0055 03       		.uleb128 0x3
  73 0056 04       		.byte	0x4
  74 0057 05       		.byte	0x5
  75 0058 696E7400 		.ascii	"int\000"
  76 005c 02       		.uleb128 0x2
  77 005d 04       		.byte	0x4
  78 005e 07       		.byte	0x7
  79 005f BF020000 		.4byte	.LASF8
  80 0063 02       		.uleb128 0x2
  81 0064 08       		.byte	0x8
  82 0065 04       		.byte	0x4
  83 0066 5A020000 		.4byte	.LASF9
  84 006a 04       		.uleb128 0x4
  85 006b A0010000 		.4byte	.LASF10
  86 006f 01       		.byte	0x1
  87 0070 3F       		.byte	0x3f
  88 0071 1D000000 		.4byte	0x1d
  89 0075 04       		.uleb128 0x4
  90 0076 2B030000 		.4byte	.LASF11
  91 007a 01       		.byte	0x1
  92 007b 52       		.byte	0x52
  93 007c 32000000 		.4byte	0x32
  94 0080 04       		.uleb128 0x4
  95 0081 F1020000 		.4byte	.LASF12
  96 0085 01       		.byte	0x1
  97 0086 53       		.byte	0x53
  98 0087 55000000 		.4byte	0x55
  99 008b 04       		.uleb128 0x4
 100 008c 8B000000 		.4byte	.LASF13
 101 0090 01       		.byte	0x1
 102 0091 54       		.byte	0x54
 103 0092 5C000000 		.4byte	0x5c
 104 0096 04       		.uleb128 0x4
 105 0097 13000000 		.4byte	.LASF14
 106 009b 02       		.byte	0x2
 107 009c 4D       		.byte	0x4d
 108 009d 8B000000 		.4byte	0x8b
 109 00a1 04       		.uleb128 0x4
 110 00a2 6D000000 		.4byte	.LASF15
 111 00a6 02       		.byte	0x2
 112 00a7 4F       		.byte	0x4f
 113 00a8 8B000000 		.4byte	0x8b
 114 00ac 04       		.uleb128 0x4
ARM GAS  C:\Users\Reza\AppData\Local\Temp\ccXrSAJk.s 			page 3


 115 00ad 69030000 		.4byte	.LASF16
 116 00b1 02       		.byte	0x2
 117 00b2 54       		.byte	0x54
 118 00b3 96000000 		.4byte	0x96
 119 00b7 04       		.uleb128 0x4
 120 00b8 A6000000 		.4byte	.LASF17
 121 00bc 02       		.byte	0x2
 122 00bd 78       		.byte	0x78
 123 00be 80000000 		.4byte	0x80
 124 00c2 05       		.uleb128 0x5
 125 00c3 C1010000 		.4byte	.LASF18
 126 00c7 03       		.byte	0x3
 127 00c8 1101     		.2byte	0x111
 128 00ca 75000000 		.4byte	0x75
 129 00ce 05       		.uleb128 0x5
 130 00cf 30020000 		.4byte	.LASF19
 131 00d3 03       		.byte	0x3
 132 00d4 3502     		.2byte	0x235
 133 00d6 96000000 		.4byte	0x96
 134 00da 05       		.uleb128 0x5
 135 00db 48020000 		.4byte	.LASF20
 136 00df 03       		.byte	0x3
 137 00e0 5D02     		.2byte	0x25d
 138 00e2 96000000 		.4byte	0x96
 139 00e6 05       		.uleb128 0x5
 140 00e7 8F030000 		.4byte	.LASF21
 141 00eb 03       		.byte	0x3
 142 00ec 6C02     		.2byte	0x26c
 143 00ee 96000000 		.4byte	0x96
 144 00f2 06       		.uleb128 0x6
 145 00f3 0C       		.byte	0xc
 146 00f4 03       		.byte	0x3
 147 00f5 7202     		.2byte	0x272
 148 00f7 23010000 		.4byte	0x123
 149 00fb 07       		.uleb128 0x7
 150 00fc EB010000 		.4byte	.LASF22
 151 0100 03       		.byte	0x3
 152 0101 7302     		.2byte	0x273
 153 0103 CE000000 		.4byte	0xce
 154 0107 00       		.byte	0
 155 0108 07       		.uleb128 0x7
 156 0109 1B000000 		.4byte	.LASF23
 157 010d 03       		.byte	0x3
 158 010e 7402     		.2byte	0x274
 159 0110 CE000000 		.4byte	0xce
 160 0114 04       		.byte	0x4
 161 0115 07       		.uleb128 0x7
 162 0116 AD000000 		.4byte	.LASF24
 163 011a 03       		.byte	0x3
 164 011b 7502     		.2byte	0x275
 165 011d CE000000 		.4byte	0xce
 166 0121 08       		.byte	0x8
 167 0122 00       		.byte	0
 168 0123 05       		.uleb128 0x5
 169 0124 19020000 		.4byte	.LASF25
 170 0128 03       		.byte	0x3
 171 0129 7A02     		.2byte	0x27a
ARM GAS  C:\Users\Reza\AppData\Local\Temp\ccXrSAJk.s 			page 4


 172 012b F2000000 		.4byte	0xf2
 173 012f 06       		.uleb128 0x6
 174 0130 08       		.byte	0x8
 175 0131 03       		.byte	0x3
 176 0132 7D02     		.2byte	0x27d
 177 0134 53010000 		.4byte	0x153
 178 0138 07       		.uleb128 0x7
 179 0139 B6000000 		.4byte	.LASF26
 180 013d 03       		.byte	0x3
 181 013e 7E02     		.2byte	0x27e
 182 0140 CE000000 		.4byte	0xce
 183 0144 00       		.byte	0
 184 0145 07       		.uleb128 0x7
 185 0146 C1040000 		.4byte	.LASF27
 186 014a 03       		.byte	0x3
 187 014b 7F02     		.2byte	0x27f
 188 014d DA000000 		.4byte	0xda
 189 0151 04       		.byte	0x4
 190 0152 00       		.byte	0
 191 0153 05       		.uleb128 0x5
 192 0154 7B010000 		.4byte	.LASF28
 193 0158 03       		.byte	0x3
 194 0159 8002     		.2byte	0x280
 195 015b 2F010000 		.4byte	0x12f
 196 015f 08       		.uleb128 0x8
 197 0160 01       		.byte	0x1
 198 0161 24000000 		.4byte	0x24
 199 0165 03       		.byte	0x3
 200 0166 8A02     		.2byte	0x28a
 201 0168 79010000 		.4byte	0x179
 202 016c 09       		.uleb128 0x9
 203 016d 81030000 		.4byte	.LASF29
 204 0171 00       		.byte	0
 205 0172 09       		.uleb128 0x9
 206 0173 D1010000 		.4byte	.LASF30
 207 0177 01       		.byte	0x1
 208 0178 00       		.byte	0
 209 0179 05       		.uleb128 0x5
 210 017a 47010000 		.4byte	.LASF31
 211 017e 03       		.byte	0x3
 212 017f 8D02     		.2byte	0x28d
 213 0181 5F010000 		.4byte	0x15f
 214 0185 05       		.uleb128 0x5
 215 0186 75000000 		.4byte	.LASF32
 216 018a 03       		.byte	0x3
 217 018b 9002     		.2byte	0x290
 218 018d 79010000 		.4byte	0x179
 219 0191 06       		.uleb128 0x6
 220 0192 0C       		.byte	0xc
 221 0193 03       		.byte	0x3
 222 0194 9402     		.2byte	0x294
 223 0196 C0010000 		.4byte	0x1c0
 224 019a 0A       		.uleb128 0xa
 225 019b 6300     		.ascii	"c\000"
 226 019d 03       		.byte	0x3
 227 019e 9602     		.2byte	0x296
 228 01a0 E6000000 		.4byte	0xe6
ARM GAS  C:\Users\Reza\AppData\Local\Temp\ccXrSAJk.s 			page 5


 229 01a4 00       		.byte	0
 230 01a5 07       		.uleb128 0x7
 231 01a6 65000000 		.4byte	.LASF33
 232 01aa 03       		.byte	0x3
 233 01ab 9802     		.2byte	0x298
 234 01ad DA000000 		.4byte	0xda
 235 01b1 04       		.byte	0x4
 236 01b2 07       		.uleb128 0x7
 237 01b3 00000000 		.4byte	.LASF34
 238 01b7 03       		.byte	0x3
 239 01b8 9A02     		.2byte	0x29a
 240 01ba 85010000 		.4byte	0x185
 241 01be 08       		.byte	0x8
 242 01bf 00       		.byte	0
 243 01c0 05       		.uleb128 0x5
 244 01c1 0D030000 		.4byte	.LASF35
 245 01c5 03       		.byte	0x3
 246 01c6 9B02     		.2byte	0x29b
 247 01c8 91010000 		.4byte	0x191
 248 01cc 06       		.uleb128 0x6
 249 01cd 10       		.byte	0x10
 250 01ce 03       		.byte	0x3
 251 01cf 9F02     		.2byte	0x29f
 252 01d1 0A020000 		.4byte	0x20a
 253 01d5 07       		.uleb128 0x7
 254 01d6 8A030000 		.4byte	.LASF36
 255 01da 03       		.byte	0x3
 256 01db A002     		.2byte	0x2a0
 257 01dd AC000000 		.4byte	0xac
 258 01e1 00       		.byte	0
 259 01e2 07       		.uleb128 0x7
 260 01e3 8E040000 		.4byte	.LASF37
 261 01e7 03       		.byte	0x3
 262 01e8 A102     		.2byte	0x2a1
 263 01ea CE000000 		.4byte	0xce
 264 01ee 04       		.byte	0x4
 265 01ef 07       		.uleb128 0x7
 266 01f0 5F000000 		.4byte	.LASF38
 267 01f4 03       		.byte	0x3
 268 01f5 A202     		.2byte	0x2a2
 269 01f7 CE000000 		.4byte	0xce
 270 01fb 08       		.byte	0x8
 271 01fc 07       		.uleb128 0x7
 272 01fd AF040000 		.4byte	.LASF39
 273 0201 03       		.byte	0x3
 274 0202 A302     		.2byte	0x2a3
 275 0204 DA000000 		.4byte	0xda
 276 0208 0C       		.byte	0xc
 277 0209 00       		.byte	0
 278 020a 05       		.uleb128 0x5
 279 020b FB010000 		.4byte	.LASF40
 280 020f 03       		.byte	0x3
 281 0210 A402     		.2byte	0x2a4
 282 0212 CC010000 		.4byte	0x1cc
 283 0216 0B       		.uleb128 0xb
 284 0217 66010000 		.4byte	.LASF41
 285 021b 04       		.byte	0x4
ARM GAS  C:\Users\Reza\AppData\Local\Temp\ccXrSAJk.s 			page 6


 286 021c 3A       		.byte	0x3a
 287 021d 96000000 		.4byte	0x96
 288 0221 05       		.uleb128 0x5
 289 0222 03       		.byte	0x3
 290 0223 00000000 		.4byte	EE_IRQ_nesting_level
 291 0227 0B       		.uleb128 0xb
 292 0228 D8020000 		.4byte	.LASF42
 293 022c 04       		.byte	0x4
 294 022d 3F       		.byte	0x3f
 295 022e B7000000 		.4byte	0xb7
 296 0232 05       		.uleb128 0x5
 297 0233 03       		.byte	0x3
 298 0234 00000000 		.4byte	EE_std_endcycle_next_tid
 299 0238 0C       		.uleb128 0xc
 300 0239 4F020000 		.4byte	0x24f
 301 023d 48020000 		.4byte	0x248
 302 0241 0D       		.uleb128 0xd
 303 0242 48020000 		.4byte	0x248
 304 0246 03       		.byte	0x3
 305 0247 00       		.byte	0
 306 0248 02       		.uleb128 0x2
 307 0249 04       		.byte	0x4
 308 024a 07       		.byte	0x7
 309 024b 56000000 		.4byte	.LASF43
 310 024f 0E       		.uleb128 0xe
 311 0250 96000000 		.4byte	0x96
 312 0254 0F       		.uleb128 0xf
 313 0255 95000000 		.4byte	.LASF44
 314 0259 03       		.byte	0x3
 315 025a B2       		.byte	0xb2
 316 025b 5F020000 		.4byte	0x25f
 317 025f 0E       		.uleb128 0xe
 318 0260 38020000 		.4byte	0x238
 319 0264 0F       		.uleb128 0xf
 320 0265 A8030000 		.4byte	.LASF45
 321 0269 03       		.byte	0x3
 322 026a B3       		.byte	0xb3
 323 026b 6F020000 		.4byte	0x26f
 324 026f 0E       		.uleb128 0xe
 325 0270 38020000 		.4byte	0x238
 326 0274 0C       		.uleb128 0xc
 327 0275 96000000 		.4byte	0x96
 328 0279 84020000 		.4byte	0x284
 329 027d 0D       		.uleb128 0xd
 330 027e 48020000 		.4byte	0x248
 331 0282 03       		.byte	0x3
 332 0283 00       		.byte	0
 333 0284 0F       		.uleb128 0xf
 334 0285 9B030000 		.4byte	.LASF46
 335 0289 03       		.byte	0x3
 336 028a CA       		.byte	0xca
 337 028b 74020000 		.4byte	0x274
 338 028f 0C       		.uleb128 0xc
 339 0290 B7000000 		.4byte	0xb7
 340 0294 9F020000 		.4byte	0x29f
 341 0298 0D       		.uleb128 0xd
 342 0299 48020000 		.4byte	0x248
ARM GAS  C:\Users\Reza\AppData\Local\Temp\ccXrSAJk.s 			page 7


 343 029d 03       		.byte	0x3
 344 029e 00       		.byte	0
 345 029f 0F       		.uleb128 0xf
 346 02a0 F5030000 		.4byte	.LASF47
 347 02a4 03       		.byte	0x3
 348 02a5 D2       		.byte	0xd2
 349 02a6 8F020000 		.4byte	0x28f
 350 02aa 0F       		.uleb128 0xf
 351 02ab CC020000 		.4byte	.LASF48
 352 02af 03       		.byte	0x3
 353 02b0 DA       		.byte	0xda
 354 02b1 74020000 		.4byte	0x274
 355 02b5 0F       		.uleb128 0xf
 356 02b6 75030000 		.4byte	.LASF49
 357 02ba 03       		.byte	0x3
 358 02bb E2       		.byte	0xe2
 359 02bc B7000000 		.4byte	0xb7
 360 02c0 0F       		.uleb128 0xf
 361 02c1 39020000 		.4byte	.LASF50
 362 02c5 03       		.byte	0x3
 363 02c6 F7       		.byte	0xf7
 364 02c7 96000000 		.4byte	0x96
 365 02cb 10       		.uleb128 0x10
 366 02cc 05000000 		.4byte	.LASF51
 367 02d0 03       		.byte	0x3
 368 02d1 3F01     		.2byte	0x13f
 369 02d3 C2000000 		.4byte	0xc2
 370 02d7 10       		.uleb128 0x10
 371 02d8 28000000 		.4byte	.LASF52
 372 02dc 03       		.byte	0x3
 373 02dd 5C01     		.2byte	0x15c
 374 02df 74020000 		.4byte	0x274
 375 02e3 0C       		.uleb128 0xc
 376 02e4 AC000000 		.4byte	0xac
 377 02e8 F3020000 		.4byte	0x2f3
 378 02ec 0D       		.uleb128 0xd
 379 02ed 48020000 		.4byte	0x248
 380 02f1 03       		.byte	0x3
 381 02f2 00       		.byte	0
 382 02f3 10       		.uleb128 0x10
 383 02f4 3B000000 		.4byte	.LASF53
 384 02f8 03       		.byte	0x3
 385 02f9 6701     		.2byte	0x167
 386 02fb E3020000 		.4byte	0x2e3
 387 02ff 0C       		.uleb128 0xc
 388 0300 0F030000 		.4byte	0x30f
 389 0304 0F030000 		.4byte	0x30f
 390 0308 0D       		.uleb128 0xd
 391 0309 48020000 		.4byte	0x248
 392 030d 00       		.byte	0
 393 030e 00       		.byte	0
 394 030f 0E       		.uleb128 0xe
 395 0310 23010000 		.4byte	0x123
 396 0314 10       		.uleb128 0x10
 397 0315 66020000 		.4byte	.LASF54
 398 0319 03       		.byte	0x3
 399 031a CA02     		.2byte	0x2ca
ARM GAS  C:\Users\Reza\AppData\Local\Temp\ccXrSAJk.s 			page 8


 400 031c 20030000 		.4byte	0x320
 401 0320 0E       		.uleb128 0xe
 402 0321 FF020000 		.4byte	0x2ff
 403 0325 0C       		.uleb128 0xc
 404 0326 35030000 		.4byte	0x335
 405 032a 35030000 		.4byte	0x335
 406 032e 0D       		.uleb128 0xd
 407 032f 48020000 		.4byte	0x248
 408 0333 00       		.byte	0
 409 0334 00       		.byte	0
 410 0335 0E       		.uleb128 0xe
 411 0336 C0010000 		.4byte	0x1c0
 412 033a 10       		.uleb128 0x10
 413 033b 2E010000 		.4byte	.LASF55
 414 033f 03       		.byte	0x3
 415 0340 DD02     		.2byte	0x2dd
 416 0342 46030000 		.4byte	0x346
 417 0346 0E       		.uleb128 0xe
 418 0347 25030000 		.4byte	0x325
 419 034b 0C       		.uleb128 0xc
 420 034c 53010000 		.4byte	0x153
 421 0350 5B030000 		.4byte	0x35b
 422 0354 0D       		.uleb128 0xd
 423 0355 48020000 		.4byte	0x248
 424 0359 00       		.byte	0
 425 035a 00       		.byte	0
 426 035b 10       		.uleb128 0x10
 427 035c 35030000 		.4byte	.LASF56
 428 0360 03       		.byte	0x3
 429 0361 FB02     		.2byte	0x2fb
 430 0363 4B030000 		.4byte	0x34b
 431 0367 0C       		.uleb128 0xc
 432 0368 0A020000 		.4byte	0x20a
 433 036c 77030000 		.4byte	0x377
 434 0370 0D       		.uleb128 0xd
 435 0371 48020000 		.4byte	0x248
 436 0375 00       		.byte	0
 437 0376 00       		.byte	0
 438 0377 10       		.uleb128 0x10
 439 0378 83020000 		.4byte	.LASF57
 440 037c 03       		.byte	0x3
 441 037d 0403     		.2byte	0x304
 442 037f 67030000 		.4byte	0x367
 443 0383 0F       		.uleb128 0xf
 444 0384 97040000 		.4byte	.LASF58
 445 0388 05       		.byte	0x5
 446 0389 40       		.byte	0x40
 447 038a 96000000 		.4byte	0x96
 448 038e 0F       		.uleb128 0xf
 449 038f A8010000 		.4byte	.LASF59
 450 0393 05       		.byte	0x5
 451 0394 47       		.byte	0x47
 452 0395 A1000000 		.4byte	0xa1
 453 0399 0F       		.uleb128 0xf
 454 039a 44030000 		.4byte	.LASF60
 455 039e 05       		.byte	0x5
 456 039f 4A       		.byte	0x4a
ARM GAS  C:\Users\Reza\AppData\Local\Temp\ccXrSAJk.s 			page 9


 457 03a0 96000000 		.4byte	0x96
 458 03a4 0C       		.uleb128 0xc
 459 03a5 B4030000 		.4byte	0x3b4
 460 03a9 B4030000 		.4byte	0x3b4
 461 03ad 0D       		.uleb128 0xd
 462 03ae 48020000 		.4byte	0x248
 463 03b2 FF       		.byte	0xff
 464 03b3 00       		.byte	0
 465 03b4 0E       		.uleb128 0xe
 466 03b5 6A000000 		.4byte	0x6a
 467 03b9 10       		.uleb128 0x10
 468 03ba B4040000 		.4byte	.LASF61
 469 03be 06       		.byte	0x6
 470 03bf AB01     		.2byte	0x1ab
 471 03c1 C5030000 		.4byte	0x3c5
 472 03c5 0E       		.uleb128 0xe
 473 03c6 A4030000 		.4byte	0x3a4
 474 03ca 00       		.byte	0
 475              		.section	.debug_abbrev,"",%progbits
 476              	.Ldebug_abbrev0:
 477 0000 01       		.uleb128 0x1
 478 0001 11       		.uleb128 0x11
 479 0002 01       		.byte	0x1
 480 0003 25       		.uleb128 0x25
 481 0004 0E       		.uleb128 0xe
 482 0005 13       		.uleb128 0x13
 483 0006 0B       		.uleb128 0xb
 484 0007 03       		.uleb128 0x3
 485 0008 0E       		.uleb128 0xe
 486 0009 1B       		.uleb128 0x1b
 487 000a 0E       		.uleb128 0xe
 488 000b 10       		.uleb128 0x10
 489 000c 17       		.uleb128 0x17
 490 000d 00       		.byte	0
 491 000e 00       		.byte	0
 492 000f 02       		.uleb128 0x2
 493 0010 24       		.uleb128 0x24
 494 0011 00       		.byte	0
 495 0012 0B       		.uleb128 0xb
 496 0013 0B       		.uleb128 0xb
 497 0014 3E       		.uleb128 0x3e
 498 0015 0B       		.uleb128 0xb
 499 0016 03       		.uleb128 0x3
 500 0017 0E       		.uleb128 0xe
 501 0018 00       		.byte	0
 502 0019 00       		.byte	0
 503 001a 03       		.uleb128 0x3
 504 001b 24       		.uleb128 0x24
 505 001c 00       		.byte	0
 506 001d 0B       		.uleb128 0xb
 507 001e 0B       		.uleb128 0xb
 508 001f 3E       		.uleb128 0x3e
 509 0020 0B       		.uleb128 0xb
 510 0021 03       		.uleb128 0x3
 511 0022 08       		.uleb128 0x8
 512 0023 00       		.byte	0
 513 0024 00       		.byte	0
ARM GAS  C:\Users\Reza\AppData\Local\Temp\ccXrSAJk.s 			page 10


 514 0025 04       		.uleb128 0x4
 515 0026 16       		.uleb128 0x16
 516 0027 00       		.byte	0
 517 0028 03       		.uleb128 0x3
 518 0029 0E       		.uleb128 0xe
 519 002a 3A       		.uleb128 0x3a
 520 002b 0B       		.uleb128 0xb
 521 002c 3B       		.uleb128 0x3b
 522 002d 0B       		.uleb128 0xb
 523 002e 49       		.uleb128 0x49
 524 002f 13       		.uleb128 0x13
 525 0030 00       		.byte	0
 526 0031 00       		.byte	0
 527 0032 05       		.uleb128 0x5
 528 0033 16       		.uleb128 0x16
 529 0034 00       		.byte	0
 530 0035 03       		.uleb128 0x3
 531 0036 0E       		.uleb128 0xe
 532 0037 3A       		.uleb128 0x3a
 533 0038 0B       		.uleb128 0xb
 534 0039 3B       		.uleb128 0x3b
 535 003a 05       		.uleb128 0x5
 536 003b 49       		.uleb128 0x49
 537 003c 13       		.uleb128 0x13
 538 003d 00       		.byte	0
 539 003e 00       		.byte	0
 540 003f 06       		.uleb128 0x6
 541 0040 13       		.uleb128 0x13
 542 0041 01       		.byte	0x1
 543 0042 0B       		.uleb128 0xb
 544 0043 0B       		.uleb128 0xb
 545 0044 3A       		.uleb128 0x3a
 546 0045 0B       		.uleb128 0xb
 547 0046 3B       		.uleb128 0x3b
 548 0047 05       		.uleb128 0x5
 549 0048 01       		.uleb128 0x1
 550 0049 13       		.uleb128 0x13
 551 004a 00       		.byte	0
 552 004b 00       		.byte	0
 553 004c 07       		.uleb128 0x7
 554 004d 0D       		.uleb128 0xd
 555 004e 00       		.byte	0
 556 004f 03       		.uleb128 0x3
 557 0050 0E       		.uleb128 0xe
 558 0051 3A       		.uleb128 0x3a
 559 0052 0B       		.uleb128 0xb
 560 0053 3B       		.uleb128 0x3b
 561 0054 05       		.uleb128 0x5
 562 0055 49       		.uleb128 0x49
 563 0056 13       		.uleb128 0x13
 564 0057 38       		.uleb128 0x38
 565 0058 0B       		.uleb128 0xb
 566 0059 00       		.byte	0
 567 005a 00       		.byte	0
 568 005b 08       		.uleb128 0x8
 569 005c 04       		.uleb128 0x4
 570 005d 01       		.byte	0x1
ARM GAS  C:\Users\Reza\AppData\Local\Temp\ccXrSAJk.s 			page 11


 571 005e 0B       		.uleb128 0xb
 572 005f 0B       		.uleb128 0xb
 573 0060 49       		.uleb128 0x49
 574 0061 13       		.uleb128 0x13
 575 0062 3A       		.uleb128 0x3a
 576 0063 0B       		.uleb128 0xb
 577 0064 3B       		.uleb128 0x3b
 578 0065 05       		.uleb128 0x5
 579 0066 01       		.uleb128 0x1
 580 0067 13       		.uleb128 0x13
 581 0068 00       		.byte	0
 582 0069 00       		.byte	0
 583 006a 09       		.uleb128 0x9
 584 006b 28       		.uleb128 0x28
 585 006c 00       		.byte	0
 586 006d 03       		.uleb128 0x3
 587 006e 0E       		.uleb128 0xe
 588 006f 1C       		.uleb128 0x1c
 589 0070 0B       		.uleb128 0xb
 590 0071 00       		.byte	0
 591 0072 00       		.byte	0
 592 0073 0A       		.uleb128 0xa
 593 0074 0D       		.uleb128 0xd
 594 0075 00       		.byte	0
 595 0076 03       		.uleb128 0x3
 596 0077 08       		.uleb128 0x8
 597 0078 3A       		.uleb128 0x3a
 598 0079 0B       		.uleb128 0xb
 599 007a 3B       		.uleb128 0x3b
 600 007b 05       		.uleb128 0x5
 601 007c 49       		.uleb128 0x49
 602 007d 13       		.uleb128 0x13
 603 007e 38       		.uleb128 0x38
 604 007f 0B       		.uleb128 0xb
 605 0080 00       		.byte	0
 606 0081 00       		.byte	0
 607 0082 0B       		.uleb128 0xb
 608 0083 34       		.uleb128 0x34
 609 0084 00       		.byte	0
 610 0085 03       		.uleb128 0x3
 611 0086 0E       		.uleb128 0xe
 612 0087 3A       		.uleb128 0x3a
 613 0088 0B       		.uleb128 0xb
 614 0089 3B       		.uleb128 0x3b
 615 008a 0B       		.uleb128 0xb
 616 008b 49       		.uleb128 0x49
 617 008c 13       		.uleb128 0x13
 618 008d 3F       		.uleb128 0x3f
 619 008e 19       		.uleb128 0x19
 620 008f 02       		.uleb128 0x2
 621 0090 18       		.uleb128 0x18
 622 0091 00       		.byte	0
 623 0092 00       		.byte	0
 624 0093 0C       		.uleb128 0xc
 625 0094 01       		.uleb128 0x1
 626 0095 01       		.byte	0x1
 627 0096 49       		.uleb128 0x49
ARM GAS  C:\Users\Reza\AppData\Local\Temp\ccXrSAJk.s 			page 12


 628 0097 13       		.uleb128 0x13
 629 0098 01       		.uleb128 0x1
 630 0099 13       		.uleb128 0x13
 631 009a 00       		.byte	0
 632 009b 00       		.byte	0
 633 009c 0D       		.uleb128 0xd
 634 009d 21       		.uleb128 0x21
 635 009e 00       		.byte	0
 636 009f 49       		.uleb128 0x49
 637 00a0 13       		.uleb128 0x13
 638 00a1 2F       		.uleb128 0x2f
 639 00a2 0B       		.uleb128 0xb
 640 00a3 00       		.byte	0
 641 00a4 00       		.byte	0
 642 00a5 0E       		.uleb128 0xe
 643 00a6 26       		.uleb128 0x26
 644 00a7 00       		.byte	0
 645 00a8 49       		.uleb128 0x49
 646 00a9 13       		.uleb128 0x13
 647 00aa 00       		.byte	0
 648 00ab 00       		.byte	0
 649 00ac 0F       		.uleb128 0xf
 650 00ad 34       		.uleb128 0x34
 651 00ae 00       		.byte	0
 652 00af 03       		.uleb128 0x3
 653 00b0 0E       		.uleb128 0xe
 654 00b1 3A       		.uleb128 0x3a
 655 00b2 0B       		.uleb128 0xb
 656 00b3 3B       		.uleb128 0x3b
 657 00b4 0B       		.uleb128 0xb
 658 00b5 49       		.uleb128 0x49
 659 00b6 13       		.uleb128 0x13
 660 00b7 3F       		.uleb128 0x3f
 661 00b8 19       		.uleb128 0x19
 662 00b9 3C       		.uleb128 0x3c
 663 00ba 19       		.uleb128 0x19
 664 00bb 00       		.byte	0
 665 00bc 00       		.byte	0
 666 00bd 10       		.uleb128 0x10
 667 00be 34       		.uleb128 0x34
 668 00bf 00       		.byte	0
 669 00c0 03       		.uleb128 0x3
 670 00c1 0E       		.uleb128 0xe
 671 00c2 3A       		.uleb128 0x3a
 672 00c3 0B       		.uleb128 0xb
 673 00c4 3B       		.uleb128 0x3b
 674 00c5 05       		.uleb128 0x5
 675 00c6 49       		.uleb128 0x49
 676 00c7 13       		.uleb128 0x13
 677 00c8 3F       		.uleb128 0x3f
 678 00c9 19       		.uleb128 0x19
 679 00ca 3C       		.uleb128 0x3c
 680 00cb 19       		.uleb128 0x19
 681 00cc 00       		.byte	0
 682 00cd 00       		.byte	0
 683 00ce 00       		.byte	0
 684              		.section	.debug_aranges,"",%progbits
ARM GAS  C:\Users\Reza\AppData\Local\Temp\ccXrSAJk.s 			page 13


 685 0000 14000000 		.4byte	0x14
 686 0004 0200     		.2byte	0x2
 687 0006 00000000 		.4byte	.Ldebug_info0
 688 000a 04       		.byte	0x4
 689 000b 00       		.byte	0
 690 000c 0000     		.2byte	0
 691 000e 0000     		.2byte	0
 692 0010 00000000 		.4byte	0
 693 0014 00000000 		.4byte	0
 694              		.section	.debug_line,"",%progbits
 695              	.Ldebug_line0:
 696 0000 F5000000 		.section	.debug_str,"MS",%progbits,1
 696      0200EF00 
 696      00000201 
 696      FB0E0D00 
 696      01010101 
 697              	.LASF34:
 698 0000 6B696E64 		.ascii	"kind\000"
 698      00
 699              	.LASF51:
 700 0005 45455F72 		.ascii	"EE_rq_bitmask\000"
 700      715F6269 
 700      746D6173 
 700      6B00
 701              	.LASF14:
 702 0013 45455F55 		.ascii	"EE_UREG\000"
 702      52454700 
 703              	.LASF23:
 704 001b 7469636B 		.ascii	"ticksperbase\000"
 704      73706572 
 704      62617365 
 704      00
 705              	.LASF52:
 706 0028 45455F74 		.ascii	"EE_th_event_active\000"
 706      685F6576 
 706      656E745F 
 706      61637469 
 706      766500
 707              	.LASF53:
 708 003b 45455F74 		.ascii	"EE_th_waswaiting\000"
 708      685F7761 
 708      73776169 
 708      74696E67 
 708      00
 709              	.LASF2:
 710 004c 73686F72 		.ascii	"short int\000"
 710      7420696E 
 710      7400
 711              	.LASF43:
 712 0056 73697A65 		.ascii	"sizetype\000"
 712      74797065 
 712      00
 713              	.LASF38:
 714 005f 64656C74 		.ascii	"delta\000"
 714      6100
 715              	.LASF33:
 716 0065 73706563 		.ascii	"spec_id\000"
ARM GAS  C:\Users\Reza\AppData\Local\Temp\ccXrSAJk.s 			page 14


 716      5F696400 
 717              	.LASF15:
 718 006d 45455F46 		.ascii	"EE_FREG\000"
 718      52454700 
 719              	.LASF32:
 720 0075 436F756E 		.ascii	"CounterObjectKindType\000"
 720      7465724F 
 720      626A6563 
 720      744B696E 
 720      64547970 
 721              	.LASF13:
 722 008b 45455F55 		.ascii	"EE_UINT32\000"
 722      494E5433 
 722      3200
 723              	.LASF44:
 724 0095 45455F74 		.ascii	"EE_th_ready_prio\000"
 724      685F7265 
 724      6164795F 
 724      7072696F 
 724      00
 725              	.LASF17:
 726 00a6 45455F54 		.ascii	"EE_TID\000"
 726      494400
 727              	.LASF24:
 728 00ad 6D696E63 		.ascii	"mincycle\000"
 728      79636C65 
 728      00
 729              	.LASF26:
 730 00b6 76616C75 		.ascii	"value\000"
 730      6500
 731              	.LASF64:
 732 00bc 443A5C48 		.ascii	"D:\\H_da\\Summer_Semester_2020\\Embedded Architectu"
 732      5F64615C 
 732      53756D6D 
 732      65725F53 
 732      656D6573 
 733 00ec 72652061 		.ascii	"re and Application\\Lab1\\Work_Space_RTE\\RTE_Elect"
 733      6E642041 
 733      70706C69 
 733      63617469 
 733      6F6E5C4C 
 734 011c 726F6E69 		.ascii	"ronic_Clock.cydsn\000"
 734      635F436C 
 734      6F636B2E 
 734      63796473 
 734      6E00
 735              	.LASF55:
 736 012e 45455F6F 		.ascii	"EE_oo_counter_object_ROM\000"
 736      6F5F636F 
 736      756E7465 
 736      725F6F62 
 736      6A656374 
 737              	.LASF31:
 738 0147 45455F6F 		.ascii	"EE_oo_counter_object_kind_type\000"
 738      6F5F636F 
 738      756E7465 
 738      725F6F62 
ARM GAS  C:\Users\Reza\AppData\Local\Temp\ccXrSAJk.s 			page 15


 738      6A656374 
 739              	.LASF41:
 740 0166 45455F49 		.ascii	"EE_IRQ_nesting_level\000"
 740      52515F6E 
 740      65737469 
 740      6E675F6C 
 740      6576656C 
 741              	.LASF28:
 742 017b 45455F6F 		.ascii	"EE_oo_counter_RAM_type\000"
 742      6F5F636F 
 742      756E7465 
 742      725F5241 
 742      4D5F7479 
 743              	.LASF6:
 744 0192 6C6F6E67 		.ascii	"long long int\000"
 744      206C6F6E 
 744      6720696E 
 744      7400
 745              	.LASF10:
 746 01a0 45455F49 		.ascii	"EE_INT8\000"
 746      4E543800 
 747              	.LASF59:
 748 01a8 45455F6F 		.ascii	"EE_oo_IRQ_suspend_status\000"
 748      6F5F4952 
 748      515F7375 
 748      7370656E 
 748      645F7374 
 749              	.LASF18:
 750 01c1 45455F54 		.ascii	"EE_TYPE_RQ_MASK\000"
 750      5950455F 
 750      52515F4D 
 750      41534B00 
 751              	.LASF30:
 752 01d1 45455F53 		.ascii	"EE_SCHEDULETABLE\000"
 752      43484544 
 752      554C4554 
 752      41424C45 
 752      00
 753              	.LASF4:
 754 01e2 6C6F6E67 		.ascii	"long int\000"
 754      20696E74 
 754      00
 755              	.LASF22:
 756 01eb 6D617861 		.ascii	"maxallowedvalue\000"
 756      6C6C6F77 
 756      65647661 
 756      6C756500 
 757              	.LASF40:
 758 01fb 45455F6F 		.ascii	"EE_oo_counter_object_RAM_type\000"
 758      6F5F636F 
 758      756E7465 
 758      725F6F62 
 758      6A656374 
 759              	.LASF25:
 760 0219 45455F6F 		.ascii	"EE_oo_counter_ROM_type\000"
 760      6F5F636F 
 760      756E7465 
ARM GAS  C:\Users\Reza\AppData\Local\Temp\ccXrSAJk.s 			page 16


 760      725F524F 
 760      4D5F7479 
 761              	.LASF19:
 762 0230 5469636B 		.ascii	"TickType\000"
 762      54797065 
 762      00
 763              	.LASF50:
 764 0239 45455F73 		.ascii	"EE_sys_ceiling\000"
 764      79735F63 
 764      65696C69 
 764      6E6700
 765              	.LASF20:
 766 0248 436F756E 		.ascii	"CounterObjectType\000"
 766      7465724F 
 766      626A6563 
 766      74547970 
 766      6500
 767              	.LASF9:
 768 025a 6C6F6E67 		.ascii	"long double\000"
 768      20646F75 
 768      626C6500 
 769              	.LASF54:
 770 0266 45455F63 		.ascii	"EE_counter_ROM\000"
 770      6F756E74 
 770      65725F52 
 770      4F4D00
 771              	.LASF1:
 772 0275 756E7369 		.ascii	"unsigned char\000"
 772      676E6564 
 772      20636861 
 772      7200
 773              	.LASF57:
 774 0283 45455F6F 		.ascii	"EE_oo_counter_object_RAM\000"
 774      6F5F636F 
 774      756E7465 
 774      725F6F62 
 774      6A656374 
 775              	.LASF0:
 776 029c 7369676E 		.ascii	"signed char\000"
 776      65642063 
 776      68617200 
 777              	.LASF7:
 778 02a8 6C6F6E67 		.ascii	"long long unsigned int\000"
 778      206C6F6E 
 778      6720756E 
 778      7369676E 
 778      65642069 
 779              	.LASF8:
 780 02bf 756E7369 		.ascii	"unsigned int\000"
 780      676E6564 
 780      20696E74 
 780      00
 781              	.LASF48:
 782 02cc 45455F74 		.ascii	"EE_th_rnact\000"
 782      685F726E 
 782      61637400 
 783              	.LASF42:
ARM GAS  C:\Users\Reza\AppData\Local\Temp\ccXrSAJk.s 			page 17


 784 02d8 45455F73 		.ascii	"EE_std_endcycle_next_tid\000"
 784      74645F65 
 784      6E646379 
 784      636C655F 
 784      6E657874 
 785              	.LASF12:
 786 02f1 45455F49 		.ascii	"EE_INT32\000"
 786      4E543332 
 786      00
 787              	.LASF3:
 788 02fa 73686F72 		.ascii	"short unsigned int\000"
 788      7420756E 
 788      7369676E 
 788      65642069 
 788      6E7400
 789              	.LASF35:
 790 030d 45455F6F 		.ascii	"EE_oo_counter_object_ROM_type\000"
 790      6F5F636F 
 790      756E7465 
 790      725F6F62 
 790      6A656374 
 791              	.LASF11:
 792 032b 45455F55 		.ascii	"EE_UINT16\000"
 792      494E5431 
 792      3600
 793              	.LASF56:
 794 0335 45455F63 		.ascii	"EE_counter_RAM\000"
 794      6F756E74 
 794      65725F52 
 794      414D00
 795              	.LASF60:
 796 0344 45455F41 		.ascii	"EE_ApplicationMode\000"
 796      70706C69 
 796      63617469 
 796      6F6E4D6F 
 796      646500
 797              	.LASF5:
 798 0357 6C6F6E67 		.ascii	"long unsigned int\000"
 798      20756E73 
 798      69676E65 
 798      6420696E 
 798      7400
 799              	.LASF16:
 800 0369 45455F54 		.ascii	"EE_TYPEBOOL\000"
 800      59504542 
 800      4F4F4C00 
 801              	.LASF49:
 802 0375 45455F73 		.ascii	"EE_stkfirst\000"
 802      746B6669 
 802      72737400 
 803              	.LASF29:
 804 0381 45455F41 		.ascii	"EE_ALARM\000"
 804      4C41524D 
 804      00
 805              	.LASF36:
 806 038a 75736564 		.ascii	"used\000"
 806      00
ARM GAS  C:\Users\Reza\AppData\Local\Temp\ccXrSAJk.s 			page 18


 807              	.LASF21:
 808 038f 436F756E 		.ascii	"CounterType\000"
 808      74657254 
 808      79706500 
 809              	.LASF46:
 810 039b 45455F74 		.ascii	"EE_th_status\000"
 810      685F7374 
 810      61747573 
 810      00
 811              	.LASF45:
 812 03a8 45455F74 		.ascii	"EE_th_dispatch_prio\000"
 812      685F6469 
 812      73706174 
 812      63685F70 
 812      72696F00 
 813              	.LASF63:
 814 03bc 47656E65 		.ascii	"Generated_Source\\PSoC5\\ErikaOS_1_common_ee_hal_st"
 814      72617465 
 814      645F536F 
 814      75726365 
 814      5C50536F 
 815 03ed 72756374 		.ascii	"ructs.c\000"
 815      732E6300 
 816              	.LASF47:
 817 03f5 45455F74 		.ascii	"EE_th_next\000"
 817      685F6E65 
 817      787400
 818              	.LASF62:
 819 0400 474E5520 		.ascii	"GNU C11 5.4.1 20160609 (release) [ARM/embedded-5-br"
 819      43313120 
 819      352E342E 
 819      31203230 
 819      31363036 
 820 0433 616E6368 		.ascii	"anch revision 237715] -mcpu=cortex-m3 -mthumb -g -O"
 820      20726576 
 820      6973696F 
 820      6E203233 
 820      37373135 
 821 0466 67202D66 		.ascii	"g -ffunction-sections -ffat-lto-objects\000"
 821      66756E63 
 821      74696F6E 
 821      2D736563 
 821      74696F6E 
 822              	.LASF37:
 823 048e 636E7463 		.ascii	"cntcycle\000"
 823      79636C65 
 823      00
 824              	.LASF58:
 825 0497 45455F6F 		.ascii	"EE_oo_IRQ_disable_count\000"
 825      6F5F4952 
 825      515F6469 
 825      7361626C 
 825      655F636F 
 826              	.LASF39:
 827 04af 6E657874 		.ascii	"next\000"
 827      00
 828              	.LASF61:
ARM GAS  C:\Users\Reza\AppData\Local\Temp\ccXrSAJk.s 			page 19


 829 04b4 45455F72 		.ascii	"EE_rq_lookup\000"
 829      715F6C6F 
 829      6F6B7570 
 829      00
 830              	.LASF27:
 831 04c1 66697273 		.ascii	"first\000"
 831      7400
 832              		.ident	"GCC: (GNU Tools for ARM Embedded Processors) 5.4.1 20160609 (release) [ARM/embedded-5-bran
