ARM GAS  C:\Users\Reza\AppData\Local\Temp\ccg6zgO2.s 			page 1


   1              		.syntax unified
   2              		.cpu cortex-m3
   3              		.fpu softvfp
   4              		.eabi_attribute 20, 1
   5              		.eabi_attribute 21, 1
   6              		.eabi_attribute 23, 3
   7              		.eabi_attribute 24, 1
   8              		.eabi_attribute 25, 1
   9              		.eabi_attribute 26, 1
  10              		.eabi_attribute 30, 1
  11              		.eabi_attribute 34, 1
  12              		.eabi_attribute 18, 4
  13              		.thumb
  14              		.syntax unified
  15              		.file	"gpio_type.c"
  16              		.text
  17              	.Ltext0:
  18              		.cfi_sections	.debug_frame
  19              		.section	.text.GPIO_driverIn,"ax",%progbits
  20              		.align	2
  21              		.global	GPIO_driverIn
  22              		.thumb
  23              		.thumb_func
  24              		.type	GPIO_driverIn, %function
  25              	GPIO_driverIn:
  26              	.LFB110:
  27              		.file 1 "source\\rte\\gpio_type.c"
   1:source\rte/gpio_type.c **** /*
   2:source\rte/gpio_type.c ****  * gpio_type.c
   3:source\rte/gpio_type.c ****  *
   4:source\rte/gpio_type.c ****  * Author: Autogenerated by H-DA RTE Generator, (c) Prof. Fromm
   5:source\rte/gpio_type.c ****  */
   6:source\rte/gpio_type.c **** 
   7:source\rte/gpio_type.c **** 
   8:source\rte/gpio_type.c **** #include "project.h"
   9:source\rte/gpio_type.c **** #include "global.h"
  10:source\rte/gpio_type.c **** #include "led.h"
  11:source\rte/gpio_type.c **** 
  12:source\rte/gpio_type.c **** #include "gpio_type.h"
  13:source\rte/gpio_type.c **** 
  14:source\rte/gpio_type.c **** /*****************************************************************************************
  15:source\rte/gpio_type.c ****  *************** Port Wrapper Implementation for GPIO signal                     ******************
  16:source\rte/gpio_type.c ****  *****************************************************************************************/
  17:source\rte/gpio_type.c **** 
  18:source\rte/gpio_type.c **** 
  19:source\rte/gpio_type.c **** /**
  20:source\rte/gpio_type.c ****  * Default IN driver API - may be deleted if not required
  21:source\rte/gpio_type.c ****  */
  22:source\rte/gpio_type.c **** inline RC_t GPIO_driverIn(GPIO_data_t *const data)
  23:source\rte/gpio_type.c **** {
  28              		.loc 1 23 0
  29              		.cfi_startproc
  30              		@ args = 0, pretend = 0, frame = 0
  31              		@ frame_needed = 0, uses_anonymous_args = 0
  32              		@ link register save eliminated.
  33              	.LVL0:
  24:source\rte/gpio_type.c **** //#error "Add your code here"
ARM GAS  C:\Users\Reza\AppData\Local\Temp\ccg6zgO2.s 			page 2


  25:source\rte/gpio_type.c **** 
  26:source\rte/gpio_type.c **** 	//Read data from the MCAL driver
  27:source\rte/gpio_type.c **** 
  28:source\rte/gpio_type.c **** 	//Scale it to the application type
  29:source\rte/gpio_type.c **** 
  30:source\rte/gpio_type.c **** 	return RC_SUCCESS;
  31:source\rte/gpio_type.c **** }
  34              		.loc 1 31 0
  35 0000 0020     		movs	r0, #0
  36              	.LVL1:
  37 0002 7047     		bx	lr
  38              		.cfi_endproc
  39              	.LFE110:
  40              		.size	GPIO_driverIn, .-GPIO_driverIn
  41              		.section	.text.GPIO_driverOut,"ax",%progbits
  42              		.align	2
  43              		.global	GPIO_driverOut
  44              		.thumb
  45              		.thumb_func
  46              		.type	GPIO_driverOut, %function
  47              	GPIO_driverOut:
  48              	.LFB111:
  32:source\rte/gpio_type.c **** 
  33:source\rte/gpio_type.c **** /**
  34:source\rte/gpio_type.c ****  * Default IN driver API - may be deleted if not required
  35:source\rte/gpio_type.c ****  */
  36:source\rte/gpio_type.c **** inline RC_t GPIO_driverOut(const GPIO_data_t  *const data)
  37:source\rte/gpio_type.c **** {
  49              		.loc 1 37 0
  50              		.cfi_startproc
  51              		@ args = 0, pretend = 0, frame = 0
  52              		@ frame_needed = 0, uses_anonymous_args = 0
  53              	.LVL2:
  54 0000 08B5     		push	{r3, lr}
  55              		.cfi_def_cfa_offset 8
  56              		.cfi_offset 3, -8
  57              		.cfi_offset 14, -4
  38:source\rte/gpio_type.c **** 	//Write scaled data to driver
  39:source\rte/gpio_type.c ****     LED_Set(data->LED_Type, data->LED_State);
  58              		.loc 1 39 0
  59 0002 4178     		ldrb	r1, [r0, #1]	@ zero_extendqisi2
  60 0004 0078     		ldrb	r0, [r0]	@ zero_extendqisi2
  61              	.LVL3:
  62 0006 FFF7FEFF 		bl	LED_Set
  63              	.LVL4:
  40:source\rte/gpio_type.c **** 	return RC_SUCCESS;
  41:source\rte/gpio_type.c **** }
  64              		.loc 1 41 0
  65 000a 0020     		movs	r0, #0
  66 000c 08BD     		pop	{r3, pc}
  67              		.cfi_endproc
  68              	.LFE111:
  69              		.size	GPIO_driverOut, .-GPIO_driverOut
  70 000e 00BF     		.text
  71              	.Letext0:
  72              		.file 2 "c:\\program files (x86)\\cypress\\psoc creator\\4.4\\psoc creator\\import\\gnu\\arm\\5.4.
  73              		.file 3 "c:\\program files (x86)\\cypress\\psoc creator\\4.4\\psoc creator\\import\\gnu\\arm\\5.4.
ARM GAS  C:\Users\Reza\AppData\Local\Temp\ccg6zgO2.s 			page 3


  74              		.file 4 "Generated_Source\\PSoC5/ErikaOS_1_common_ee_types.inc"
  75              		.file 5 "Generated_Source\\PSoC5/ErikaOS_1_cortex_mx_ee_cpu.inc"
  76              		.file 6 ".\\source\\bsw/global.h"
  77              		.file 7 ".\\source\\bsw\\labboard/led.h"
  78              		.file 8 "source\\rte\\gpio_type.h"
  79              		.file 9 "Generated_Source\\PSoC5/ErikaOS_1_ee_oo_intfunc.inc"
  80              		.file 10 "Generated_Source\\PSoC5/ErikaOS_1_cortex_mx_ee_context.inc"
  81              		.file 11 "Generated_Source\\PSoC5/ErikaOS_1_common_ee_primitives.inc"
  82              		.file 12 "Generated_Source\\PSoC5/core_cm3.h"
  83              		.section	.debug_info,"",%progbits
  84              	.Ldebug_info0:
  85 0000 DB020000 		.4byte	0x2db
  86 0004 0400     		.2byte	0x4
  87 0006 00000000 		.4byte	.Ldebug_abbrev0
  88 000a 04       		.byte	0x4
  89 000b 01       		.uleb128 0x1
  90 000c 3C030000 		.4byte	.LASF69
  91 0010 0C       		.byte	0xc
  92 0011 9F000000 		.4byte	.LASF70
  93 0015 95020000 		.4byte	.LASF71
  94 0019 00000000 		.4byte	.Ldebug_ranges0+0
  95 001d 00000000 		.4byte	0
  96 0021 00000000 		.4byte	.Ldebug_line0
  97 0025 02       		.uleb128 0x2
  98 0026 01       		.byte	0x1
  99 0027 06       		.byte	0x6
 100 0028 08020000 		.4byte	.LASF0
 101 002c 02       		.uleb128 0x2
 102 002d 01       		.byte	0x1
 103 002e 08       		.byte	0x8
 104 002f EE010000 		.4byte	.LASF1
 105 0033 02       		.uleb128 0x2
 106 0034 02       		.byte	0x2
 107 0035 05       		.byte	0x5
 108 0036 32000000 		.4byte	.LASF2
 109 003a 02       		.uleb128 0x2
 110 003b 02       		.byte	0x2
 111 003c 07       		.byte	0x7
 112 003d 29030000 		.4byte	.LASF3
 113 0041 03       		.uleb128 0x3
 114 0042 71040000 		.4byte	.LASF9
 115 0046 02       		.byte	0x2
 116 0047 3F       		.byte	0x3f
 117 0048 4C000000 		.4byte	0x4c
 118 004c 02       		.uleb128 0x2
 119 004d 04       		.byte	0x4
 120 004e 05       		.byte	0x5
 121 004f 96010000 		.4byte	.LASF4
 122 0053 02       		.uleb128 0x2
 123 0054 04       		.byte	0x4
 124 0055 07       		.byte	0x7
 125 0056 36040000 		.4byte	.LASF5
 126 005a 02       		.uleb128 0x2
 127 005b 08       		.byte	0x8
 128 005c 05       		.byte	0x5
 129 005d 43010000 		.4byte	.LASF6
 130 0061 02       		.uleb128 0x2
ARM GAS  C:\Users\Reza\AppData\Local\Temp\ccg6zgO2.s 			page 4


 131 0062 08       		.byte	0x8
 132 0063 07       		.byte	0x7
 133 0064 14020000 		.4byte	.LASF7
 134 0068 04       		.uleb128 0x4
 135 0069 04       		.byte	0x4
 136 006a 05       		.byte	0x5
 137 006b 696E7400 		.ascii	"int\000"
 138 006f 02       		.uleb128 0x2
 139 0070 04       		.byte	0x4
 140 0071 07       		.byte	0x7
 141 0072 3B020000 		.4byte	.LASF8
 142 0076 03       		.uleb128 0x3
 143 0077 E4030000 		.4byte	.LASF10
 144 007b 03       		.byte	0x3
 145 007c 2C       		.byte	0x2c
 146 007d 41000000 		.4byte	0x41
 147 0081 02       		.uleb128 0x2
 148 0082 04       		.byte	0x4
 149 0083 04       		.byte	0x4
 150 0084 3D010000 		.4byte	.LASF11
 151 0088 02       		.uleb128 0x2
 152 0089 08       		.byte	0x8
 153 008a 04       		.byte	0x4
 154 008b 48040000 		.4byte	.LASF12
 155 008f 02       		.uleb128 0x2
 156 0090 01       		.byte	0x1
 157 0091 08       		.byte	0x8
 158 0092 CA030000 		.4byte	.LASF13
 159 0096 02       		.uleb128 0x2
 160 0097 08       		.byte	0x8
 161 0098 04       		.byte	0x4
 162 0099 E2010000 		.4byte	.LASF14
 163 009d 02       		.uleb128 0x2
 164 009e 04       		.byte	0x4
 165 009f 07       		.byte	0x7
 166 00a0 62000000 		.4byte	.LASF15
 167 00a4 03       		.uleb128 0x3
 168 00a5 0C010000 		.4byte	.LASF16
 169 00a9 04       		.byte	0x4
 170 00aa 53       		.byte	0x53
 171 00ab 68000000 		.4byte	0x68
 172 00af 03       		.uleb128 0x3
 173 00b0 B6000000 		.4byte	.LASF17
 174 00b4 04       		.byte	0x4
 175 00b5 54       		.byte	0x54
 176 00b6 6F000000 		.4byte	0x6f
 177 00ba 03       		.uleb128 0x3
 178 00bb 61040000 		.4byte	.LASF18
 179 00bf 05       		.byte	0x5
 180 00c0 4D       		.byte	0x4d
 181 00c1 AF000000 		.4byte	0xaf
 182 00c5 03       		.uleb128 0x3
 183 00c6 83000000 		.4byte	.LASF19
 184 00ca 05       		.byte	0x5
 185 00cb 4F       		.byte	0x4f
 186 00cc AF000000 		.4byte	0xaf
 187 00d0 03       		.uleb128 0x3
ARM GAS  C:\Users\Reza\AppData\Local\Temp\ccg6zgO2.s 			page 5


 188 00d1 C0000000 		.4byte	.LASF20
 189 00d5 05       		.byte	0x5
 190 00d6 78       		.byte	0x78
 191 00d7 A4000000 		.4byte	0xa4
 192 00db 05       		.uleb128 0x5
 193 00dc 65524300 		.ascii	"eRC\000"
 194 00e0 01       		.byte	0x1
 195 00e1 25000000 		.4byte	0x25
 196 00e5 06       		.byte	0x6
 197 00e6 AC       		.byte	0xac
 198 00e7 82010000 		.4byte	0x182
 199 00eb 06       		.uleb128 0x6
 200 00ec 13000000 		.4byte	.LASF21
 201 00f0 00       		.byte	0
 202 00f1 07       		.uleb128 0x7
 203 00f2 A9040000 		.4byte	.LASF22
 204 00f6 7F       		.sleb128 -1
 205 00f7 07       		.uleb128 0x7
 206 00f8 71020000 		.4byte	.LASF23
 207 00fc 7E       		.sleb128 -2
 208 00fd 07       		.uleb128 0x7
 209 00fe 75000000 		.4byte	.LASF24
 210 0102 7D       		.sleb128 -3
 211 0103 07       		.uleb128 0x7
 212 0104 BA040000 		.4byte	.LASF25
 213 0108 7C       		.sleb128 -4
 214 0109 07       		.uleb128 0x7
 215 010a 2E010000 		.4byte	.LASF26
 216 010e 7B       		.sleb128 -5
 217 010f 07       		.uleb128 0x7
 218 0110 3C000000 		.4byte	.LASF27
 219 0114 7A       		.sleb128 -6
 220 0115 07       		.uleb128 0x7
 221 0116 9F010000 		.4byte	.LASF28
 222 011a 79       		.sleb128 -7
 223 011b 07       		.uleb128 0x7
 224 011c CF030000 		.4byte	.LASF29
 225 0120 78       		.sleb128 -8
 226 0121 07       		.uleb128 0x7
 227 0122 7F020000 		.4byte	.LASF30
 228 0126 77       		.sleb128 -9
 229 0127 07       		.uleb128 0x7
 230 0128 B1010000 		.4byte	.LASF31
 231 012c 76       		.sleb128 -10
 232 012d 07       		.uleb128 0x7
 233 012e E7040000 		.4byte	.LASF32
 234 0132 75       		.sleb128 -11
 235 0133 07       		.uleb128 0x7
 236 0134 48020000 		.4byte	.LASF33
 237 0138 74       		.sleb128 -12
 238 0139 07       		.uleb128 0x7
 239 013a 4F040000 		.4byte	.LASF34
 240 013e 73       		.sleb128 -13
 241 013f 07       		.uleb128 0x7
 242 0140 00000000 		.4byte	.LASF35
 243 0144 72       		.sleb128 -14
 244 0145 07       		.uleb128 0x7
ARM GAS  C:\Users\Reza\AppData\Local\Temp\ccg6zgO2.s 			page 6


 245 0146 1E000000 		.4byte	.LASF36
 246 014a 71       		.sleb128 -15
 247 014b 07       		.uleb128 0x7
 248 014c BF010000 		.4byte	.LASF37
 249 0150 70       		.sleb128 -16
 250 0151 07       		.uleb128 0x7
 251 0152 8B000000 		.4byte	.LASF38
 252 0156 6F       		.sleb128 -17
 253 0157 07       		.uleb128 0x7
 254 0158 4D000000 		.4byte	.LASF39
 255 015c 6E       		.sleb128 -18
 256 015d 07       		.uleb128 0x7
 257 015e 72010000 		.4byte	.LASF40
 258 0162 6D       		.sleb128 -19
 259 0163 07       		.uleb128 0x7
 260 0164 F5030000 		.4byte	.LASF41
 261 0168 6C       		.sleb128 -20
 262 0169 07       		.uleb128 0x7
 263 016a D0010000 		.4byte	.LASF42
 264 016e 6B       		.sleb128 -21
 265 016f 07       		.uleb128 0x7
 266 0170 7B040000 		.4byte	.LASF43
 267 0174 6A       		.sleb128 -22
 268 0175 07       		.uleb128 0x7
 269 0176 E0000000 		.4byte	.LASF44
 270 017a 69       		.sleb128 -23
 271 017b 07       		.uleb128 0x7
 272 017c 85010000 		.4byte	.LASF45
 273 0180 68       		.sleb128 -24
 274 0181 00       		.byte	0
 275 0182 03       		.uleb128 0x3
 276 0183 E2040000 		.4byte	.LASF46
 277 0187 06       		.byte	0x6
 278 0188 C8       		.byte	0xc8
 279 0189 DB000000 		.4byte	0xdb
 280 018d 08       		.uleb128 0x8
 281 018e 51010000 		.4byte	.LASF47
 282 0192 01       		.byte	0x1
 283 0193 2C000000 		.4byte	0x2c
 284 0197 07       		.byte	0x7
 285 0198 5A       		.byte	0x5a
 286 0199 B6010000 		.4byte	0x1b6
 287 019d 06       		.uleb128 0x6
 288 019e B2040000 		.4byte	.LASF48
 289 01a2 00       		.byte	0
 290 01a3 06       		.uleb128 0x6
 291 01a4 66020000 		.4byte	.LASF49
 292 01a8 01       		.byte	0x1
 293 01a9 06       		.uleb128 0x6
 294 01aa 08040000 		.4byte	.LASF50
 295 01ae 02       		.byte	0x2
 296 01af 06       		.uleb128 0x6
 297 01b0 69040000 		.4byte	.LASF51
 298 01b4 03       		.byte	0x3
 299 01b5 00       		.byte	0
 300 01b6 03       		.uleb128 0x3
 301 01b7 32020000 		.4byte	.LASF52
ARM GAS  C:\Users\Reza\AppData\Local\Temp\ccg6zgO2.s 			page 7


 302 01bb 07       		.byte	0x7
 303 01bc 60       		.byte	0x60
 304 01bd 8D010000 		.4byte	0x18d
 305 01c1 08       		.uleb128 0x8
 306 01c2 D5000000 		.4byte	.LASF53
 307 01c6 01       		.byte	0x1
 308 01c7 2C000000 		.4byte	0x2c
 309 01cb 07       		.byte	0x7
 310 01cc 62       		.byte	0x62
 311 01cd DE010000 		.4byte	0x1de
 312 01d1 06       		.uleb128 0x6
 313 01d2 5E020000 		.4byte	.LASF54
 314 01d6 00       		.byte	0
 315 01d7 06       		.uleb128 0x6
 316 01d8 2B020000 		.4byte	.LASF55
 317 01dc 01       		.byte	0x1
 318 01dd 00       		.byte	0
 319 01de 03       		.uleb128 0x3
 320 01df FC010000 		.4byte	.LASF56
 321 01e3 07       		.byte	0x7
 322 01e4 66       		.byte	0x66
 323 01e5 C1010000 		.4byte	0x1c1
 324 01e9 09       		.uleb128 0x9
 325 01ea 02       		.byte	0x2
 326 01eb 08       		.byte	0x8
 327 01ec 15       		.byte	0x15
 328 01ed 0A020000 		.4byte	0x20a
 329 01f1 0A       		.uleb128 0xa
 330 01f2 EC030000 		.4byte	.LASF57
 331 01f6 08       		.byte	0x8
 332 01f7 17       		.byte	0x17
 333 01f8 B6010000 		.4byte	0x1b6
 334 01fc 00       		.byte	0
 335 01fd 0A       		.uleb128 0xa
 336 01fe 6B000000 		.4byte	.LASF58
 337 0202 08       		.byte	0x8
 338 0203 18       		.byte	0x18
 339 0204 DE010000 		.4byte	0x1de
 340 0208 01       		.byte	0x1
 341 0209 00       		.byte	0
 342 020a 03       		.uleb128 0x3
 343 020b 17040000 		.4byte	.LASF59
 344 020f 08       		.byte	0x8
 345 0210 19       		.byte	0x19
 346 0211 E9010000 		.4byte	0x1e9
 347 0215 0B       		.uleb128 0xb
 348 0216 C7000000 		.4byte	.LASF60
 349 021a 01       		.byte	0x1
 350 021b 16       		.byte	0x16
 351 021c 82010000 		.4byte	0x182
 352 0220 00000000 		.4byte	.LFB110
 353 0224 04000000 		.4byte	.LFE110-.LFB110
 354 0228 01       		.uleb128 0x1
 355 0229 9C       		.byte	0x9c
 356 022a 3E020000 		.4byte	0x23e
 357 022e 0C       		.uleb128 0xc
 358 022f 12040000 		.4byte	.LASF62
ARM GAS  C:\Users\Reza\AppData\Local\Temp\ccg6zgO2.s 			page 8


 359 0233 01       		.byte	0x1
 360 0234 16       		.byte	0x16
 361 0235 44020000 		.4byte	0x244
 362 0239 00000000 		.4byte	.LLST0
 363 023d 00       		.byte	0
 364 023e 0D       		.uleb128 0xd
 365 023f 04       		.byte	0x4
 366 0240 0A020000 		.4byte	0x20a
 367 0244 0E       		.uleb128 0xe
 368 0245 3E020000 		.4byte	0x23e
 369 0249 0B       		.uleb128 0xb
 370 024a 8D040000 		.4byte	.LASF61
 371 024e 01       		.byte	0x1
 372 024f 24       		.byte	0x24
 373 0250 82010000 		.4byte	0x182
 374 0254 00000000 		.4byte	.LFB111
 375 0258 0E000000 		.4byte	.LFE111-.LFB111
 376 025c 01       		.uleb128 0x1
 377 025d 9C       		.byte	0x9c
 378 025e 7B020000 		.4byte	0x27b
 379 0262 0C       		.uleb128 0xc
 380 0263 12040000 		.4byte	.LASF62
 381 0267 01       		.byte	0x1
 382 0268 24       		.byte	0x24
 383 0269 86020000 		.4byte	0x286
 384 026d 21000000 		.4byte	.LLST1
 385 0271 0F       		.uleb128 0xf
 386 0272 0A000000 		.4byte	.LVL4
 387 0276 D3020000 		.4byte	0x2d3
 388 027a 00       		.byte	0
 389 027b 0D       		.uleb128 0xd
 390 027c 04       		.byte	0x4
 391 027d 81020000 		.4byte	0x281
 392 0281 0E       		.uleb128 0xe
 393 0282 0A020000 		.4byte	0x20a
 394 0286 0E       		.uleb128 0xe
 395 0287 7B020000 		.4byte	0x27b
 396 028b 10       		.uleb128 0x10
 397 028c CA040000 		.4byte	.LASF63
 398 0290 09       		.byte	0x9
 399 0291 40       		.byte	0x40
 400 0292 BA000000 		.4byte	0xba
 401 0296 10       		.uleb128 0x10
 402 0297 59010000 		.4byte	.LASF64
 403 029b 09       		.byte	0x9
 404 029c 47       		.byte	0x47
 405 029d C5000000 		.4byte	0xc5
 406 02a1 10       		.uleb128 0x10
 407 02a2 23040000 		.4byte	.LASF65
 408 02a6 09       		.byte	0x9
 409 02a7 4A       		.byte	0x4a
 410 02a8 BA000000 		.4byte	0xba
 411 02ac 10       		.uleb128 0x10
 412 02ad 15010000 		.4byte	.LASF66
 413 02b1 0A       		.byte	0xa
 414 02b2 48       		.byte	0x48
 415 02b3 D0000000 		.4byte	0xd0
ARM GAS  C:\Users\Reza\AppData\Local\Temp\ccg6zgO2.s 			page 9


 416 02b7 10       		.uleb128 0x10
 417 02b8 F7000000 		.4byte	.LASF67
 418 02bc 0B       		.byte	0xb
 419 02bd 44       		.byte	0x44
 420 02be BA000000 		.4byte	0xba
 421 02c2 11       		.uleb128 0x11
 422 02c3 9C040000 		.4byte	.LASF68
 423 02c7 0C       		.byte	0xc
 424 02c8 1207     		.2byte	0x712
 425 02ca CE020000 		.4byte	0x2ce
 426 02ce 12       		.uleb128 0x12
 427 02cf 76000000 		.4byte	0x76
 428 02d3 13       		.uleb128 0x13
 429 02d4 56020000 		.4byte	.LASF72
 430 02d8 56020000 		.4byte	.LASF72
 431 02dc 07       		.byte	0x7
 432 02dd 95       		.byte	0x95
 433 02de 00       		.byte	0
 434              		.section	.debug_abbrev,"",%progbits
 435              	.Ldebug_abbrev0:
 436 0000 01       		.uleb128 0x1
 437 0001 11       		.uleb128 0x11
 438 0002 01       		.byte	0x1
 439 0003 25       		.uleb128 0x25
 440 0004 0E       		.uleb128 0xe
 441 0005 13       		.uleb128 0x13
 442 0006 0B       		.uleb128 0xb
 443 0007 03       		.uleb128 0x3
 444 0008 0E       		.uleb128 0xe
 445 0009 1B       		.uleb128 0x1b
 446 000a 0E       		.uleb128 0xe
 447 000b 55       		.uleb128 0x55
 448 000c 17       		.uleb128 0x17
 449 000d 11       		.uleb128 0x11
 450 000e 01       		.uleb128 0x1
 451 000f 10       		.uleb128 0x10
 452 0010 17       		.uleb128 0x17
 453 0011 00       		.byte	0
 454 0012 00       		.byte	0
 455 0013 02       		.uleb128 0x2
 456 0014 24       		.uleb128 0x24
 457 0015 00       		.byte	0
 458 0016 0B       		.uleb128 0xb
 459 0017 0B       		.uleb128 0xb
 460 0018 3E       		.uleb128 0x3e
 461 0019 0B       		.uleb128 0xb
 462 001a 03       		.uleb128 0x3
 463 001b 0E       		.uleb128 0xe
 464 001c 00       		.byte	0
 465 001d 00       		.byte	0
 466 001e 03       		.uleb128 0x3
 467 001f 16       		.uleb128 0x16
 468 0020 00       		.byte	0
 469 0021 03       		.uleb128 0x3
 470 0022 0E       		.uleb128 0xe
 471 0023 3A       		.uleb128 0x3a
 472 0024 0B       		.uleb128 0xb
ARM GAS  C:\Users\Reza\AppData\Local\Temp\ccg6zgO2.s 			page 10


 473 0025 3B       		.uleb128 0x3b
 474 0026 0B       		.uleb128 0xb
 475 0027 49       		.uleb128 0x49
 476 0028 13       		.uleb128 0x13
 477 0029 00       		.byte	0
 478 002a 00       		.byte	0
 479 002b 04       		.uleb128 0x4
 480 002c 24       		.uleb128 0x24
 481 002d 00       		.byte	0
 482 002e 0B       		.uleb128 0xb
 483 002f 0B       		.uleb128 0xb
 484 0030 3E       		.uleb128 0x3e
 485 0031 0B       		.uleb128 0xb
 486 0032 03       		.uleb128 0x3
 487 0033 08       		.uleb128 0x8
 488 0034 00       		.byte	0
 489 0035 00       		.byte	0
 490 0036 05       		.uleb128 0x5
 491 0037 04       		.uleb128 0x4
 492 0038 01       		.byte	0x1
 493 0039 03       		.uleb128 0x3
 494 003a 08       		.uleb128 0x8
 495 003b 0B       		.uleb128 0xb
 496 003c 0B       		.uleb128 0xb
 497 003d 49       		.uleb128 0x49
 498 003e 13       		.uleb128 0x13
 499 003f 3A       		.uleb128 0x3a
 500 0040 0B       		.uleb128 0xb
 501 0041 3B       		.uleb128 0x3b
 502 0042 0B       		.uleb128 0xb
 503 0043 01       		.uleb128 0x1
 504 0044 13       		.uleb128 0x13
 505 0045 00       		.byte	0
 506 0046 00       		.byte	0
 507 0047 06       		.uleb128 0x6
 508 0048 28       		.uleb128 0x28
 509 0049 00       		.byte	0
 510 004a 03       		.uleb128 0x3
 511 004b 0E       		.uleb128 0xe
 512 004c 1C       		.uleb128 0x1c
 513 004d 0B       		.uleb128 0xb
 514 004e 00       		.byte	0
 515 004f 00       		.byte	0
 516 0050 07       		.uleb128 0x7
 517 0051 28       		.uleb128 0x28
 518 0052 00       		.byte	0
 519 0053 03       		.uleb128 0x3
 520 0054 0E       		.uleb128 0xe
 521 0055 1C       		.uleb128 0x1c
 522 0056 0D       		.uleb128 0xd
 523 0057 00       		.byte	0
 524 0058 00       		.byte	0
 525 0059 08       		.uleb128 0x8
 526 005a 04       		.uleb128 0x4
 527 005b 01       		.byte	0x1
 528 005c 03       		.uleb128 0x3
 529 005d 0E       		.uleb128 0xe
ARM GAS  C:\Users\Reza\AppData\Local\Temp\ccg6zgO2.s 			page 11


 530 005e 0B       		.uleb128 0xb
 531 005f 0B       		.uleb128 0xb
 532 0060 49       		.uleb128 0x49
 533 0061 13       		.uleb128 0x13
 534 0062 3A       		.uleb128 0x3a
 535 0063 0B       		.uleb128 0xb
 536 0064 3B       		.uleb128 0x3b
 537 0065 0B       		.uleb128 0xb
 538 0066 01       		.uleb128 0x1
 539 0067 13       		.uleb128 0x13
 540 0068 00       		.byte	0
 541 0069 00       		.byte	0
 542 006a 09       		.uleb128 0x9
 543 006b 13       		.uleb128 0x13
 544 006c 01       		.byte	0x1
 545 006d 0B       		.uleb128 0xb
 546 006e 0B       		.uleb128 0xb
 547 006f 3A       		.uleb128 0x3a
 548 0070 0B       		.uleb128 0xb
 549 0071 3B       		.uleb128 0x3b
 550 0072 0B       		.uleb128 0xb
 551 0073 01       		.uleb128 0x1
 552 0074 13       		.uleb128 0x13
 553 0075 00       		.byte	0
 554 0076 00       		.byte	0
 555 0077 0A       		.uleb128 0xa
 556 0078 0D       		.uleb128 0xd
 557 0079 00       		.byte	0
 558 007a 03       		.uleb128 0x3
 559 007b 0E       		.uleb128 0xe
 560 007c 3A       		.uleb128 0x3a
 561 007d 0B       		.uleb128 0xb
 562 007e 3B       		.uleb128 0x3b
 563 007f 0B       		.uleb128 0xb
 564 0080 49       		.uleb128 0x49
 565 0081 13       		.uleb128 0x13
 566 0082 38       		.uleb128 0x38
 567 0083 0B       		.uleb128 0xb
 568 0084 00       		.byte	0
 569 0085 00       		.byte	0
 570 0086 0B       		.uleb128 0xb
 571 0087 2E       		.uleb128 0x2e
 572 0088 01       		.byte	0x1
 573 0089 3F       		.uleb128 0x3f
 574 008a 19       		.uleb128 0x19
 575 008b 03       		.uleb128 0x3
 576 008c 0E       		.uleb128 0xe
 577 008d 3A       		.uleb128 0x3a
 578 008e 0B       		.uleb128 0xb
 579 008f 3B       		.uleb128 0x3b
 580 0090 0B       		.uleb128 0xb
 581 0091 27       		.uleb128 0x27
 582 0092 19       		.uleb128 0x19
 583 0093 49       		.uleb128 0x49
 584 0094 13       		.uleb128 0x13
 585 0095 11       		.uleb128 0x11
 586 0096 01       		.uleb128 0x1
ARM GAS  C:\Users\Reza\AppData\Local\Temp\ccg6zgO2.s 			page 12


 587 0097 12       		.uleb128 0x12
 588 0098 06       		.uleb128 0x6
 589 0099 40       		.uleb128 0x40
 590 009a 18       		.uleb128 0x18
 591 009b 9742     		.uleb128 0x2117
 592 009d 19       		.uleb128 0x19
 593 009e 01       		.uleb128 0x1
 594 009f 13       		.uleb128 0x13
 595 00a0 00       		.byte	0
 596 00a1 00       		.byte	0
 597 00a2 0C       		.uleb128 0xc
 598 00a3 05       		.uleb128 0x5
 599 00a4 00       		.byte	0
 600 00a5 03       		.uleb128 0x3
 601 00a6 0E       		.uleb128 0xe
 602 00a7 3A       		.uleb128 0x3a
 603 00a8 0B       		.uleb128 0xb
 604 00a9 3B       		.uleb128 0x3b
 605 00aa 0B       		.uleb128 0xb
 606 00ab 49       		.uleb128 0x49
 607 00ac 13       		.uleb128 0x13
 608 00ad 02       		.uleb128 0x2
 609 00ae 17       		.uleb128 0x17
 610 00af 00       		.byte	0
 611 00b0 00       		.byte	0
 612 00b1 0D       		.uleb128 0xd
 613 00b2 0F       		.uleb128 0xf
 614 00b3 00       		.byte	0
 615 00b4 0B       		.uleb128 0xb
 616 00b5 0B       		.uleb128 0xb
 617 00b6 49       		.uleb128 0x49
 618 00b7 13       		.uleb128 0x13
 619 00b8 00       		.byte	0
 620 00b9 00       		.byte	0
 621 00ba 0E       		.uleb128 0xe
 622 00bb 26       		.uleb128 0x26
 623 00bc 00       		.byte	0
 624 00bd 49       		.uleb128 0x49
 625 00be 13       		.uleb128 0x13
 626 00bf 00       		.byte	0
 627 00c0 00       		.byte	0
 628 00c1 0F       		.uleb128 0xf
 629 00c2 898201   		.uleb128 0x4109
 630 00c5 00       		.byte	0
 631 00c6 11       		.uleb128 0x11
 632 00c7 01       		.uleb128 0x1
 633 00c8 31       		.uleb128 0x31
 634 00c9 13       		.uleb128 0x13
 635 00ca 00       		.byte	0
 636 00cb 00       		.byte	0
 637 00cc 10       		.uleb128 0x10
 638 00cd 34       		.uleb128 0x34
 639 00ce 00       		.byte	0
 640 00cf 03       		.uleb128 0x3
 641 00d0 0E       		.uleb128 0xe
 642 00d1 3A       		.uleb128 0x3a
 643 00d2 0B       		.uleb128 0xb
ARM GAS  C:\Users\Reza\AppData\Local\Temp\ccg6zgO2.s 			page 13


 644 00d3 3B       		.uleb128 0x3b
 645 00d4 0B       		.uleb128 0xb
 646 00d5 49       		.uleb128 0x49
 647 00d6 13       		.uleb128 0x13
 648 00d7 3F       		.uleb128 0x3f
 649 00d8 19       		.uleb128 0x19
 650 00d9 3C       		.uleb128 0x3c
 651 00da 19       		.uleb128 0x19
 652 00db 00       		.byte	0
 653 00dc 00       		.byte	0
 654 00dd 11       		.uleb128 0x11
 655 00de 34       		.uleb128 0x34
 656 00df 00       		.byte	0
 657 00e0 03       		.uleb128 0x3
 658 00e1 0E       		.uleb128 0xe
 659 00e2 3A       		.uleb128 0x3a
 660 00e3 0B       		.uleb128 0xb
 661 00e4 3B       		.uleb128 0x3b
 662 00e5 05       		.uleb128 0x5
 663 00e6 49       		.uleb128 0x49
 664 00e7 13       		.uleb128 0x13
 665 00e8 3F       		.uleb128 0x3f
 666 00e9 19       		.uleb128 0x19
 667 00ea 3C       		.uleb128 0x3c
 668 00eb 19       		.uleb128 0x19
 669 00ec 00       		.byte	0
 670 00ed 00       		.byte	0
 671 00ee 12       		.uleb128 0x12
 672 00ef 35       		.uleb128 0x35
 673 00f0 00       		.byte	0
 674 00f1 49       		.uleb128 0x49
 675 00f2 13       		.uleb128 0x13
 676 00f3 00       		.byte	0
 677 00f4 00       		.byte	0
 678 00f5 13       		.uleb128 0x13
 679 00f6 2E       		.uleb128 0x2e
 680 00f7 00       		.byte	0
 681 00f8 3F       		.uleb128 0x3f
 682 00f9 19       		.uleb128 0x19
 683 00fa 3C       		.uleb128 0x3c
 684 00fb 19       		.uleb128 0x19
 685 00fc 6E       		.uleb128 0x6e
 686 00fd 0E       		.uleb128 0xe
 687 00fe 03       		.uleb128 0x3
 688 00ff 0E       		.uleb128 0xe
 689 0100 3A       		.uleb128 0x3a
 690 0101 0B       		.uleb128 0xb
 691 0102 3B       		.uleb128 0x3b
 692 0103 0B       		.uleb128 0xb
 693 0104 00       		.byte	0
 694 0105 00       		.byte	0
 695 0106 00       		.byte	0
 696              		.section	.debug_loc,"",%progbits
 697              	.Ldebug_loc0:
 698              	.LLST0:
 699 0000 00000000 		.4byte	.LVL0
 700 0004 02000000 		.4byte	.LVL1
ARM GAS  C:\Users\Reza\AppData\Local\Temp\ccg6zgO2.s 			page 14


 701 0008 0100     		.2byte	0x1
 702 000a 50       		.byte	0x50
 703 000b 02000000 		.4byte	.LVL1
 704 000f 04000000 		.4byte	.LFE110
 705 0013 0400     		.2byte	0x4
 706 0015 F3       		.byte	0xf3
 707 0016 01       		.uleb128 0x1
 708 0017 50       		.byte	0x50
 709 0018 9F       		.byte	0x9f
 710 0019 00000000 		.4byte	0
 711 001d 00000000 		.4byte	0
 712              	.LLST1:
 713 0021 00000000 		.4byte	.LVL2
 714 0025 06000000 		.4byte	.LVL3
 715 0029 0100     		.2byte	0x1
 716 002b 50       		.byte	0x50
 717 002c 06000000 		.4byte	.LVL3
 718 0030 0E000000 		.4byte	.LFE111
 719 0034 0400     		.2byte	0x4
 720 0036 F3       		.byte	0xf3
 721 0037 01       		.uleb128 0x1
 722 0038 50       		.byte	0x50
 723 0039 9F       		.byte	0x9f
 724 003a 00000000 		.4byte	0
 725 003e 00000000 		.4byte	0
 726              		.section	.debug_aranges,"",%progbits
 727 0000 24000000 		.4byte	0x24
 728 0004 0200     		.2byte	0x2
 729 0006 00000000 		.4byte	.Ldebug_info0
 730 000a 04       		.byte	0x4
 731 000b 00       		.byte	0
 732 000c 0000     		.2byte	0
 733 000e 0000     		.2byte	0
 734 0010 00000000 		.4byte	.LFB110
 735 0014 04000000 		.4byte	.LFE110-.LFB110
 736 0018 00000000 		.4byte	.LFB111
 737 001c 0E000000 		.4byte	.LFE111-.LFB111
 738 0020 00000000 		.4byte	0
 739 0024 00000000 		.4byte	0
 740              		.section	.debug_ranges,"",%progbits
 741              	.Ldebug_ranges0:
 742 0000 00000000 		.4byte	.LFB110
 743 0004 04000000 		.4byte	.LFE110
 744 0008 00000000 		.4byte	.LFB111
 745 000c 0E000000 		.4byte	.LFE111
 746 0010 00000000 		.4byte	0
 747 0014 00000000 		.4byte	0
 748              		.section	.debug_line,"",%progbits
 749              	.Ldebug_line0:
 750 0000 6B020000 		.section	.debug_str,"MS",%progbits,1
 750      02004402 
 750      00000201 
 750      FB0E0D00 
 750      01010101 
 751              	.LASF35:
 752 0000 52435F45 		.ascii	"RC_ERROR_READ_ONLY\000"
 752      52524F52 
ARM GAS  C:\Users\Reza\AppData\Local\Temp\ccg6zgO2.s 			page 15


 752      5F524541 
 752      445F4F4E 
 752      4C5900
 753              	.LASF21:
 754 0013 52435F53 		.ascii	"RC_SUCCESS\000"
 754      55434345 
 754      535300
 755              	.LASF36:
 756 001e 52435F45 		.ascii	"RC_ERROR_WRITE_ONLY\000"
 756      52524F52 
 756      5F575249 
 756      54455F4F 
 756      4E4C5900 
 757              	.LASF2:
 758 0032 73686F72 		.ascii	"short int\000"
 758      7420696E 
 758      7400
 759              	.LASF27:
 760 003c 52435F45 		.ascii	"RC_ERROR_OVERRUN\000"
 760      52524F52 
 760      5F4F5645 
 760      5252554E 
 760      00
 761              	.LASF39:
 762 004d 52435F45 		.ascii	"RC_ERROR_WRITE_FAILS\000"
 762      52524F52 
 762      5F575249 
 762      54455F46 
 762      41494C53 
 763              	.LASF15:
 764 0062 73697A65 		.ascii	"sizetype\000"
 764      74797065 
 764      00
 765              	.LASF58:
 766 006b 4C45445F 		.ascii	"LED_State\000"
 766      53746174 
 766      6500
 767              	.LASF24:
 768 0075 52435F45 		.ascii	"RC_ERROR_ZERO\000"
 768      52524F52 
 768      5F5A4552 
 768      4F00
 769              	.LASF19:
 770 0083 45455F46 		.ascii	"EE_FREG\000"
 770      52454700 
 771              	.LASF38:
 772 008b 52435F45 		.ascii	"RC_ERROR_READ_FAILS\000"
 772      52524F52 
 772      5F524541 
 772      445F4641 
 772      494C5300 
 773              	.LASF70:
 774 009f 736F7572 		.ascii	"source\\rte\\gpio_type.c\000"
 774      63655C72 
 774      74655C67 
 774      70696F5F 
 774      74797065 
ARM GAS  C:\Users\Reza\AppData\Local\Temp\ccg6zgO2.s 			page 16


 775              	.LASF17:
 776 00b6 45455F55 		.ascii	"EE_UINT32\000"
 776      494E5433 
 776      3200
 777              	.LASF20:
 778 00c0 45455F54 		.ascii	"EE_TID\000"
 778      494400
 779              	.LASF60:
 780 00c7 4750494F 		.ascii	"GPIO_driverIn\000"
 780      5F647269 
 780      76657249 
 780      6E00
 781              	.LASF53:
 782 00d5 654C4544 		.ascii	"eLED_ONOFF\000"
 782      5F4F4E4F 
 782      464600
 783              	.LASF44:
 784 00e0 52435F45 		.ascii	"RC_ERROR_INVALID_STATE\000"
 784      52524F52 
 784      5F494E56 
 784      414C4944 
 784      5F535441 
 785              	.LASF67:
 786 00f7 45455F49 		.ascii	"EE_IRQ_nesting_level\000"
 786      52515F6E 
 786      65737469 
 786      6E675F6C 
 786      6576656C 
 787              	.LASF16:
 788 010c 45455F49 		.ascii	"EE_INT32\000"
 788      4E543332 
 788      00
 789              	.LASF66:
 790 0115 45455F73 		.ascii	"EE_std_endcycle_next_tid\000"
 790      74645F65 
 790      6E646379 
 790      636C655F 
 790      6E657874 
 791              	.LASF26:
 792 012e 52435F45 		.ascii	"RC_ERROR_RANGE\000"
 792      52524F52 
 792      5F52414E 
 792      474500
 793              	.LASF11:
 794 013d 666C6F61 		.ascii	"float\000"
 794      7400
 795              	.LASF6:
 796 0143 6C6F6E67 		.ascii	"long long int\000"
 796      206C6F6E 
 796      6720696E 
 796      7400
 797              	.LASF47:
 798 0151 654C4544 		.ascii	"eLED_id\000"
 798      5F696400 
 799              	.LASF64:
 800 0159 45455F6F 		.ascii	"EE_oo_IRQ_suspend_status\000"
 800      6F5F4952 
ARM GAS  C:\Users\Reza\AppData\Local\Temp\ccg6zgO2.s 			page 17


 800      515F7375 
 800      7370656E 
 800      645F7374 
 801              	.LASF40:
 802 0172 52435F45 		.ascii	"RC_ERROR_NOT_MATCH\000"
 802      52524F52 
 802      5F4E4F54 
 802      5F4D4154 
 802      434800
 803              	.LASF45:
 804 0185 52435F45 		.ascii	"RC_ERROR_UNKNOWN\000"
 804      52524F52 
 804      5F554E4B 
 804      4E4F574E 
 804      00
 805              	.LASF4:
 806 0196 6C6F6E67 		.ascii	"long int\000"
 806      20696E74 
 806      00
 807              	.LASF28:
 808 019f 52435F45 		.ascii	"RC_ERROR_UNDERRUN\000"
 808      52524F52 
 808      5F554E44 
 808      45525255 
 808      4E00
 809              	.LASF31:
 810 01b1 52435F45 		.ascii	"RC_ERROR_BUSY\000"
 810      52524F52 
 810      5F425553 
 810      5900
 811              	.LASF37:
 812 01bf 52435F45 		.ascii	"RC_ERROR_INVALID\000"
 812      52524F52 
 812      5F494E56 
 812      414C4944 
 812      00
 813              	.LASF42:
 814 01d0 52435F45 		.ascii	"RC_ERROR_BAD_DATA\000"
 814      52524F52 
 814      5F424144 
 814      5F444154 
 814      4100
 815              	.LASF14:
 816 01e2 6C6F6E67 		.ascii	"long double\000"
 816      20646F75 
 816      626C6500 
 817              	.LASF1:
 818 01ee 756E7369 		.ascii	"unsigned char\000"
 818      676E6564 
 818      20636861 
 818      7200
 819              	.LASF56:
 820 01fc 4C45445F 		.ascii	"LED_ONOFF_t\000"
 820      4F4E4F46 
 820      465F7400 
 821              	.LASF0:
 822 0208 7369676E 		.ascii	"signed char\000"
ARM GAS  C:\Users\Reza\AppData\Local\Temp\ccg6zgO2.s 			page 18


 822      65642063 
 822      68617200 
 823              	.LASF7:
 824 0214 6C6F6E67 		.ascii	"long long unsigned int\000"
 824      206C6F6E 
 824      6720756E 
 824      7369676E 
 824      65642069 
 825              	.LASF55:
 826 022b 4C45445F 		.ascii	"LED_ON\000"
 826      4F4E00
 827              	.LASF52:
 828 0232 4C45445F 		.ascii	"LED_id_t\000"
 828      69645F74 
 828      00
 829              	.LASF8:
 830 023b 756E7369 		.ascii	"unsigned int\000"
 830      676E6564 
 830      20696E74 
 830      00
 831              	.LASF33:
 832 0248 52435F45 		.ascii	"RC_ERROR_OPEN\000"
 832      52524F52 
 832      5F4F5045 
 832      4E00
 833              	.LASF72:
 834 0256 4C45445F 		.ascii	"LED_Set\000"
 834      53657400 
 835              	.LASF54:
 836 025e 4C45445F 		.ascii	"LED_OFF\000"
 836      4F464600 
 837              	.LASF49:
 838 0266 4C45445F 		.ascii	"LED_YELLOW\000"
 838      59454C4C 
 838      4F5700
 839              	.LASF23:
 840 0271 52435F45 		.ascii	"RC_ERROR_NULL\000"
 840      52524F52 
 840      5F4E554C 
 840      4C00
 841              	.LASF30:
 842 027f 52435F45 		.ascii	"RC_ERROR_BUFFER_EMTPY\000"
 842      52524F52 
 842      5F425546 
 842      4645525F 
 842      454D5450 
 843              	.LASF71:
 844 0295 453A5C4E 		.ascii	"E:\\New_Dell_Laptop_18.04.2021\\Drive_D\\hda\\Summe"
 844      65775F44 
 844      656C6C5F 
 844      4C617074 
 844      6F705F31 
 845 02c4 725F5365 		.ascii	"r_Semester_2020\\Embedded Architecture and Applicat"
 845      6D657374 
 845      65725F32 
 845      3032305C 
 845      456D6265 
ARM GAS  C:\Users\Reza\AppData\Local\Temp\ccg6zgO2.s 			page 19


 846 02f6 696F6E5C 		.ascii	"ion\\Lab1\\Work_Space_RTE\\RTE_Electronic_Clock.cyd"
 846      4C616231 
 846      5C576F72 
 846      6B5F5370 
 846      6163655F 
 847 0326 736E00   		.ascii	"sn\000"
 848              	.LASF3:
 849 0329 73686F72 		.ascii	"short unsigned int\000"
 849      7420756E 
 849      7369676E 
 849      65642069 
 849      6E7400
 850              	.LASF69:
 851 033c 474E5520 		.ascii	"GNU C11 5.4.1 20160609 (release) [ARM/embedded-5-br"
 851      43313120 
 851      352E342E 
 851      31203230 
 851      31363036 
 852 036f 616E6368 		.ascii	"anch revision 237715] -mcpu=cortex-m3 -mthumb -g -O"
 852      20726576 
 852      6973696F 
 852      6E203233 
 852      37373135 
 853 03a2 67202D66 		.ascii	"g -ffunction-sections -ffat-lto-objects\000"
 853      66756E63 
 853      74696F6E 
 853      2D736563 
 853      74696F6E 
 854              	.LASF13:
 855 03ca 63686172 		.ascii	"char\000"
 855      00
 856              	.LASF29:
 857 03cf 52435F45 		.ascii	"RC_ERROR_BUFFER_FULL\000"
 857      52524F52 
 857      5F425546 
 857      4645525F 
 857      46554C4C 
 858              	.LASF10:
 859 03e4 696E7433 		.ascii	"int32_t\000"
 859      325F7400 
 860              	.LASF57:
 861 03ec 4C45445F 		.ascii	"LED_Type\000"
 861      54797065 
 861      00
 862              	.LASF41:
 863 03f5 52435F45 		.ascii	"RC_ERROR_BAD_PARAM\000"
 863      52524F52 
 863      5F424144 
 863      5F504152 
 863      414D00
 864              	.LASF50:
 865 0408 4C45445F 		.ascii	"LED_GREEN\000"
 865      47524545 
 865      4E00
 866              	.LASF62:
 867 0412 64617461 		.ascii	"data\000"
 867      00
ARM GAS  C:\Users\Reza\AppData\Local\Temp\ccg6zgO2.s 			page 20


 868              	.LASF59:
 869 0417 4750494F 		.ascii	"GPIO_data_t\000"
 869      5F646174 
 869      615F7400 
 870              	.LASF65:
 871 0423 45455F41 		.ascii	"EE_ApplicationMode\000"
 871      70706C69 
 871      63617469 
 871      6F6E4D6F 
 871      646500
 872              	.LASF5:
 873 0436 6C6F6E67 		.ascii	"long unsigned int\000"
 873      20756E73 
 873      69676E65 
 873      6420696E 
 873      7400
 874              	.LASF12:
 875 0448 646F7562 		.ascii	"double\000"
 875      6C6500
 876              	.LASF34:
 877 044f 52435F45 		.ascii	"RC_ERROR_CHECKSUM\000"
 877      52524F52 
 877      5F434845 
 877      434B5355 
 877      4D00
 878              	.LASF18:
 879 0461 45455F55 		.ascii	"EE_UREG\000"
 879      52454700 
 880              	.LASF51:
 881 0469 4C45445F 		.ascii	"LED_ALL\000"
 881      414C4C00 
 882              	.LASF9:
 883 0471 5F5F696E 		.ascii	"__int32_t\000"
 883      7433325F 
 883      7400
 884              	.LASF43:
 885 047b 52435F45 		.ascii	"RC_ERROR_CANCELED\000"
 885      52524F52 
 885      5F43414E 
 885      43454C45 
 885      4400
 886              	.LASF61:
 887 048d 4750494F 		.ascii	"GPIO_driverOut\000"
 887      5F647269 
 887      7665724F 
 887      757400
 888              	.LASF68:
 889 049c 49544D5F 		.ascii	"ITM_RxBuffer\000"
 889      52784275 
 889      66666572 
 889      00
 890              	.LASF22:
 891 04a9 52435F45 		.ascii	"RC_ERROR\000"
 891      52524F52 
 891      00
 892              	.LASF48:
 893 04b2 4C45445F 		.ascii	"LED_RED\000"
ARM GAS  C:\Users\Reza\AppData\Local\Temp\ccg6zgO2.s 			page 21


 893      52454400 
 894              	.LASF25:
 895 04ba 52435F45 		.ascii	"RC_ERROR_MEMORY\000"
 895      52524F52 
 895      5F4D454D 
 895      4F525900 
 896              	.LASF63:
 897 04ca 45455F6F 		.ascii	"EE_oo_IRQ_disable_count\000"
 897      6F5F4952 
 897      515F6469 
 897      7361626C 
 897      655F636F 
 898              	.LASF46:
 899 04e2 52435F74 		.ascii	"RC_t\000"
 899      00
 900              	.LASF32:
 901 04e7 52435F45 		.ascii	"RC_ERROR_TIME_OUT\000"
 901      52524F52 
 901      5F54494D 
 901      455F4F55 
 901      5400
 902              		.ident	"GCC: (GNU Tools for ARM Embedded Processors) 5.4.1 20160609 (release) [ARM/embedded-5-bran
