ARM GAS  C:\Users\Reza\AppData\Local\Temp\ccoXJLjt.s 			page 1


   1              		.syntax unified
   2              		.cpu cortex-m3
   3              		.fpu softvfp
   4              		.eabi_attribute 20, 1
   5              		.eabi_attribute 21, 1
   6              		.eabi_attribute 23, 3
   7              		.eabi_attribute 24, 1
   8              		.eabi_attribute 25, 1
   9              		.eabi_attribute 26, 1
  10              		.eabi_attribute 30, 1
  11              		.eabi_attribute 34, 1
  12              		.eabi_attribute 18, 4
  13              		.thumb
  14              		.syntax unified
  15              		.file	"lcd_type.c"
  16              		.text
  17              	.Ltext0:
  18              		.cfi_sections	.debug_frame
  19              		.section	.text.LCD_driverIn,"ax",%progbits
  20              		.align	2
  21              		.global	LCD_driverIn
  22              		.thumb
  23              		.thumb_func
  24              		.type	LCD_driverIn, %function
  25              	LCD_driverIn:
  26              	.LFB114:
  27              		.file 1 "source\\rte\\lcd_type.c"
   1:source\rte/lcd_type.c **** /*
   2:source\rte/lcd_type.c ****  * lcd_type.c
   3:source\rte/lcd_type.c ****  *
   4:source\rte/lcd_type.c ****  * Author: Autogenerated by H-DA RTE Generator, (c) Prof. Fromm
   5:source\rte/lcd_type.c ****  */
   6:source\rte/lcd_type.c **** 
   7:source\rte/lcd_type.c **** 
   8:source\rte/lcd_type.c **** #include "project.h"
   9:source\rte/lcd_type.c **** #include "global.h"
  10:source\rte/lcd_type.c **** 
  11:source\rte/lcd_type.c **** #include "lcd_type.h"
  12:source\rte/lcd_type.c **** #include "ugui.h"
  13:source\rte/lcd_type.c **** #include "ugui_st7735.h"
  14:source\rte/lcd_type.c **** #include "led.h"
  15:source\rte/lcd_type.c **** #include "logging.h"
  16:source\rte/lcd_type.c **** 
  17:source\rte/lcd_type.c **** /*****************************************************************************************
  18:source\rte/lcd_type.c ****  *************** Port Wrapper Implementation for LCD signal                     *******************
  19:source\rte/lcd_type.c ****  *****************************************************************************************/
  20:source\rte/lcd_type.c **** 
  21:source\rte/lcd_type.c **** 
  22:source\rte/lcd_type.c **** /**
  23:source\rte/lcd_type.c ****  * Default IN driver API - may be deleted if not required
  24:source\rte/lcd_type.c ****  */
  25:source\rte/lcd_type.c **** inline RC_t LCD_driverIn(LCD_data_t *const data)
  26:source\rte/lcd_type.c **** {
  28              		.loc 1 26 0
  29              		.cfi_startproc
  30              		@ args = 0, pretend = 0, frame = 0
  31              		@ frame_needed = 0, uses_anonymous_args = 0
ARM GAS  C:\Users\Reza\AppData\Local\Temp\ccoXJLjt.s 			page 2


  32              		@ link register save eliminated.
  33              	.LVL0:
  27:source\rte/lcd_type.c ****     
  28:source\rte/lcd_type.c **** 
  29:source\rte/lcd_type.c **** 	//Read data from the MCAL driver
  30:source\rte/lcd_type.c **** 
  31:source\rte/lcd_type.c **** 	//Scale it to the application type
  32:source\rte/lcd_type.c **** 
  33:source\rte/lcd_type.c **** 	return RC_SUCCESS;
  34:source\rte/lcd_type.c **** }
  34              		.loc 1 34 0
  35 0000 0020     		movs	r0, #0
  36              	.LVL1:
  37 0002 7047     		bx	lr
  38              		.cfi_endproc
  39              	.LFE114:
  40              		.size	LCD_driverIn, .-LCD_driverIn
  41              		.section	.text.LCD_driverOut,"ax",%progbits
  42              		.align	2
  43              		.global	LCD_driverOut
  44              		.thumb
  45              		.thumb_func
  46              		.type	LCD_driverOut, %function
  47              	LCD_driverOut:
  48              	.LFB115:
  35:source\rte/lcd_type.c **** 
  36:source\rte/lcd_type.c **** /**
  37:source\rte/lcd_type.c ****  * Default IN driver API - may be deleted if not required
  38:source\rte/lcd_type.c ****  */
  39:source\rte/lcd_type.c **** inline RC_t LCD_driverOut(const LCD_data_t  *const data)
  40:source\rte/lcd_type.c **** {
  49              		.loc 1 40 0
  50              		.cfi_startproc
  51              		@ args = 0, pretend = 0, frame = 104
  52              		@ frame_needed = 0, uses_anonymous_args = 0
  53              	.LVL2:
  54 0000 10B5     		push	{r4, lr}
  55              		.cfi_def_cfa_offset 8
  56              		.cfi_offset 4, -8
  57              		.cfi_offset 14, -4
  58 0002 9CB0     		sub	sp, sp, #112
  59              		.cfi_def_cfa_offset 120
  41:source\rte/lcd_type.c ****     char value[100];
  42:source\rte/lcd_type.c ****     char str[20];
  43:source\rte/lcd_type.c ****     uint8_t y;
  44:source\rte/lcd_type.c ****     //GetResource(mutex);
  45:source\rte/lcd_type.c ****     itoa(data->str , value, 10);
  60              		.loc 1 45 0
  61 0004 0A22     		movs	r2, #10
  62 0006 03A9     		add	r1, sp, #12
  63 0008 0078     		ldrb	r0, [r0]	@ zero_extendqisi2
  64              	.LVL3:
  65 000a FFF7FEFF 		bl	itoa
  66              	.LVL4:
  46:source\rte/lcd_type.c ****     y=data->str;
  47:source\rte/lcd_type.c ****     //sprintf(str, "y: %d", y);
  48:source\rte/lcd_type.c ****     //LOG_I(str,"");
ARM GAS  C:\Users\Reza\AppData\Local\Temp\ccoXJLjt.s 			page 3


  49:source\rte/lcd_type.c ****     //UG_FillScreen(C_KHAKI);
  50:source\rte/lcd_type.c ****     UG_FillFrame(12,38,100,60,C_KHAKI);
  67              		.loc 1 50 0
  68 000e 4EF63174 		movw	r4, #61233
  69 0012 0094     		str	r4, [sp]
  70              	.LVL5:
  71 0014 3C23     		movs	r3, #60
  72 0016 6422     		movs	r2, #100
  73 0018 2621     		movs	r1, #38
  74 001a 0C20     		movs	r0, #12
  75 001c FFF7FEFF 		bl	UG_FillFrame
  76              	.LVL6:
  51:source\rte/lcd_type.c ****     UG_FontSelect(&FONT_10X16);
  77              		.loc 1 51 0
  78 0020 0B48     		ldr	r0, .L4
  79 0022 FFF7FEFF 		bl	UG_FontSelect
  80              	.LVL7:
  52:source\rte/lcd_type.c ****     UG_SetBackcolor(C_KHAKI);
  81              		.loc 1 52 0
  82 0026 2046     		mov	r0, r4
  83 0028 FFF7FEFF 		bl	UG_SetBackcolor
  84              	.LVL8:
  53:source\rte/lcd_type.c ****     UG_SetForecolor(C_RED);
  85              		.loc 1 53 0
  86 002c 4FF47840 		mov	r0, #63488
  87 0030 FFF7FEFF 		bl	UG_SetForecolor
  88              	.LVL9:
  54:source\rte/lcd_type.c ****     
  55:source\rte/lcd_type.c ****     UG_PutString(1, 5 , "Recvd Data: ");
  89              		.loc 1 55 0
  90 0034 074A     		ldr	r2, .L4+4
  91 0036 0521     		movs	r1, #5
  92 0038 0120     		movs	r0, #1
  93 003a FFF7FEFF 		bl	UG_PutString
  94              	.LVL10:
  56:source\rte/lcd_type.c ****     
  57:source\rte/lcd_type.c ****     UG_PutString(15, 40,value);
  95              		.loc 1 57 0
  96 003e 03AA     		add	r2, sp, #12
  97 0040 2821     		movs	r1, #40
  98 0042 0F20     		movs	r0, #15
  99 0044 FFF7FEFF 		bl	UG_PutString
 100              	.LVL11:
  58:source\rte/lcd_type.c ****     //ReleaseResource(mutex);
  59:source\rte/lcd_type.c ****     //LED_Set(LED_YELLOW,LED_ON);
  60:source\rte/lcd_type.c **** 	return RC_SUCCESS;
  61:source\rte/lcd_type.c **** }
 101              		.loc 1 61 0
 102 0048 0020     		movs	r0, #0
 103 004a 1CB0     		add	sp, sp, #112
 104              		.cfi_def_cfa_offset 8
 105              		@ sp needed
 106 004c 10BD     		pop	{r4, pc}
 107              	.L5:
 108 004e 00BF     		.align	2
 109              	.L4:
 110 0050 00000000 		.word	FONT_10X16
ARM GAS  C:\Users\Reza\AppData\Local\Temp\ccoXJLjt.s 			page 4


 111 0054 00000000 		.word	.LC0
 112              		.cfi_endproc
 113              	.LFE115:
 114              		.size	LCD_driverOut, .-LCD_driverOut
 115              		.comm	gui7735,100,4
 116              		.section	.rodata.str1.4,"aMS",%progbits,1
 117              		.align	2
 118              	.LC0:
 119 0000 52656376 		.ascii	"Recvd Data: \000"
 119      64204461 
 119      74613A20 
 119      00
 120              		.text
 121              	.Letext0:
 122              		.file 2 "c:\\program files (x86)\\cypress\\psoc creator\\4.4\\psoc creator\\import\\gnu\\arm\\5.4.
 123              		.file 3 "c:\\program files (x86)\\cypress\\psoc creator\\4.4\\psoc creator\\import\\gnu\\arm\\5.4.
 124              		.file 4 "Generated_Source\\PSoC5/cytypes.h"
 125              		.file 5 "Generated_Source\\PSoC5/ErikaOS_1_common_ee_types.inc"
 126              		.file 6 "Generated_Source\\PSoC5/ErikaOS_1_cortex_mx_ee_cpu.inc"
 127              		.file 7 ".\\source\\bsw/global.h"
 128              		.file 8 ".\\source\\bsw\\LCD_Library/ugui_config.h"
 129              		.file 9 ".\\source\\bsw\\LCD_Library/ugui.h"
 130              		.file 10 "source\\rte\\lcd_type.h"
 131              		.file 11 "Generated_Source\\PSoC5/ErikaOS_1_ee_oo_intfunc.inc"
 132              		.file 12 "Generated_Source\\PSoC5/ErikaOS_1_cortex_mx_ee_context.inc"
 133              		.file 13 "Generated_Source\\PSoC5/ErikaOS_1_common_ee_primitives.inc"
 134              		.file 14 "Generated_Source\\PSoC5/core_cm3.h"
 135              		.file 15 ".\\source\\bsw\\LCD_Driver/ugui_st7735.h"
 136              		.section	.debug_info,"",%progbits
 137              	.Ldebug_info0:
 138 0000 8B090000 		.4byte	0x98b
 139 0004 0400     		.2byte	0x4
 140 0006 00000000 		.4byte	.Ldebug_abbrev0
 141 000a 04       		.byte	0x4
 142 000b 01       		.uleb128 0x1
 143 000c 93040000 		.4byte	.LASF137
 144 0010 0C       		.byte	0xc
 145 0011 26070000 		.4byte	.LASF138
 146 0015 21050000 		.4byte	.LASF139
 147 0019 00000000 		.4byte	.Ldebug_ranges0+0
 148 001d 00000000 		.4byte	0
 149 0021 00000000 		.4byte	.Ldebug_line0
 150 0025 02       		.uleb128 0x2
 151 0026 98000000 		.4byte	.LASF0
 152 002a 02       		.byte	0x2
 153 002b 1B       		.byte	0x1b
 154 002c 30000000 		.4byte	0x30
 155 0030 03       		.uleb128 0x3
 156 0031 01       		.byte	0x1
 157 0032 06       		.byte	0x6
 158 0033 D0000000 		.4byte	.LASF2
 159 0037 02       		.uleb128 0x2
 160 0038 28000000 		.4byte	.LASF1
 161 003c 02       		.byte	0x2
 162 003d 1D       		.byte	0x1d
 163 003e 42000000 		.4byte	0x42
 164 0042 03       		.uleb128 0x3
ARM GAS  C:\Users\Reza\AppData\Local\Temp\ccoXJLjt.s 			page 5


 165 0043 01       		.byte	0x1
 166 0044 08       		.byte	0x8
 167 0045 6E040000 		.4byte	.LASF3
 168 0049 02       		.uleb128 0x2
 169 004a A3010000 		.4byte	.LASF4
 170 004e 02       		.byte	0x2
 171 004f 29       		.byte	0x29
 172 0050 54000000 		.4byte	0x54
 173 0054 03       		.uleb128 0x3
 174 0055 02       		.byte	0x2
 175 0056 05       		.byte	0x5
 176 0057 83040000 		.4byte	.LASF5
 177 005b 02       		.uleb128 0x2
 178 005c 02060000 		.4byte	.LASF6
 179 0060 02       		.byte	0x2
 180 0061 2B       		.byte	0x2b
 181 0062 66000000 		.4byte	0x66
 182 0066 03       		.uleb128 0x3
 183 0067 02       		.byte	0x2
 184 0068 07       		.byte	0x7
 185 0069 84020000 		.4byte	.LASF7
 186 006d 02       		.uleb128 0x2
 187 006e 0D060000 		.4byte	.LASF8
 188 0072 02       		.byte	0x2
 189 0073 3F       		.byte	0x3f
 190 0074 78000000 		.4byte	0x78
 191 0078 03       		.uleb128 0x3
 192 0079 04       		.byte	0x4
 193 007a 05       		.byte	0x5
 194 007b 27010000 		.4byte	.LASF9
 195 007f 03       		.uleb128 0x3
 196 0080 04       		.byte	0x4
 197 0081 07       		.byte	0x7
 198 0082 23020000 		.4byte	.LASF10
 199 0086 03       		.uleb128 0x3
 200 0087 08       		.byte	0x8
 201 0088 05       		.byte	0x5
 202 0089 C2000000 		.4byte	.LASF11
 203 008d 03       		.uleb128 0x3
 204 008e 08       		.byte	0x8
 205 008f 07       		.byte	0x7
 206 0090 44000000 		.4byte	.LASF12
 207 0094 04       		.uleb128 0x4
 208 0095 04       		.byte	0x4
 209 0096 05       		.byte	0x5
 210 0097 696E7400 		.ascii	"int\000"
 211 009b 03       		.uleb128 0x3
 212 009c 04       		.byte	0x4
 213 009d 07       		.byte	0x7
 214 009e E2010000 		.4byte	.LASF13
 215 00a2 02       		.uleb128 0x2
 216 00a3 4C060000 		.4byte	.LASF14
 217 00a7 03       		.byte	0x3
 218 00a8 14       		.byte	0x14
 219 00a9 25000000 		.4byte	0x25
 220 00ad 02       		.uleb128 0x2
 221 00ae AA060000 		.4byte	.LASF15
ARM GAS  C:\Users\Reza\AppData\Local\Temp\ccoXJLjt.s 			page 6


 222 00b2 03       		.byte	0x3
 223 00b3 18       		.byte	0x18
 224 00b4 37000000 		.4byte	0x37
 225 00b8 02       		.uleb128 0x2
 226 00b9 BA000000 		.4byte	.LASF16
 227 00bd 03       		.byte	0x3
 228 00be 20       		.byte	0x20
 229 00bf 49000000 		.4byte	0x49
 230 00c3 02       		.uleb128 0x2
 231 00c4 EF010000 		.4byte	.LASF17
 232 00c8 03       		.byte	0x3
 233 00c9 24       		.byte	0x24
 234 00ca 5B000000 		.4byte	0x5b
 235 00ce 02       		.uleb128 0x2
 236 00cf 66040000 		.4byte	.LASF18
 237 00d3 03       		.byte	0x3
 238 00d4 2C       		.byte	0x2c
 239 00d5 6D000000 		.4byte	0x6d
 240 00d9 05       		.uleb128 0x5
 241 00da 30010000 		.4byte	.LASF19
 242 00de 04       		.byte	0x4
 243 00df E401     		.2byte	0x1e4
 244 00e1 42000000 		.4byte	0x42
 245 00e5 03       		.uleb128 0x3
 246 00e6 04       		.byte	0x4
 247 00e7 04       		.byte	0x4
 248 00e8 2D040000 		.4byte	.LASF20
 249 00ec 03       		.uleb128 0x3
 250 00ed 08       		.byte	0x8
 251 00ee 04       		.byte	0x4
 252 00ef 52010000 		.4byte	.LASF21
 253 00f3 03       		.uleb128 0x3
 254 00f4 01       		.byte	0x1
 255 00f5 08       		.byte	0x8
 256 00f6 FD050000 		.4byte	.LASF22
 257 00fa 03       		.uleb128 0x3
 258 00fb 08       		.byte	0x8
 259 00fc 04       		.byte	0x4
 260 00fd EB050000 		.4byte	.LASF23
 261 0101 03       		.uleb128 0x3
 262 0102 04       		.byte	0x4
 263 0103 07       		.byte	0x7
 264 0104 82030000 		.4byte	.LASF24
 265 0108 06       		.uleb128 0x6
 266 0109 04       		.byte	0x4
 267 010a 07       		.uleb128 0x7
 268 010b 04       		.byte	0x4
 269 010c F3000000 		.4byte	0xf3
 270 0110 07       		.uleb128 0x7
 271 0111 04       		.byte	0x4
 272 0112 42000000 		.4byte	0x42
 273 0116 02       		.uleb128 0x2
 274 0117 58020000 		.4byte	.LASF25
 275 011b 05       		.byte	0x5
 276 011c 53       		.byte	0x53
 277 011d 94000000 		.4byte	0x94
 278 0121 02       		.uleb128 0x2
ARM GAS  C:\Users\Reza\AppData\Local\Temp\ccoXJLjt.s 			page 7


 279 0122 89060000 		.4byte	.LASF26
 280 0126 05       		.byte	0x5
 281 0127 54       		.byte	0x54
 282 0128 9B000000 		.4byte	0x9b
 283 012c 02       		.uleb128 0x2
 284 012d 09020000 		.4byte	.LASF27
 285 0131 06       		.byte	0x6
 286 0132 4D       		.byte	0x4d
 287 0133 21010000 		.4byte	0x121
 288 0137 02       		.uleb128 0x2
 289 0138 1E070000 		.4byte	.LASF28
 290 013c 06       		.byte	0x6
 291 013d 4F       		.byte	0x4f
 292 013e 21010000 		.4byte	0x121
 293 0142 02       		.uleb128 0x2
 294 0143 BB010000 		.4byte	.LASF29
 295 0147 06       		.byte	0x6
 296 0148 78       		.byte	0x78
 297 0149 16010000 		.4byte	0x116
 298 014d 08       		.uleb128 0x8
 299 014e 65524300 		.ascii	"eRC\000"
 300 0152 01       		.byte	0x1
 301 0153 30000000 		.4byte	0x30
 302 0157 07       		.byte	0x7
 303 0158 AC       		.byte	0xac
 304 0159 F4010000 		.4byte	0x1f4
 305 015d 09       		.uleb128 0x9
 306 015e 43020000 		.4byte	.LASF30
 307 0162 00       		.byte	0
 308 0163 0A       		.uleb128 0xa
 309 0164 19040000 		.4byte	.LASF31
 310 0168 7F       		.sleb128 -1
 311 0169 0A       		.uleb128 0xa
 312 016a 35020000 		.4byte	.LASF32
 313 016e 7E       		.sleb128 -2
 314 016f 0A       		.uleb128 0xa
 315 0170 C5050000 		.4byte	.LASF33
 316 0174 7D       		.sleb128 -3
 317 0175 0A       		.uleb128 0xa
 318 0176 DC000000 		.4byte	.LASF34
 319 017a 7C       		.sleb128 -4
 320 017b 0A       		.uleb128 0xa
 321 017c 93060000 		.4byte	.LASF35
 322 0180 7B       		.sleb128 -5
 323 0181 0A       		.uleb128 0xa
 324 0182 1D060000 		.4byte	.LASF36
 325 0186 7A       		.sleb128 -6
 326 0187 0A       		.uleb128 0xa
 327 0188 EC030000 		.4byte	.LASF37
 328 018c 79       		.sleb128 -7
 329 018d 0A       		.uleb128 0xa
 330 018e C8020000 		.4byte	.LASF38
 331 0192 78       		.sleb128 -8
 332 0193 0A       		.uleb128 0xa
 333 0194 0B010000 		.4byte	.LASF39
 334 0198 77       		.sleb128 -9
 335 0199 0A       		.uleb128 0xa
ARM GAS  C:\Users\Reza\AppData\Local\Temp\ccoXJLjt.s 			page 8


 336 019a 44040000 		.4byte	.LASF40
 337 019e 76       		.sleb128 -10
 338 019f 0A       		.uleb128 0xa
 339 01a0 6D000000 		.4byte	.LASF41
 340 01a4 75       		.sleb128 -11
 341 01a5 0A       		.uleb128 0xa
 342 01a6 36010000 		.4byte	.LASF42
 343 01aa 74       		.sleb128 -12
 344 01ab 0A       		.uleb128 0xa
 345 01ac 11020000 		.4byte	.LASF43
 346 01b0 73       		.sleb128 -13
 347 01b1 0A       		.uleb128 0xa
 348 01b2 D8050000 		.4byte	.LASF44
 349 01b6 72       		.sleb128 -14
 350 01b7 0A       		.uleb128 0xa
 351 01b8 52040000 		.4byte	.LASF45
 352 01bc 71       		.sleb128 -15
 353 01bd 0A       		.uleb128 0xa
 354 01be A1030000 		.4byte	.LASF46
 355 01c2 70       		.sleb128 -16
 356 01c3 0A       		.uleb128 0xa
 357 01c4 FE030000 		.4byte	.LASF47
 358 01c8 6F       		.sleb128 -17
 359 01c9 0A       		.uleb128 0xa
 360 01ca 02030000 		.4byte	.LASF48
 361 01ce 6E       		.sleb128 -18
 362 01cf 0A       		.uleb128 0xa
 363 01d0 33030000 		.4byte	.LASF49
 364 01d4 6D       		.sleb128 -19
 365 01d5 0A       		.uleb128 0xa
 366 01d6 20030000 		.4byte	.LASF50
 367 01da 6C       		.sleb128 -20
 368 01db 0A       		.uleb128 0xa
 369 01dc 5B000000 		.4byte	.LASF51
 370 01e0 6B       		.sleb128 -21
 371 01e1 0A       		.uleb128 0xa
 372 01e2 DA030000 		.4byte	.LASF52
 373 01e6 6A       		.sleb128 -22
 374 01e7 0A       		.uleb128 0xa
 375 01e8 4E030000 		.4byte	.LASF53
 376 01ec 69       		.sleb128 -23
 377 01ed 0A       		.uleb128 0xa
 378 01ee F8010000 		.4byte	.LASF54
 379 01f2 68       		.sleb128 -24
 380 01f3 00       		.byte	0
 381 01f4 02       		.uleb128 0x2
 382 01f5 32000000 		.4byte	.LASF55
 383 01f9 07       		.byte	0x7
 384 01fa C8       		.byte	0xc8
 385 01fb 4D010000 		.4byte	0x14d
 386 01ff 02       		.uleb128 0x2
 387 0200 EC000000 		.4byte	.LASF56
 388 0204 08       		.byte	0x8
 389 0205 25       		.byte	0x25
 390 0206 AD000000 		.4byte	0xad
 391 020a 02       		.uleb128 0x2
 392 020b BF060000 		.4byte	.LASF57
ARM GAS  C:\Users\Reza\AppData\Local\Temp\ccoXJLjt.s 			page 9


 393 020f 08       		.byte	0x8
 394 0210 26       		.byte	0x26
 395 0211 A2000000 		.4byte	0xa2
 396 0215 02       		.uleb128 0x2
 397 0216 7C040000 		.4byte	.LASF58
 398 021a 08       		.byte	0x8
 399 021b 27       		.byte	0x27
 400 021c C3000000 		.4byte	0xc3
 401 0220 02       		.uleb128 0x2
 402 0221 09000000 		.4byte	.LASF59
 403 0225 08       		.byte	0x8
 404 0226 28       		.byte	0x28
 405 0227 B8000000 		.4byte	0xb8
 406 022b 0B       		.uleb128 0xb
 407 022c 01       		.byte	0x1
 408 022d 42000000 		.4byte	0x42
 409 0231 09       		.byte	0x9
 410 0232 1D       		.byte	0x1d
 411 0233 44020000 		.4byte	0x244
 412 0237 09       		.uleb128 0x9
 413 0238 00070000 		.4byte	.LASF60
 414 023c 00       		.byte	0
 415 023d 09       		.uleb128 0x9
 416 023e 0F070000 		.4byte	.LASF61
 417 0242 01       		.byte	0x1
 418 0243 00       		.byte	0
 419 0244 02       		.uleb128 0x2
 420 0245 80010000 		.4byte	.LASF62
 421 0249 09       		.byte	0x9
 422 024a 20       		.byte	0x20
 423 024b 2B020000 		.4byte	0x22b
 424 024f 0C       		.uleb128 0xc
 425 0250 14       		.byte	0x14
 426 0251 09       		.byte	0x9
 427 0252 22       		.byte	0x22
 428 0253 AA020000 		.4byte	0x2aa
 429 0257 0D       		.uleb128 0xd
 430 0258 7000     		.ascii	"p\000"
 431 025a 09       		.byte	0x9
 432 025b 24       		.byte	0x24
 433 025c 10010000 		.4byte	0x110
 434 0260 00       		.byte	0
 435 0261 0E       		.uleb128 0xe
 436 0262 B7030000 		.4byte	.LASF63
 437 0266 09       		.byte	0x9
 438 0267 25       		.byte	0x25
 439 0268 44020000 		.4byte	0x244
 440 026c 04       		.byte	0x4
 441 026d 0E       		.uleb128 0xe
 442 026e 10000000 		.4byte	.LASF64
 443 0272 09       		.byte	0x9
 444 0273 26       		.byte	0x26
 445 0274 20020000 		.4byte	0x220
 446 0278 06       		.byte	0x6
 447 0279 0E       		.uleb128 0xe
 448 027a FF000000 		.4byte	.LASF65
 449 027e 09       		.byte	0x9
ARM GAS  C:\Users\Reza\AppData\Local\Temp\ccoXJLjt.s 			page 10


 450 027f 27       		.byte	0x27
 451 0280 20020000 		.4byte	0x220
 452 0284 08       		.byte	0x8
 453 0285 0E       		.uleb128 0xe
 454 0286 D0010000 		.4byte	.LASF66
 455 028a 09       		.byte	0x9
 456 028b 28       		.byte	0x28
 457 028c 15020000 		.4byte	0x215
 458 0290 0A       		.byte	0xa
 459 0291 0E       		.uleb128 0xe
 460 0292 17030000 		.4byte	.LASF67
 461 0296 09       		.byte	0x9
 462 0297 29       		.byte	0x29
 463 0298 15020000 		.4byte	0x215
 464 029c 0C       		.byte	0xc
 465 029d 0E       		.uleb128 0xe
 466 029e B5050000 		.4byte	.LASF68
 467 02a2 09       		.byte	0x9
 468 02a3 2A       		.byte	0x2a
 469 02a4 AA020000 		.4byte	0x2aa
 470 02a8 10       		.byte	0x10
 471 02a9 00       		.byte	0
 472 02aa 07       		.uleb128 0x7
 473 02ab 04       		.byte	0x4
 474 02ac FF010000 		.4byte	0x1ff
 475 02b0 02       		.uleb128 0x2
 476 02b1 99030000 		.4byte	.LASF69
 477 02b5 09       		.byte	0x9
 478 02b6 2B       		.byte	0x2b
 479 02b7 4F020000 		.4byte	0x24f
 480 02bb 02       		.uleb128 0x2
 481 02bc 33040000 		.4byte	.LASF70
 482 02c0 09       		.byte	0x9
 483 02c1 64       		.byte	0x64
 484 02c2 C6020000 		.4byte	0x2c6
 485 02c6 0F       		.uleb128 0xf
 486 02c7 ED020000 		.4byte	.LASF80
 487 02cb 20       		.byte	0x20
 488 02cc 09       		.byte	0x9
 489 02cd F5       		.byte	0xf5
 490 02ce 3E030000 		.4byte	0x33e
 491 02d2 0E       		.uleb128 0xe
 492 02d3 21010000 		.4byte	.LASF71
 493 02d7 09       		.byte	0x9
 494 02d8 F7       		.byte	0xf7
 495 02d9 FF010000 		.4byte	0x1ff
 496 02dd 00       		.byte	0
 497 02de 0E       		.uleb128 0xe
 498 02df F6020000 		.4byte	.LASF72
 499 02e3 09       		.byte	0x9
 500 02e4 F8       		.byte	0xf8
 501 02e5 FF010000 		.4byte	0x1ff
 502 02e9 01       		.byte	0x1
 503 02ea 0E       		.uleb128 0xe
 504 02eb 59060000 		.4byte	.LASF73
 505 02ef 09       		.byte	0x9
 506 02f0 F9       		.byte	0xf9
ARM GAS  C:\Users\Reza\AppData\Local\Temp\ccoXJLjt.s 			page 11


 507 02f1 E3040000 		.4byte	0x4e3
 508 02f5 04       		.byte	0x4
 509 02f6 0E       		.uleb128 0xe
 510 02f7 3C070000 		.4byte	.LASF74
 511 02fb 09       		.byte	0x9
 512 02fc FA       		.byte	0xfa
 513 02fd 2C040000 		.4byte	0x42c
 514 0301 08       		.byte	0x8
 515 0302 0E       		.uleb128 0xe
 516 0303 53060000 		.4byte	.LASF75
 517 0307 09       		.byte	0x9
 518 0308 FB       		.byte	0xfb
 519 0309 2C040000 		.4byte	0x42c
 520 030d 10       		.byte	0x10
 521 030e 0E       		.uleb128 0xe
 522 030f 3F000000 		.4byte	.LASF76
 523 0313 09       		.byte	0x9
 524 0314 FC       		.byte	0xfc
 525 0315 FF010000 		.4byte	0x1ff
 526 0319 18       		.byte	0x18
 527 031a 0D       		.uleb128 0xd
 528 031b 696400   		.ascii	"id\000"
 529 031e 09       		.byte	0x9
 530 031f FD       		.byte	0xfd
 531 0320 FF010000 		.4byte	0x1ff
 532 0324 19       		.byte	0x19
 533 0325 0E       		.uleb128 0xe
 534 0326 7E020000 		.4byte	.LASF77
 535 032a 09       		.byte	0x9
 536 032b FE       		.byte	0xfe
 537 032c FF010000 		.4byte	0x1ff
 538 0330 1A       		.byte	0x1a
 539 0331 0E       		.uleb128 0xe
 540 0332 B2030000 		.4byte	.LASF78
 541 0336 09       		.byte	0x9
 542 0337 FF       		.byte	0xff
 543 0338 08010000 		.4byte	0x108
 544 033c 1C       		.byte	0x1c
 545 033d 00       		.byte	0
 546 033e 02       		.uleb128 0x2
 547 033f 60060000 		.4byte	.LASF79
 548 0343 09       		.byte	0x9
 549 0344 65       		.byte	0x65
 550 0345 49030000 		.4byte	0x349
 551 0349 10       		.uleb128 0x10
 552 034a BC050000 		.4byte	.LASF81
 553 034e 34       		.byte	0x34
 554 034f 09       		.byte	0x9
 555 0350 3F01     		.2byte	0x13f
 556 0352 EC030000 		.4byte	0x3ec
 557 0356 11       		.uleb128 0x11
 558 0357 D7060000 		.4byte	.LASF82
 559 035b 09       		.byte	0x9
 560 035c 4101     		.2byte	0x141
 561 035e FF010000 		.4byte	0x1ff
 562 0362 00       		.byte	0
 563 0363 11       		.uleb128 0x11
ARM GAS  C:\Users\Reza\AppData\Local\Temp\ccoXJLjt.s 			page 12


 564 0364 F9060000 		.4byte	.LASF83
 565 0368 09       		.byte	0x9
 566 0369 4201     		.2byte	0x142
 567 036b DD040000 		.4byte	0x4dd
 568 036f 04       		.byte	0x4
 569 0370 11       		.uleb128 0x11
 570 0371 21010000 		.4byte	.LASF71
 571 0375 09       		.byte	0x9
 572 0376 4301     		.2byte	0x143
 573 0378 FF010000 		.4byte	0x1ff
 574 037c 08       		.byte	0x8
 575 037d 12       		.uleb128 0x12
 576 037e 666300   		.ascii	"fc\000"
 577 0381 09       		.byte	0x9
 578 0382 4401     		.2byte	0x144
 579 0384 EC030000 		.4byte	0x3ec
 580 0388 0A       		.byte	0xa
 581 0389 12       		.uleb128 0x12
 582 038a 626300   		.ascii	"bc\000"
 583 038d 09       		.byte	0x9
 584 038e 4501     		.2byte	0x145
 585 0390 EC030000 		.4byte	0x3ec
 586 0394 0C       		.byte	0xc
 587 0395 12       		.uleb128 0x12
 588 0396 787300   		.ascii	"xs\000"
 589 0399 09       		.byte	0x9
 590 039a 4601     		.2byte	0x146
 591 039c 20020000 		.4byte	0x220
 592 03a0 0E       		.byte	0xe
 593 03a1 12       		.uleb128 0x12
 594 03a2 797300   		.ascii	"ys\000"
 595 03a5 09       		.byte	0x9
 596 03a6 4701     		.2byte	0x147
 597 03a8 20020000 		.4byte	0x220
 598 03ac 10       		.byte	0x10
 599 03ad 12       		.uleb128 0x12
 600 03ae 786500   		.ascii	"xe\000"
 601 03b1 09       		.byte	0x9
 602 03b2 4801     		.2byte	0x148
 603 03b4 20020000 		.4byte	0x220
 604 03b8 12       		.byte	0x12
 605 03b9 12       		.uleb128 0x12
 606 03ba 796500   		.ascii	"ye\000"
 607 03bd 09       		.byte	0x9
 608 03be 4901     		.2byte	0x149
 609 03c0 20020000 		.4byte	0x220
 610 03c4 14       		.byte	0x14
 611 03c5 11       		.uleb128 0x11
 612 03c6 17060000 		.4byte	.LASF84
 613 03ca 09       		.byte	0x9
 614 03cb 4A01     		.2byte	0x14a
 615 03cd FF010000 		.4byte	0x1ff
 616 03d1 16       		.byte	0x16
 617 03d2 11       		.uleb128 0x11
 618 03d3 D4030000 		.4byte	.LASF85
 619 03d7 09       		.byte	0x9
 620 03d8 4B01     		.2byte	0x14b
ARM GAS  C:\Users\Reza\AppData\Local\Temp\ccoXJLjt.s 			page 13


 621 03da 73050000 		.4byte	0x573
 622 03de 18       		.byte	0x18
 623 03df 12       		.uleb128 0x12
 624 03e0 636200   		.ascii	"cb\000"
 625 03e3 09       		.byte	0x9
 626 03e4 4C01     		.2byte	0x14c
 627 03e6 90050000 		.4byte	0x590
 628 03ea 30       		.byte	0x30
 629 03eb 00       		.byte	0
 630 03ec 02       		.uleb128 0x2
 631 03ed 00000000 		.4byte	.LASF86
 632 03f1 09       		.byte	0x9
 633 03f2 6B       		.byte	0x6b
 634 03f3 15020000 		.4byte	0x215
 635 03f7 0C       		.uleb128 0xc
 636 03f8 08       		.byte	0x8
 637 03f9 09       		.byte	0x9
 638 03fa A5       		.byte	0xa5
 639 03fb 2C040000 		.4byte	0x42c
 640 03ff 0D       		.uleb128 0xd
 641 0400 787300   		.ascii	"xs\000"
 642 0403 09       		.byte	0x9
 643 0404 A7       		.byte	0xa7
 644 0405 20020000 		.4byte	0x220
 645 0409 00       		.byte	0
 646 040a 0D       		.uleb128 0xd
 647 040b 797300   		.ascii	"ys\000"
 648 040e 09       		.byte	0x9
 649 040f A8       		.byte	0xa8
 650 0410 20020000 		.4byte	0x220
 651 0414 02       		.byte	0x2
 652 0415 0D       		.uleb128 0xd
 653 0416 786500   		.ascii	"xe\000"
 654 0419 09       		.byte	0x9
 655 041a A9       		.byte	0xa9
 656 041b 20020000 		.4byte	0x220
 657 041f 04       		.byte	0x4
 658 0420 0D       		.uleb128 0xd
 659 0421 796500   		.ascii	"ye\000"
 660 0424 09       		.byte	0x9
 661 0425 AA       		.byte	0xaa
 662 0426 20020000 		.4byte	0x220
 663 042a 06       		.byte	0x6
 664 042b 00       		.byte	0
 665 042c 02       		.uleb128 0x2
 666 042d C8010000 		.4byte	.LASF87
 667 0431 09       		.byte	0x9
 668 0432 AB       		.byte	0xab
 669 0433 F7030000 		.4byte	0x3f7
 670 0437 07       		.uleb128 0x7
 671 0438 04       		.byte	0x4
 672 0439 3D040000 		.4byte	0x43d
 673 043d 13       		.uleb128 0x13
 674 043e B0020000 		.4byte	0x2b0
 675 0442 0C       		.uleb128 0xc
 676 0443 08       		.byte	0x8
 677 0444 09       		.byte	0x9
ARM GAS  C:\Users\Reza\AppData\Local\Temp\ccoXJLjt.s 			page 14


 678 0445 D4       		.byte	0xd4
 679 0446 86040000 		.4byte	0x486
 680 044a 0E       		.uleb128 0xe
 681 044b 3F000000 		.4byte	.LASF76
 682 044f 09       		.byte	0x9
 683 0450 D6       		.byte	0xd6
 684 0451 FF010000 		.4byte	0x1ff
 685 0455 00       		.byte	0
 686 0456 0D       		.uleb128 0xd
 687 0457 696400   		.ascii	"id\000"
 688 045a 09       		.byte	0x9
 689 045b D7       		.byte	0xd7
 690 045c FF010000 		.4byte	0x1ff
 691 0460 01       		.byte	0x1
 692 0461 0E       		.uleb128 0xe
 693 0462 12040000 		.4byte	.LASF88
 694 0466 09       		.byte	0x9
 695 0467 D8       		.byte	0xd8
 696 0468 FF010000 		.4byte	0x1ff
 697 046c 02       		.byte	0x2
 698 046d 0E       		.uleb128 0xe
 699 046e 7E020000 		.4byte	.LASF77
 700 0472 09       		.byte	0x9
 701 0473 D9       		.byte	0xd9
 702 0474 FF010000 		.4byte	0x1ff
 703 0478 03       		.byte	0x3
 704 0479 0D       		.uleb128 0xd
 705 047a 73726300 		.ascii	"src\000"
 706 047e 09       		.byte	0x9
 707 047f DA       		.byte	0xda
 708 0480 08010000 		.4byte	0x108
 709 0484 04       		.byte	0x4
 710 0485 00       		.byte	0
 711 0486 02       		.uleb128 0x2
 712 0487 2E060000 		.4byte	.LASF89
 713 048b 09       		.byte	0x9
 714 048c DB       		.byte	0xdb
 715 048d 42040000 		.4byte	0x442
 716 0491 0C       		.uleb128 0xc
 717 0492 06       		.byte	0x6
 718 0493 09       		.byte	0x9
 719 0494 E6       		.byte	0xe6
 720 0495 BC040000 		.4byte	0x4bc
 721 0499 0E       		.uleb128 0xe
 722 049a 21010000 		.4byte	.LASF71
 723 049e 09       		.byte	0x9
 724 049f E8       		.byte	0xe8
 725 04a0 FF010000 		.4byte	0x1ff
 726 04a4 00       		.byte	0
 727 04a5 0D       		.uleb128 0xd
 728 04a6 787000   		.ascii	"xp\000"
 729 04a9 09       		.byte	0x9
 730 04aa E9       		.byte	0xe9
 731 04ab 20020000 		.4byte	0x220
 732 04af 02       		.byte	0x2
 733 04b0 0D       		.uleb128 0xd
 734 04b1 797000   		.ascii	"yp\000"
ARM GAS  C:\Users\Reza\AppData\Local\Temp\ccoXJLjt.s 			page 15


 735 04b4 09       		.byte	0x9
 736 04b5 EA       		.byte	0xea
 737 04b6 20020000 		.4byte	0x220
 738 04ba 04       		.byte	0x4
 739 04bb 00       		.byte	0
 740 04bc 02       		.uleb128 0x2
 741 04bd 65030000 		.4byte	.LASF90
 742 04c1 09       		.byte	0x9
 743 04c2 EB       		.byte	0xeb
 744 04c3 91040000 		.4byte	0x491
 745 04c7 14       		.uleb128 0x14
 746 04c8 D7040000 		.4byte	0x4d7
 747 04cc 15       		.uleb128 0x15
 748 04cd D7040000 		.4byte	0x4d7
 749 04d1 15       		.uleb128 0x15
 750 04d2 DD040000 		.4byte	0x4dd
 751 04d6 00       		.byte	0
 752 04d7 07       		.uleb128 0x7
 753 04d8 04       		.byte	0x4
 754 04d9 3E030000 		.4byte	0x33e
 755 04dd 07       		.uleb128 0x7
 756 04de 04       		.byte	0x4
 757 04df BB020000 		.4byte	0x2bb
 758 04e3 07       		.uleb128 0x7
 759 04e4 04       		.byte	0x4
 760 04e5 C7040000 		.4byte	0x4c7
 761 04e9 16       		.uleb128 0x16
 762 04ea 18       		.byte	0x18
 763 04eb 09       		.byte	0x9
 764 04ec 3001     		.2byte	0x130
 765 04ee 73050000 		.4byte	0x573
 766 04f2 12       		.uleb128 0x12
 767 04f3 73747200 		.ascii	"str\000"
 768 04f7 09       		.byte	0x9
 769 04f8 3201     		.2byte	0x132
 770 04fa 0A010000 		.4byte	0x10a
 771 04fe 00       		.byte	0
 772 04ff 11       		.uleb128 0x11
 773 0500 6F060000 		.4byte	.LASF91
 774 0504 09       		.byte	0x9
 775 0505 3301     		.2byte	0x133
 776 0507 37040000 		.4byte	0x437
 777 050b 04       		.byte	0x4
 778 050c 11       		.uleb128 0x11
 779 050d 46030000 		.4byte	.LASF92
 780 0511 09       		.byte	0x9
 781 0512 3401     		.2byte	0x134
 782 0514 0A020000 		.4byte	0x20a
 783 0518 08       		.byte	0x8
 784 0519 11       		.uleb128 0x11
 785 051a EA060000 		.4byte	.LASF93
 786 051e 09       		.byte	0x9
 787 051f 3501     		.2byte	0x135
 788 0521 0A020000 		.4byte	0x20a
 789 0525 09       		.byte	0x9
 790 0526 11       		.uleb128 0x11
 791 0527 AE000000 		.4byte	.LASF94
ARM GAS  C:\Users\Reza\AppData\Local\Temp\ccoXJLjt.s 			page 16


 792 052b 09       		.byte	0x9
 793 052c 3601     		.2byte	0x136
 794 052e FF010000 		.4byte	0x1ff
 795 0532 0A       		.byte	0xa
 796 0533 12       		.uleb128 0x12
 797 0534 666300   		.ascii	"fc\000"
 798 0537 09       		.byte	0x9
 799 0538 3701     		.2byte	0x137
 800 053a EC030000 		.4byte	0x3ec
 801 053e 0C       		.byte	0xc
 802 053f 12       		.uleb128 0x12
 803 0540 626300   		.ascii	"bc\000"
 804 0543 09       		.byte	0x9
 805 0544 3801     		.2byte	0x138
 806 0546 EC030000 		.4byte	0x3ec
 807 054a 0E       		.byte	0xe
 808 054b 12       		.uleb128 0x12
 809 054c 69666300 		.ascii	"ifc\000"
 810 0550 09       		.byte	0x9
 811 0551 3901     		.2byte	0x139
 812 0553 EC030000 		.4byte	0x3ec
 813 0557 10       		.byte	0x10
 814 0558 12       		.uleb128 0x12
 815 0559 69626300 		.ascii	"ibc\000"
 816 055d 09       		.byte	0x9
 817 055e 3A01     		.2byte	0x13a
 818 0560 EC030000 		.4byte	0x3ec
 819 0564 12       		.byte	0x12
 820 0565 11       		.uleb128 0x11
 821 0566 F2060000 		.4byte	.LASF95
 822 056a 09       		.byte	0x9
 823 056b 3B01     		.2byte	0x13b
 824 056d FF010000 		.4byte	0x1ff
 825 0571 14       		.byte	0x14
 826 0572 00       		.byte	0
 827 0573 05       		.uleb128 0x5
 828 0574 79030000 		.4byte	.LASF96
 829 0578 09       		.byte	0x9
 830 0579 3C01     		.2byte	0x13c
 831 057b E9040000 		.4byte	0x4e9
 832 057f 14       		.uleb128 0x14
 833 0580 8A050000 		.4byte	0x58a
 834 0584 15       		.uleb128 0x15
 835 0585 8A050000 		.4byte	0x58a
 836 0589 00       		.byte	0
 837 058a 07       		.uleb128 0x7
 838 058b 04       		.byte	0x4
 839 058c 86040000 		.4byte	0x486
 840 0590 07       		.uleb128 0x7
 841 0591 04       		.byte	0x4
 842 0592 7F050000 		.4byte	0x57f
 843 0596 16       		.uleb128 0x16
 844 0597 08       		.byte	0x8
 845 0598 09       		.byte	0x9
 846 0599 1E02     		.2byte	0x21e
 847 059b BA050000 		.4byte	0x5ba
 848 059f 11       		.uleb128 0x11
ARM GAS  C:\Users\Reza\AppData\Local\Temp\ccoXJLjt.s 			page 17


 849 05a0 3D040000 		.4byte	.LASF97
 850 05a4 09       		.byte	0x9
 851 05a5 2002     		.2byte	0x220
 852 05a7 08010000 		.4byte	0x108
 853 05ab 00       		.byte	0
 854 05ac 11       		.uleb128 0x11
 855 05ad 21010000 		.4byte	.LASF71
 856 05b1 09       		.byte	0x9
 857 05b2 2102     		.2byte	0x221
 858 05b4 FF010000 		.4byte	0x1ff
 859 05b8 04       		.byte	0x4
 860 05b9 00       		.byte	0
 861 05ba 05       		.uleb128 0x5
 862 05bb 4E020000 		.4byte	.LASF98
 863 05bf 09       		.byte	0x9
 864 05c0 2202     		.2byte	0x222
 865 05c2 96050000 		.4byte	0x596
 866 05c6 16       		.uleb128 0x16
 867 05c7 10       		.byte	0x10
 868 05c8 09       		.byte	0x9
 869 05c9 3902     		.2byte	0x239
 870 05cb 38060000 		.4byte	0x638
 871 05cf 11       		.uleb128 0x11
 872 05d0 39060000 		.4byte	.LASF99
 873 05d4 09       		.byte	0x9
 874 05d5 3B02     		.2byte	0x23b
 875 05d7 20020000 		.4byte	0x220
 876 05db 00       		.byte	0
 877 05dc 11       		.uleb128 0x11
 878 05dd D1060000 		.4byte	.LASF100
 879 05e1 09       		.byte	0x9
 880 05e2 3C02     		.2byte	0x23c
 881 05e4 20020000 		.4byte	0x220
 882 05e8 02       		.byte	0x2
 883 05e9 11       		.uleb128 0x11
 884 05ea B3010000 		.4byte	.LASF101
 885 05ee 09       		.byte	0x9
 886 05ef 3D02     		.2byte	0x23d
 887 05f1 20020000 		.4byte	0x220
 888 05f5 04       		.byte	0x4
 889 05f6 11       		.uleb128 0x11
 890 05f7 37000000 		.4byte	.LASF102
 891 05fb 09       		.byte	0x9
 892 05fc 3E02     		.2byte	0x23e
 893 05fe 20020000 		.4byte	0x220
 894 0602 06       		.byte	0x6
 895 0603 11       		.uleb128 0x11
 896 0604 B4000000 		.4byte	.LASF103
 897 0608 09       		.byte	0x9
 898 0609 3F02     		.2byte	0x23f
 899 060b 20020000 		.4byte	0x220
 900 060f 08       		.byte	0x8
 901 0610 11       		.uleb128 0x11
 902 0611 F7050000 		.4byte	.LASF104
 903 0615 09       		.byte	0x9
 904 0616 4002     		.2byte	0x240
 905 0618 20020000 		.4byte	0x220
ARM GAS  C:\Users\Reza\AppData\Local\Temp\ccoXJLjt.s 			page 18


 906 061c 0A       		.byte	0xa
 907 061d 11       		.uleb128 0x11
 908 061e 22040000 		.4byte	.LASF105
 909 0622 09       		.byte	0x9
 910 0623 4102     		.2byte	0x241
 911 0625 EC030000 		.4byte	0x3ec
 912 0629 0C       		.byte	0xc
 913 062a 11       		.uleb128 0x11
 914 062b 7F000000 		.4byte	.LASF106
 915 062f 09       		.byte	0x9
 916 0630 4202     		.2byte	0x242
 917 0632 EC030000 		.4byte	0x3ec
 918 0636 0E       		.byte	0xe
 919 0637 00       		.byte	0
 920 0638 16       		.uleb128 0x16
 921 0639 64       		.byte	0x64
 922 063a 09       		.byte	0x9
 923 063b 3002     		.2byte	0x230
 924 063d 12070000 		.4byte	0x712
 925 0641 11       		.uleb128 0x11
 926 0642 6A060000 		.4byte	.LASF107
 927 0646 09       		.byte	0x9
 928 0647 3202     		.2byte	0x232
 929 0649 27070000 		.4byte	0x727
 930 064d 00       		.byte	0
 931 064e 11       		.uleb128 0x11
 932 064f 8D040000 		.4byte	.LASF108
 933 0653 09       		.byte	0x9
 934 0654 3302     		.2byte	0x233
 935 0656 20020000 		.4byte	0x220
 936 065a 04       		.byte	0x4
 937 065b 11       		.uleb128 0x11
 938 065c AD010000 		.4byte	.LASF109
 939 0660 09       		.byte	0x9
 940 0661 3402     		.2byte	0x234
 941 0663 20020000 		.4byte	0x220
 942 0667 06       		.byte	0x6
 943 0668 11       		.uleb128 0x11
 944 0669 93030000 		.4byte	.LASF110
 945 066d 09       		.byte	0x9
 946 066e 3502     		.2byte	0x235
 947 0670 BC040000 		.4byte	0x4bc
 948 0674 08       		.byte	0x8
 949 0675 11       		.uleb128 0x11
 950 0676 C5060000 		.4byte	.LASF111
 951 067a 09       		.byte	0x9
 952 067b 3602     		.2byte	0x236
 953 067d D7040000 		.4byte	0x4d7
 954 0681 10       		.byte	0x10
 955 0682 11       		.uleb128 0x11
 956 0683 8A000000 		.4byte	.LASF112
 957 0687 09       		.byte	0x9
 958 0688 3702     		.2byte	0x237
 959 068a D7040000 		.4byte	0x4d7
 960 068e 14       		.byte	0x14
 961 068f 11       		.uleb128 0x11
 962 0690 DE060000 		.4byte	.LASF113
ARM GAS  C:\Users\Reza\AppData\Local\Temp\ccoXJLjt.s 			page 19


 963 0694 09       		.byte	0x9
 964 0695 3802     		.2byte	0x238
 965 0697 D7040000 		.4byte	0x4d7
 966 069b 18       		.byte	0x18
 967 069c 11       		.uleb128 0x11
 968 069d 8B030000 		.4byte	.LASF114
 969 06a1 09       		.byte	0x9
 970 06a2 4302     		.2byte	0x243
 971 06a4 C6050000 		.4byte	0x5c6
 972 06a8 1C       		.byte	0x1c
 973 06a9 11       		.uleb128 0x11
 974 06aa 6F060000 		.4byte	.LASF91
 975 06ae 09       		.byte	0x9
 976 06af 4402     		.2byte	0x244
 977 06b1 B0020000 		.4byte	0x2b0
 978 06b5 2C       		.byte	0x2c
 979 06b6 11       		.uleb128 0x11
 980 06b7 3F060000 		.4byte	.LASF115
 981 06bb 09       		.byte	0x9
 982 06bc 4502     		.2byte	0x245
 983 06be 0A020000 		.4byte	0x20a
 984 06c2 40       		.byte	0x40
 985 06c3 11       		.uleb128 0x11
 986 06c4 1B000000 		.4byte	.LASF116
 987 06c8 09       		.byte	0x9
 988 06c9 4602     		.2byte	0x246
 989 06cb 0A020000 		.4byte	0x20a
 990 06cf 41       		.byte	0x41
 991 06d0 11       		.uleb128 0x11
 992 06d1 22040000 		.4byte	.LASF105
 993 06d5 09       		.byte	0x9
 994 06d6 4702     		.2byte	0x247
 995 06d8 EC030000 		.4byte	0x3ec
 996 06dc 42       		.byte	0x42
 997 06dd 11       		.uleb128 0x11
 998 06de 7F000000 		.4byte	.LASF106
 999 06e2 09       		.byte	0x9
 1000 06e3 4802     		.2byte	0x248
 1001 06e5 EC030000 		.4byte	0x3ec
 1002 06e9 44       		.byte	0x44
 1003 06ea 11       		.uleb128 0x11
 1004 06eb 72010000 		.4byte	.LASF117
 1005 06ef 09       		.byte	0x9
 1006 06f0 4902     		.2byte	0x249
 1007 06f2 EC030000 		.4byte	0x3ec
 1008 06f6 46       		.byte	0x46
 1009 06f7 11       		.uleb128 0x11
 1010 06f8 21010000 		.4byte	.LASF71
 1011 06fc 09       		.byte	0x9
 1012 06fd 4A02     		.2byte	0x24a
 1013 06ff FF010000 		.4byte	0x1ff
 1014 0703 48       		.byte	0x48
 1015 0704 11       		.uleb128 0x11
 1016 0705 3D040000 		.4byte	.LASF97
 1017 0709 09       		.byte	0x9
 1018 070a 4B02     		.2byte	0x24b
 1019 070c 2D070000 		.4byte	0x72d
ARM GAS  C:\Users\Reza\AppData\Local\Temp\ccoXJLjt.s 			page 20


 1020 0710 4C       		.byte	0x4c
 1021 0711 00       		.byte	0
 1022 0712 14       		.uleb128 0x14
 1023 0713 27070000 		.4byte	0x727
 1024 0717 15       		.uleb128 0x15
 1025 0718 20020000 		.4byte	0x220
 1026 071c 15       		.uleb128 0x15
 1027 071d 20020000 		.4byte	0x220
 1028 0721 15       		.uleb128 0x15
 1029 0722 EC030000 		.4byte	0x3ec
 1030 0726 00       		.byte	0
 1031 0727 07       		.uleb128 0x7
 1032 0728 04       		.byte	0x4
 1033 0729 12070000 		.4byte	0x712
 1034 072d 17       		.uleb128 0x17
 1035 072e BA050000 		.4byte	0x5ba
 1036 0732 3D070000 		.4byte	0x73d
 1037 0736 18       		.uleb128 0x18
 1038 0737 01010000 		.4byte	0x101
 1039 073b 02       		.byte	0x2
 1040 073c 00       		.byte	0
 1041 073d 05       		.uleb128 0x5
 1042 073e DB010000 		.4byte	.LASF118
 1043 0742 09       		.byte	0x9
 1044 0743 4C02     		.2byte	0x24c
 1045 0745 38060000 		.4byte	0x638
 1046 0749 0C       		.uleb128 0xc
 1047 074a 01       		.byte	0x1
 1048 074b 0A       		.byte	0xa
 1049 074c 13       		.byte	0x13
 1050 074d 5E070000 		.4byte	0x75e
 1051 0751 0D       		.uleb128 0xd
 1052 0752 73747200 		.ascii	"str\000"
 1053 0756 0A       		.byte	0xa
 1054 0757 15       		.byte	0x15
 1055 0758 D9000000 		.4byte	0xd9
 1056 075c 00       		.byte	0
 1057 075d 00       		.byte	0
 1058 075e 02       		.uleb128 0x2
 1059 075f 6E030000 		.4byte	.LASF119
 1060 0763 0A       		.byte	0xa
 1061 0764 17       		.byte	0x17
 1062 0765 49070000 		.4byte	0x749
 1063 0769 19       		.uleb128 0x19
 1064 076a 71020000 		.4byte	.LASF120
 1065 076e 01       		.byte	0x1
 1066 076f 19       		.byte	0x19
 1067 0770 F4010000 		.4byte	0x1f4
 1068 0774 00000000 		.4byte	.LFB114
 1069 0778 04000000 		.4byte	.LFE114-.LFB114
 1070 077c 01       		.uleb128 0x1
 1071 077d 9C       		.byte	0x9c
 1072 077e 92070000 		.4byte	0x792
 1073 0782 1A       		.uleb128 0x1a
 1074 0783 B2030000 		.4byte	.LASF78
 1075 0787 01       		.byte	0x1
 1076 0788 19       		.byte	0x19
ARM GAS  C:\Users\Reza\AppData\Local\Temp\ccoXJLjt.s 			page 21


 1077 0789 98070000 		.4byte	0x798
 1078 078d 00000000 		.4byte	.LLST0
 1079 0791 00       		.byte	0
 1080 0792 07       		.uleb128 0x7
 1081 0793 04       		.byte	0x4
 1082 0794 5E070000 		.4byte	0x75e
 1083 0798 13       		.uleb128 0x13
 1084 0799 92070000 		.4byte	0x792
 1085 079d 19       		.uleb128 0x19
 1086 079e 44010000 		.4byte	.LASF121
 1087 07a2 01       		.byte	0x1
 1088 07a3 27       		.byte	0x27
 1089 07a4 F4010000 		.4byte	0x1f4
 1090 07a8 00000000 		.4byte	.LFB115
 1091 07ac 58000000 		.4byte	.LFE115-.LFB115
 1092 07b0 01       		.uleb128 0x1
 1093 07b1 9C       		.byte	0x9c
 1094 07b2 B3080000 		.4byte	0x8b3
 1095 07b6 1A       		.uleb128 0x1a
 1096 07b7 B2030000 		.4byte	.LASF78
 1097 07bb 01       		.byte	0x1
 1098 07bc 27       		.byte	0x27
 1099 07bd BE080000 		.4byte	0x8be
 1100 07c1 21000000 		.4byte	.LLST1
 1101 07c5 1B       		.uleb128 0x1b
 1102 07c6 C2010000 		.4byte	.LASF122
 1103 07ca 01       		.byte	0x1
 1104 07cb 29       		.byte	0x29
 1105 07cc C3080000 		.4byte	0x8c3
 1106 07d0 03       		.uleb128 0x3
 1107 07d1 91       		.byte	0x91
 1108 07d2 947F     		.sleb128 -108
 1109 07d4 1C       		.uleb128 0x1c
 1110 07d5 73747200 		.ascii	"str\000"
 1111 07d9 01       		.byte	0x1
 1112 07da 2A       		.byte	0x2a
 1113 07db D3080000 		.4byte	0x8d3
 1114 07df 1D       		.uleb128 0x1d
 1115 07e0 7900     		.ascii	"y\000"
 1116 07e2 01       		.byte	0x1
 1117 07e3 2B       		.byte	0x2b
 1118 07e4 AD000000 		.4byte	0xad
 1119 07e8 42000000 		.4byte	.LLST2
 1120 07ec 1E       		.uleb128 0x1e
 1121 07ed D3050000 		.4byte	.LASF131
 1122 07f1 01       		.byte	0x1
 1123 07f2 2D       		.byte	0x2d
 1124 07f3 94000000 		.4byte	0x94
 1125 07f7 FD070000 		.4byte	0x7fd
 1126 07fb 1F       		.uleb128 0x1f
 1127 07fc 00       		.byte	0
 1128 07fd 20       		.uleb128 0x20
 1129 07fe 0E000000 		.4byte	.LVL4
 1130 0802 47090000 		.4byte	0x947
 1131 0806 17080000 		.4byte	0x817
 1132 080a 21       		.uleb128 0x21
 1133 080b 01       		.uleb128 0x1
ARM GAS  C:\Users\Reza\AppData\Local\Temp\ccoXJLjt.s 			page 22


 1134 080c 51       		.byte	0x51
 1135 080d 03       		.uleb128 0x3
 1136 080e 91       		.byte	0x91
 1137 080f 947F     		.sleb128 -108
 1138 0811 21       		.uleb128 0x21
 1139 0812 01       		.uleb128 0x1
 1140 0813 52       		.byte	0x52
 1141 0814 01       		.uleb128 0x1
 1142 0815 3A       		.byte	0x3a
 1143 0816 00       		.byte	0
 1144 0817 20       		.uleb128 0x20
 1145 0818 20000000 		.4byte	.LVL6
 1146 081c 52090000 		.4byte	0x952
 1147 0820 43080000 		.4byte	0x843
 1148 0824 21       		.uleb128 0x21
 1149 0825 01       		.uleb128 0x1
 1150 0826 50       		.byte	0x50
 1151 0827 01       		.uleb128 0x1
 1152 0828 3C       		.byte	0x3c
 1153 0829 21       		.uleb128 0x21
 1154 082a 01       		.uleb128 0x1
 1155 082b 51       		.byte	0x51
 1156 082c 02       		.uleb128 0x2
 1157 082d 08       		.byte	0x8
 1158 082e 26       		.byte	0x26
 1159 082f 21       		.uleb128 0x21
 1160 0830 01       		.uleb128 0x1
 1161 0831 52       		.byte	0x52
 1162 0832 02       		.uleb128 0x2
 1163 0833 08       		.byte	0x8
 1164 0834 64       		.byte	0x64
 1165 0835 21       		.uleb128 0x21
 1166 0836 01       		.uleb128 0x1
 1167 0837 53       		.byte	0x53
 1168 0838 02       		.uleb128 0x2
 1169 0839 08       		.byte	0x8
 1170 083a 3C       		.byte	0x3c
 1171 083b 21       		.uleb128 0x21
 1172 083c 02       		.uleb128 0x2
 1173 083d 7D       		.byte	0x7d
 1174 083e 00       		.sleb128 0
 1175 083f 02       		.uleb128 0x2
 1176 0840 74       		.byte	0x74
 1177 0841 00       		.sleb128 0
 1178 0842 00       		.byte	0
 1179 0843 22       		.uleb128 0x22
 1180 0844 26000000 		.4byte	.LVL7
 1181 0848 5E090000 		.4byte	0x95e
 1182 084c 20       		.uleb128 0x20
 1183 084d 2C000000 		.4byte	.LVL8
 1184 0851 6A090000 		.4byte	0x96a
 1185 0855 60080000 		.4byte	0x860
 1186 0859 21       		.uleb128 0x21
 1187 085a 01       		.uleb128 0x1
 1188 085b 50       		.byte	0x50
 1189 085c 02       		.uleb128 0x2
 1190 085d 74       		.byte	0x74
ARM GAS  C:\Users\Reza\AppData\Local\Temp\ccoXJLjt.s 			page 23


 1191 085e 00       		.sleb128 0
 1192 085f 00       		.byte	0
 1193 0860 20       		.uleb128 0x20
 1194 0861 34000000 		.4byte	.LVL9
 1195 0865 76090000 		.4byte	0x976
 1196 0869 75080000 		.4byte	0x875
 1197 086d 21       		.uleb128 0x21
 1198 086e 01       		.uleb128 0x1
 1199 086f 50       		.byte	0x50
 1200 0870 03       		.uleb128 0x3
 1201 0871 0B       		.byte	0xb
 1202 0872 00F8     		.2byte	0xf800
 1203 0874 00       		.byte	0
 1204 0875 20       		.uleb128 0x20
 1205 0876 3E000000 		.4byte	.LVL10
 1206 087a 82090000 		.4byte	0x982
 1207 087e 96080000 		.4byte	0x896
 1208 0882 21       		.uleb128 0x21
 1209 0883 01       		.uleb128 0x1
 1210 0884 50       		.byte	0x50
 1211 0885 01       		.uleb128 0x1
 1212 0886 31       		.byte	0x31
 1213 0887 21       		.uleb128 0x21
 1214 0888 01       		.uleb128 0x1
 1215 0889 51       		.byte	0x51
 1216 088a 01       		.uleb128 0x1
 1217 088b 35       		.byte	0x35
 1218 088c 21       		.uleb128 0x21
 1219 088d 01       		.uleb128 0x1
 1220 088e 52       		.byte	0x52
 1221 088f 05       		.uleb128 0x5
 1222 0890 03       		.byte	0x3
 1223 0891 00000000 		.4byte	.LC0
 1224 0895 00       		.byte	0
 1225 0896 23       		.uleb128 0x23
 1226 0897 48000000 		.4byte	.LVL11
 1227 089b 82090000 		.4byte	0x982
 1228 089f 21       		.uleb128 0x21
 1229 08a0 01       		.uleb128 0x1
 1230 08a1 50       		.byte	0x50
 1231 08a2 01       		.uleb128 0x1
 1232 08a3 3F       		.byte	0x3f
 1233 08a4 21       		.uleb128 0x21
 1234 08a5 01       		.uleb128 0x1
 1235 08a6 51       		.byte	0x51
 1236 08a7 02       		.uleb128 0x2
 1237 08a8 08       		.byte	0x8
 1238 08a9 28       		.byte	0x28
 1239 08aa 21       		.uleb128 0x21
 1240 08ab 01       		.uleb128 0x1
 1241 08ac 52       		.byte	0x52
 1242 08ad 03       		.uleb128 0x3
 1243 08ae 91       		.byte	0x91
 1244 08af 947F     		.sleb128 -108
 1245 08b1 00       		.byte	0
 1246 08b2 00       		.byte	0
 1247 08b3 07       		.uleb128 0x7
ARM GAS  C:\Users\Reza\AppData\Local\Temp\ccoXJLjt.s 			page 24


 1248 08b4 04       		.byte	0x4
 1249 08b5 B9080000 		.4byte	0x8b9
 1250 08b9 13       		.uleb128 0x13
 1251 08ba 5E070000 		.4byte	0x75e
 1252 08be 13       		.uleb128 0x13
 1253 08bf B3080000 		.4byte	0x8b3
 1254 08c3 17       		.uleb128 0x17
 1255 08c4 F3000000 		.4byte	0xf3
 1256 08c8 D3080000 		.4byte	0x8d3
 1257 08cc 18       		.uleb128 0x18
 1258 08cd 01010000 		.4byte	0x101
 1259 08d1 63       		.byte	0x63
 1260 08d2 00       		.byte	0
 1261 08d3 17       		.uleb128 0x17
 1262 08d4 F3000000 		.4byte	0xf3
 1263 08d8 E3080000 		.4byte	0x8e3
 1264 08dc 18       		.uleb128 0x18
 1265 08dd 01010000 		.4byte	0x101
 1266 08e1 13       		.byte	0x13
 1267 08e2 00       		.byte	0
 1268 08e3 24       		.uleb128 0x24
 1269 08e4 97020000 		.4byte	.LASF123
 1270 08e8 0B       		.byte	0xb
 1271 08e9 40       		.byte	0x40
 1272 08ea 2C010000 		.4byte	0x12c
 1273 08ee 24       		.uleb128 0x24
 1274 08ef 59010000 		.4byte	.LASF124
 1275 08f3 0B       		.byte	0xb
 1276 08f4 47       		.byte	0x47
 1277 08f5 37010000 		.4byte	0x137
 1278 08f9 24       		.uleb128 0x24
 1279 08fa C1030000 		.4byte	.LASF125
 1280 08fe 0B       		.byte	0xb
 1281 08ff 4A       		.byte	0x4a
 1282 0900 2C010000 		.4byte	0x12c
 1283 0904 24       		.uleb128 0x24
 1284 0905 8A010000 		.4byte	.LASF126
 1285 0909 0C       		.byte	0xc
 1286 090a 48       		.byte	0x48
 1287 090b 42010000 		.4byte	0x142
 1288 090f 24       		.uleb128 0x24
 1289 0910 74060000 		.4byte	.LASF127
 1290 0914 0D       		.byte	0xd
 1291 0915 44       		.byte	0x44
 1292 0916 2C010000 		.4byte	0x12c
 1293 091a 25       		.uleb128 0x25
 1294 091b A1000000 		.4byte	.LASF128
 1295 091f 0E       		.byte	0xe
 1296 0920 1207     		.2byte	0x712
 1297 0922 26090000 		.4byte	0x926
 1298 0926 26       		.uleb128 0x26
 1299 0927 CE000000 		.4byte	0xce
 1300 092b 24       		.uleb128 0x24
 1301 092c BD020000 		.4byte	.LASF129
 1302 0930 09       		.byte	0x9
 1303 0931 4C       		.byte	0x4c
 1304 0932 3D040000 		.4byte	0x43d
ARM GAS  C:\Users\Reza\AppData\Local\Temp\ccoXJLjt.s 			page 25


 1305 0936 27       		.uleb128 0x27
 1306 0937 A2060000 		.4byte	.LASF130
 1307 093b 0F       		.byte	0xf
 1308 093c 5E       		.byte	0x5e
 1309 093d 3D070000 		.4byte	0x73d
 1310 0941 05       		.uleb128 0x5
 1311 0942 03       		.byte	0x3
 1312 0943 00000000 		.4byte	gui7735
 1313 0947 28       		.uleb128 0x28
 1314 0948 D3050000 		.4byte	.LASF131
 1315 094c D3050000 		.4byte	.LASF131
 1316 0950 01       		.byte	0x1
 1317 0951 2D       		.byte	0x2d
 1318 0952 29       		.uleb128 0x29
 1319 0953 F2000000 		.4byte	.LASF132
 1320 0957 F2000000 		.4byte	.LASF132
 1321 095b 09       		.byte	0x9
 1322 095c 7803     		.2byte	0x378
 1323 095e 29       		.uleb128 0x29
 1324 095f AF020000 		.4byte	.LASF133
 1325 0963 AF020000 		.4byte	.LASF133
 1326 0967 09       		.byte	0x9
 1327 0968 7603     		.2byte	0x376
 1328 096a 29       		.uleb128 0x29
 1329 096b 61020000 		.4byte	.LASF134
 1330 096f 61020000 		.4byte	.LASF134
 1331 0973 09       		.byte	0x9
 1332 0974 8903     		.2byte	0x389
 1333 0976 29       		.uleb128 0x29
 1334 0977 DD020000 		.4byte	.LASF135
 1335 097b DD020000 		.4byte	.LASF135
 1336 097f 09       		.byte	0x9
 1337 0980 8803     		.2byte	0x388
 1338 0982 29       		.uleb128 0x29
 1339 0983 B2060000 		.4byte	.LASF136
 1340 0987 B2060000 		.4byte	.LASF136
 1341 098b 09       		.byte	0x9
 1342 098c 8203     		.2byte	0x382
 1343 098e 00       		.byte	0
 1344              		.section	.debug_abbrev,"",%progbits
 1345              	.Ldebug_abbrev0:
 1346 0000 01       		.uleb128 0x1
 1347 0001 11       		.uleb128 0x11
 1348 0002 01       		.byte	0x1
 1349 0003 25       		.uleb128 0x25
 1350 0004 0E       		.uleb128 0xe
 1351 0005 13       		.uleb128 0x13
 1352 0006 0B       		.uleb128 0xb
 1353 0007 03       		.uleb128 0x3
 1354 0008 0E       		.uleb128 0xe
 1355 0009 1B       		.uleb128 0x1b
 1356 000a 0E       		.uleb128 0xe
 1357 000b 55       		.uleb128 0x55
 1358 000c 17       		.uleb128 0x17
 1359 000d 11       		.uleb128 0x11
 1360 000e 01       		.uleb128 0x1
 1361 000f 10       		.uleb128 0x10
ARM GAS  C:\Users\Reza\AppData\Local\Temp\ccoXJLjt.s 			page 26


 1362 0010 17       		.uleb128 0x17
 1363 0011 00       		.byte	0
 1364 0012 00       		.byte	0
 1365 0013 02       		.uleb128 0x2
 1366 0014 16       		.uleb128 0x16
 1367 0015 00       		.byte	0
 1368 0016 03       		.uleb128 0x3
 1369 0017 0E       		.uleb128 0xe
 1370 0018 3A       		.uleb128 0x3a
 1371 0019 0B       		.uleb128 0xb
 1372 001a 3B       		.uleb128 0x3b
 1373 001b 0B       		.uleb128 0xb
 1374 001c 49       		.uleb128 0x49
 1375 001d 13       		.uleb128 0x13
 1376 001e 00       		.byte	0
 1377 001f 00       		.byte	0
 1378 0020 03       		.uleb128 0x3
 1379 0021 24       		.uleb128 0x24
 1380 0022 00       		.byte	0
 1381 0023 0B       		.uleb128 0xb
 1382 0024 0B       		.uleb128 0xb
 1383 0025 3E       		.uleb128 0x3e
 1384 0026 0B       		.uleb128 0xb
 1385 0027 03       		.uleb128 0x3
 1386 0028 0E       		.uleb128 0xe
 1387 0029 00       		.byte	0
 1388 002a 00       		.byte	0
 1389 002b 04       		.uleb128 0x4
 1390 002c 24       		.uleb128 0x24
 1391 002d 00       		.byte	0
 1392 002e 0B       		.uleb128 0xb
 1393 002f 0B       		.uleb128 0xb
 1394 0030 3E       		.uleb128 0x3e
 1395 0031 0B       		.uleb128 0xb
 1396 0032 03       		.uleb128 0x3
 1397 0033 08       		.uleb128 0x8
 1398 0034 00       		.byte	0
 1399 0035 00       		.byte	0
 1400 0036 05       		.uleb128 0x5
 1401 0037 16       		.uleb128 0x16
 1402 0038 00       		.byte	0
 1403 0039 03       		.uleb128 0x3
 1404 003a 0E       		.uleb128 0xe
 1405 003b 3A       		.uleb128 0x3a
 1406 003c 0B       		.uleb128 0xb
 1407 003d 3B       		.uleb128 0x3b
 1408 003e 05       		.uleb128 0x5
 1409 003f 49       		.uleb128 0x49
 1410 0040 13       		.uleb128 0x13
 1411 0041 00       		.byte	0
 1412 0042 00       		.byte	0
 1413 0043 06       		.uleb128 0x6
 1414 0044 0F       		.uleb128 0xf
 1415 0045 00       		.byte	0
 1416 0046 0B       		.uleb128 0xb
 1417 0047 0B       		.uleb128 0xb
 1418 0048 00       		.byte	0
ARM GAS  C:\Users\Reza\AppData\Local\Temp\ccoXJLjt.s 			page 27


 1419 0049 00       		.byte	0
 1420 004a 07       		.uleb128 0x7
 1421 004b 0F       		.uleb128 0xf
 1422 004c 00       		.byte	0
 1423 004d 0B       		.uleb128 0xb
 1424 004e 0B       		.uleb128 0xb
 1425 004f 49       		.uleb128 0x49
 1426 0050 13       		.uleb128 0x13
 1427 0051 00       		.byte	0
 1428 0052 00       		.byte	0
 1429 0053 08       		.uleb128 0x8
 1430 0054 04       		.uleb128 0x4
 1431 0055 01       		.byte	0x1
 1432 0056 03       		.uleb128 0x3
 1433 0057 08       		.uleb128 0x8
 1434 0058 0B       		.uleb128 0xb
 1435 0059 0B       		.uleb128 0xb
 1436 005a 49       		.uleb128 0x49
 1437 005b 13       		.uleb128 0x13
 1438 005c 3A       		.uleb128 0x3a
 1439 005d 0B       		.uleb128 0xb
 1440 005e 3B       		.uleb128 0x3b
 1441 005f 0B       		.uleb128 0xb
 1442 0060 01       		.uleb128 0x1
 1443 0061 13       		.uleb128 0x13
 1444 0062 00       		.byte	0
 1445 0063 00       		.byte	0
 1446 0064 09       		.uleb128 0x9
 1447 0065 28       		.uleb128 0x28
 1448 0066 00       		.byte	0
 1449 0067 03       		.uleb128 0x3
 1450 0068 0E       		.uleb128 0xe
 1451 0069 1C       		.uleb128 0x1c
 1452 006a 0B       		.uleb128 0xb
 1453 006b 00       		.byte	0
 1454 006c 00       		.byte	0
 1455 006d 0A       		.uleb128 0xa
 1456 006e 28       		.uleb128 0x28
 1457 006f 00       		.byte	0
 1458 0070 03       		.uleb128 0x3
 1459 0071 0E       		.uleb128 0xe
 1460 0072 1C       		.uleb128 0x1c
 1461 0073 0D       		.uleb128 0xd
 1462 0074 00       		.byte	0
 1463 0075 00       		.byte	0
 1464 0076 0B       		.uleb128 0xb
 1465 0077 04       		.uleb128 0x4
 1466 0078 01       		.byte	0x1
 1467 0079 0B       		.uleb128 0xb
 1468 007a 0B       		.uleb128 0xb
 1469 007b 49       		.uleb128 0x49
 1470 007c 13       		.uleb128 0x13
 1471 007d 3A       		.uleb128 0x3a
 1472 007e 0B       		.uleb128 0xb
 1473 007f 3B       		.uleb128 0x3b
 1474 0080 0B       		.uleb128 0xb
 1475 0081 01       		.uleb128 0x1
ARM GAS  C:\Users\Reza\AppData\Local\Temp\ccoXJLjt.s 			page 28


 1476 0082 13       		.uleb128 0x13
 1477 0083 00       		.byte	0
 1478 0084 00       		.byte	0
 1479 0085 0C       		.uleb128 0xc
 1480 0086 13       		.uleb128 0x13
 1481 0087 01       		.byte	0x1
 1482 0088 0B       		.uleb128 0xb
 1483 0089 0B       		.uleb128 0xb
 1484 008a 3A       		.uleb128 0x3a
 1485 008b 0B       		.uleb128 0xb
 1486 008c 3B       		.uleb128 0x3b
 1487 008d 0B       		.uleb128 0xb
 1488 008e 01       		.uleb128 0x1
 1489 008f 13       		.uleb128 0x13
 1490 0090 00       		.byte	0
 1491 0091 00       		.byte	0
 1492 0092 0D       		.uleb128 0xd
 1493 0093 0D       		.uleb128 0xd
 1494 0094 00       		.byte	0
 1495 0095 03       		.uleb128 0x3
 1496 0096 08       		.uleb128 0x8
 1497 0097 3A       		.uleb128 0x3a
 1498 0098 0B       		.uleb128 0xb
 1499 0099 3B       		.uleb128 0x3b
 1500 009a 0B       		.uleb128 0xb
 1501 009b 49       		.uleb128 0x49
 1502 009c 13       		.uleb128 0x13
 1503 009d 38       		.uleb128 0x38
 1504 009e 0B       		.uleb128 0xb
 1505 009f 00       		.byte	0
 1506 00a0 00       		.byte	0
 1507 00a1 0E       		.uleb128 0xe
 1508 00a2 0D       		.uleb128 0xd
 1509 00a3 00       		.byte	0
 1510 00a4 03       		.uleb128 0x3
 1511 00a5 0E       		.uleb128 0xe
 1512 00a6 3A       		.uleb128 0x3a
 1513 00a7 0B       		.uleb128 0xb
 1514 00a8 3B       		.uleb128 0x3b
 1515 00a9 0B       		.uleb128 0xb
 1516 00aa 49       		.uleb128 0x49
 1517 00ab 13       		.uleb128 0x13
 1518 00ac 38       		.uleb128 0x38
 1519 00ad 0B       		.uleb128 0xb
 1520 00ae 00       		.byte	0
 1521 00af 00       		.byte	0
 1522 00b0 0F       		.uleb128 0xf
 1523 00b1 13       		.uleb128 0x13
 1524 00b2 01       		.byte	0x1
 1525 00b3 03       		.uleb128 0x3
 1526 00b4 0E       		.uleb128 0xe
 1527 00b5 0B       		.uleb128 0xb
 1528 00b6 0B       		.uleb128 0xb
 1529 00b7 3A       		.uleb128 0x3a
 1530 00b8 0B       		.uleb128 0xb
 1531 00b9 3B       		.uleb128 0x3b
 1532 00ba 0B       		.uleb128 0xb
ARM GAS  C:\Users\Reza\AppData\Local\Temp\ccoXJLjt.s 			page 29


 1533 00bb 01       		.uleb128 0x1
 1534 00bc 13       		.uleb128 0x13
 1535 00bd 00       		.byte	0
 1536 00be 00       		.byte	0
 1537 00bf 10       		.uleb128 0x10
 1538 00c0 13       		.uleb128 0x13
 1539 00c1 01       		.byte	0x1
 1540 00c2 03       		.uleb128 0x3
 1541 00c3 0E       		.uleb128 0xe
 1542 00c4 0B       		.uleb128 0xb
 1543 00c5 0B       		.uleb128 0xb
 1544 00c6 3A       		.uleb128 0x3a
 1545 00c7 0B       		.uleb128 0xb
 1546 00c8 3B       		.uleb128 0x3b
 1547 00c9 05       		.uleb128 0x5
 1548 00ca 01       		.uleb128 0x1
 1549 00cb 13       		.uleb128 0x13
 1550 00cc 00       		.byte	0
 1551 00cd 00       		.byte	0
 1552 00ce 11       		.uleb128 0x11
 1553 00cf 0D       		.uleb128 0xd
 1554 00d0 00       		.byte	0
 1555 00d1 03       		.uleb128 0x3
 1556 00d2 0E       		.uleb128 0xe
 1557 00d3 3A       		.uleb128 0x3a
 1558 00d4 0B       		.uleb128 0xb
 1559 00d5 3B       		.uleb128 0x3b
 1560 00d6 05       		.uleb128 0x5
 1561 00d7 49       		.uleb128 0x49
 1562 00d8 13       		.uleb128 0x13
 1563 00d9 38       		.uleb128 0x38
 1564 00da 0B       		.uleb128 0xb
 1565 00db 00       		.byte	0
 1566 00dc 00       		.byte	0
 1567 00dd 12       		.uleb128 0x12
 1568 00de 0D       		.uleb128 0xd
 1569 00df 00       		.byte	0
 1570 00e0 03       		.uleb128 0x3
 1571 00e1 08       		.uleb128 0x8
 1572 00e2 3A       		.uleb128 0x3a
 1573 00e3 0B       		.uleb128 0xb
 1574 00e4 3B       		.uleb128 0x3b
 1575 00e5 05       		.uleb128 0x5
 1576 00e6 49       		.uleb128 0x49
 1577 00e7 13       		.uleb128 0x13
 1578 00e8 38       		.uleb128 0x38
 1579 00e9 0B       		.uleb128 0xb
 1580 00ea 00       		.byte	0
 1581 00eb 00       		.byte	0
 1582 00ec 13       		.uleb128 0x13
 1583 00ed 26       		.uleb128 0x26
 1584 00ee 00       		.byte	0
 1585 00ef 49       		.uleb128 0x49
 1586 00f0 13       		.uleb128 0x13
 1587 00f1 00       		.byte	0
 1588 00f2 00       		.byte	0
 1589 00f3 14       		.uleb128 0x14
ARM GAS  C:\Users\Reza\AppData\Local\Temp\ccoXJLjt.s 			page 30


 1590 00f4 15       		.uleb128 0x15
 1591 00f5 01       		.byte	0x1
 1592 00f6 27       		.uleb128 0x27
 1593 00f7 19       		.uleb128 0x19
 1594 00f8 01       		.uleb128 0x1
 1595 00f9 13       		.uleb128 0x13
 1596 00fa 00       		.byte	0
 1597 00fb 00       		.byte	0
 1598 00fc 15       		.uleb128 0x15
 1599 00fd 05       		.uleb128 0x5
 1600 00fe 00       		.byte	0
 1601 00ff 49       		.uleb128 0x49
 1602 0100 13       		.uleb128 0x13
 1603 0101 00       		.byte	0
 1604 0102 00       		.byte	0
 1605 0103 16       		.uleb128 0x16
 1606 0104 13       		.uleb128 0x13
 1607 0105 01       		.byte	0x1
 1608 0106 0B       		.uleb128 0xb
 1609 0107 0B       		.uleb128 0xb
 1610 0108 3A       		.uleb128 0x3a
 1611 0109 0B       		.uleb128 0xb
 1612 010a 3B       		.uleb128 0x3b
 1613 010b 05       		.uleb128 0x5
 1614 010c 01       		.uleb128 0x1
 1615 010d 13       		.uleb128 0x13
 1616 010e 00       		.byte	0
 1617 010f 00       		.byte	0
 1618 0110 17       		.uleb128 0x17
 1619 0111 01       		.uleb128 0x1
 1620 0112 01       		.byte	0x1
 1621 0113 49       		.uleb128 0x49
 1622 0114 13       		.uleb128 0x13
 1623 0115 01       		.uleb128 0x1
 1624 0116 13       		.uleb128 0x13
 1625 0117 00       		.byte	0
 1626 0118 00       		.byte	0
 1627 0119 18       		.uleb128 0x18
 1628 011a 21       		.uleb128 0x21
 1629 011b 00       		.byte	0
 1630 011c 49       		.uleb128 0x49
 1631 011d 13       		.uleb128 0x13
 1632 011e 2F       		.uleb128 0x2f
 1633 011f 0B       		.uleb128 0xb
 1634 0120 00       		.byte	0
 1635 0121 00       		.byte	0
 1636 0122 19       		.uleb128 0x19
 1637 0123 2E       		.uleb128 0x2e
 1638 0124 01       		.byte	0x1
 1639 0125 3F       		.uleb128 0x3f
 1640 0126 19       		.uleb128 0x19
 1641 0127 03       		.uleb128 0x3
 1642 0128 0E       		.uleb128 0xe
 1643 0129 3A       		.uleb128 0x3a
 1644 012a 0B       		.uleb128 0xb
 1645 012b 3B       		.uleb128 0x3b
 1646 012c 0B       		.uleb128 0xb
ARM GAS  C:\Users\Reza\AppData\Local\Temp\ccoXJLjt.s 			page 31


 1647 012d 27       		.uleb128 0x27
 1648 012e 19       		.uleb128 0x19
 1649 012f 49       		.uleb128 0x49
 1650 0130 13       		.uleb128 0x13
 1651 0131 11       		.uleb128 0x11
 1652 0132 01       		.uleb128 0x1
 1653 0133 12       		.uleb128 0x12
 1654 0134 06       		.uleb128 0x6
 1655 0135 40       		.uleb128 0x40
 1656 0136 18       		.uleb128 0x18
 1657 0137 9742     		.uleb128 0x2117
 1658 0139 19       		.uleb128 0x19
 1659 013a 01       		.uleb128 0x1
 1660 013b 13       		.uleb128 0x13
 1661 013c 00       		.byte	0
 1662 013d 00       		.byte	0
 1663 013e 1A       		.uleb128 0x1a
 1664 013f 05       		.uleb128 0x5
 1665 0140 00       		.byte	0
 1666 0141 03       		.uleb128 0x3
 1667 0142 0E       		.uleb128 0xe
 1668 0143 3A       		.uleb128 0x3a
 1669 0144 0B       		.uleb128 0xb
 1670 0145 3B       		.uleb128 0x3b
 1671 0146 0B       		.uleb128 0xb
 1672 0147 49       		.uleb128 0x49
 1673 0148 13       		.uleb128 0x13
 1674 0149 02       		.uleb128 0x2
 1675 014a 17       		.uleb128 0x17
 1676 014b 00       		.byte	0
 1677 014c 00       		.byte	0
 1678 014d 1B       		.uleb128 0x1b
 1679 014e 34       		.uleb128 0x34
 1680 014f 00       		.byte	0
 1681 0150 03       		.uleb128 0x3
 1682 0151 0E       		.uleb128 0xe
 1683 0152 3A       		.uleb128 0x3a
 1684 0153 0B       		.uleb128 0xb
 1685 0154 3B       		.uleb128 0x3b
 1686 0155 0B       		.uleb128 0xb
 1687 0156 49       		.uleb128 0x49
 1688 0157 13       		.uleb128 0x13
 1689 0158 02       		.uleb128 0x2
 1690 0159 18       		.uleb128 0x18
 1691 015a 00       		.byte	0
 1692 015b 00       		.byte	0
 1693 015c 1C       		.uleb128 0x1c
 1694 015d 34       		.uleb128 0x34
 1695 015e 00       		.byte	0
 1696 015f 03       		.uleb128 0x3
 1697 0160 08       		.uleb128 0x8
 1698 0161 3A       		.uleb128 0x3a
 1699 0162 0B       		.uleb128 0xb
 1700 0163 3B       		.uleb128 0x3b
 1701 0164 0B       		.uleb128 0xb
 1702 0165 49       		.uleb128 0x49
 1703 0166 13       		.uleb128 0x13
ARM GAS  C:\Users\Reza\AppData\Local\Temp\ccoXJLjt.s 			page 32


 1704 0167 00       		.byte	0
 1705 0168 00       		.byte	0
 1706 0169 1D       		.uleb128 0x1d
 1707 016a 34       		.uleb128 0x34
 1708 016b 00       		.byte	0
 1709 016c 03       		.uleb128 0x3
 1710 016d 08       		.uleb128 0x8
 1711 016e 3A       		.uleb128 0x3a
 1712 016f 0B       		.uleb128 0xb
 1713 0170 3B       		.uleb128 0x3b
 1714 0171 0B       		.uleb128 0xb
 1715 0172 49       		.uleb128 0x49
 1716 0173 13       		.uleb128 0x13
 1717 0174 02       		.uleb128 0x2
 1718 0175 17       		.uleb128 0x17
 1719 0176 00       		.byte	0
 1720 0177 00       		.byte	0
 1721 0178 1E       		.uleb128 0x1e
 1722 0179 2E       		.uleb128 0x2e
 1723 017a 01       		.byte	0x1
 1724 017b 3F       		.uleb128 0x3f
 1725 017c 19       		.uleb128 0x19
 1726 017d 03       		.uleb128 0x3
 1727 017e 0E       		.uleb128 0xe
 1728 017f 3A       		.uleb128 0x3a
 1729 0180 0B       		.uleb128 0xb
 1730 0181 3B       		.uleb128 0x3b
 1731 0182 0B       		.uleb128 0xb
 1732 0183 49       		.uleb128 0x49
 1733 0184 13       		.uleb128 0x13
 1734 0185 3C       		.uleb128 0x3c
 1735 0186 19       		.uleb128 0x19
 1736 0187 01       		.uleb128 0x1
 1737 0188 13       		.uleb128 0x13
 1738 0189 00       		.byte	0
 1739 018a 00       		.byte	0
 1740 018b 1F       		.uleb128 0x1f
 1741 018c 18       		.uleb128 0x18
 1742 018d 00       		.byte	0
 1743 018e 00       		.byte	0
 1744 018f 00       		.byte	0
 1745 0190 20       		.uleb128 0x20
 1746 0191 898201   		.uleb128 0x4109
 1747 0194 01       		.byte	0x1
 1748 0195 11       		.uleb128 0x11
 1749 0196 01       		.uleb128 0x1
 1750 0197 31       		.uleb128 0x31
 1751 0198 13       		.uleb128 0x13
 1752 0199 01       		.uleb128 0x1
 1753 019a 13       		.uleb128 0x13
 1754 019b 00       		.byte	0
 1755 019c 00       		.byte	0
 1756 019d 21       		.uleb128 0x21
 1757 019e 8A8201   		.uleb128 0x410a
 1758 01a1 00       		.byte	0
 1759 01a2 02       		.uleb128 0x2
 1760 01a3 18       		.uleb128 0x18
ARM GAS  C:\Users\Reza\AppData\Local\Temp\ccoXJLjt.s 			page 33


 1761 01a4 9142     		.uleb128 0x2111
 1762 01a6 18       		.uleb128 0x18
 1763 01a7 00       		.byte	0
 1764 01a8 00       		.byte	0
 1765 01a9 22       		.uleb128 0x22
 1766 01aa 898201   		.uleb128 0x4109
 1767 01ad 00       		.byte	0
 1768 01ae 11       		.uleb128 0x11
 1769 01af 01       		.uleb128 0x1
 1770 01b0 31       		.uleb128 0x31
 1771 01b1 13       		.uleb128 0x13
 1772 01b2 00       		.byte	0
 1773 01b3 00       		.byte	0
 1774 01b4 23       		.uleb128 0x23
 1775 01b5 898201   		.uleb128 0x4109
 1776 01b8 01       		.byte	0x1
 1777 01b9 11       		.uleb128 0x11
 1778 01ba 01       		.uleb128 0x1
 1779 01bb 31       		.uleb128 0x31
 1780 01bc 13       		.uleb128 0x13
 1781 01bd 00       		.byte	0
 1782 01be 00       		.byte	0
 1783 01bf 24       		.uleb128 0x24
 1784 01c0 34       		.uleb128 0x34
 1785 01c1 00       		.byte	0
 1786 01c2 03       		.uleb128 0x3
 1787 01c3 0E       		.uleb128 0xe
 1788 01c4 3A       		.uleb128 0x3a
 1789 01c5 0B       		.uleb128 0xb
 1790 01c6 3B       		.uleb128 0x3b
 1791 01c7 0B       		.uleb128 0xb
 1792 01c8 49       		.uleb128 0x49
 1793 01c9 13       		.uleb128 0x13
 1794 01ca 3F       		.uleb128 0x3f
 1795 01cb 19       		.uleb128 0x19
 1796 01cc 3C       		.uleb128 0x3c
 1797 01cd 19       		.uleb128 0x19
 1798 01ce 00       		.byte	0
 1799 01cf 00       		.byte	0
 1800 01d0 25       		.uleb128 0x25
 1801 01d1 34       		.uleb128 0x34
 1802 01d2 00       		.byte	0
 1803 01d3 03       		.uleb128 0x3
 1804 01d4 0E       		.uleb128 0xe
 1805 01d5 3A       		.uleb128 0x3a
 1806 01d6 0B       		.uleb128 0xb
 1807 01d7 3B       		.uleb128 0x3b
 1808 01d8 05       		.uleb128 0x5
 1809 01d9 49       		.uleb128 0x49
 1810 01da 13       		.uleb128 0x13
 1811 01db 3F       		.uleb128 0x3f
 1812 01dc 19       		.uleb128 0x19
 1813 01dd 3C       		.uleb128 0x3c
 1814 01de 19       		.uleb128 0x19
 1815 01df 00       		.byte	0
 1816 01e0 00       		.byte	0
 1817 01e1 26       		.uleb128 0x26
ARM GAS  C:\Users\Reza\AppData\Local\Temp\ccoXJLjt.s 			page 34


 1818 01e2 35       		.uleb128 0x35
 1819 01e3 00       		.byte	0
 1820 01e4 49       		.uleb128 0x49
 1821 01e5 13       		.uleb128 0x13
 1822 01e6 00       		.byte	0
 1823 01e7 00       		.byte	0
 1824 01e8 27       		.uleb128 0x27
 1825 01e9 34       		.uleb128 0x34
 1826 01ea 00       		.byte	0
 1827 01eb 03       		.uleb128 0x3
 1828 01ec 0E       		.uleb128 0xe
 1829 01ed 3A       		.uleb128 0x3a
 1830 01ee 0B       		.uleb128 0xb
 1831 01ef 3B       		.uleb128 0x3b
 1832 01f0 0B       		.uleb128 0xb
 1833 01f1 49       		.uleb128 0x49
 1834 01f2 13       		.uleb128 0x13
 1835 01f3 3F       		.uleb128 0x3f
 1836 01f4 19       		.uleb128 0x19
 1837 01f5 02       		.uleb128 0x2
 1838 01f6 18       		.uleb128 0x18
 1839 01f7 00       		.byte	0
 1840 01f8 00       		.byte	0
 1841 01f9 28       		.uleb128 0x28
 1842 01fa 2E       		.uleb128 0x2e
 1843 01fb 00       		.byte	0
 1844 01fc 3F       		.uleb128 0x3f
 1845 01fd 19       		.uleb128 0x19
 1846 01fe 3C       		.uleb128 0x3c
 1847 01ff 19       		.uleb128 0x19
 1848 0200 6E       		.uleb128 0x6e
 1849 0201 0E       		.uleb128 0xe
 1850 0202 03       		.uleb128 0x3
 1851 0203 0E       		.uleb128 0xe
 1852 0204 3A       		.uleb128 0x3a
 1853 0205 0B       		.uleb128 0xb
 1854 0206 3B       		.uleb128 0x3b
 1855 0207 0B       		.uleb128 0xb
 1856 0208 00       		.byte	0
 1857 0209 00       		.byte	0
 1858 020a 29       		.uleb128 0x29
 1859 020b 2E       		.uleb128 0x2e
 1860 020c 00       		.byte	0
 1861 020d 3F       		.uleb128 0x3f
 1862 020e 19       		.uleb128 0x19
 1863 020f 3C       		.uleb128 0x3c
 1864 0210 19       		.uleb128 0x19
 1865 0211 6E       		.uleb128 0x6e
 1866 0212 0E       		.uleb128 0xe
 1867 0213 03       		.uleb128 0x3
 1868 0214 0E       		.uleb128 0xe
 1869 0215 3A       		.uleb128 0x3a
 1870 0216 0B       		.uleb128 0xb
 1871 0217 3B       		.uleb128 0x3b
 1872 0218 05       		.uleb128 0x5
 1873 0219 00       		.byte	0
 1874 021a 00       		.byte	0
ARM GAS  C:\Users\Reza\AppData\Local\Temp\ccoXJLjt.s 			page 35


 1875 021b 00       		.byte	0
 1876              		.section	.debug_loc,"",%progbits
 1877              	.Ldebug_loc0:
 1878              	.LLST0:
 1879 0000 00000000 		.4byte	.LVL0
 1880 0004 02000000 		.4byte	.LVL1
 1881 0008 0100     		.2byte	0x1
 1882 000a 50       		.byte	0x50
 1883 000b 02000000 		.4byte	.LVL1
 1884 000f 04000000 		.4byte	.LFE114
 1885 0013 0400     		.2byte	0x4
 1886 0015 F3       		.byte	0xf3
 1887 0016 01       		.uleb128 0x1
 1888 0017 50       		.byte	0x50
 1889 0018 9F       		.byte	0x9f
 1890 0019 00000000 		.4byte	0
 1891 001d 00000000 		.4byte	0
 1892              	.LLST1:
 1893 0021 00000000 		.4byte	.LVL2
 1894 0025 0A000000 		.4byte	.LVL3
 1895 0029 0100     		.2byte	0x1
 1896 002b 50       		.byte	0x50
 1897 002c 0A000000 		.4byte	.LVL3
 1898 0030 58000000 		.4byte	.LFE115
 1899 0034 0400     		.2byte	0x4
 1900 0036 F3       		.byte	0xf3
 1901 0037 01       		.uleb128 0x1
 1902 0038 50       		.byte	0x50
 1903 0039 9F       		.byte	0x9f
 1904 003a 00000000 		.4byte	0
 1905 003e 00000000 		.4byte	0
 1906              	.LLST2:
 1907 0042 0E000000 		.4byte	.LVL4
 1908 0046 14000000 		.4byte	.LVL5
 1909 004a 0300     		.2byte	0x3
 1910 004c F3       		.byte	0xf3
 1911 004d 01       		.uleb128 0x1
 1912 004e 50       		.byte	0x50
 1913 004f 00000000 		.4byte	0
 1914 0053 00000000 		.4byte	0
 1915              		.section	.debug_aranges,"",%progbits
 1916 0000 24000000 		.4byte	0x24
 1917 0004 0200     		.2byte	0x2
 1918 0006 00000000 		.4byte	.Ldebug_info0
 1919 000a 04       		.byte	0x4
 1920 000b 00       		.byte	0
 1921 000c 0000     		.2byte	0
 1922 000e 0000     		.2byte	0
 1923 0010 00000000 		.4byte	.LFB114
 1924 0014 04000000 		.4byte	.LFE114-.LFB114
 1925 0018 00000000 		.4byte	.LFB115
 1926 001c 58000000 		.4byte	.LFE115-.LFB115
 1927 0020 00000000 		.4byte	0
 1928 0024 00000000 		.4byte	0
 1929              		.section	.debug_ranges,"",%progbits
 1930              	.Ldebug_ranges0:
 1931 0000 00000000 		.4byte	.LFB114
ARM GAS  C:\Users\Reza\AppData\Local\Temp\ccoXJLjt.s 			page 36


 1932 0004 04000000 		.4byte	.LFE114
 1933 0008 00000000 		.4byte	.LFB115
 1934 000c 58000000 		.4byte	.LFE115
 1935 0010 00000000 		.4byte	0
 1936 0014 00000000 		.4byte	0
 1937              		.section	.debug_line,"",%progbits
 1938              	.Ldebug_line0:
 1939 0000 BA020000 		.section	.debug_str,"MS",%progbits,1
 1939      02008D02 
 1939      00000201 
 1939      FB0E0D00 
 1939      01010101 
 1940              	.LASF86:
 1941 0000 55475F43 		.ascii	"UG_COLOR\000"
 1941      4F4C4F52 
 1941      00
 1942              	.LASF59:
 1943 0009 55475F53 		.ascii	"UG_S16\000"
 1943      313600
 1944              	.LASF64:
 1945 0010 63686172 		.ascii	"char_width\000"
 1945      5F776964 
 1945      746800
 1946              	.LASF116:
 1947 001b 63686172 		.ascii	"char_v_space\000"
 1947      5F765F73 
 1947      70616365 
 1947      00
 1948              	.LASF1:
 1949 0028 5F5F7569 		.ascii	"__uint8_t\000"
 1949      6E74385F 
 1949      7400
 1950              	.LASF55:
 1951 0032 52435F74 		.ascii	"RC_t\000"
 1951      00
 1952              	.LASF102:
 1953 0037 795F7374 		.ascii	"y_start\000"
 1953      61727400 
 1954              	.LASF76:
 1955 003f 74797065 		.ascii	"type\000"
 1955      00
 1956              	.LASF12:
 1957 0044 6C6F6E67 		.ascii	"long long unsigned int\000"
 1957      206C6F6E 
 1957      6720756E 
 1957      7369676E 
 1957      65642069 
 1958              	.LASF51:
 1959 005b 52435F45 		.ascii	"RC_ERROR_BAD_DATA\000"
 1959      52524F52 
 1959      5F424144 
 1959      5F444154 
 1959      4100
 1960              	.LASF41:
 1961 006d 52435F45 		.ascii	"RC_ERROR_TIME_OUT\000"
 1961      52524F52 
 1961      5F54494D 
ARM GAS  C:\Users\Reza\AppData\Local\Temp\ccoXJLjt.s 			page 37


 1961      455F4F55 
 1961      5400
 1962              	.LASF106:
 1963 007f 6261636B 		.ascii	"back_color\000"
 1963      5F636F6C 
 1963      6F7200
 1964              	.LASF112:
 1965 008a 61637469 		.ascii	"active_window\000"
 1965      76655F77 
 1965      696E646F 
 1965      7700
 1966              	.LASF0:
 1967 0098 5F5F696E 		.ascii	"__int8_t\000"
 1967      74385F74 
 1967      00
 1968              	.LASF128:
 1969 00a1 49544D5F 		.ascii	"ITM_RxBuffer\000"
 1969      52784275 
 1969      66666572 
 1969      00
 1970              	.LASF94:
 1971 00ae 616C6967 		.ascii	"align\000"
 1971      6E00
 1972              	.LASF103:
 1973 00b4 785F656E 		.ascii	"x_end\000"
 1973      6400
 1974              	.LASF16:
 1975 00ba 696E7431 		.ascii	"int16_t\000"
 1975      365F7400 
 1976              	.LASF11:
 1977 00c2 6C6F6E67 		.ascii	"long long int\000"
 1977      206C6F6E 
 1977      6720696E 
 1977      7400
 1978              	.LASF2:
 1979 00d0 7369676E 		.ascii	"signed char\000"
 1979      65642063 
 1979      68617200 
 1980              	.LASF34:
 1981 00dc 52435F45 		.ascii	"RC_ERROR_MEMORY\000"
 1981      52524F52 
 1981      5F4D454D 
 1981      4F525900 
 1982              	.LASF56:
 1983 00ec 55475F55 		.ascii	"UG_U8\000"
 1983      3800
 1984              	.LASF132:
 1985 00f2 55475F46 		.ascii	"UG_FillFrame\000"
 1985      696C6C46 
 1985      72616D65 
 1985      00
 1986              	.LASF65:
 1987 00ff 63686172 		.ascii	"char_height\000"
 1987      5F686569 
 1987      67687400 
 1988              	.LASF39:
 1989 010b 52435F45 		.ascii	"RC_ERROR_BUFFER_EMTPY\000"
ARM GAS  C:\Users\Reza\AppData\Local\Temp\ccoXJLjt.s 			page 38


 1989      52524F52 
 1989      5F425546 
 1989      4645525F 
 1989      454D5450 
 1990              	.LASF71:
 1991 0121 73746174 		.ascii	"state\000"
 1991      6500
 1992              	.LASF9:
 1993 0127 6C6F6E67 		.ascii	"long int\000"
 1993      20696E74 
 1993      00
 1994              	.LASF19:
 1995 0130 75696E74 		.ascii	"uint8\000"
 1995      3800
 1996              	.LASF42:
 1997 0136 52435F45 		.ascii	"RC_ERROR_OPEN\000"
 1997      52524F52 
 1997      5F4F5045 
 1997      4E00
 1998              	.LASF121:
 1999 0144 4C43445F 		.ascii	"LCD_driverOut\000"
 1999      64726976 
 1999      65724F75 
 1999      7400
 2000              	.LASF21:
 2001 0152 646F7562 		.ascii	"double\000"
 2001      6C6500
 2002              	.LASF124:
 2003 0159 45455F6F 		.ascii	"EE_oo_IRQ_suspend_status\000"
 2003      6F5F4952 
 2003      515F7375 
 2003      7370656E 
 2003      645F7374 
 2004              	.LASF117:
 2005 0172 6465736B 		.ascii	"desktop_color\000"
 2005      746F705F 
 2005      636F6C6F 
 2005      7200
 2006              	.LASF62:
 2007 0180 464F4E54 		.ascii	"FONT_TYPE\000"
 2007      5F545950 
 2007      4500
 2008              	.LASF126:
 2009 018a 45455F73 		.ascii	"EE_std_endcycle_next_tid\000"
 2009      74645F65 
 2009      6E646379 
 2009      636C655F 
 2009      6E657874 
 2010              	.LASF4:
 2011 01a3 5F5F696E 		.ascii	"__int16_t\000"
 2011      7431365F 
 2011      7400
 2012              	.LASF109:
 2013 01ad 795F6469 		.ascii	"y_dim\000"
 2013      6D00
 2014              	.LASF101:
 2015 01b3 785F7374 		.ascii	"x_start\000"
ARM GAS  C:\Users\Reza\AppData\Local\Temp\ccoXJLjt.s 			page 39


 2015      61727400 
 2016              	.LASF29:
 2017 01bb 45455F54 		.ascii	"EE_TID\000"
 2017      494400
 2018              	.LASF122:
 2019 01c2 76616C75 		.ascii	"value\000"
 2019      6500
 2020              	.LASF87:
 2021 01c8 55475F41 		.ascii	"UG_AREA\000"
 2021      52454100 
 2022              	.LASF66:
 2023 01d0 73746172 		.ascii	"start_char\000"
 2023      745F6368 
 2023      617200
 2024              	.LASF118:
 2025 01db 55475F47 		.ascii	"UG_GUI\000"
 2025      554900
 2026              	.LASF13:
 2027 01e2 756E7369 		.ascii	"unsigned int\000"
 2027      676E6564 
 2027      20696E74 
 2027      00
 2028              	.LASF17:
 2029 01ef 75696E74 		.ascii	"uint16_t\000"
 2029      31365F74 
 2029      00
 2030              	.LASF54:
 2031 01f8 52435F45 		.ascii	"RC_ERROR_UNKNOWN\000"
 2031      52524F52 
 2031      5F554E4B 
 2031      4E4F574E 
 2031      00
 2032              	.LASF27:
 2033 0209 45455F55 		.ascii	"EE_UREG\000"
 2033      52454700 
 2034              	.LASF43:
 2035 0211 52435F45 		.ascii	"RC_ERROR_CHECKSUM\000"
 2035      52524F52 
 2035      5F434845 
 2035      434B5355 
 2035      4D00
 2036              	.LASF10:
 2037 0223 6C6F6E67 		.ascii	"long unsigned int\000"
 2037      20756E73 
 2037      69676E65 
 2037      6420696E 
 2037      7400
 2038              	.LASF32:
 2039 0235 52435F45 		.ascii	"RC_ERROR_NULL\000"
 2039      52524F52 
 2039      5F4E554C 
 2039      4C00
 2040              	.LASF30:
 2041 0243 52435F53 		.ascii	"RC_SUCCESS\000"
 2041      55434345 
 2041      535300
 2042              	.LASF98:
ARM GAS  C:\Users\Reza\AppData\Local\Temp\ccoXJLjt.s 			page 40


 2043 024e 55475F44 		.ascii	"UG_DRIVER\000"
 2043      52495645 
 2043      5200
 2044              	.LASF25:
 2045 0258 45455F49 		.ascii	"EE_INT32\000"
 2045      4E543332 
 2045      00
 2046              	.LASF134:
 2047 0261 55475F53 		.ascii	"UG_SetBackcolor\000"
 2047      65744261 
 2047      636B636F 
 2047      6C6F7200 
 2048              	.LASF120:
 2049 0271 4C43445F 		.ascii	"LCD_driverIn\000"
 2049      64726976 
 2049      6572496E 
 2049      00
 2050              	.LASF77:
 2051 027e 6576656E 		.ascii	"event\000"
 2051      7400
 2052              	.LASF7:
 2053 0284 73686F72 		.ascii	"short unsigned int\000"
 2053      7420756E 
 2053      7369676E 
 2053      65642069 
 2053      6E7400
 2054              	.LASF123:
 2055 0297 45455F6F 		.ascii	"EE_oo_IRQ_disable_count\000"
 2055      6F5F4952 
 2055      515F6469 
 2055      7361626C 
 2055      655F636F 
 2056              	.LASF133:
 2057 02af 55475F46 		.ascii	"UG_FontSelect\000"
 2057      6F6E7453 
 2057      656C6563 
 2057      7400
 2058              	.LASF129:
 2059 02bd 464F4E54 		.ascii	"FONT_10X16\000"
 2059      5F313058 
 2059      313600
 2060              	.LASF38:
 2061 02c8 52435F45 		.ascii	"RC_ERROR_BUFFER_FULL\000"
 2061      52524F52 
 2061      5F425546 
 2061      4645525F 
 2061      46554C4C 
 2062              	.LASF135:
 2063 02dd 55475F53 		.ascii	"UG_SetForecolor\000"
 2063      6574466F 
 2063      7265636F 
 2063      6C6F7200 
 2064              	.LASF80:
 2065 02ed 535F4F42 		.ascii	"S_OBJECT\000"
 2065      4A454354 
 2065      00
 2066              	.LASF72:
ARM GAS  C:\Users\Reza\AppData\Local\Temp\ccoXJLjt.s 			page 41


 2067 02f6 746F7563 		.ascii	"touch_state\000"
 2067      685F7374 
 2067      61746500 
 2068              	.LASF48:
 2069 0302 52435F45 		.ascii	"RC_ERROR_WRITE_FAILS\000"
 2069      52524F52 
 2069      5F575249 
 2069      54455F46 
 2069      41494C53 
 2070              	.LASF67:
 2071 0317 656E645F 		.ascii	"end_char\000"
 2071      63686172 
 2071      00
 2072              	.LASF50:
 2073 0320 52435F45 		.ascii	"RC_ERROR_BAD_PARAM\000"
 2073      52524F52 
 2073      5F424144 
 2073      5F504152 
 2073      414D00
 2074              	.LASF49:
 2075 0333 52435F45 		.ascii	"RC_ERROR_NOT_MATCH\000"
 2075      52524F52 
 2075      5F4E4F54 
 2075      5F4D4154 
 2075      434800
 2076              	.LASF92:
 2077 0346 685F7370 		.ascii	"h_space\000"
 2077      61636500 
 2078              	.LASF53:
 2079 034e 52435F45 		.ascii	"RC_ERROR_INVALID_STATE\000"
 2079      52524F52 
 2079      5F494E56 
 2079      414C4944 
 2079      5F535441 
 2080              	.LASF90:
 2081 0365 55475F54 		.ascii	"UG_TOUCH\000"
 2081      4F554348 
 2081      00
 2082              	.LASF119:
 2083 036e 4C43445F 		.ascii	"LCD_data_t\000"
 2083      64617461 
 2083      5F7400
 2084              	.LASF96:
 2085 0379 55475F54 		.ascii	"UG_TITLE\000"
 2085      49544C45 
 2085      00
 2086              	.LASF24:
 2087 0382 73697A65 		.ascii	"sizetype\000"
 2087      74797065 
 2087      00
 2088              	.LASF114:
 2089 038b 636F6E73 		.ascii	"console\000"
 2089      6F6C6500 
 2090              	.LASF110:
 2091 0393 746F7563 		.ascii	"touch\000"
 2091      6800
 2092              	.LASF69:
ARM GAS  C:\Users\Reza\AppData\Local\Temp\ccoXJLjt.s 			page 42


 2093 0399 55475F46 		.ascii	"UG_FONT\000"
 2093      4F4E5400 
 2094              	.LASF46:
 2095 03a1 52435F45 		.ascii	"RC_ERROR_INVALID\000"
 2095      52524F52 
 2095      5F494E56 
 2095      414C4944 
 2095      00
 2096              	.LASF78:
 2097 03b2 64617461 		.ascii	"data\000"
 2097      00
 2098              	.LASF63:
 2099 03b7 666F6E74 		.ascii	"font_type\000"
 2099      5F747970 
 2099      6500
 2100              	.LASF125:
 2101 03c1 45455F41 		.ascii	"EE_ApplicationMode\000"
 2101      70706C69 
 2101      63617469 
 2101      6F6E4D6F 
 2101      646500
 2102              	.LASF85:
 2103 03d4 7469746C 		.ascii	"title\000"
 2103      6500
 2104              	.LASF52:
 2105 03da 52435F45 		.ascii	"RC_ERROR_CANCELED\000"
 2105      52524F52 
 2105      5F43414E 
 2105      43454C45 
 2105      4400
 2106              	.LASF37:
 2107 03ec 52435F45 		.ascii	"RC_ERROR_UNDERRUN\000"
 2107      52524F52 
 2107      5F554E44 
 2107      45525255 
 2107      4E00
 2108              	.LASF47:
 2109 03fe 52435F45 		.ascii	"RC_ERROR_READ_FAILS\000"
 2109      52524F52 
 2109      5F524541 
 2109      445F4641 
 2109      494C5300 
 2110              	.LASF88:
 2111 0412 7375625F 		.ascii	"sub_id\000"
 2111      696400
 2112              	.LASF31:
 2113 0419 52435F45 		.ascii	"RC_ERROR\000"
 2113      52524F52 
 2113      00
 2114              	.LASF105:
 2115 0422 666F7265 		.ascii	"fore_color\000"
 2115      5F636F6C 
 2115      6F7200
 2116              	.LASF20:
 2117 042d 666C6F61 		.ascii	"float\000"
 2117      7400
 2118              	.LASF70:
ARM GAS  C:\Users\Reza\AppData\Local\Temp\ccoXJLjt.s 			page 43


 2119 0433 55475F4F 		.ascii	"UG_OBJECT\000"
 2119      424A4543 
 2119      5400
 2120              	.LASF97:
 2121 043d 64726976 		.ascii	"driver\000"
 2121      657200
 2122              	.LASF40:
 2123 0444 52435F45 		.ascii	"RC_ERROR_BUSY\000"
 2123      52524F52 
 2123      5F425553 
 2123      5900
 2124              	.LASF45:
 2125 0452 52435F45 		.ascii	"RC_ERROR_WRITE_ONLY\000"
 2125      52524F52 
 2125      5F575249 
 2125      54455F4F 
 2125      4E4C5900 
 2126              	.LASF18:
 2127 0466 696E7433 		.ascii	"int32_t\000"
 2127      325F7400 
 2128              	.LASF3:
 2129 046e 756E7369 		.ascii	"unsigned char\000"
 2129      676E6564 
 2129      20636861 
 2129      7200
 2130              	.LASF58:
 2131 047c 55475F55 		.ascii	"UG_U16\000"
 2131      313600
 2132              	.LASF5:
 2133 0483 73686F72 		.ascii	"short int\000"
 2133      7420696E 
 2133      7400
 2134              	.LASF108:
 2135 048d 785F6469 		.ascii	"x_dim\000"
 2135      6D00
 2136              	.LASF137:
 2137 0493 474E5520 		.ascii	"GNU C11 5.4.1 20160609 (release) [ARM/embedded-5-br"
 2137      43313120 
 2137      352E342E 
 2137      31203230 
 2137      31363036 
 2138 04c6 616E6368 		.ascii	"anch revision 237715] -mcpu=cortex-m3 -mthumb -g -O"
 2138      20726576 
 2138      6973696F 
 2138      6E203233 
 2138      37373135 
 2139 04f9 67202D66 		.ascii	"g -ffunction-sections -ffat-lto-objects\000"
 2139      66756E63 
 2139      74696F6E 
 2139      2D736563 
 2139      74696F6E 
 2140              	.LASF139:
 2141 0521 453A5C4E 		.ascii	"E:\\New_Dell_Laptop_18.04.2021\\Drive_D\\hda\\Summe"
 2141      65775F44 
 2141      656C6C5F 
 2141      4C617074 
 2141      6F705F31 
ARM GAS  C:\Users\Reza\AppData\Local\Temp\ccoXJLjt.s 			page 44


 2142 0550 725F5365 		.ascii	"r_Semester_2020\\Embedded Architecture and Applicat"
 2142      6D657374 
 2142      65725F32 
 2142      3032305C 
 2142      456D6265 
 2143 0582 696F6E5C 		.ascii	"ion\\Lab1\\Work_Space_RTE\\RTE_Electronic_Clock.cyd"
 2143      4C616231 
 2143      5C576F72 
 2143      6B5F5370 
 2143      6163655F 
 2144 05b2 736E00   		.ascii	"sn\000"
 2145              	.LASF68:
 2146 05b5 77696474 		.ascii	"widths\000"
 2146      687300
 2147              	.LASF81:
 2148 05bc 535F5749 		.ascii	"S_WINDOW\000"
 2148      4E444F57 
 2148      00
 2149              	.LASF33:
 2150 05c5 52435F45 		.ascii	"RC_ERROR_ZERO\000"
 2150      52524F52 
 2150      5F5A4552 
 2150      4F00
 2151              	.LASF131:
 2152 05d3 69746F61 		.ascii	"itoa\000"
 2152      00
 2153              	.LASF44:
 2154 05d8 52435F45 		.ascii	"RC_ERROR_READ_ONLY\000"
 2154      52524F52 
 2154      5F524541 
 2154      445F4F4E 
 2154      4C5900
 2155              	.LASF23:
 2156 05eb 6C6F6E67 		.ascii	"long double\000"
 2156      20646F75 
 2156      626C6500 
 2157              	.LASF104:
 2158 05f7 795F656E 		.ascii	"y_end\000"
 2158      6400
 2159              	.LASF22:
 2160 05fd 63686172 		.ascii	"char\000"
 2160      00
 2161              	.LASF6:
 2162 0602 5F5F7569 		.ascii	"__uint16_t\000"
 2162      6E743136 
 2162      5F7400
 2163              	.LASF8:
 2164 060d 5F5F696E 		.ascii	"__int32_t\000"
 2164      7433325F 
 2164      7400
 2165              	.LASF84:
 2166 0617 7374796C 		.ascii	"style\000"
 2166      6500
 2167              	.LASF36:
 2168 061d 52435F45 		.ascii	"RC_ERROR_OVERRUN\000"
 2168      52524F52 
 2168      5F4F5645 
ARM GAS  C:\Users\Reza\AppData\Local\Temp\ccoXJLjt.s 			page 45


 2168      5252554E 
 2168      00
 2169              	.LASF89:
 2170 062e 55475F4D 		.ascii	"UG_MESSAGE\000"
 2170      45535341 
 2170      474500
 2171              	.LASF99:
 2172 0639 785F706F 		.ascii	"x_pos\000"
 2172      7300
 2173              	.LASF115:
 2174 063f 63686172 		.ascii	"char_h_space\000"
 2174      5F685F73 
 2174      70616365 
 2174      00
 2175              	.LASF14:
 2176 064c 696E7438 		.ascii	"int8_t\000"
 2176      5F7400
 2177              	.LASF75:
 2178 0653 615F7265 		.ascii	"a_rel\000"
 2178      6C00
 2179              	.LASF73:
 2180 0659 75706461 		.ascii	"update\000"
 2180      746500
 2181              	.LASF79:
 2182 0660 55475F57 		.ascii	"UG_WINDOW\000"
 2182      494E444F 
 2182      5700
 2183              	.LASF107:
 2184 066a 70736574 		.ascii	"pset\000"
 2184      00
 2185              	.LASF91:
 2186 066f 666F6E74 		.ascii	"font\000"
 2186      00
 2187              	.LASF127:
 2188 0674 45455F49 		.ascii	"EE_IRQ_nesting_level\000"
 2188      52515F6E 
 2188      65737469 
 2188      6E675F6C 
 2188      6576656C 
 2189              	.LASF26:
 2190 0689 45455F55 		.ascii	"EE_UINT32\000"
 2190      494E5433 
 2190      3200
 2191              	.LASF35:
 2192 0693 52435F45 		.ascii	"RC_ERROR_RANGE\000"
 2192      52524F52 
 2192      5F52414E 
 2192      474500
 2193              	.LASF130:
 2194 06a2 67756937 		.ascii	"gui7735\000"
 2194      37333500 
 2195              	.LASF15:
 2196 06aa 75696E74 		.ascii	"uint8_t\000"
 2196      385F7400 
 2197              	.LASF136:
 2198 06b2 55475F50 		.ascii	"UG_PutString\000"
 2198      75745374 
ARM GAS  C:\Users\Reza\AppData\Local\Temp\ccoXJLjt.s 			page 46


 2198      72696E67 
 2198      00
 2199              	.LASF57:
 2200 06bf 55475F53 		.ascii	"UG_S8\000"
 2200      3800
 2201              	.LASF111:
 2202 06c5 6E657874 		.ascii	"next_window\000"
 2202      5F77696E 
 2202      646F7700 
 2203              	.LASF100:
 2204 06d1 795F706F 		.ascii	"y_pos\000"
 2204      7300
 2205              	.LASF82:
 2206 06d7 6F626A63 		.ascii	"objcnt\000"
 2206      6E7400
 2207              	.LASF113:
 2208 06de 6C617374 		.ascii	"last_window\000"
 2208      5F77696E 
 2208      646F7700 
 2209              	.LASF93:
 2210 06ea 765F7370 		.ascii	"v_space\000"
 2210      61636500 
 2211              	.LASF95:
 2212 06f2 68656967 		.ascii	"height\000"
 2212      687400
 2213              	.LASF83:
 2214 06f9 6F626A6C 		.ascii	"objlst\000"
 2214      737400
 2215              	.LASF60:
 2216 0700 464F4E54 		.ascii	"FONT_TYPE_1BPP\000"
 2216      5F545950 
 2216      455F3142 
 2216      505000
 2217              	.LASF61:
 2218 070f 464F4E54 		.ascii	"FONT_TYPE_8BPP\000"
 2218      5F545950 
 2218      455F3842 
 2218      505000
 2219              	.LASF28:
 2220 071e 45455F46 		.ascii	"EE_FREG\000"
 2220      52454700 
 2221              	.LASF138:
 2222 0726 736F7572 		.ascii	"source\\rte\\lcd_type.c\000"
 2222      63655C72 
 2222      74655C6C 
 2222      63645F74 
 2222      7970652E 
 2223              	.LASF74:
 2224 073c 615F6162 		.ascii	"a_abs\000"
 2224      7300
 2225              		.ident	"GCC: (GNU Tools for ARM Embedded Processors) 5.4.1 20160609 (release) [ARM/embedded-5-bran
