ARM GAS  C:\Users\Reza\AppData\Local\Temp\ccxgqk5f.s 			page 1


   1              		.syntax unified
   2              		.cpu cortex-m3
   3              		.fpu softvfp
   4              		.eabi_attribute 20, 1
   5              		.eabi_attribute 21, 1
   6              		.eabi_attribute 23, 3
   7              		.eabi_attribute 24, 1
   8              		.eabi_attribute 25, 1
   9              		.eabi_attribute 26, 1
  10              		.eabi_attribute 30, 1
  11              		.eabi_attribute 34, 1
  12              		.eabi_attribute 18, 4
  13              		.thumb
  14              		.syntax unified
  15              		.file	"pwm_type.c"
  16              		.text
  17              	.Ltext0:
  18              		.cfi_sections	.debug_frame
  19              		.section	.text.PWM_driverIn,"ax",%progbits
  20              		.align	2
  21              		.global	PWM_driverIn
  22              		.thumb
  23              		.thumb_func
  24              		.type	PWM_driverIn, %function
  25              	PWM_driverIn:
  26              	.LFB110:
  27              		.file 1 "source\\rte\\pwm_type.c"
   1:source\rte/pwm_type.c **** /*
   2:source\rte/pwm_type.c ****  * pwm_type.c
   3:source\rte/pwm_type.c ****  *
   4:source\rte/pwm_type.c ****  * Author: Autogenerated by H-DA RTE Generator, (c) Prof. Fromm
   5:source\rte/pwm_type.c ****  */
   6:source\rte/pwm_type.c **** 
   7:source\rte/pwm_type.c **** 
   8:source\rte/pwm_type.c **** #include "project.h"
   9:source\rte/pwm_type.c **** #include "global.h"
  10:source\rte/pwm_type.c **** 
  11:source\rte/pwm_type.c **** #include "pwm_type.h"
  12:source\rte/pwm_type.c **** 
  13:source\rte/pwm_type.c **** /*****************************************************************************************
  14:source\rte/pwm_type.c ****  *************** Port Wrapper Implementation for PWM signal                     *******************
  15:source\rte/pwm_type.c ****  *****************************************************************************************/
  16:source\rte/pwm_type.c **** 
  17:source\rte/pwm_type.c **** 
  18:source\rte/pwm_type.c **** /**
  19:source\rte/pwm_type.c ****  * Default IN driver API - may be deleted if not required
  20:source\rte/pwm_type.c ****  */
  21:source\rte/pwm_type.c **** inline RC_t PWM_driverIn(PWM_data_t *const data)
  22:source\rte/pwm_type.c **** {
  28              		.loc 1 22 0
  29              		.cfi_startproc
  30              		@ args = 0, pretend = 0, frame = 0
  31              		@ frame_needed = 0, uses_anonymous_args = 0
  32              		@ link register save eliminated.
  33              	.LVL0:
  23:source\rte/pwm_type.c **** //#error "Add your code here"
  24:source\rte/pwm_type.c **** 
ARM GAS  C:\Users\Reza\AppData\Local\Temp\ccxgqk5f.s 			page 2


  25:source\rte/pwm_type.c **** 	//Read data from the MCAL driver
  26:source\rte/pwm_type.c **** 
  27:source\rte/pwm_type.c **** 	//Scale it to the application type
  28:source\rte/pwm_type.c **** 
  29:source\rte/pwm_type.c **** 	return RC_SUCCESS;
  30:source\rte/pwm_type.c **** }
  34              		.loc 1 30 0
  35 0000 0020     		movs	r0, #0
  36              	.LVL1:
  37 0002 7047     		bx	lr
  38              		.cfi_endproc
  39              	.LFE110:
  40              		.size	PWM_driverIn, .-PWM_driverIn
  41              		.section	.text.PWM_driverOut,"ax",%progbits
  42              		.align	2
  43              		.global	PWM_driverOut
  44              		.thumb
  45              		.thumb_func
  46              		.type	PWM_driverOut, %function
  47              	PWM_driverOut:
  48              	.LFB111:
  31:source\rte/pwm_type.c **** 
  32:source\rte/pwm_type.c **** /**
  33:source\rte/pwm_type.c ****  * Default IN driver API - may be deleted if not required
  34:source\rte/pwm_type.c ****  */
  35:source\rte/pwm_type.c **** inline RC_t PWM_driverOut(const PWM_data_t  *const data)
  36:source\rte/pwm_type.c **** {
  49              		.loc 1 36 0
  50              		.cfi_startproc
  51              		@ args = 0, pretend = 0, frame = 0
  52              		@ frame_needed = 0, uses_anonymous_args = 0
  53              	.LVL2:
  54 0000 10B5     		push	{r4, lr}
  55              		.cfi_def_cfa_offset 8
  56              		.cfi_offset 4, -8
  57              		.cfi_offset 14, -4
  58 0002 0446     		mov	r4, r0
  37:source\rte/pwm_type.c ****     PWM_Clock_Start();
  59              		.loc 1 37 0
  60 0004 FFF7FEFF 		bl	PWM_Clock_Start
  61              	.LVL3:
  38:source\rte/pwm_type.c ****     RGB_PWM_green_Start();
  62              		.loc 1 38 0
  63 0008 FFF7FEFF 		bl	RGB_PWM_green_Start
  64              	.LVL4:
  39:source\rte/pwm_type.c **** 
  40:source\rte/pwm_type.c **** 	//Scale application data to drive format
  41:source\rte/pwm_type.c **** 
  42:source\rte/pwm_type.c ****     //RGB_PWM_green_WriteCompare(data->m_pwm);
  43:source\rte/pwm_type.c **** 
  44:source\rte/pwm_type.c **** 	//Write scaled data to driver
  45:source\rte/pwm_type.c ****     RGB_PWM_green_WriteCompare(data->m_pwm);
  65              		.loc 1 45 0
  66 000c 2078     		ldrb	r0, [r4]	@ zero_extendqisi2
  67 000e FFF7FEFF 		bl	RGB_PWM_green_WriteCompare
  68              	.LVL5:
  46:source\rte/pwm_type.c ****     
ARM GAS  C:\Users\Reza\AppData\Local\Temp\ccxgqk5f.s 			page 3


  47:source\rte/pwm_type.c **** 	return RC_SUCCESS;
  48:source\rte/pwm_type.c **** }
  69              		.loc 1 48 0
  70 0012 0020     		movs	r0, #0
  71 0014 10BD     		pop	{r4, pc}
  72              		.cfi_endproc
  73              	.LFE111:
  74              		.size	PWM_driverOut, .-PWM_driverOut
  75 0016 00BF     		.text
  76              	.Letext0:
  77              		.file 2 "c:\\program files (x86)\\cypress\\psoc creator\\4.4\\psoc creator\\import\\gnu\\arm\\5.4.
  78              		.file 3 "c:\\program files (x86)\\cypress\\psoc creator\\4.4\\psoc creator\\import\\gnu\\arm\\5.4.
  79              		.file 4 "Generated_Source\\PSoC5/ErikaOS_1_common_ee_types.inc"
  80              		.file 5 "Generated_Source\\PSoC5/ErikaOS_1_cortex_mx_ee_cpu.inc"
  81              		.file 6 ".\\source\\bsw/global.h"
  82              		.file 7 "source\\rte\\pwm_type.h"
  83              		.file 8 "Generated_Source\\PSoC5/ErikaOS_1_ee_oo_intfunc.inc"
  84              		.file 9 "Generated_Source\\PSoC5/ErikaOS_1_cortex_mx_ee_context.inc"
  85              		.file 10 "Generated_Source\\PSoC5/ErikaOS_1_common_ee_primitives.inc"
  86              		.file 11 "Generated_Source\\PSoC5/core_cm3.h"
  87              		.file 12 "Generated_Source\\PSoC5/PWM_Clock.h"
  88              		.file 13 "Generated_Source\\PSoC5/RGB_PWM_green.h"
  89              		.section	.debug_info,"",%progbits
  90              	.Ldebug_info0:
  91 0000 B1020000 		.4byte	0x2b1
  92 0004 0400     		.2byte	0x4
  93 0006 00000000 		.4byte	.Ldebug_abbrev0
  94 000a 04       		.byte	0x4
  95 000b 01       		.uleb128 0x1
  96 000c 31030000 		.4byte	.LASF62
  97 0010 0C       		.byte	0xc
  98 0011 45010000 		.4byte	.LASF63
  99 0015 8A020000 		.4byte	.LASF64
 100 0019 00000000 		.4byte	.Ldebug_ranges0+0
 101 001d 00000000 		.4byte	0
 102 0021 00000000 		.4byte	.Ldebug_line0
 103 0025 02       		.uleb128 0x2
 104 0026 01       		.byte	0x1
 105 0027 06       		.byte	0x6
 106 0028 16020000 		.4byte	.LASF0
 107 002c 03       		.uleb128 0x3
 108 002d CF010000 		.4byte	.LASF4
 109 0031 02       		.byte	0x2
 110 0032 1D       		.byte	0x1d
 111 0033 37000000 		.4byte	0x37
 112 0037 02       		.uleb128 0x2
 113 0038 01       		.byte	0x1
 114 0039 08       		.byte	0x8
 115 003a 08020000 		.4byte	.LASF1
 116 003e 02       		.uleb128 0x2
 117 003f 02       		.byte	0x2
 118 0040 05       		.byte	0x5
 119 0041 4D000000 		.4byte	.LASF2
 120 0045 02       		.uleb128 0x2
 121 0046 02       		.byte	0x2
 122 0047 07       		.byte	0x7
 123 0048 1E030000 		.4byte	.LASF3
ARM GAS  C:\Users\Reza\AppData\Local\Temp\ccxgqk5f.s 			page 4


 124 004c 03       		.uleb128 0x3
 125 004d 3A040000 		.4byte	.LASF5
 126 0051 02       		.byte	0x2
 127 0052 3F       		.byte	0x3f
 128 0053 57000000 		.4byte	0x57
 129 0057 02       		.uleb128 0x2
 130 0058 04       		.byte	0x4
 131 0059 05       		.byte	0x5
 132 005a A6010000 		.4byte	.LASF6
 133 005e 02       		.uleb128 0x2
 134 005f 04       		.byte	0x4
 135 0060 07       		.byte	0x7
 136 0061 54020000 		.4byte	.LASF7
 137 0065 02       		.uleb128 0x2
 138 0066 08       		.byte	0x8
 139 0067 05       		.byte	0x5
 140 0068 5B010000 		.4byte	.LASF8
 141 006c 02       		.uleb128 0x2
 142 006d 08       		.byte	0x8
 143 006e 07       		.byte	0x7
 144 006f 22020000 		.4byte	.LASF9
 145 0073 04       		.uleb128 0x4
 146 0074 04       		.byte	0x4
 147 0075 05       		.byte	0x5
 148 0076 696E7400 		.ascii	"int\000"
 149 007a 02       		.uleb128 0x2
 150 007b 04       		.byte	0x4
 151 007c 07       		.byte	0x7
 152 007d 39020000 		.4byte	.LASF10
 153 0081 03       		.uleb128 0x3
 154 0082 DA000000 		.4byte	.LASF11
 155 0086 03       		.byte	0x3
 156 0087 18       		.byte	0x18
 157 0088 2C000000 		.4byte	0x2c
 158 008c 03       		.uleb128 0x3
 159 008d D9030000 		.4byte	.LASF12
 160 0091 03       		.byte	0x3
 161 0092 2C       		.byte	0x2c
 162 0093 4C000000 		.4byte	0x4c
 163 0097 02       		.uleb128 0x2
 164 0098 04       		.byte	0x4
 165 0099 04       		.byte	0x4
 166 009a 3F010000 		.4byte	.LASF13
 167 009e 02       		.uleb128 0x2
 168 009f 08       		.byte	0x8
 169 00a0 04       		.byte	0x4
 170 00a1 19040000 		.4byte	.LASF14
 171 00a5 02       		.uleb128 0x2
 172 00a6 01       		.byte	0x1
 173 00a7 08       		.byte	0x8
 174 00a8 BF030000 		.4byte	.LASF15
 175 00ac 02       		.uleb128 0x2
 176 00ad 08       		.byte	0x8
 177 00ae 04       		.byte	0x4
 178 00af FC010000 		.4byte	.LASF16
 179 00b3 02       		.uleb128 0x2
 180 00b4 04       		.byte	0x4
ARM GAS  C:\Users\Reza\AppData\Local\Temp\ccxgqk5f.s 			page 5


 181 00b5 07       		.byte	0x7
 182 00b6 7D000000 		.4byte	.LASF17
 183 00ba 03       		.uleb128 0x3
 184 00bb 0E010000 		.4byte	.LASF18
 185 00bf 04       		.byte	0x4
 186 00c0 53       		.byte	0x53
 187 00c1 73000000 		.4byte	0x73
 188 00c5 03       		.uleb128 0x3
 189 00c6 C9000000 		.4byte	.LASF19
 190 00ca 04       		.byte	0x4
 191 00cb 54       		.byte	0x54
 192 00cc 7A000000 		.4byte	0x7a
 193 00d0 03       		.uleb128 0x3
 194 00d1 32040000 		.4byte	.LASF20
 195 00d5 05       		.byte	0x5
 196 00d6 4D       		.byte	0x4d
 197 00d7 C5000000 		.4byte	0xc5
 198 00db 03       		.uleb128 0x3
 199 00dc AD000000 		.4byte	.LASF21
 200 00e0 05       		.byte	0x5
 201 00e1 4F       		.byte	0x4f
 202 00e2 C5000000 		.4byte	0xc5
 203 00e6 03       		.uleb128 0x3
 204 00e7 D3000000 		.4byte	.LASF22
 205 00eb 05       		.byte	0x5
 206 00ec 78       		.byte	0x78
 207 00ed BA000000 		.4byte	0xba
 208 00f1 05       		.uleb128 0x5
 209 00f2 65524300 		.ascii	"eRC\000"
 210 00f6 01       		.byte	0x1
 211 00f7 25000000 		.4byte	0x25
 212 00fb 06       		.byte	0x6
 213 00fc AC       		.byte	0xac
 214 00fd 98010000 		.4byte	0x198
 215 0101 06       		.uleb128 0x6
 216 0102 2E000000 		.4byte	.LASF23
 217 0106 00       		.byte	0
 218 0107 07       		.uleb128 0x7
 219 0108 77040000 		.4byte	.LASF24
 220 010c 7F       		.sleb128 -1
 221 010d 07       		.uleb128 0x7
 222 010e 66020000 		.4byte	.LASF25
 223 0112 7E       		.sleb128 -2
 224 0113 07       		.uleb128 0x7
 225 0114 9F000000 		.4byte	.LASF26
 226 0118 7D       		.sleb128 -3
 227 0119 07       		.uleb128 0x7
 228 011a 80040000 		.4byte	.LASF27
 229 011e 7C       		.sleb128 -4
 230 011f 07       		.uleb128 0x7
 231 0120 30010000 		.4byte	.LASF28
 232 0124 7B       		.sleb128 -5
 233 0125 07       		.uleb128 0x7
 234 0126 57000000 		.4byte	.LASF29
 235 012a 7A       		.sleb128 -6
 236 012b 07       		.uleb128 0x7
 237 012c AF010000 		.4byte	.LASF30
ARM GAS  C:\Users\Reza\AppData\Local\Temp\ccxgqk5f.s 			page 6


 238 0130 79       		.sleb128 -7
 239 0131 07       		.uleb128 0x7
 240 0132 C4030000 		.4byte	.LASF31
 241 0136 78       		.sleb128 -8
 242 0137 07       		.uleb128 0x7
 243 0138 74020000 		.4byte	.LASF32
 244 013c 77       		.sleb128 -9
 245 013d 07       		.uleb128 0x7
 246 013e C1010000 		.4byte	.LASF33
 247 0142 76       		.sleb128 -10
 248 0143 07       		.uleb128 0x7
 249 0144 C3040000 		.4byte	.LASF34
 250 0148 75       		.sleb128 -11
 251 0149 07       		.uleb128 0x7
 252 014a 46020000 		.4byte	.LASF35
 253 014e 74       		.sleb128 -12
 254 014f 07       		.uleb128 0x7
 255 0150 20040000 		.4byte	.LASF36
 256 0154 73       		.sleb128 -13
 257 0155 07       		.uleb128 0x7
 258 0156 1B000000 		.4byte	.LASF37
 259 015a 72       		.sleb128 -14
 260 015b 07       		.uleb128 0x7
 261 015c 39000000 		.4byte	.LASF38
 262 0160 71       		.sleb128 -15
 263 0161 07       		.uleb128 0x7
 264 0162 D9010000 		.4byte	.LASF39
 265 0166 70       		.sleb128 -16
 266 0167 07       		.uleb128 0x7
 267 0168 B5000000 		.4byte	.LASF40
 268 016c 6F       		.sleb128 -17
 269 016d 07       		.uleb128 0x7
 270 016e 68000000 		.4byte	.LASF41
 271 0172 6E       		.sleb128 -18
 272 0173 07       		.uleb128 0x7
 273 0174 82010000 		.4byte	.LASF42
 274 0178 6D       		.sleb128 -19
 275 0179 07       		.uleb128 0x7
 276 017a E1030000 		.4byte	.LASF43
 277 017e 6C       		.sleb128 -20
 278 017f 07       		.uleb128 0x7
 279 0180 EA010000 		.4byte	.LASF44
 280 0184 6B       		.sleb128 -21
 281 0185 07       		.uleb128 0x7
 282 0186 58040000 		.4byte	.LASF45
 283 018a 6A       		.sleb128 -22
 284 018b 07       		.uleb128 0x7
 285 018c E2000000 		.4byte	.LASF46
 286 0190 69       		.sleb128 -23
 287 0191 07       		.uleb128 0x7
 288 0192 95010000 		.4byte	.LASF47
 289 0196 68       		.sleb128 -24
 290 0197 00       		.byte	0
 291 0198 03       		.uleb128 0x3
 292 0199 86000000 		.4byte	.LASF48
 293 019d 06       		.byte	0x6
 294 019e C8       		.byte	0xc8
ARM GAS  C:\Users\Reza\AppData\Local\Temp\ccxgqk5f.s 			page 7


 295 019f F1000000 		.4byte	0xf1
 296 01a3 08       		.uleb128 0x8
 297 01a4 01       		.byte	0x1
 298 01a5 07       		.byte	0x7
 299 01a6 14       		.byte	0x14
 300 01a7 B8010000 		.4byte	0x1b8
 301 01ab 09       		.uleb128 0x9
 302 01ac 8B000000 		.4byte	.LASF65
 303 01b0 07       		.byte	0x7
 304 01b1 16       		.byte	0x16
 305 01b2 81000000 		.4byte	0x81
 306 01b6 00       		.byte	0
 307 01b7 00       		.byte	0
 308 01b8 03       		.uleb128 0x3
 309 01b9 B8040000 		.4byte	.LASF49
 310 01bd 07       		.byte	0x7
 311 01be 17       		.byte	0x17
 312 01bf A3010000 		.4byte	0x1a3
 313 01c3 0A       		.uleb128 0xa
 314 01c4 0C040000 		.4byte	.LASF50
 315 01c8 01       		.byte	0x1
 316 01c9 15       		.byte	0x15
 317 01ca 98010000 		.4byte	0x198
 318 01ce 00000000 		.4byte	.LFB110
 319 01d2 04000000 		.4byte	.LFE110-.LFB110
 320 01d6 01       		.uleb128 0x1
 321 01d7 9C       		.byte	0x9c
 322 01d8 EC010000 		.4byte	0x1ec
 323 01dc 0B       		.uleb128 0xb
 324 01dd F4030000 		.4byte	.LASF52
 325 01e1 01       		.byte	0x1
 326 01e2 15       		.byte	0x15
 327 01e3 F2010000 		.4byte	0x1f2
 328 01e7 00000000 		.4byte	.LLST0
 329 01eb 00       		.byte	0
 330 01ec 0C       		.uleb128 0xc
 331 01ed 04       		.byte	0x4
 332 01ee B8010000 		.4byte	0x1b8
 333 01f2 0D       		.uleb128 0xd
 334 01f3 EC010000 		.4byte	0x1ec
 335 01f7 0A       		.uleb128 0xa
 336 01f8 91000000 		.4byte	.LASF51
 337 01fc 01       		.byte	0x1
 338 01fd 23       		.byte	0x23
 339 01fe 98010000 		.4byte	0x198
 340 0202 00000000 		.4byte	.LFB111
 341 0206 16000000 		.4byte	.LFE111-.LFB111
 342 020a 01       		.uleb128 0x1
 343 020b 9C       		.byte	0x9c
 344 020c 3B020000 		.4byte	0x23b
 345 0210 0B       		.uleb128 0xb
 346 0211 F4030000 		.4byte	.LASF52
 347 0215 01       		.byte	0x1
 348 0216 23       		.byte	0x23
 349 0217 46020000 		.4byte	0x246
 350 021b 21000000 		.4byte	.LLST1
 351 021f 0E       		.uleb128 0xe
ARM GAS  C:\Users\Reza\AppData\Local\Temp\ccxgqk5f.s 			page 8


 352 0220 08000000 		.4byte	.LVL3
 353 0224 93020000 		.4byte	0x293
 354 0228 0E       		.uleb128 0xe
 355 0229 0C000000 		.4byte	.LVL4
 356 022d 9E020000 		.4byte	0x29e
 357 0231 0E       		.uleb128 0xe
 358 0232 12000000 		.4byte	.LVL5
 359 0236 A9020000 		.4byte	0x2a9
 360 023a 00       		.byte	0
 361 023b 0C       		.uleb128 0xc
 362 023c 04       		.byte	0x4
 363 023d 41020000 		.4byte	0x241
 364 0241 0D       		.uleb128 0xd
 365 0242 B8010000 		.4byte	0x1b8
 366 0246 0D       		.uleb128 0xd
 367 0247 3B020000 		.4byte	0x23b
 368 024b 0F       		.uleb128 0xf
 369 024c 90040000 		.4byte	.LASF53
 370 0250 08       		.byte	0x8
 371 0251 40       		.byte	0x40
 372 0252 D0000000 		.4byte	0xd0
 373 0256 0F       		.uleb128 0xf
 374 0257 69010000 		.4byte	.LASF54
 375 025b 08       		.byte	0x8
 376 025c 47       		.byte	0x47
 377 025d DB000000 		.4byte	0xdb
 378 0261 0F       		.uleb128 0xf
 379 0262 F9030000 		.4byte	.LASF55
 380 0266 08       		.byte	0x8
 381 0267 4A       		.byte	0x4a
 382 0268 D0000000 		.4byte	0xd0
 383 026c 0F       		.uleb128 0xf
 384 026d 17010000 		.4byte	.LASF56
 385 0271 09       		.byte	0x9
 386 0272 48       		.byte	0x48
 387 0273 E6000000 		.4byte	0xe6
 388 0277 0F       		.uleb128 0xf
 389 0278 F9000000 		.4byte	.LASF57
 390 027c 0A       		.byte	0xa
 391 027d 44       		.byte	0x44
 392 027e D0000000 		.4byte	0xd0
 393 0282 10       		.uleb128 0x10
 394 0283 6A040000 		.4byte	.LASF58
 395 0287 0B       		.byte	0xb
 396 0288 1207     		.2byte	0x712
 397 028a 8E020000 		.4byte	0x28e
 398 028e 11       		.uleb128 0x11
 399 028f 8C000000 		.4byte	0x8c
 400 0293 12       		.uleb128 0x12
 401 0294 A8040000 		.4byte	.LASF59
 402 0298 A8040000 		.4byte	.LASF59
 403 029c 0C       		.byte	0xc
 404 029d 27       		.byte	0x27
 405 029e 12       		.uleb128 0x12
 406 029f 44040000 		.4byte	.LASF60
 407 02a3 44040000 		.4byte	.LASF60
 408 02a7 0D       		.byte	0xd
ARM GAS  C:\Users\Reza\AppData\Local\Temp\ccxgqk5f.s 			page 9


 409 02a8 92       		.byte	0x92
 410 02a9 12       		.uleb128 0x12
 411 02aa 00000000 		.4byte	.LASF61
 412 02ae 00000000 		.4byte	.LASF61
 413 02b2 0D       		.byte	0xd
 414 02b3 C3       		.byte	0xc3
 415 02b4 00       		.byte	0
 416              		.section	.debug_abbrev,"",%progbits
 417              	.Ldebug_abbrev0:
 418 0000 01       		.uleb128 0x1
 419 0001 11       		.uleb128 0x11
 420 0002 01       		.byte	0x1
 421 0003 25       		.uleb128 0x25
 422 0004 0E       		.uleb128 0xe
 423 0005 13       		.uleb128 0x13
 424 0006 0B       		.uleb128 0xb
 425 0007 03       		.uleb128 0x3
 426 0008 0E       		.uleb128 0xe
 427 0009 1B       		.uleb128 0x1b
 428 000a 0E       		.uleb128 0xe
 429 000b 55       		.uleb128 0x55
 430 000c 17       		.uleb128 0x17
 431 000d 11       		.uleb128 0x11
 432 000e 01       		.uleb128 0x1
 433 000f 10       		.uleb128 0x10
 434 0010 17       		.uleb128 0x17
 435 0011 00       		.byte	0
 436 0012 00       		.byte	0
 437 0013 02       		.uleb128 0x2
 438 0014 24       		.uleb128 0x24
 439 0015 00       		.byte	0
 440 0016 0B       		.uleb128 0xb
 441 0017 0B       		.uleb128 0xb
 442 0018 3E       		.uleb128 0x3e
 443 0019 0B       		.uleb128 0xb
 444 001a 03       		.uleb128 0x3
 445 001b 0E       		.uleb128 0xe
 446 001c 00       		.byte	0
 447 001d 00       		.byte	0
 448 001e 03       		.uleb128 0x3
 449 001f 16       		.uleb128 0x16
 450 0020 00       		.byte	0
 451 0021 03       		.uleb128 0x3
 452 0022 0E       		.uleb128 0xe
 453 0023 3A       		.uleb128 0x3a
 454 0024 0B       		.uleb128 0xb
 455 0025 3B       		.uleb128 0x3b
 456 0026 0B       		.uleb128 0xb
 457 0027 49       		.uleb128 0x49
 458 0028 13       		.uleb128 0x13
 459 0029 00       		.byte	0
 460 002a 00       		.byte	0
 461 002b 04       		.uleb128 0x4
 462 002c 24       		.uleb128 0x24
 463 002d 00       		.byte	0
 464 002e 0B       		.uleb128 0xb
 465 002f 0B       		.uleb128 0xb
ARM GAS  C:\Users\Reza\AppData\Local\Temp\ccxgqk5f.s 			page 10


 466 0030 3E       		.uleb128 0x3e
 467 0031 0B       		.uleb128 0xb
 468 0032 03       		.uleb128 0x3
 469 0033 08       		.uleb128 0x8
 470 0034 00       		.byte	0
 471 0035 00       		.byte	0
 472 0036 05       		.uleb128 0x5
 473 0037 04       		.uleb128 0x4
 474 0038 01       		.byte	0x1
 475 0039 03       		.uleb128 0x3
 476 003a 08       		.uleb128 0x8
 477 003b 0B       		.uleb128 0xb
 478 003c 0B       		.uleb128 0xb
 479 003d 49       		.uleb128 0x49
 480 003e 13       		.uleb128 0x13
 481 003f 3A       		.uleb128 0x3a
 482 0040 0B       		.uleb128 0xb
 483 0041 3B       		.uleb128 0x3b
 484 0042 0B       		.uleb128 0xb
 485 0043 01       		.uleb128 0x1
 486 0044 13       		.uleb128 0x13
 487 0045 00       		.byte	0
 488 0046 00       		.byte	0
 489 0047 06       		.uleb128 0x6
 490 0048 28       		.uleb128 0x28
 491 0049 00       		.byte	0
 492 004a 03       		.uleb128 0x3
 493 004b 0E       		.uleb128 0xe
 494 004c 1C       		.uleb128 0x1c
 495 004d 0B       		.uleb128 0xb
 496 004e 00       		.byte	0
 497 004f 00       		.byte	0
 498 0050 07       		.uleb128 0x7
 499 0051 28       		.uleb128 0x28
 500 0052 00       		.byte	0
 501 0053 03       		.uleb128 0x3
 502 0054 0E       		.uleb128 0xe
 503 0055 1C       		.uleb128 0x1c
 504 0056 0D       		.uleb128 0xd
 505 0057 00       		.byte	0
 506 0058 00       		.byte	0
 507 0059 08       		.uleb128 0x8
 508 005a 13       		.uleb128 0x13
 509 005b 01       		.byte	0x1
 510 005c 0B       		.uleb128 0xb
 511 005d 0B       		.uleb128 0xb
 512 005e 3A       		.uleb128 0x3a
 513 005f 0B       		.uleb128 0xb
 514 0060 3B       		.uleb128 0x3b
 515 0061 0B       		.uleb128 0xb
 516 0062 01       		.uleb128 0x1
 517 0063 13       		.uleb128 0x13
 518 0064 00       		.byte	0
 519 0065 00       		.byte	0
 520 0066 09       		.uleb128 0x9
 521 0067 0D       		.uleb128 0xd
 522 0068 00       		.byte	0
ARM GAS  C:\Users\Reza\AppData\Local\Temp\ccxgqk5f.s 			page 11


 523 0069 03       		.uleb128 0x3
 524 006a 0E       		.uleb128 0xe
 525 006b 3A       		.uleb128 0x3a
 526 006c 0B       		.uleb128 0xb
 527 006d 3B       		.uleb128 0x3b
 528 006e 0B       		.uleb128 0xb
 529 006f 49       		.uleb128 0x49
 530 0070 13       		.uleb128 0x13
 531 0071 38       		.uleb128 0x38
 532 0072 0B       		.uleb128 0xb
 533 0073 00       		.byte	0
 534 0074 00       		.byte	0
 535 0075 0A       		.uleb128 0xa
 536 0076 2E       		.uleb128 0x2e
 537 0077 01       		.byte	0x1
 538 0078 3F       		.uleb128 0x3f
 539 0079 19       		.uleb128 0x19
 540 007a 03       		.uleb128 0x3
 541 007b 0E       		.uleb128 0xe
 542 007c 3A       		.uleb128 0x3a
 543 007d 0B       		.uleb128 0xb
 544 007e 3B       		.uleb128 0x3b
 545 007f 0B       		.uleb128 0xb
 546 0080 27       		.uleb128 0x27
 547 0081 19       		.uleb128 0x19
 548 0082 49       		.uleb128 0x49
 549 0083 13       		.uleb128 0x13
 550 0084 11       		.uleb128 0x11
 551 0085 01       		.uleb128 0x1
 552 0086 12       		.uleb128 0x12
 553 0087 06       		.uleb128 0x6
 554 0088 40       		.uleb128 0x40
 555 0089 18       		.uleb128 0x18
 556 008a 9742     		.uleb128 0x2117
 557 008c 19       		.uleb128 0x19
 558 008d 01       		.uleb128 0x1
 559 008e 13       		.uleb128 0x13
 560 008f 00       		.byte	0
 561 0090 00       		.byte	0
 562 0091 0B       		.uleb128 0xb
 563 0092 05       		.uleb128 0x5
 564 0093 00       		.byte	0
 565 0094 03       		.uleb128 0x3
 566 0095 0E       		.uleb128 0xe
 567 0096 3A       		.uleb128 0x3a
 568 0097 0B       		.uleb128 0xb
 569 0098 3B       		.uleb128 0x3b
 570 0099 0B       		.uleb128 0xb
 571 009a 49       		.uleb128 0x49
 572 009b 13       		.uleb128 0x13
 573 009c 02       		.uleb128 0x2
 574 009d 17       		.uleb128 0x17
 575 009e 00       		.byte	0
 576 009f 00       		.byte	0
 577 00a0 0C       		.uleb128 0xc
 578 00a1 0F       		.uleb128 0xf
 579 00a2 00       		.byte	0
ARM GAS  C:\Users\Reza\AppData\Local\Temp\ccxgqk5f.s 			page 12


 580 00a3 0B       		.uleb128 0xb
 581 00a4 0B       		.uleb128 0xb
 582 00a5 49       		.uleb128 0x49
 583 00a6 13       		.uleb128 0x13
 584 00a7 00       		.byte	0
 585 00a8 00       		.byte	0
 586 00a9 0D       		.uleb128 0xd
 587 00aa 26       		.uleb128 0x26
 588 00ab 00       		.byte	0
 589 00ac 49       		.uleb128 0x49
 590 00ad 13       		.uleb128 0x13
 591 00ae 00       		.byte	0
 592 00af 00       		.byte	0
 593 00b0 0E       		.uleb128 0xe
 594 00b1 898201   		.uleb128 0x4109
 595 00b4 00       		.byte	0
 596 00b5 11       		.uleb128 0x11
 597 00b6 01       		.uleb128 0x1
 598 00b7 31       		.uleb128 0x31
 599 00b8 13       		.uleb128 0x13
 600 00b9 00       		.byte	0
 601 00ba 00       		.byte	0
 602 00bb 0F       		.uleb128 0xf
 603 00bc 34       		.uleb128 0x34
 604 00bd 00       		.byte	0
 605 00be 03       		.uleb128 0x3
 606 00bf 0E       		.uleb128 0xe
 607 00c0 3A       		.uleb128 0x3a
 608 00c1 0B       		.uleb128 0xb
 609 00c2 3B       		.uleb128 0x3b
 610 00c3 0B       		.uleb128 0xb
 611 00c4 49       		.uleb128 0x49
 612 00c5 13       		.uleb128 0x13
 613 00c6 3F       		.uleb128 0x3f
 614 00c7 19       		.uleb128 0x19
 615 00c8 3C       		.uleb128 0x3c
 616 00c9 19       		.uleb128 0x19
 617 00ca 00       		.byte	0
 618 00cb 00       		.byte	0
 619 00cc 10       		.uleb128 0x10
 620 00cd 34       		.uleb128 0x34
 621 00ce 00       		.byte	0
 622 00cf 03       		.uleb128 0x3
 623 00d0 0E       		.uleb128 0xe
 624 00d1 3A       		.uleb128 0x3a
 625 00d2 0B       		.uleb128 0xb
 626 00d3 3B       		.uleb128 0x3b
 627 00d4 05       		.uleb128 0x5
 628 00d5 49       		.uleb128 0x49
 629 00d6 13       		.uleb128 0x13
 630 00d7 3F       		.uleb128 0x3f
 631 00d8 19       		.uleb128 0x19
 632 00d9 3C       		.uleb128 0x3c
 633 00da 19       		.uleb128 0x19
 634 00db 00       		.byte	0
 635 00dc 00       		.byte	0
 636 00dd 11       		.uleb128 0x11
ARM GAS  C:\Users\Reza\AppData\Local\Temp\ccxgqk5f.s 			page 13


 637 00de 35       		.uleb128 0x35
 638 00df 00       		.byte	0
 639 00e0 49       		.uleb128 0x49
 640 00e1 13       		.uleb128 0x13
 641 00e2 00       		.byte	0
 642 00e3 00       		.byte	0
 643 00e4 12       		.uleb128 0x12
 644 00e5 2E       		.uleb128 0x2e
 645 00e6 00       		.byte	0
 646 00e7 3F       		.uleb128 0x3f
 647 00e8 19       		.uleb128 0x19
 648 00e9 3C       		.uleb128 0x3c
 649 00ea 19       		.uleb128 0x19
 650 00eb 6E       		.uleb128 0x6e
 651 00ec 0E       		.uleb128 0xe
 652 00ed 03       		.uleb128 0x3
 653 00ee 0E       		.uleb128 0xe
 654 00ef 3A       		.uleb128 0x3a
 655 00f0 0B       		.uleb128 0xb
 656 00f1 3B       		.uleb128 0x3b
 657 00f2 0B       		.uleb128 0xb
 658 00f3 00       		.byte	0
 659 00f4 00       		.byte	0
 660 00f5 00       		.byte	0
 661              		.section	.debug_loc,"",%progbits
 662              	.Ldebug_loc0:
 663              	.LLST0:
 664 0000 00000000 		.4byte	.LVL0
 665 0004 02000000 		.4byte	.LVL1
 666 0008 0100     		.2byte	0x1
 667 000a 50       		.byte	0x50
 668 000b 02000000 		.4byte	.LVL1
 669 000f 04000000 		.4byte	.LFE110
 670 0013 0400     		.2byte	0x4
 671 0015 F3       		.byte	0xf3
 672 0016 01       		.uleb128 0x1
 673 0017 50       		.byte	0x50
 674 0018 9F       		.byte	0x9f
 675 0019 00000000 		.4byte	0
 676 001d 00000000 		.4byte	0
 677              	.LLST1:
 678 0021 00000000 		.4byte	.LVL2
 679 0025 07000000 		.4byte	.LVL3-1
 680 0029 0100     		.2byte	0x1
 681 002b 50       		.byte	0x50
 682 002c 07000000 		.4byte	.LVL3-1
 683 0030 16000000 		.4byte	.LFE111
 684 0034 0100     		.2byte	0x1
 685 0036 54       		.byte	0x54
 686 0037 00000000 		.4byte	0
 687 003b 00000000 		.4byte	0
 688              		.section	.debug_aranges,"",%progbits
 689 0000 24000000 		.4byte	0x24
 690 0004 0200     		.2byte	0x2
 691 0006 00000000 		.4byte	.Ldebug_info0
 692 000a 04       		.byte	0x4
 693 000b 00       		.byte	0
ARM GAS  C:\Users\Reza\AppData\Local\Temp\ccxgqk5f.s 			page 14


 694 000c 0000     		.2byte	0
 695 000e 0000     		.2byte	0
 696 0010 00000000 		.4byte	.LFB110
 697 0014 04000000 		.4byte	.LFE110-.LFB110
 698 0018 00000000 		.4byte	.LFB111
 699 001c 16000000 		.4byte	.LFE111-.LFB111
 700 0020 00000000 		.4byte	0
 701 0024 00000000 		.4byte	0
 702              		.section	.debug_ranges,"",%progbits
 703              	.Ldebug_ranges0:
 704 0000 00000000 		.4byte	.LFB110
 705 0004 04000000 		.4byte	.LFE110
 706 0008 00000000 		.4byte	.LFB111
 707 000c 16000000 		.4byte	.LFE111
 708 0010 00000000 		.4byte	0
 709 0014 00000000 		.4byte	0
 710              		.section	.debug_line,"",%progbits
 711              	.Ldebug_line0:
 712 0000 6E020000 		.section	.debug_str,"MS",%progbits,1
 712      02004502 
 712      00000201 
 712      FB0E0D00 
 712      01010101 
 713              	.LASF61:
 714 0000 5247425F 		.ascii	"RGB_PWM_green_WriteCompare\000"
 714      50574D5F 
 714      67726565 
 714      6E5F5772 
 714      69746543 
 715              	.LASF37:
 716 001b 52435F45 		.ascii	"RC_ERROR_READ_ONLY\000"
 716      52524F52 
 716      5F524541 
 716      445F4F4E 
 716      4C5900
 717              	.LASF23:
 718 002e 52435F53 		.ascii	"RC_SUCCESS\000"
 718      55434345 
 718      535300
 719              	.LASF38:
 720 0039 52435F45 		.ascii	"RC_ERROR_WRITE_ONLY\000"
 720      52524F52 
 720      5F575249 
 720      54455F4F 
 720      4E4C5900 
 721              	.LASF2:
 722 004d 73686F72 		.ascii	"short int\000"
 722      7420696E 
 722      7400
 723              	.LASF29:
 724 0057 52435F45 		.ascii	"RC_ERROR_OVERRUN\000"
 724      52524F52 
 724      5F4F5645 
 724      5252554E 
 724      00
 725              	.LASF41:
 726 0068 52435F45 		.ascii	"RC_ERROR_WRITE_FAILS\000"
ARM GAS  C:\Users\Reza\AppData\Local\Temp\ccxgqk5f.s 			page 15


 726      52524F52 
 726      5F575249 
 726      54455F46 
 726      41494C53 
 727              	.LASF17:
 728 007d 73697A65 		.ascii	"sizetype\000"
 728      74797065 
 728      00
 729              	.LASF48:
 730 0086 52435F74 		.ascii	"RC_t\000"
 730      00
 731              	.LASF65:
 732 008b 6D5F7077 		.ascii	"m_pwm\000"
 732      6D00
 733              	.LASF51:
 734 0091 50574D5F 		.ascii	"PWM_driverOut\000"
 734      64726976 
 734      65724F75 
 734      7400
 735              	.LASF26:
 736 009f 52435F45 		.ascii	"RC_ERROR_ZERO\000"
 736      52524F52 
 736      5F5A4552 
 736      4F00
 737              	.LASF21:
 738 00ad 45455F46 		.ascii	"EE_FREG\000"
 738      52454700 
 739              	.LASF40:
 740 00b5 52435F45 		.ascii	"RC_ERROR_READ_FAILS\000"
 740      52524F52 
 740      5F524541 
 740      445F4641 
 740      494C5300 
 741              	.LASF19:
 742 00c9 45455F55 		.ascii	"EE_UINT32\000"
 742      494E5433 
 742      3200
 743              	.LASF22:
 744 00d3 45455F54 		.ascii	"EE_TID\000"
 744      494400
 745              	.LASF11:
 746 00da 75696E74 		.ascii	"uint8_t\000"
 746      385F7400 
 747              	.LASF46:
 748 00e2 52435F45 		.ascii	"RC_ERROR_INVALID_STATE\000"
 748      52524F52 
 748      5F494E56 
 748      414C4944 
 748      5F535441 
 749              	.LASF57:
 750 00f9 45455F49 		.ascii	"EE_IRQ_nesting_level\000"
 750      52515F6E 
 750      65737469 
 750      6E675F6C 
 750      6576656C 
 751              	.LASF18:
 752 010e 45455F49 		.ascii	"EE_INT32\000"
ARM GAS  C:\Users\Reza\AppData\Local\Temp\ccxgqk5f.s 			page 16


 752      4E543332 
 752      00
 753              	.LASF56:
 754 0117 45455F73 		.ascii	"EE_std_endcycle_next_tid\000"
 754      74645F65 
 754      6E646379 
 754      636C655F 
 754      6E657874 
 755              	.LASF28:
 756 0130 52435F45 		.ascii	"RC_ERROR_RANGE\000"
 756      52524F52 
 756      5F52414E 
 756      474500
 757              	.LASF13:
 758 013f 666C6F61 		.ascii	"float\000"
 758      7400
 759              	.LASF63:
 760 0145 736F7572 		.ascii	"source\\rte\\pwm_type.c\000"
 760      63655C72 
 760      74655C70 
 760      776D5F74 
 760      7970652E 
 761              	.LASF8:
 762 015b 6C6F6E67 		.ascii	"long long int\000"
 762      206C6F6E 
 762      6720696E 
 762      7400
 763              	.LASF54:
 764 0169 45455F6F 		.ascii	"EE_oo_IRQ_suspend_status\000"
 764      6F5F4952 
 764      515F7375 
 764      7370656E 
 764      645F7374 
 765              	.LASF42:
 766 0182 52435F45 		.ascii	"RC_ERROR_NOT_MATCH\000"
 766      52524F52 
 766      5F4E4F54 
 766      5F4D4154 
 766      434800
 767              	.LASF47:
 768 0195 52435F45 		.ascii	"RC_ERROR_UNKNOWN\000"
 768      52524F52 
 768      5F554E4B 
 768      4E4F574E 
 768      00
 769              	.LASF6:
 770 01a6 6C6F6E67 		.ascii	"long int\000"
 770      20696E74 
 770      00
 771              	.LASF30:
 772 01af 52435F45 		.ascii	"RC_ERROR_UNDERRUN\000"
 772      52524F52 
 772      5F554E44 
 772      45525255 
 772      4E00
 773              	.LASF33:
 774 01c1 52435F45 		.ascii	"RC_ERROR_BUSY\000"
ARM GAS  C:\Users\Reza\AppData\Local\Temp\ccxgqk5f.s 			page 17


 774      52524F52 
 774      5F425553 
 774      5900
 775              	.LASF4:
 776 01cf 5F5F7569 		.ascii	"__uint8_t\000"
 776      6E74385F 
 776      7400
 777              	.LASF39:
 778 01d9 52435F45 		.ascii	"RC_ERROR_INVALID\000"
 778      52524F52 
 778      5F494E56 
 778      414C4944 
 778      00
 779              	.LASF44:
 780 01ea 52435F45 		.ascii	"RC_ERROR_BAD_DATA\000"
 780      52524F52 
 780      5F424144 
 780      5F444154 
 780      4100
 781              	.LASF16:
 782 01fc 6C6F6E67 		.ascii	"long double\000"
 782      20646F75 
 782      626C6500 
 783              	.LASF1:
 784 0208 756E7369 		.ascii	"unsigned char\000"
 784      676E6564 
 784      20636861 
 784      7200
 785              	.LASF0:
 786 0216 7369676E 		.ascii	"signed char\000"
 786      65642063 
 786      68617200 
 787              	.LASF9:
 788 0222 6C6F6E67 		.ascii	"long long unsigned int\000"
 788      206C6F6E 
 788      6720756E 
 788      7369676E 
 788      65642069 
 789              	.LASF10:
 790 0239 756E7369 		.ascii	"unsigned int\000"
 790      676E6564 
 790      20696E74 
 790      00
 791              	.LASF35:
 792 0246 52435F45 		.ascii	"RC_ERROR_OPEN\000"
 792      52524F52 
 792      5F4F5045 
 792      4E00
 793              	.LASF7:
 794 0254 6C6F6E67 		.ascii	"long unsigned int\000"
 794      20756E73 
 794      69676E65 
 794      6420696E 
 794      7400
 795              	.LASF25:
 796 0266 52435F45 		.ascii	"RC_ERROR_NULL\000"
 796      52524F52 
ARM GAS  C:\Users\Reza\AppData\Local\Temp\ccxgqk5f.s 			page 18


 796      5F4E554C 
 796      4C00
 797              	.LASF32:
 798 0274 52435F45 		.ascii	"RC_ERROR_BUFFER_EMTPY\000"
 798      52524F52 
 798      5F425546 
 798      4645525F 
 798      454D5450 
 799              	.LASF64:
 800 028a 453A5C4E 		.ascii	"E:\\New_Dell_Laptop_18.04.2021\\Drive_D\\hda\\Summe"
 800      65775F44 
 800      656C6C5F 
 800      4C617074 
 800      6F705F31 
 801 02b9 725F5365 		.ascii	"r_Semester_2020\\Embedded Architecture and Applicat"
 801      6D657374 
 801      65725F32 
 801      3032305C 
 801      456D6265 
 802 02eb 696F6E5C 		.ascii	"ion\\Lab1\\Work_Space_RTE\\RTE_Electronic_Clock.cyd"
 802      4C616231 
 802      5C576F72 
 802      6B5F5370 
 802      6163655F 
 803 031b 736E00   		.ascii	"sn\000"
 804              	.LASF3:
 805 031e 73686F72 		.ascii	"short unsigned int\000"
 805      7420756E 
 805      7369676E 
 805      65642069 
 805      6E7400
 806              	.LASF62:
 807 0331 474E5520 		.ascii	"GNU C11 5.4.1 20160609 (release) [ARM/embedded-5-br"
 807      43313120 
 807      352E342E 
 807      31203230 
 807      31363036 
 808 0364 616E6368 		.ascii	"anch revision 237715] -mcpu=cortex-m3 -mthumb -g -O"
 808      20726576 
 808      6973696F 
 808      6E203233 
 808      37373135 
 809 0397 67202D66 		.ascii	"g -ffunction-sections -ffat-lto-objects\000"
 809      66756E63 
 809      74696F6E 
 809      2D736563 
 809      74696F6E 
 810              	.LASF15:
 811 03bf 63686172 		.ascii	"char\000"
 811      00
 812              	.LASF31:
 813 03c4 52435F45 		.ascii	"RC_ERROR_BUFFER_FULL\000"
 813      52524F52 
 813      5F425546 
 813      4645525F 
 813      46554C4C 
 814              	.LASF12:
ARM GAS  C:\Users\Reza\AppData\Local\Temp\ccxgqk5f.s 			page 19


 815 03d9 696E7433 		.ascii	"int32_t\000"
 815      325F7400 
 816              	.LASF43:
 817 03e1 52435F45 		.ascii	"RC_ERROR_BAD_PARAM\000"
 817      52524F52 
 817      5F424144 
 817      5F504152 
 817      414D00
 818              	.LASF52:
 819 03f4 64617461 		.ascii	"data\000"
 819      00
 820              	.LASF55:
 821 03f9 45455F41 		.ascii	"EE_ApplicationMode\000"
 821      70706C69 
 821      63617469 
 821      6F6E4D6F 
 821      646500
 822              	.LASF50:
 823 040c 50574D5F 		.ascii	"PWM_driverIn\000"
 823      64726976 
 823      6572496E 
 823      00
 824              	.LASF14:
 825 0419 646F7562 		.ascii	"double\000"
 825      6C6500
 826              	.LASF36:
 827 0420 52435F45 		.ascii	"RC_ERROR_CHECKSUM\000"
 827      52524F52 
 827      5F434845 
 827      434B5355 
 827      4D00
 828              	.LASF20:
 829 0432 45455F55 		.ascii	"EE_UREG\000"
 829      52454700 
 830              	.LASF5:
 831 043a 5F5F696E 		.ascii	"__int32_t\000"
 831      7433325F 
 831      7400
 832              	.LASF60:
 833 0444 5247425F 		.ascii	"RGB_PWM_green_Start\000"
 833      50574D5F 
 833      67726565 
 833      6E5F5374 
 833      61727400 
 834              	.LASF45:
 835 0458 52435F45 		.ascii	"RC_ERROR_CANCELED\000"
 835      52524F52 
 835      5F43414E 
 835      43454C45 
 835      4400
 836              	.LASF58:
 837 046a 49544D5F 		.ascii	"ITM_RxBuffer\000"
 837      52784275 
 837      66666572 
 837      00
 838              	.LASF24:
 839 0477 52435F45 		.ascii	"RC_ERROR\000"
ARM GAS  C:\Users\Reza\AppData\Local\Temp\ccxgqk5f.s 			page 20


 839      52524F52 
 839      00
 840              	.LASF27:
 841 0480 52435F45 		.ascii	"RC_ERROR_MEMORY\000"
 841      52524F52 
 841      5F4D454D 
 841      4F525900 
 842              	.LASF53:
 843 0490 45455F6F 		.ascii	"EE_oo_IRQ_disable_count\000"
 843      6F5F4952 
 843      515F6469 
 843      7361626C 
 843      655F636F 
 844              	.LASF59:
 845 04a8 50574D5F 		.ascii	"PWM_Clock_Start\000"
 845      436C6F63 
 845      6B5F5374 
 845      61727400 
 846              	.LASF49:
 847 04b8 50574D5F 		.ascii	"PWM_data_t\000"
 847      64617461 
 847      5F7400
 848              	.LASF34:
 849 04c3 52435F45 		.ascii	"RC_ERROR_TIME_OUT\000"
 849      52524F52 
 849      5F54494D 
 849      455F4F55 
 849      5400
 850              		.ident	"GCC: (GNU Tools for ARM Embedded Processors) 5.4.1 20160609 (release) [ARM/embedded-5-bran
