ARM GAS  C:\Users\Reza\AppData\Local\Temp\ccirDTWT.s 			page 1


   1              		.syntax unified
   2              		.cpu cortex-m3
   3              		.fpu softvfp
   4              		.eabi_attribute 20, 1
   5              		.eabi_attribute 21, 1
   6              		.eabi_attribute 23, 3
   7              		.eabi_attribute 24, 1
   8              		.eabi_attribute 25, 1
   9              		.eabi_attribute 26, 1
  10              		.eabi_attribute 30, 1
  11              		.eabi_attribute 34, 1
  12              		.eabi_attribute 18, 4
  13              		.thumb
  14              		.syntax unified
  15              		.file	"RGB_PWM_green_PM.c"
  16              		.text
  17              	.Ltext0:
  18              		.cfi_sections	.debug_frame
  19              		.section	.text.RGB_PWM_green_SaveConfig,"ax",%progbits
  20              		.align	2
  21              		.global	RGB_PWM_green_SaveConfig
  22              		.thumb
  23              		.thumb_func
  24              		.type	RGB_PWM_green_SaveConfig, %function
  25              	RGB_PWM_green_SaveConfig:
  26              	.LFB0:
  27              		.file 1 "Generated_Source\\PSoC5\\RGB_PWM_green_PM.c"
   1:Generated_Source\PSoC5/RGB_PWM_green_PM.c **** /*******************************************************************************
   2:Generated_Source\PSoC5/RGB_PWM_green_PM.c **** * File Name: RGB_PWM_green_PM.c
   3:Generated_Source\PSoC5/RGB_PWM_green_PM.c **** * Version 3.30
   4:Generated_Source\PSoC5/RGB_PWM_green_PM.c **** *
   5:Generated_Source\PSoC5/RGB_PWM_green_PM.c **** * Description:
   6:Generated_Source\PSoC5/RGB_PWM_green_PM.c **** *  This file provides the power management source code to API for the
   7:Generated_Source\PSoC5/RGB_PWM_green_PM.c **** *  PWM.
   8:Generated_Source\PSoC5/RGB_PWM_green_PM.c **** *
   9:Generated_Source\PSoC5/RGB_PWM_green_PM.c **** * Note:
  10:Generated_Source\PSoC5/RGB_PWM_green_PM.c **** *
  11:Generated_Source\PSoC5/RGB_PWM_green_PM.c **** ********************************************************************************
  12:Generated_Source\PSoC5/RGB_PWM_green_PM.c **** * Copyright 2008-2014, Cypress Semiconductor Corporation.  All rights reserved.
  13:Generated_Source\PSoC5/RGB_PWM_green_PM.c **** * You may use this file only in accordance with the license, terms, conditions,
  14:Generated_Source\PSoC5/RGB_PWM_green_PM.c **** * disclaimers, and limitations in the end user license agreement accompanying
  15:Generated_Source\PSoC5/RGB_PWM_green_PM.c **** * the software package with which this file was provided.
  16:Generated_Source\PSoC5/RGB_PWM_green_PM.c **** *******************************************************************************/
  17:Generated_Source\PSoC5/RGB_PWM_green_PM.c **** 
  18:Generated_Source\PSoC5/RGB_PWM_green_PM.c **** #include "RGB_PWM_green.h"
  19:Generated_Source\PSoC5/RGB_PWM_green_PM.c **** 
  20:Generated_Source\PSoC5/RGB_PWM_green_PM.c **** static RGB_PWM_green_backupStruct RGB_PWM_green_backup;
  21:Generated_Source\PSoC5/RGB_PWM_green_PM.c **** 
  22:Generated_Source\PSoC5/RGB_PWM_green_PM.c **** 
  23:Generated_Source\PSoC5/RGB_PWM_green_PM.c **** /*******************************************************************************
  24:Generated_Source\PSoC5/RGB_PWM_green_PM.c **** * Function Name: RGB_PWM_green_SaveConfig
  25:Generated_Source\PSoC5/RGB_PWM_green_PM.c **** ********************************************************************************
  26:Generated_Source\PSoC5/RGB_PWM_green_PM.c **** *
  27:Generated_Source\PSoC5/RGB_PWM_green_PM.c **** * Summary:
  28:Generated_Source\PSoC5/RGB_PWM_green_PM.c **** *  Saves the current user configuration of the component.
  29:Generated_Source\PSoC5/RGB_PWM_green_PM.c **** *
  30:Generated_Source\PSoC5/RGB_PWM_green_PM.c **** * Parameters:
ARM GAS  C:\Users\Reza\AppData\Local\Temp\ccirDTWT.s 			page 2


  31:Generated_Source\PSoC5/RGB_PWM_green_PM.c **** *  None
  32:Generated_Source\PSoC5/RGB_PWM_green_PM.c **** *
  33:Generated_Source\PSoC5/RGB_PWM_green_PM.c **** * Return:
  34:Generated_Source\PSoC5/RGB_PWM_green_PM.c **** *  None
  35:Generated_Source\PSoC5/RGB_PWM_green_PM.c **** *
  36:Generated_Source\PSoC5/RGB_PWM_green_PM.c **** * Global variables:
  37:Generated_Source\PSoC5/RGB_PWM_green_PM.c **** *  RGB_PWM_green_backup:  Variables of this global structure are modified to
  38:Generated_Source\PSoC5/RGB_PWM_green_PM.c **** *  store the values of non retention configuration registers when Sleep() API is
  39:Generated_Source\PSoC5/RGB_PWM_green_PM.c **** *  called.
  40:Generated_Source\PSoC5/RGB_PWM_green_PM.c **** *
  41:Generated_Source\PSoC5/RGB_PWM_green_PM.c **** *******************************************************************************/
  42:Generated_Source\PSoC5/RGB_PWM_green_PM.c **** void RGB_PWM_green_SaveConfig(void) 
  43:Generated_Source\PSoC5/RGB_PWM_green_PM.c **** {
  28              		.loc 1 43 0
  29              		.cfi_startproc
  30              		@ args = 0, pretend = 0, frame = 0
  31              		@ frame_needed = 0, uses_anonymous_args = 0
  32 0000 10B5     		push	{r4, lr}
  33              		.cfi_def_cfa_offset 8
  34              		.cfi_offset 4, -8
  35              		.cfi_offset 14, -4
  44:Generated_Source\PSoC5/RGB_PWM_green_PM.c **** 
  45:Generated_Source\PSoC5/RGB_PWM_green_PM.c ****     #if(!RGB_PWM_green_UsingFixedFunction)
  46:Generated_Source\PSoC5/RGB_PWM_green_PM.c ****         #if(!RGB_PWM_green_PWMModeIsCenterAligned)
  47:Generated_Source\PSoC5/RGB_PWM_green_PM.c ****             RGB_PWM_green_backup.PWMPeriod = RGB_PWM_green_ReadPeriod();
  36              		.loc 1 47 0
  37 0002 FFF7FEFF 		bl	RGB_PWM_green_ReadPeriod
  38              	.LVL0:
  39 0006 044C     		ldr	r4, .L3
  40 0008 A070     		strb	r0, [r4, #2]
  48:Generated_Source\PSoC5/RGB_PWM_green_PM.c ****         #endif /* (!RGB_PWM_green_PWMModeIsCenterAligned) */
  49:Generated_Source\PSoC5/RGB_PWM_green_PM.c ****         RGB_PWM_green_backup.PWMUdb = RGB_PWM_green_ReadCounter();
  41              		.loc 1 49 0
  42 000a FFF7FEFF 		bl	RGB_PWM_green_ReadCounter
  43              	.LVL1:
  44 000e 6070     		strb	r0, [r4, #1]
  50:Generated_Source\PSoC5/RGB_PWM_green_PM.c ****         #if (RGB_PWM_green_UseStatus)
  51:Generated_Source\PSoC5/RGB_PWM_green_PM.c ****             RGB_PWM_green_backup.InterruptMaskValue = RGB_PWM_green_STATUS_MASK;
  52:Generated_Source\PSoC5/RGB_PWM_green_PM.c ****         #endif /* (RGB_PWM_green_UseStatus) */
  53:Generated_Source\PSoC5/RGB_PWM_green_PM.c **** 
  54:Generated_Source\PSoC5/RGB_PWM_green_PM.c ****         #if(RGB_PWM_green_DeadBandMode == RGB_PWM_green__B_PWM__DBM_256_CLOCKS || \
  55:Generated_Source\PSoC5/RGB_PWM_green_PM.c ****             RGB_PWM_green_DeadBandMode == RGB_PWM_green__B_PWM__DBM_2_4_CLOCKS)
  56:Generated_Source\PSoC5/RGB_PWM_green_PM.c ****             RGB_PWM_green_backup.PWMdeadBandValue = RGB_PWM_green_ReadDeadTime();
  57:Generated_Source\PSoC5/RGB_PWM_green_PM.c ****         #endif /*  deadband count is either 2-4 clocks or 256 clocks */
  58:Generated_Source\PSoC5/RGB_PWM_green_PM.c **** 
  59:Generated_Source\PSoC5/RGB_PWM_green_PM.c ****         #if(RGB_PWM_green_KillModeMinTime)
  60:Generated_Source\PSoC5/RGB_PWM_green_PM.c ****              RGB_PWM_green_backup.PWMKillCounterPeriod = RGB_PWM_green_ReadKillTime();
  61:Generated_Source\PSoC5/RGB_PWM_green_PM.c ****         #endif /* (RGB_PWM_green_KillModeMinTime) */
  62:Generated_Source\PSoC5/RGB_PWM_green_PM.c **** 
  63:Generated_Source\PSoC5/RGB_PWM_green_PM.c ****         #if(RGB_PWM_green_UseControl)
  64:Generated_Source\PSoC5/RGB_PWM_green_PM.c ****             RGB_PWM_green_backup.PWMControlRegister = RGB_PWM_green_ReadControlRegister();
  45              		.loc 1 64 0
  46 0010 FFF7FEFF 		bl	RGB_PWM_green_ReadControlRegister
  47              	.LVL2:
  48 0014 E070     		strb	r0, [r4, #3]
  49 0016 10BD     		pop	{r4, pc}
  50              	.L4:
ARM GAS  C:\Users\Reza\AppData\Local\Temp\ccirDTWT.s 			page 3


  51              		.align	2
  52              	.L3:
  53 0018 00000000 		.word	.LANCHOR0
  54              		.cfi_endproc
  55              	.LFE0:
  56              		.size	RGB_PWM_green_SaveConfig, .-RGB_PWM_green_SaveConfig
  57              		.section	.text.RGB_PWM_green_RestoreConfig,"ax",%progbits
  58              		.align	2
  59              		.global	RGB_PWM_green_RestoreConfig
  60              		.thumb
  61              		.thumb_func
  62              		.type	RGB_PWM_green_RestoreConfig, %function
  63              	RGB_PWM_green_RestoreConfig:
  64              	.LFB1:
  65:Generated_Source\PSoC5/RGB_PWM_green_PM.c ****         #endif /* (RGB_PWM_green_UseControl) */
  66:Generated_Source\PSoC5/RGB_PWM_green_PM.c ****     #endif  /* (!RGB_PWM_green_UsingFixedFunction) */
  67:Generated_Source\PSoC5/RGB_PWM_green_PM.c **** }
  68:Generated_Source\PSoC5/RGB_PWM_green_PM.c **** 
  69:Generated_Source\PSoC5/RGB_PWM_green_PM.c **** 
  70:Generated_Source\PSoC5/RGB_PWM_green_PM.c **** /*******************************************************************************
  71:Generated_Source\PSoC5/RGB_PWM_green_PM.c **** * Function Name: RGB_PWM_green_RestoreConfig
  72:Generated_Source\PSoC5/RGB_PWM_green_PM.c **** ********************************************************************************
  73:Generated_Source\PSoC5/RGB_PWM_green_PM.c **** *
  74:Generated_Source\PSoC5/RGB_PWM_green_PM.c **** * Summary:
  75:Generated_Source\PSoC5/RGB_PWM_green_PM.c **** *  Restores the current user configuration of the component.
  76:Generated_Source\PSoC5/RGB_PWM_green_PM.c **** *
  77:Generated_Source\PSoC5/RGB_PWM_green_PM.c **** * Parameters:
  78:Generated_Source\PSoC5/RGB_PWM_green_PM.c **** *  None
  79:Generated_Source\PSoC5/RGB_PWM_green_PM.c **** *
  80:Generated_Source\PSoC5/RGB_PWM_green_PM.c **** * Return:
  81:Generated_Source\PSoC5/RGB_PWM_green_PM.c **** *  None
  82:Generated_Source\PSoC5/RGB_PWM_green_PM.c **** *
  83:Generated_Source\PSoC5/RGB_PWM_green_PM.c **** * Global variables:
  84:Generated_Source\PSoC5/RGB_PWM_green_PM.c **** *  RGB_PWM_green_backup:  Variables of this global structure are used to
  85:Generated_Source\PSoC5/RGB_PWM_green_PM.c **** *  restore the values of non retention registers on wakeup from sleep mode.
  86:Generated_Source\PSoC5/RGB_PWM_green_PM.c **** *
  87:Generated_Source\PSoC5/RGB_PWM_green_PM.c **** *******************************************************************************/
  88:Generated_Source\PSoC5/RGB_PWM_green_PM.c **** void RGB_PWM_green_RestoreConfig(void) 
  89:Generated_Source\PSoC5/RGB_PWM_green_PM.c **** {
  65              		.loc 1 89 0
  66              		.cfi_startproc
  67              		@ args = 0, pretend = 0, frame = 0
  68              		@ frame_needed = 0, uses_anonymous_args = 0
  69 0000 10B5     		push	{r4, lr}
  70              		.cfi_def_cfa_offset 8
  71              		.cfi_offset 4, -8
  72              		.cfi_offset 14, -4
  90:Generated_Source\PSoC5/RGB_PWM_green_PM.c ****         #if(!RGB_PWM_green_UsingFixedFunction)
  91:Generated_Source\PSoC5/RGB_PWM_green_PM.c ****             #if(!RGB_PWM_green_PWMModeIsCenterAligned)
  92:Generated_Source\PSoC5/RGB_PWM_green_PM.c ****                 RGB_PWM_green_WritePeriod(RGB_PWM_green_backup.PWMPeriod);
  73              		.loc 1 92 0
  74 0002 054C     		ldr	r4, .L7
  75 0004 A078     		ldrb	r0, [r4, #2]	@ zero_extendqisi2
  76 0006 FFF7FEFF 		bl	RGB_PWM_green_WritePeriod
  77              	.LVL3:
  93:Generated_Source\PSoC5/RGB_PWM_green_PM.c ****             #endif /* (!RGB_PWM_green_PWMModeIsCenterAligned) */
  94:Generated_Source\PSoC5/RGB_PWM_green_PM.c **** 
ARM GAS  C:\Users\Reza\AppData\Local\Temp\ccirDTWT.s 			page 4


  95:Generated_Source\PSoC5/RGB_PWM_green_PM.c ****             RGB_PWM_green_WriteCounter(RGB_PWM_green_backup.PWMUdb);
  78              		.loc 1 95 0
  79 000a 6078     		ldrb	r0, [r4, #1]	@ zero_extendqisi2
  80 000c FFF7FEFF 		bl	RGB_PWM_green_WriteCounter
  81              	.LVL4:
  96:Generated_Source\PSoC5/RGB_PWM_green_PM.c **** 
  97:Generated_Source\PSoC5/RGB_PWM_green_PM.c ****             #if (RGB_PWM_green_UseStatus)
  98:Generated_Source\PSoC5/RGB_PWM_green_PM.c ****                 RGB_PWM_green_STATUS_MASK = RGB_PWM_green_backup.InterruptMaskValue;
  99:Generated_Source\PSoC5/RGB_PWM_green_PM.c ****             #endif /* (RGB_PWM_green_UseStatus) */
 100:Generated_Source\PSoC5/RGB_PWM_green_PM.c **** 
 101:Generated_Source\PSoC5/RGB_PWM_green_PM.c ****             #if(RGB_PWM_green_DeadBandMode == RGB_PWM_green__B_PWM__DBM_256_CLOCKS || \
 102:Generated_Source\PSoC5/RGB_PWM_green_PM.c ****                 RGB_PWM_green_DeadBandMode == RGB_PWM_green__B_PWM__DBM_2_4_CLOCKS)
 103:Generated_Source\PSoC5/RGB_PWM_green_PM.c ****                 RGB_PWM_green_WriteDeadTime(RGB_PWM_green_backup.PWMdeadBandValue);
 104:Generated_Source\PSoC5/RGB_PWM_green_PM.c ****             #endif /* deadband count is either 2-4 clocks or 256 clocks */
 105:Generated_Source\PSoC5/RGB_PWM_green_PM.c **** 
 106:Generated_Source\PSoC5/RGB_PWM_green_PM.c ****             #if(RGB_PWM_green_KillModeMinTime)
 107:Generated_Source\PSoC5/RGB_PWM_green_PM.c ****                 RGB_PWM_green_WriteKillTime(RGB_PWM_green_backup.PWMKillCounterPeriod);
 108:Generated_Source\PSoC5/RGB_PWM_green_PM.c ****             #endif /* (RGB_PWM_green_KillModeMinTime) */
 109:Generated_Source\PSoC5/RGB_PWM_green_PM.c **** 
 110:Generated_Source\PSoC5/RGB_PWM_green_PM.c ****             #if(RGB_PWM_green_UseControl)
 111:Generated_Source\PSoC5/RGB_PWM_green_PM.c ****                 RGB_PWM_green_WriteControlRegister(RGB_PWM_green_backup.PWMControlRegister);
  82              		.loc 1 111 0
  83 0010 E078     		ldrb	r0, [r4, #3]	@ zero_extendqisi2
  84 0012 FFF7FEFF 		bl	RGB_PWM_green_WriteControlRegister
  85              	.LVL5:
  86 0016 10BD     		pop	{r4, pc}
  87              	.L8:
  88              		.align	2
  89              	.L7:
  90 0018 00000000 		.word	.LANCHOR0
  91              		.cfi_endproc
  92              	.LFE1:
  93              		.size	RGB_PWM_green_RestoreConfig, .-RGB_PWM_green_RestoreConfig
  94              		.section	.text.RGB_PWM_green_Sleep,"ax",%progbits
  95              		.align	2
  96              		.global	RGB_PWM_green_Sleep
  97              		.thumb
  98              		.thumb_func
  99              		.type	RGB_PWM_green_Sleep, %function
 100              	RGB_PWM_green_Sleep:
 101              	.LFB2:
 112:Generated_Source\PSoC5/RGB_PWM_green_PM.c ****             #endif /* (RGB_PWM_green_UseControl) */
 113:Generated_Source\PSoC5/RGB_PWM_green_PM.c ****         #endif  /* (!RGB_PWM_green_UsingFixedFunction) */
 114:Generated_Source\PSoC5/RGB_PWM_green_PM.c ****     }
 115:Generated_Source\PSoC5/RGB_PWM_green_PM.c **** 
 116:Generated_Source\PSoC5/RGB_PWM_green_PM.c **** 
 117:Generated_Source\PSoC5/RGB_PWM_green_PM.c **** /*******************************************************************************
 118:Generated_Source\PSoC5/RGB_PWM_green_PM.c **** * Function Name: RGB_PWM_green_Sleep
 119:Generated_Source\PSoC5/RGB_PWM_green_PM.c **** ********************************************************************************
 120:Generated_Source\PSoC5/RGB_PWM_green_PM.c **** *
 121:Generated_Source\PSoC5/RGB_PWM_green_PM.c **** * Summary:
 122:Generated_Source\PSoC5/RGB_PWM_green_PM.c **** *  Disables block's operation and saves the user configuration. Should be called
 123:Generated_Source\PSoC5/RGB_PWM_green_PM.c **** *  just prior to entering sleep.
 124:Generated_Source\PSoC5/RGB_PWM_green_PM.c **** *
 125:Generated_Source\PSoC5/RGB_PWM_green_PM.c **** * Parameters:
 126:Generated_Source\PSoC5/RGB_PWM_green_PM.c **** *  None
 127:Generated_Source\PSoC5/RGB_PWM_green_PM.c **** *
ARM GAS  C:\Users\Reza\AppData\Local\Temp\ccirDTWT.s 			page 5


 128:Generated_Source\PSoC5/RGB_PWM_green_PM.c **** * Return:
 129:Generated_Source\PSoC5/RGB_PWM_green_PM.c **** *  None
 130:Generated_Source\PSoC5/RGB_PWM_green_PM.c **** *
 131:Generated_Source\PSoC5/RGB_PWM_green_PM.c **** * Global variables:
 132:Generated_Source\PSoC5/RGB_PWM_green_PM.c **** *  RGB_PWM_green_backup.PWMEnableState:  Is modified depending on the enable
 133:Generated_Source\PSoC5/RGB_PWM_green_PM.c **** *  state of the block before entering sleep mode.
 134:Generated_Source\PSoC5/RGB_PWM_green_PM.c **** *
 135:Generated_Source\PSoC5/RGB_PWM_green_PM.c **** *******************************************************************************/
 136:Generated_Source\PSoC5/RGB_PWM_green_PM.c **** void RGB_PWM_green_Sleep(void) 
 137:Generated_Source\PSoC5/RGB_PWM_green_PM.c **** {
 102              		.loc 1 137 0
 103              		.cfi_startproc
 104              		@ args = 0, pretend = 0, frame = 0
 105              		@ frame_needed = 0, uses_anonymous_args = 0
 106 0000 08B5     		push	{r3, lr}
 107              		.cfi_def_cfa_offset 8
 108              		.cfi_offset 3, -8
 109              		.cfi_offset 14, -4
 138:Generated_Source\PSoC5/RGB_PWM_green_PM.c ****     #if(RGB_PWM_green_UseControl)
 139:Generated_Source\PSoC5/RGB_PWM_green_PM.c ****         if(RGB_PWM_green_CTRL_ENABLE == (RGB_PWM_green_CONTROL & RGB_PWM_green_CTRL_ENABLE))
 110              		.loc 1 139 0
 111 0002 084B     		ldr	r3, .L13
 112 0004 1B78     		ldrb	r3, [r3]	@ zero_extendqisi2
 113 0006 13F0800F 		tst	r3, #128
 114 000a 03D0     		beq	.L10
 140:Generated_Source\PSoC5/RGB_PWM_green_PM.c ****         {
 141:Generated_Source\PSoC5/RGB_PWM_green_PM.c ****             /*Component is enabled */
 142:Generated_Source\PSoC5/RGB_PWM_green_PM.c ****             RGB_PWM_green_backup.PWMEnableState = 1u;
 115              		.loc 1 142 0
 116 000c 0122     		movs	r2, #1
 117 000e 064B     		ldr	r3, .L13+4
 118 0010 1A70     		strb	r2, [r3]
 119 0012 02E0     		b	.L11
 120              	.L10:
 143:Generated_Source\PSoC5/RGB_PWM_green_PM.c ****         }
 144:Generated_Source\PSoC5/RGB_PWM_green_PM.c ****         else
 145:Generated_Source\PSoC5/RGB_PWM_green_PM.c ****         {
 146:Generated_Source\PSoC5/RGB_PWM_green_PM.c ****             /* Component is disabled */
 147:Generated_Source\PSoC5/RGB_PWM_green_PM.c ****             RGB_PWM_green_backup.PWMEnableState = 0u;
 121              		.loc 1 147 0
 122 0014 0022     		movs	r2, #0
 123 0016 044B     		ldr	r3, .L13+4
 124 0018 1A70     		strb	r2, [r3]
 125              	.L11:
 148:Generated_Source\PSoC5/RGB_PWM_green_PM.c ****         }
 149:Generated_Source\PSoC5/RGB_PWM_green_PM.c ****     #endif /* (RGB_PWM_green_UseControl) */
 150:Generated_Source\PSoC5/RGB_PWM_green_PM.c **** 
 151:Generated_Source\PSoC5/RGB_PWM_green_PM.c ****     /* Stop component */
 152:Generated_Source\PSoC5/RGB_PWM_green_PM.c ****     RGB_PWM_green_Stop();
 126              		.loc 1 152 0
 127 001a FFF7FEFF 		bl	RGB_PWM_green_Stop
 128              	.LVL6:
 153:Generated_Source\PSoC5/RGB_PWM_green_PM.c **** 
 154:Generated_Source\PSoC5/RGB_PWM_green_PM.c ****     /* Save registers configuration */
 155:Generated_Source\PSoC5/RGB_PWM_green_PM.c ****     RGB_PWM_green_SaveConfig();
 129              		.loc 1 155 0
 130 001e FFF7FEFF 		bl	RGB_PWM_green_SaveConfig
ARM GAS  C:\Users\Reza\AppData\Local\Temp\ccirDTWT.s 			page 6


 131              	.LVL7:
 132 0022 08BD     		pop	{r3, pc}
 133              	.L14:
 134              		.align	2
 135              	.L13:
 136 0024 7C640040 		.word	1073767548
 137 0028 00000000 		.word	.LANCHOR0
 138              		.cfi_endproc
 139              	.LFE2:
 140              		.size	RGB_PWM_green_Sleep, .-RGB_PWM_green_Sleep
 141              		.section	.text.RGB_PWM_green_Wakeup,"ax",%progbits
 142              		.align	2
 143              		.global	RGB_PWM_green_Wakeup
 144              		.thumb
 145              		.thumb_func
 146              		.type	RGB_PWM_green_Wakeup, %function
 147              	RGB_PWM_green_Wakeup:
 148              	.LFB3:
 156:Generated_Source\PSoC5/RGB_PWM_green_PM.c **** }
 157:Generated_Source\PSoC5/RGB_PWM_green_PM.c **** 
 158:Generated_Source\PSoC5/RGB_PWM_green_PM.c **** 
 159:Generated_Source\PSoC5/RGB_PWM_green_PM.c **** /*******************************************************************************
 160:Generated_Source\PSoC5/RGB_PWM_green_PM.c **** * Function Name: RGB_PWM_green_Wakeup
 161:Generated_Source\PSoC5/RGB_PWM_green_PM.c **** ********************************************************************************
 162:Generated_Source\PSoC5/RGB_PWM_green_PM.c **** *
 163:Generated_Source\PSoC5/RGB_PWM_green_PM.c **** * Summary:
 164:Generated_Source\PSoC5/RGB_PWM_green_PM.c **** *  Restores and enables the user configuration. Should be called just after
 165:Generated_Source\PSoC5/RGB_PWM_green_PM.c **** *  awaking from sleep.
 166:Generated_Source\PSoC5/RGB_PWM_green_PM.c **** *
 167:Generated_Source\PSoC5/RGB_PWM_green_PM.c **** * Parameters:
 168:Generated_Source\PSoC5/RGB_PWM_green_PM.c **** *  None
 169:Generated_Source\PSoC5/RGB_PWM_green_PM.c **** *
 170:Generated_Source\PSoC5/RGB_PWM_green_PM.c **** * Return:
 171:Generated_Source\PSoC5/RGB_PWM_green_PM.c **** *  None
 172:Generated_Source\PSoC5/RGB_PWM_green_PM.c **** *
 173:Generated_Source\PSoC5/RGB_PWM_green_PM.c **** * Global variables:
 174:Generated_Source\PSoC5/RGB_PWM_green_PM.c **** *  RGB_PWM_green_backup.pwmEnable:  Is used to restore the enable state of
 175:Generated_Source\PSoC5/RGB_PWM_green_PM.c **** *  block on wakeup from sleep mode.
 176:Generated_Source\PSoC5/RGB_PWM_green_PM.c **** *
 177:Generated_Source\PSoC5/RGB_PWM_green_PM.c **** *******************************************************************************/
 178:Generated_Source\PSoC5/RGB_PWM_green_PM.c **** void RGB_PWM_green_Wakeup(void) 
 179:Generated_Source\PSoC5/RGB_PWM_green_PM.c **** {
 149              		.loc 1 179 0
 150              		.cfi_startproc
 151              		@ args = 0, pretend = 0, frame = 0
 152              		@ frame_needed = 0, uses_anonymous_args = 0
 153 0000 08B5     		push	{r3, lr}
 154              		.cfi_def_cfa_offset 8
 155              		.cfi_offset 3, -8
 156              		.cfi_offset 14, -4
 180:Generated_Source\PSoC5/RGB_PWM_green_PM.c ****      /* Restore registers values */
 181:Generated_Source\PSoC5/RGB_PWM_green_PM.c ****     RGB_PWM_green_RestoreConfig();
 157              		.loc 1 181 0
 158 0002 FFF7FEFF 		bl	RGB_PWM_green_RestoreConfig
 159              	.LVL8:
 182:Generated_Source\PSoC5/RGB_PWM_green_PM.c **** 
 183:Generated_Source\PSoC5/RGB_PWM_green_PM.c ****     if(RGB_PWM_green_backup.PWMEnableState != 0u)
ARM GAS  C:\Users\Reza\AppData\Local\Temp\ccirDTWT.s 			page 7


 160              		.loc 1 183 0
 161 0006 034B     		ldr	r3, .L18
 162 0008 1B78     		ldrb	r3, [r3]	@ zero_extendqisi2
 163 000a 0BB1     		cbz	r3, .L15
 184:Generated_Source\PSoC5/RGB_PWM_green_PM.c ****     {
 185:Generated_Source\PSoC5/RGB_PWM_green_PM.c ****         /* Enable component's operation */
 186:Generated_Source\PSoC5/RGB_PWM_green_PM.c ****         RGB_PWM_green_Enable();
 164              		.loc 1 186 0
 165 000c FFF7FEFF 		bl	RGB_PWM_green_Enable
 166              	.LVL9:
 167              	.L15:
 168 0010 08BD     		pop	{r3, pc}
 169              	.L19:
 170 0012 00BF     		.align	2
 171              	.L18:
 172 0014 00000000 		.word	.LANCHOR0
 173              		.cfi_endproc
 174              	.LFE3:
 175              		.size	RGB_PWM_green_Wakeup, .-RGB_PWM_green_Wakeup
 176              		.bss
 177              		.align	2
 178              		.set	.LANCHOR0,. + 0
 179              		.type	RGB_PWM_green_backup, %object
 180              		.size	RGB_PWM_green_backup, 4
 181              	RGB_PWM_green_backup:
 182 0000 00000000 		.space	4
 183              		.text
 184              	.Letext0:
 185              		.file 2 "Generated_Source\\PSoC5\\cytypes.h"
 186              		.file 3 "Generated_Source\\PSoC5\\RGB_PWM_green.h"
 187              		.section	.debug_info,"",%progbits
 188              	.Ldebug_info0:
 189 0000 07020000 		.4byte	0x207
 190 0004 0400     		.2byte	0x4
 191 0006 00000000 		.4byte	.Ldebug_abbrev0
 192 000a 04       		.byte	0x4
 193 000b 01       		.uleb128 0x1
 194 000c 45010000 		.4byte	.LASF33
 195 0010 0C       		.byte	0xc
 196 0011 F4010000 		.4byte	.LASF34
 197 0015 00000000 		.4byte	.LASF35
 198 0019 00000000 		.4byte	.Ldebug_ranges0+0
 199 001d 00000000 		.4byte	0
 200 0021 00000000 		.4byte	.Ldebug_line0
 201 0025 02       		.uleb128 0x2
 202 0026 01       		.byte	0x1
 203 0027 06       		.byte	0x6
 204 0028 77030000 		.4byte	.LASF0
 205 002c 02       		.uleb128 0x2
 206 002d 01       		.byte	0x1
 207 002e 08       		.byte	0x8
 208 002f 37010000 		.4byte	.LASF1
 209 0033 02       		.uleb128 0x2
 210 0034 02       		.byte	0x2
 211 0035 05       		.byte	0x5
 212 0036 28030000 		.4byte	.LASF2
 213 003a 02       		.uleb128 0x2
ARM GAS  C:\Users\Reza\AppData\Local\Temp\ccirDTWT.s 			page 8


 214 003b 02       		.byte	0x2
 215 003c 07       		.byte	0x7
 216 003d E7000000 		.4byte	.LASF3
 217 0041 02       		.uleb128 0x2
 218 0042 04       		.byte	0x4
 219 0043 05       		.byte	0x5
 220 0044 54030000 		.4byte	.LASF4
 221 0048 02       		.uleb128 0x2
 222 0049 04       		.byte	0x4
 223 004a 07       		.byte	0x7
 224 004b E2010000 		.4byte	.LASF5
 225 004f 02       		.uleb128 0x2
 226 0050 08       		.byte	0x8
 227 0051 05       		.byte	0x5
 228 0052 15030000 		.4byte	.LASF6
 229 0056 02       		.uleb128 0x2
 230 0057 08       		.byte	0x8
 231 0058 07       		.byte	0x7
 232 0059 92020000 		.4byte	.LASF7
 233 005d 03       		.uleb128 0x3
 234 005e 04       		.byte	0x4
 235 005f 05       		.byte	0x5
 236 0060 696E7400 		.ascii	"int\000"
 237 0064 02       		.uleb128 0x2
 238 0065 04       		.byte	0x4
 239 0066 07       		.byte	0x7
 240 0067 6C020000 		.4byte	.LASF8
 241 006b 04       		.uleb128 0x4
 242 006c 1E020000 		.4byte	.LASF12
 243 0070 02       		.byte	0x2
 244 0071 E401     		.2byte	0x1e4
 245 0073 2C000000 		.4byte	0x2c
 246 0077 02       		.uleb128 0x2
 247 0078 04       		.byte	0x4
 248 0079 04       		.byte	0x4
 249 007a 2A010000 		.4byte	.LASF9
 250 007e 02       		.uleb128 0x2
 251 007f 08       		.byte	0x8
 252 0080 04       		.byte	0x4
 253 0081 37020000 		.4byte	.LASF10
 254 0085 02       		.uleb128 0x2
 255 0086 01       		.byte	0x1
 256 0087 08       		.byte	0x8
 257 0088 23030000 		.4byte	.LASF11
 258 008c 04       		.uleb128 0x4
 259 008d BE020000 		.4byte	.LASF13
 260 0091 02       		.byte	0x2
 261 0092 8E02     		.2byte	0x28e
 262 0094 98000000 		.4byte	0x98
 263 0098 05       		.uleb128 0x5
 264 0099 6B000000 		.4byte	0x6b
 265 009d 02       		.uleb128 0x2
 266 009e 08       		.byte	0x8
 267 009f 04       		.byte	0x4
 268 00a0 C3020000 		.4byte	.LASF14
 269 00a4 02       		.uleb128 0x2
 270 00a5 04       		.byte	0x4
ARM GAS  C:\Users\Reza\AppData\Local\Temp\ccirDTWT.s 			page 9


 271 00a6 07       		.byte	0x7
 272 00a7 CF020000 		.4byte	.LASF15
 273 00ab 06       		.uleb128 0x6
 274 00ac 04       		.byte	0x4
 275 00ad 03       		.byte	0x3
 276 00ae 6B       		.byte	0x6b
 277 00af E4000000 		.4byte	0xe4
 278 00b3 07       		.uleb128 0x7
 279 00b4 D3010000 		.4byte	.LASF16
 280 00b8 03       		.byte	0x3
 281 00b9 6E       		.byte	0x6e
 282 00ba 6B000000 		.4byte	0x6b
 283 00be 00       		.byte	0
 284 00bf 07       		.uleb128 0x7
 285 00c0 30010000 		.4byte	.LASF17
 286 00c4 03       		.byte	0x3
 287 00c5 71       		.byte	0x71
 288 00c6 6B000000 		.4byte	0x6b
 289 00ca 01       		.byte	0x1
 290 00cb 07       		.uleb128 0x7
 291 00cc B0000000 		.4byte	.LASF18
 292 00d0 03       		.byte	0x3
 293 00d1 73       		.byte	0x73
 294 00d2 6B000000 		.4byte	0x6b
 295 00d6 02       		.byte	0x2
 296 00d7 07       		.uleb128 0x7
 297 00d8 24020000 		.4byte	.LASF19
 298 00dc 03       		.byte	0x3
 299 00dd 86       		.byte	0x86
 300 00de 6B000000 		.4byte	0x6b
 301 00e2 03       		.byte	0x3
 302 00e3 00       		.byte	0
 303 00e4 08       		.uleb128 0x8
 304 00e5 0F010000 		.4byte	.LASF20
 305 00e9 03       		.byte	0x3
 306 00ea 8B       		.byte	0x8b
 307 00eb AB000000 		.4byte	0xab
 308 00ef 09       		.uleb128 0x9
 309 00f0 CE000000 		.4byte	.LASF21
 310 00f4 01       		.byte	0x1
 311 00f5 2A       		.byte	0x2a
 312 00f6 00000000 		.4byte	.LFB0
 313 00fa 1C000000 		.4byte	.LFE0-.LFB0
 314 00fe 01       		.uleb128 0x1
 315 00ff 9C       		.byte	0x9c
 316 0100 20010000 		.4byte	0x120
 317 0104 0A       		.uleb128 0xa
 318 0105 06000000 		.4byte	.LVL0
 319 0109 B2010000 		.4byte	0x1b2
 320 010d 0A       		.uleb128 0xa
 321 010e 0E000000 		.4byte	.LVL1
 322 0112 BD010000 		.4byte	0x1bd
 323 0116 0A       		.uleb128 0xa
 324 0117 14000000 		.4byte	.LVL2
 325 011b C8010000 		.4byte	0x1c8
 326 011f 00       		.byte	0
 327 0120 09       		.uleb128 0x9
ARM GAS  C:\Users\Reza\AppData\Local\Temp\ccirDTWT.s 			page 10


 328 0121 94000000 		.4byte	.LASF22
 329 0125 01       		.byte	0x1
 330 0126 58       		.byte	0x58
 331 0127 00000000 		.4byte	.LFB1
 332 012b 1C000000 		.4byte	.LFE1-.LFB1
 333 012f 01       		.uleb128 0x1
 334 0130 9C       		.byte	0x9c
 335 0131 51010000 		.4byte	0x151
 336 0135 0A       		.uleb128 0xa
 337 0136 0A000000 		.4byte	.LVL3
 338 013a D3010000 		.4byte	0x1d3
 339 013e 0A       		.uleb128 0xa
 340 013f 10000000 		.4byte	.LVL4
 341 0143 DE010000 		.4byte	0x1de
 342 0147 0A       		.uleb128 0xa
 343 0148 16000000 		.4byte	.LVL5
 344 014c E9010000 		.4byte	0x1e9
 345 0150 00       		.byte	0
 346 0151 09       		.uleb128 0x9
 347 0152 BA000000 		.4byte	.LASF23
 348 0156 01       		.byte	0x1
 349 0157 88       		.byte	0x88
 350 0158 00000000 		.4byte	.LFB2
 351 015c 2C000000 		.4byte	.LFE2-.LFB2
 352 0160 01       		.uleb128 0x1
 353 0161 9C       		.byte	0x9c
 354 0162 79010000 		.4byte	0x179
 355 0166 0A       		.uleb128 0xa
 356 0167 1E000000 		.4byte	.LVL6
 357 016b F4010000 		.4byte	0x1f4
 358 016f 0A       		.uleb128 0xa
 359 0170 22000000 		.4byte	.LVL7
 360 0174 EF000000 		.4byte	0xef
 361 0178 00       		.byte	0
 362 0179 09       		.uleb128 0x9
 363 017a FA000000 		.4byte	.LASF24
 364 017e 01       		.byte	0x1
 365 017f B2       		.byte	0xb2
 366 0180 00000000 		.4byte	.LFB3
 367 0184 18000000 		.4byte	.LFE3-.LFB3
 368 0188 01       		.uleb128 0x1
 369 0189 9C       		.byte	0x9c
 370 018a A1010000 		.4byte	0x1a1
 371 018e 0A       		.uleb128 0xa
 372 018f 06000000 		.4byte	.LVL8
 373 0193 20010000 		.4byte	0x120
 374 0197 0A       		.uleb128 0xa
 375 0198 10000000 		.4byte	.LVL9
 376 019c FF010000 		.4byte	0x1ff
 377 01a0 00       		.byte	0
 378 01a1 0B       		.uleb128 0xb
 379 01a2 83030000 		.4byte	.LASF36
 380 01a6 01       		.byte	0x1
 381 01a7 14       		.byte	0x14
 382 01a8 E4000000 		.4byte	0xe4
 383 01ac 05       		.uleb128 0x5
 384 01ad 03       		.byte	0x3
ARM GAS  C:\Users\Reza\AppData\Local\Temp\ccirDTWT.s 			page 11


 385 01ae 00000000 		.4byte	RGB_PWM_green_backup
 386 01b2 0C       		.uleb128 0xc
 387 01b3 79020000 		.4byte	.LASF25
 388 01b7 79020000 		.4byte	.LASF25
 389 01bb 03       		.byte	0x3
 390 01bc C0       		.byte	0xc0
 391 01bd 0C       		.uleb128 0xc
 392 01be FB020000 		.4byte	.LASF26
 393 01c2 FB020000 		.4byte	.LASF26
 394 01c6 03       		.byte	0x3
 395 01c7 B3       		.byte	0xb3
 396 01c8 0C       		.uleb128 0xc
 397 01c9 32030000 		.4byte	.LASF27
 398 01cd 32030000 		.4byte	.LASF27
 399 01d1 03       		.byte	0x3
 400 01d2 9D       		.byte	0x9d
 401 01d3 0C       		.uleb128 0xc
 402 01d4 5D030000 		.4byte	.LASF28
 403 01d8 5D030000 		.4byte	.LASF28
 404 01dc 03       		.byte	0x3
 405 01dd BE       		.byte	0xbe
 406 01de 0C       		.uleb128 0xc
 407 01df 3E020000 		.4byte	.LASF29
 408 01e3 3E020000 		.4byte	.LASF29
 409 01e7 03       		.byte	0x3
 410 01e8 BA       		.byte	0xba
 411 01e9 0C       		.uleb128 0xc
 412 01ea D8020000 		.4byte	.LASF30
 413 01ee D8020000 		.4byte	.LASF30
 414 01f2 03       		.byte	0x3
 415 01f3 9E       		.byte	0x9e
 416 01f4 0C       		.uleb128 0xc
 417 01f5 59020000 		.4byte	.LASF31
 418 01f9 59020000 		.4byte	.LASF31
 419 01fd 03       		.byte	0x3
 420 01fe 93       		.byte	0x93
 421 01ff 0C       		.uleb128 0xc
 422 0200 A9020000 		.4byte	.LASF32
 423 0204 A9020000 		.4byte	.LASF32
 424 0208 03       		.byte	0x3
 425 0209 DB       		.byte	0xdb
 426 020a 00       		.byte	0
 427              		.section	.debug_abbrev,"",%progbits
 428              	.Ldebug_abbrev0:
 429 0000 01       		.uleb128 0x1
 430 0001 11       		.uleb128 0x11
 431 0002 01       		.byte	0x1
 432 0003 25       		.uleb128 0x25
 433 0004 0E       		.uleb128 0xe
 434 0005 13       		.uleb128 0x13
 435 0006 0B       		.uleb128 0xb
 436 0007 03       		.uleb128 0x3
 437 0008 0E       		.uleb128 0xe
 438 0009 1B       		.uleb128 0x1b
 439 000a 0E       		.uleb128 0xe
 440 000b 55       		.uleb128 0x55
 441 000c 17       		.uleb128 0x17
ARM GAS  C:\Users\Reza\AppData\Local\Temp\ccirDTWT.s 			page 12


 442 000d 11       		.uleb128 0x11
 443 000e 01       		.uleb128 0x1
 444 000f 10       		.uleb128 0x10
 445 0010 17       		.uleb128 0x17
 446 0011 00       		.byte	0
 447 0012 00       		.byte	0
 448 0013 02       		.uleb128 0x2
 449 0014 24       		.uleb128 0x24
 450 0015 00       		.byte	0
 451 0016 0B       		.uleb128 0xb
 452 0017 0B       		.uleb128 0xb
 453 0018 3E       		.uleb128 0x3e
 454 0019 0B       		.uleb128 0xb
 455 001a 03       		.uleb128 0x3
 456 001b 0E       		.uleb128 0xe
 457 001c 00       		.byte	0
 458 001d 00       		.byte	0
 459 001e 03       		.uleb128 0x3
 460 001f 24       		.uleb128 0x24
 461 0020 00       		.byte	0
 462 0021 0B       		.uleb128 0xb
 463 0022 0B       		.uleb128 0xb
 464 0023 3E       		.uleb128 0x3e
 465 0024 0B       		.uleb128 0xb
 466 0025 03       		.uleb128 0x3
 467 0026 08       		.uleb128 0x8
 468 0027 00       		.byte	0
 469 0028 00       		.byte	0
 470 0029 04       		.uleb128 0x4
 471 002a 16       		.uleb128 0x16
 472 002b 00       		.byte	0
 473 002c 03       		.uleb128 0x3
 474 002d 0E       		.uleb128 0xe
 475 002e 3A       		.uleb128 0x3a
 476 002f 0B       		.uleb128 0xb
 477 0030 3B       		.uleb128 0x3b
 478 0031 05       		.uleb128 0x5
 479 0032 49       		.uleb128 0x49
 480 0033 13       		.uleb128 0x13
 481 0034 00       		.byte	0
 482 0035 00       		.byte	0
 483 0036 05       		.uleb128 0x5
 484 0037 35       		.uleb128 0x35
 485 0038 00       		.byte	0
 486 0039 49       		.uleb128 0x49
 487 003a 13       		.uleb128 0x13
 488 003b 00       		.byte	0
 489 003c 00       		.byte	0
 490 003d 06       		.uleb128 0x6
 491 003e 13       		.uleb128 0x13
 492 003f 01       		.byte	0x1
 493 0040 0B       		.uleb128 0xb
 494 0041 0B       		.uleb128 0xb
 495 0042 3A       		.uleb128 0x3a
 496 0043 0B       		.uleb128 0xb
 497 0044 3B       		.uleb128 0x3b
 498 0045 0B       		.uleb128 0xb
ARM GAS  C:\Users\Reza\AppData\Local\Temp\ccirDTWT.s 			page 13


 499 0046 01       		.uleb128 0x1
 500 0047 13       		.uleb128 0x13
 501 0048 00       		.byte	0
 502 0049 00       		.byte	0
 503 004a 07       		.uleb128 0x7
 504 004b 0D       		.uleb128 0xd
 505 004c 00       		.byte	0
 506 004d 03       		.uleb128 0x3
 507 004e 0E       		.uleb128 0xe
 508 004f 3A       		.uleb128 0x3a
 509 0050 0B       		.uleb128 0xb
 510 0051 3B       		.uleb128 0x3b
 511 0052 0B       		.uleb128 0xb
 512 0053 49       		.uleb128 0x49
 513 0054 13       		.uleb128 0x13
 514 0055 38       		.uleb128 0x38
 515 0056 0B       		.uleb128 0xb
 516 0057 00       		.byte	0
 517 0058 00       		.byte	0
 518 0059 08       		.uleb128 0x8
 519 005a 16       		.uleb128 0x16
 520 005b 00       		.byte	0
 521 005c 03       		.uleb128 0x3
 522 005d 0E       		.uleb128 0xe
 523 005e 3A       		.uleb128 0x3a
 524 005f 0B       		.uleb128 0xb
 525 0060 3B       		.uleb128 0x3b
 526 0061 0B       		.uleb128 0xb
 527 0062 49       		.uleb128 0x49
 528 0063 13       		.uleb128 0x13
 529 0064 00       		.byte	0
 530 0065 00       		.byte	0
 531 0066 09       		.uleb128 0x9
 532 0067 2E       		.uleb128 0x2e
 533 0068 01       		.byte	0x1
 534 0069 3F       		.uleb128 0x3f
 535 006a 19       		.uleb128 0x19
 536 006b 03       		.uleb128 0x3
 537 006c 0E       		.uleb128 0xe
 538 006d 3A       		.uleb128 0x3a
 539 006e 0B       		.uleb128 0xb
 540 006f 3B       		.uleb128 0x3b
 541 0070 0B       		.uleb128 0xb
 542 0071 27       		.uleb128 0x27
 543 0072 19       		.uleb128 0x19
 544 0073 11       		.uleb128 0x11
 545 0074 01       		.uleb128 0x1
 546 0075 12       		.uleb128 0x12
 547 0076 06       		.uleb128 0x6
 548 0077 40       		.uleb128 0x40
 549 0078 18       		.uleb128 0x18
 550 0079 9742     		.uleb128 0x2117
 551 007b 19       		.uleb128 0x19
 552 007c 01       		.uleb128 0x1
 553 007d 13       		.uleb128 0x13
 554 007e 00       		.byte	0
 555 007f 00       		.byte	0
ARM GAS  C:\Users\Reza\AppData\Local\Temp\ccirDTWT.s 			page 14


 556 0080 0A       		.uleb128 0xa
 557 0081 898201   		.uleb128 0x4109
 558 0084 00       		.byte	0
 559 0085 11       		.uleb128 0x11
 560 0086 01       		.uleb128 0x1
 561 0087 31       		.uleb128 0x31
 562 0088 13       		.uleb128 0x13
 563 0089 00       		.byte	0
 564 008a 00       		.byte	0
 565 008b 0B       		.uleb128 0xb
 566 008c 34       		.uleb128 0x34
 567 008d 00       		.byte	0
 568 008e 03       		.uleb128 0x3
 569 008f 0E       		.uleb128 0xe
 570 0090 3A       		.uleb128 0x3a
 571 0091 0B       		.uleb128 0xb
 572 0092 3B       		.uleb128 0x3b
 573 0093 0B       		.uleb128 0xb
 574 0094 49       		.uleb128 0x49
 575 0095 13       		.uleb128 0x13
 576 0096 02       		.uleb128 0x2
 577 0097 18       		.uleb128 0x18
 578 0098 00       		.byte	0
 579 0099 00       		.byte	0
 580 009a 0C       		.uleb128 0xc
 581 009b 2E       		.uleb128 0x2e
 582 009c 00       		.byte	0
 583 009d 3F       		.uleb128 0x3f
 584 009e 19       		.uleb128 0x19
 585 009f 3C       		.uleb128 0x3c
 586 00a0 19       		.uleb128 0x19
 587 00a1 6E       		.uleb128 0x6e
 588 00a2 0E       		.uleb128 0xe
 589 00a3 03       		.uleb128 0x3
 590 00a4 0E       		.uleb128 0xe
 591 00a5 3A       		.uleb128 0x3a
 592 00a6 0B       		.uleb128 0xb
 593 00a7 3B       		.uleb128 0x3b
 594 00a8 0B       		.uleb128 0xb
 595 00a9 00       		.byte	0
 596 00aa 00       		.byte	0
 597 00ab 00       		.byte	0
 598              		.section	.debug_aranges,"",%progbits
 599 0000 34000000 		.4byte	0x34
 600 0004 0200     		.2byte	0x2
 601 0006 00000000 		.4byte	.Ldebug_info0
 602 000a 04       		.byte	0x4
 603 000b 00       		.byte	0
 604 000c 0000     		.2byte	0
 605 000e 0000     		.2byte	0
 606 0010 00000000 		.4byte	.LFB0
 607 0014 1C000000 		.4byte	.LFE0-.LFB0
 608 0018 00000000 		.4byte	.LFB1
 609 001c 1C000000 		.4byte	.LFE1-.LFB1
 610 0020 00000000 		.4byte	.LFB2
 611 0024 2C000000 		.4byte	.LFE2-.LFB2
 612 0028 00000000 		.4byte	.LFB3
ARM GAS  C:\Users\Reza\AppData\Local\Temp\ccirDTWT.s 			page 15


 613 002c 18000000 		.4byte	.LFE3-.LFB3
 614 0030 00000000 		.4byte	0
 615 0034 00000000 		.4byte	0
 616              		.section	.debug_ranges,"",%progbits
 617              	.Ldebug_ranges0:
 618 0000 00000000 		.4byte	.LFB0
 619 0004 1C000000 		.4byte	.LFE0
 620 0008 00000000 		.4byte	.LFB1
 621 000c 1C000000 		.4byte	.LFE1
 622 0010 00000000 		.4byte	.LFB2
 623 0014 2C000000 		.4byte	.LFE2
 624 0018 00000000 		.4byte	.LFB3
 625 001c 18000000 		.4byte	.LFE3
 626 0020 00000000 		.4byte	0
 627 0024 00000000 		.4byte	0
 628              		.section	.debug_line,"",%progbits
 629              	.Ldebug_line0:
 630 0000 B7000000 		.section	.debug_str,"MS",%progbits,1
 630      02006000 
 630      00000201 
 630      FB0E0D00 
 630      01010101 
 631              	.LASF35:
 632 0000 453A5C4E 		.ascii	"E:\\New_Dell_Laptop_18.04.2021\\Drive_D\\hda\\Summe"
 632      65775F44 
 632      656C6C5F 
 632      4C617074 
 632      6F705F31 
 633 002f 725F5365 		.ascii	"r_Semester_2020\\Embedded Architecture and Applicat"
 633      6D657374 
 633      65725F32 
 633      3032305C 
 633      456D6265 
 634 0061 696F6E5C 		.ascii	"ion\\Lab1\\Work_Space_RTE\\RTE_Electronic_Clock.cyd"
 634      4C616231 
 634      5C576F72 
 634      6B5F5370 
 634      6163655F 
 635 0091 736E00   		.ascii	"sn\000"
 636              	.LASF22:
 637 0094 5247425F 		.ascii	"RGB_PWM_green_RestoreConfig\000"
 637      50574D5F 
 637      67726565 
 637      6E5F5265 
 637      73746F72 
 638              	.LASF18:
 639 00b0 50574D50 		.ascii	"PWMPeriod\000"
 639      6572696F 
 639      6400
 640              	.LASF23:
 641 00ba 5247425F 		.ascii	"RGB_PWM_green_Sleep\000"
 641      50574D5F 
 641      67726565 
 641      6E5F536C 
 641      65657000 
 642              	.LASF21:
 643 00ce 5247425F 		.ascii	"RGB_PWM_green_SaveConfig\000"
ARM GAS  C:\Users\Reza\AppData\Local\Temp\ccirDTWT.s 			page 16


 643      50574D5F 
 643      67726565 
 643      6E5F5361 
 643      7665436F 
 644              	.LASF3:
 645 00e7 73686F72 		.ascii	"short unsigned int\000"
 645      7420756E 
 645      7369676E 
 645      65642069 
 645      6E7400
 646              	.LASF24:
 647 00fa 5247425F 		.ascii	"RGB_PWM_green_Wakeup\000"
 647      50574D5F 
 647      67726565 
 647      6E5F5761 
 647      6B657570 
 648              	.LASF20:
 649 010f 5247425F 		.ascii	"RGB_PWM_green_backupStruct\000"
 649      50574D5F 
 649      67726565 
 649      6E5F6261 
 649      636B7570 
 650              	.LASF9:
 651 012a 666C6F61 		.ascii	"float\000"
 651      7400
 652              	.LASF17:
 653 0130 50574D55 		.ascii	"PWMUdb\000"
 653      646200
 654              	.LASF1:
 655 0137 756E7369 		.ascii	"unsigned char\000"
 655      676E6564 
 655      20636861 
 655      7200
 656              	.LASF33:
 657 0145 474E5520 		.ascii	"GNU C11 5.4.1 20160609 (release) [ARM/embedded-5-br"
 657      43313120 
 657      352E342E 
 657      31203230 
 657      31363036 
 658 0178 616E6368 		.ascii	"anch revision 237715] -mcpu=cortex-m3 -mthumb -g -O"
 658      20726576 
 658      6973696F 
 658      6E203233 
 658      37373135 
 659 01ab 67202D66 		.ascii	"g -ffunction-sections -ffat-lto-objects\000"
 659      66756E63 
 659      74696F6E 
 659      2D736563 
 659      74696F6E 
 660              	.LASF16:
 661 01d3 50574D45 		.ascii	"PWMEnableState\000"
 661      6E61626C 
 661      65537461 
 661      746500
 662              	.LASF5:
 663 01e2 6C6F6E67 		.ascii	"long unsigned int\000"
 663      20756E73 
ARM GAS  C:\Users\Reza\AppData\Local\Temp\ccirDTWT.s 			page 17


 663      69676E65 
 663      6420696E 
 663      7400
 664              	.LASF34:
 665 01f4 47656E65 		.ascii	"Generated_Source\\PSoC5\\RGB_PWM_green_PM.c\000"
 665      72617465 
 665      645F536F 
 665      75726365 
 665      5C50536F 
 666              	.LASF12:
 667 021e 75696E74 		.ascii	"uint8\000"
 667      3800
 668              	.LASF19:
 669 0224 50574D43 		.ascii	"PWMControlRegister\000"
 669      6F6E7472 
 669      6F6C5265 
 669      67697374 
 669      657200
 670              	.LASF10:
 671 0237 646F7562 		.ascii	"double\000"
 671      6C6500
 672              	.LASF29:
 673 023e 5247425F 		.ascii	"RGB_PWM_green_WriteCounter\000"
 673      50574D5F 
 673      67726565 
 673      6E5F5772 
 673      69746543 
 674              	.LASF31:
 675 0259 5247425F 		.ascii	"RGB_PWM_green_Stop\000"
 675      50574D5F 
 675      67726565 
 675      6E5F5374 
 675      6F7000
 676              	.LASF8:
 677 026c 756E7369 		.ascii	"unsigned int\000"
 677      676E6564 
 677      20696E74 
 677      00
 678              	.LASF25:
 679 0279 5247425F 		.ascii	"RGB_PWM_green_ReadPeriod\000"
 679      50574D5F 
 679      67726565 
 679      6E5F5265 
 679      61645065 
 680              	.LASF7:
 681 0292 6C6F6E67 		.ascii	"long long unsigned int\000"
 681      206C6F6E 
 681      6720756E 
 681      7369676E 
 681      65642069 
 682              	.LASF32:
 683 02a9 5247425F 		.ascii	"RGB_PWM_green_Enable\000"
 683      50574D5F 
 683      67726565 
 683      6E5F456E 
 683      61626C65 
 684              	.LASF13:
ARM GAS  C:\Users\Reza\AppData\Local\Temp\ccirDTWT.s 			page 18


 685 02be 72656738 		.ascii	"reg8\000"
 685      00
 686              	.LASF14:
 687 02c3 6C6F6E67 		.ascii	"long double\000"
 687      20646F75 
 687      626C6500 
 688              	.LASF15:
 689 02cf 73697A65 		.ascii	"sizetype\000"
 689      74797065 
 689      00
 690              	.LASF30:
 691 02d8 5247425F 		.ascii	"RGB_PWM_green_WriteControlRegister\000"
 691      50574D5F 
 691      67726565 
 691      6E5F5772 
 691      69746543 
 692              	.LASF26:
 693 02fb 5247425F 		.ascii	"RGB_PWM_green_ReadCounter\000"
 693      50574D5F 
 693      67726565 
 693      6E5F5265 
 693      6164436F 
 694              	.LASF6:
 695 0315 6C6F6E67 		.ascii	"long long int\000"
 695      206C6F6E 
 695      6720696E 
 695      7400
 696              	.LASF11:
 697 0323 63686172 		.ascii	"char\000"
 697      00
 698              	.LASF2:
 699 0328 73686F72 		.ascii	"short int\000"
 699      7420696E 
 699      7400
 700              	.LASF27:
 701 0332 5247425F 		.ascii	"RGB_PWM_green_ReadControlRegister\000"
 701      50574D5F 
 701      67726565 
 701      6E5F5265 
 701      6164436F 
 702              	.LASF4:
 703 0354 6C6F6E67 		.ascii	"long int\000"
 703      20696E74 
 703      00
 704              	.LASF28:
 705 035d 5247425F 		.ascii	"RGB_PWM_green_WritePeriod\000"
 705      50574D5F 
 705      67726565 
 705      6E5F5772 
 705      69746550 
 706              	.LASF0:
 707 0377 7369676E 		.ascii	"signed char\000"
 707      65642063 
 707      68617200 
 708              	.LASF36:
 709 0383 5247425F 		.ascii	"RGB_PWM_green_backup\000"
 709      50574D5F 
ARM GAS  C:\Users\Reza\AppData\Local\Temp\ccirDTWT.s 			page 19


 709      67726565 
 709      6E5F6261 
 709      636B7570 
 710              		.ident	"GCC: (GNU Tools for ARM Embedded Processors) 5.4.1 20160609 (release) [ARM/embedded-5-bran
