ARM GAS  C:\Users\Reza\AppData\Local\Temp\ccPLDLHj.s 			page 1


   1              		.syntax unified
   2              		.cpu cortex-m3
   3              		.fpu softvfp
   4              		.eabi_attribute 20, 1
   5              		.eabi_attribute 21, 1
   6              		.eabi_attribute 23, 3
   7              		.eabi_attribute 24, 1
   8              		.eabi_attribute 25, 1
   9              		.eabi_attribute 26, 1
  10              		.eabi_attribute 30, 1
  11              		.eabi_attribute 34, 1
  12              		.eabi_attribute 18, 4
  13              		.thumb
  14              		.syntax unified
  15              		.file	"rte.c"
  16              		.text
  17              	.Ltext0:
  18              		.cfi_sections	.debug_frame
  19              		.section	.text.RTE_ProcessCyclicTable,"ax",%progbits
  20              		.align	2
  21              		.global	RTE_ProcessCyclicTable
  22              		.thumb
  23              		.thumb_func
  24              		.type	RTE_ProcessCyclicTable, %function
  25              	RTE_ProcessCyclicTable:
  26              	.LFB114:
  27              		.file 1 "source\\rte\\rte.c"
   1:source\rte/rte.c **** /**
   2:source\rte/rte.c **** * \file rte.c
   3:source\rte/rte.c **** * \author P. Fromm
   4:source\rte/rte.c **** * \date 8.12.18
   5:source\rte/rte.c **** *
   6:source\rte/rte.c **** * \brief Runnable dispatcher
   7:source\rte/rte.c **** *
   8:source\rte/rte.c **** * \copyright Copyright ©2016
   9:source\rte/rte.c **** * Department of electrical engineering and information technology, Hochschule Darmstadt - Universit
  10:source\rte/rte.c **** * Permission to use, copy, modify, and distribute this software and its documentation for education
  11:source\rte/rte.c **** * (unless permitted by h_da) and official h_da projects, is hereby granted for enrolled students of
  12:source\rte/rte.c **** * this paragraph and the following paragraph appear in all copies, modifications, and distributions
  13:source\rte/rte.c **** * Contact Prof.Dr.-Ing. Peter Fromm, peter.fromm@h-da.de, Birkenweg 8 64295 Darmstadt - GERMANY for
  14:source\rte/rte.c **** *
  15:source\rte/rte.c **** * \warning This software is a PROTOTYPE version and is not designed or intended for use in producti
  16:source\rte/rte.c **** * The user represents and warrants that it will NOT use or redistribute the Software for such purpo
  17:source\rte/rte.c **** * This prototype is for research purposes only. This software is provided "AS IS," without a warran
  18:source\rte/rte.c **** */
  19:source\rte/rte.c **** 
  20:source\rte/rte.c **** /*****************************************************************************/
  21:source\rte/rte.c **** /* Include files                                                             */
  22:source\rte/rte.c **** /*****************************************************************************/
  23:source\rte/rte.c **** #include "rte.h"
  24:source\rte/rte.c **** #include "led.h"
  25:source\rte/rte.c **** #include "logging.h"
  26:source\rte/rte.c **** #include "watchdog.h"
  27:source\rte/rte.c **** 
  28:source\rte/rte.c **** /*****************************************************************************/
  29:source\rte/rte.c **** /* Local pre-processor symbols/macros ('#define')                            */
  30:source\rte/rte.c **** /*****************************************************************************/
ARM GAS  C:\Users\Reza\AppData\Local\Temp\ccPLDLHj.s 			page 2


  31:source\rte/rte.c **** 
  32:source\rte/rte.c **** /*****************************************************************************/
  33:source\rte/rte.c **** /* Global variable definitions (declared in header file with 'extern')       */
  34:source\rte/rte.c **** /*****************************************************************************/
  35:source\rte/rte.c **** 
  36:source\rte/rte.c **** /*****************************************************************************/
  37:source\rte/rte.c **** /* Local type definitions ('typedef')                                        */
  38:source\rte/rte.c **** /*****************************************************************************/
  39:source\rte/rte.c **** 
  40:source\rte/rte.c **** /*****************************************************************************/
  41:source\rte/rte.c **** /* Local variable definitions ('static')                                     */
  42:source\rte/rte.c **** /*****************************************************************************/
  43:source\rte/rte.c **** 
  44:source\rte/rte.c **** 
  45:source\rte/rte.c **** 
  46:source\rte/rte.c **** /*****************************************************************************/
  47:source\rte/rte.c **** /* Local function prototypes ('static')                                      */
  48:source\rte/rte.c **** /*****************************************************************************/
  49:source\rte/rte.c **** 
  50:source\rte/rte.c **** 
  51:source\rte/rte.c **** /*****************************************************************************/
  52:source\rte/rte.c **** /* Function implementation - global ('extern') and local ('static')          */
  53:source\rte/rte.c **** /*****************************************************************************/
  54:source\rte/rte.c **** 
  55:source\rte/rte.c **** /**
  56:source\rte/rte.c ****  * Will call all cyclic runnables when due
  57:source\rte/rte.c ****  * \param RTE_cyclicTable_t const *const table : [IN] table to be processed
  58:source\rte/rte.c ****  * \param uint16_t tableSize : [IN] table size
  59:source\rte/rte.c ****  * \param uint16_t time : [IN] time elapsed since last call in ms
  60:source\rte/rte.c ****  * \return RC_SUCCESS if all ok, error code otherwise
  61:source\rte/rte.c ****  */
  62:source\rte/rte.c **** RC_t RTE_ProcessCyclicTable(RTE_cyclicTable_t const *const table, uint16_t tableSize, uint16_t time
  63:source\rte/rte.c **** {
  28              		.loc 1 63 0
  29              		.cfi_startproc
  30              		@ args = 0, pretend = 0, frame = 0
  31              		@ frame_needed = 0, uses_anonymous_args = 0
  32              	.LVL0:
  33 0000 F8B5     		push	{r3, r4, r5, r6, r7, lr}
  34              		.cfi_def_cfa_offset 24
  35              		.cfi_offset 3, -24
  36              		.cfi_offset 4, -20
  37              		.cfi_offset 5, -16
  38              		.cfi_offset 6, -12
  39              		.cfi_offset 7, -8
  40              		.cfi_offset 14, -4
  41 0002 0546     		mov	r5, r0
  42 0004 0E46     		mov	r6, r1
  43 0006 1746     		mov	r7, r2
  44              	.LVL1:
  45              	.LBB2:
  64:source\rte/rte.c ****     static uint32_t totalTime = 0;
  65:source\rte/rte.c ****     char data[20];
  66:source\rte/rte.c ****     
  67:source\rte/rte.c ****     
  68:source\rte/rte.c ****     for (uint16_t i = 0; i < tableSize; i++)
  46              		.loc 1 68 0
ARM GAS  C:\Users\Reza\AppData\Local\Temp\ccPLDLHj.s 			page 3


  47 0008 0024     		movs	r4, #0
  48 000a 11E0     		b	.L2
  49              	.LVL2:
  50              	.L4:
  69:source\rte/rte.c ****     {
  70:source\rte/rte.c ****         
  71:source\rte/rte.c ****         if (0 == (totalTime % table[i].cycleTime))
  51              		.loc 1 71 0
  52 000c 05EBC403 		add	r3, r5, r4, lsl #3
  53 0010 9B88     		ldrh	r3, [r3, #4]
  54 0012 0F4A     		ldr	r2, .L6
  55 0014 1168     		ldr	r1, [r2]
  56 0016 B1FBF3F2 		udiv	r2, r1, r3
  57 001a 03FB1213 		mls	r3, r3, r2, r1
  58 001e 2BB9     		cbnz	r3, .L3
  72:source\rte/rte.c ****         {
  73:source\rte/rte.c ****             //LOG_I("RTE_ProcessCyclicTable","");
  74:source\rte/rte.c ****             //itoa(totalTime, data, 10);
  75:source\rte/rte.c ****             //UART_LOG_PutString("totalTime: ");
  76:source\rte/rte.c ****             //UART_LOG_PutString(data);
  77:source\rte/rte.c ****             //UART_LOG_PutString("\n");
  78:source\rte/rte.c ****             table[i].run();
  59              		.loc 1 78 0
  60 0020 55F83430 		ldr	r3, [r5, r4, lsl #3]
  61 0024 9847     		blx	r3
  62              	.LVL3:
  79:source\rte/rte.c ****             //WD_Trigger();
  80:source\rte/rte.c ****             LED_Toggle(LED_RED);
  63              		.loc 1 80 0
  64 0026 0020     		movs	r0, #0
  65 0028 FFF7FEFF 		bl	LED_Toggle
  66              	.LVL4:
  67              	.L3:
  68:source\rte/rte.c ****     {
  68              		.loc 1 68 0 discriminator 2
  69 002c 0134     		adds	r4, r4, #1
  70              	.LVL5:
  71 002e A4B2     		uxth	r4, r4
  72              	.LVL6:
  73              	.L2:
  68:source\rte/rte.c ****     {
  74              		.loc 1 68 0 is_stmt 0 discriminator 1
  75 0030 B442     		cmp	r4, r6
  76 0032 EBD3     		bcc	.L4
  77              	.LBE2:
  81:source\rte/rte.c ****             
  82:source\rte/rte.c ****         }
  83:source\rte/rte.c ****     }
  84:source\rte/rte.c ****     
  85:source\rte/rte.c ****     totalTime += time;
  78              		.loc 1 85 0 is_stmt 1
  79 0034 064A     		ldr	r2, .L6
  80 0036 1368     		ldr	r3, [r2]
  81 0038 1F44     		add	r7, r7, r3
  86:source\rte/rte.c ****     //LED_Set(LED_ALL,LED_OFF);
  87:source\rte/rte.c ****     totalTime %= 100000;    
  82              		.loc 1 87 0
ARM GAS  C:\Users\Reza\AppData\Local\Temp\ccPLDLHj.s 			page 4


  83 003a 7B09     		lsrs	r3, r7, #5
  84 003c 0549     		ldr	r1, .L6+4
  85 003e A1FB0313 		umull	r1, r3, r1, r3
  86 0042 DB09     		lsrs	r3, r3, #7
  87 0044 0449     		ldr	r1, .L6+8
  88 0046 01FB1377 		mls	r7, r1, r3, r7
  89 004a 1760     		str	r7, [r2]
  88:source\rte/rte.c **** }
  90              		.loc 1 88 0
  91 004c F8BD     		pop	{r3, r4, r5, r6, r7, pc}
  92              	.LVL7:
  93              	.L7:
  94 004e 00BF     		.align	2
  95              	.L6:
  96 0050 00000000 		.word	.LANCHOR0
  97 0054 C55A7C0A 		.word	175921861
  98 0058 A0860100 		.word	100000
  99              		.cfi_endproc
 100              	.LFE114:
 101              		.size	RTE_ProcessCyclicTable, .-RTE_ProcessCyclicTable
 102              		.section	.text.RTE_ProcessEventTable,"ax",%progbits
 103              		.align	2
 104              		.global	RTE_ProcessEventTable
 105              		.thumb
 106              		.thumb_func
 107              		.type	RTE_ProcessEventTable, %function
 108              	RTE_ProcessEventTable:
 109              	.LFB115:
  89:source\rte/rte.c ****     
  90:source\rte/rte.c **** /**
  91:source\rte/rte.c ****  * Will call all event runnables when due
  92:source\rte/rte.c ****  * \param RTE_eventTable_t const *const table : [IN] table to be processed
  93:source\rte/rte.c ****  * \param uint16_t tableSize : [IN] table size
  94:source\rte/rte.c ****  * \param EventMaskType ev : [IN] event mask to be processed
  95:source\rte/rte.c ****  * \return RC_SUCCESS if all ok, error code otherwise
  96:source\rte/rte.c ****  */
  97:source\rte/rte.c **** RC_t RTE_ProcessEventTable(RTE_eventTable_t const *const table, uint16_t tableSize, EventMaskType e
  98:source\rte/rte.c **** {
 110              		.loc 1 98 0
 111              		.cfi_startproc
 112              		@ args = 0, pretend = 0, frame = 0
 113              		@ frame_needed = 0, uses_anonymous_args = 0
 114              	.LVL8:
 115 0000 F8B5     		push	{r3, r4, r5, r6, r7, lr}
 116              		.cfi_def_cfa_offset 24
 117              		.cfi_offset 3, -24
 118              		.cfi_offset 4, -20
 119              		.cfi_offset 5, -16
 120              		.cfi_offset 6, -12
 121              		.cfi_offset 7, -8
 122              		.cfi_offset 14, -4
 123 0002 0546     		mov	r5, r0
 124 0004 0E46     		mov	r6, r1
 125 0006 1746     		mov	r7, r2
 126              	.LVL9:
 127              	.LBB3:
  99:source\rte/rte.c ****     char data[20];
ARM GAS  C:\Users\Reza\AppData\Local\Temp\ccPLDLHj.s 			page 5


 100:source\rte/rte.c ****     for (uint16_t i = 0; i < tableSize; i++)
 128              		.loc 1 100 0
 129 0008 0024     		movs	r4, #0
 130 000a 09E0     		b	.L9
 131              	.LVL10:
 132              	.L11:
 101:source\rte/rte.c ****     {
 102:source\rte/rte.c ****         //itoa(i, data, 10);
 103:source\rte/rte.c ****             //UART_LOG_PutString("i: ");
 104:source\rte/rte.c ****             //UART_LOG_PutString(data);
 105:source\rte/rte.c ****             //UART_LOG_PutString("\n");
 106:source\rte/rte.c ****         if (ev & table[i].event)
 133              		.loc 1 106 0
 134 000c 05EBC403 		add	r3, r5, r4, lsl #3
 135 0010 5B68     		ldr	r3, [r3, #4]
 136 0012 3B42     		tst	r3, r7
 137 0014 02D0     		beq	.L10
 107:source\rte/rte.c ****         {
 108:source\rte/rte.c ****             //LOG_I("ev & table[i].event","");
 109:source\rte/rte.c ****             table[i].run();
 138              		.loc 1 109 0
 139 0016 55F83430 		ldr	r3, [r5, r4, lsl #3]
 140 001a 9847     		blx	r3
 141              	.LVL11:
 142              	.L10:
 100:source\rte/rte.c ****     {
 143              		.loc 1 100 0 discriminator 2
 144 001c 0134     		adds	r4, r4, #1
 145              	.LVL12:
 146 001e A4B2     		uxth	r4, r4
 147              	.LVL13:
 148              	.L9:
 100:source\rte/rte.c ****     {
 149              		.loc 1 100 0 is_stmt 0 discriminator 1
 150 0020 B442     		cmp	r4, r6
 151 0022 F3D3     		bcc	.L11
 152              	.LBE3:
 110:source\rte/rte.c ****             //WD_Trigger();
 111:source\rte/rte.c ****         }
 112:source\rte/rte.c ****     }
 113:source\rte/rte.c ****     
 114:source\rte/rte.c **** }...
 153              		.loc 1 114 0 is_stmt 1
 154 0024 F8BD     		pop	{r3, r4, r5, r6, r7, pc}
 155              		.cfi_endproc
 156              	.LFE115:
 157              		.size	RTE_ProcessEventTable, .-RTE_ProcessEventTable
 158              		.comm	runnables,1,4
 159 0026 00BF     		.bss
 160              		.align	2
 161              		.set	.LANCHOR0,. + 0
 162              		.type	totalTime.7835, %object
 163              		.size	totalTime.7835, 4
 164              	totalTime.7835:
 165 0000 00000000 		.space	4
 166              		.text
 167              	.Letext0:
ARM GAS  C:\Users\Reza\AppData\Local\Temp\ccPLDLHj.s 			page 6


 168              		.file 2 "c:\\program files (x86)\\cypress\\psoc creator\\4.4\\psoc creator\\import\\gnu\\arm\\5.4.
 169              		.file 3 "c:\\program files (x86)\\cypress\\psoc creator\\4.4\\psoc creator\\import\\gnu\\arm\\5.4.
 170              		.file 4 "Generated_Source\\PSoC5/ErikaOS_1_common_ee_types.inc"
 171              		.file 5 "Generated_Source\\PSoC5/ErikaOS_1_cortex_mx_ee_cpu.inc"
 172              		.file 6 "Generated_Source\\PSoC5/ErikaOS_1_ee_oo_common.inc"
 173              		.file 7 ".\\source\\bsw/global.h"
 174              		.file 8 "source\\rte\\rte.h"
 175              		.file 9 ".\\source\\bsw\\watchdog/watchdog.h"
 176              		.file 10 "Generated_Source\\PSoC5/ErikaOS_1_ee_oo_intfunc.inc"
 177              		.file 11 "Generated_Source\\PSoC5/ErikaOS_1_cortex_mx_ee_context.inc"
 178              		.file 12 "Generated_Source\\PSoC5/ErikaOS_1_common_ee_primitives.inc"
 179              		.file 13 "Generated_Source\\PSoC5/core_cm3.h"
 180              		.file 14 ".\\source\\bsw\\labboard/led.h"
 181              		.section	.debug_info,"",%progbits
 182              	.Ldebug_info0:
 183 0000 68040000 		.4byte	0x468
 184 0004 0400     		.2byte	0x4
 185 0006 00000000 		.4byte	.Ldebug_abbrev0
 186 000a 04       		.byte	0x4
 187 000b 01       		.uleb128 0x1
 188 000c E7040000 		.4byte	.LASF85
 189 0010 0C       		.byte	0xc
 190 0011 A4040000 		.4byte	.LASF86
 191 0015 D8020000 		.4byte	.LASF87
 192 0019 00000000 		.4byte	.Ldebug_ranges0+0
 193 001d 00000000 		.4byte	0
 194 0021 00000000 		.4byte	.Ldebug_line0
 195 0025 02       		.uleb128 0x2
 196 0026 01       		.byte	0x1
 197 0027 06       		.byte	0x6
 198 0028 45020000 		.4byte	.LASF0
 199 002c 03       		.uleb128 0x3
 200 002d E1010000 		.4byte	.LASF3
 201 0031 02       		.byte	0x2
 202 0032 1D       		.byte	0x1d
 203 0033 37000000 		.4byte	0x37
 204 0037 02       		.uleb128 0x2
 205 0038 01       		.byte	0x1
 206 0039 08       		.byte	0x8
 207 003a 2D020000 		.4byte	.LASF1
 208 003e 02       		.uleb128 0x2
 209 003f 02       		.byte	0x2
 210 0040 05       		.byte	0x5
 211 0041 36000000 		.4byte	.LASF2
 212 0045 03       		.uleb128 0x3
 213 0046 BB000000 		.4byte	.LASF4
 214 004a 02       		.byte	0x2
 215 004b 2B       		.byte	0x2b
 216 004c 50000000 		.4byte	0x50
 217 0050 02       		.uleb128 0x2
 218 0051 02       		.byte	0x2
 219 0052 07       		.byte	0x7
 220 0053 6C030000 		.4byte	.LASF5
 221 0057 03       		.uleb128 0x3
 222 0058 83040000 		.4byte	.LASF6
 223 005c 02       		.byte	0x2
 224 005d 3F       		.byte	0x3f
ARM GAS  C:\Users\Reza\AppData\Local\Temp\ccPLDLHj.s 			page 7


 225 005e 62000000 		.4byte	0x62
 226 0062 02       		.uleb128 0x2
 227 0063 04       		.byte	0x4
 228 0064 05       		.byte	0x5
 229 0065 B0010000 		.4byte	.LASF7
 230 0069 03       		.uleb128 0x3
 231 006a AA000000 		.4byte	.LASF8
 232 006e 02       		.byte	0x2
 233 006f 41       		.byte	0x41
 234 0070 74000000 		.4byte	0x74
 235 0074 02       		.uleb128 0x2
 236 0075 04       		.byte	0x4
 237 0076 07       		.byte	0x7
 238 0077 2F040000 		.4byte	.LASF9
 239 007b 02       		.uleb128 0x2
 240 007c 08       		.byte	0x8
 241 007d 05       		.byte	0x5
 242 007e 5D010000 		.4byte	.LASF10
 243 0082 02       		.uleb128 0x2
 244 0083 08       		.byte	0x8
 245 0084 07       		.byte	0x7
 246 0085 51020000 		.4byte	.LASF11
 247 0089 04       		.uleb128 0x4
 248 008a 04       		.byte	0x4
 249 008b 05       		.byte	0x5
 250 008c 696E7400 		.ascii	"int\000"
 251 0090 02       		.uleb128 0x2
 252 0091 04       		.byte	0x4
 253 0092 07       		.byte	0x7
 254 0093 82020000 		.4byte	.LASF12
 255 0097 03       		.uleb128 0x3
 256 0098 CD000000 		.4byte	.LASF13
 257 009c 03       		.byte	0x3
 258 009d 18       		.byte	0x18
 259 009e 2C000000 		.4byte	0x2c
 260 00a2 03       		.uleb128 0x3
 261 00a3 9D020000 		.4byte	.LASF14
 262 00a7 03       		.byte	0x3
 263 00a8 24       		.byte	0x24
 264 00a9 45000000 		.4byte	0x45
 265 00ad 03       		.uleb128 0x3
 266 00ae B4030000 		.4byte	.LASF15
 267 00b2 03       		.byte	0x3
 268 00b3 2C       		.byte	0x2c
 269 00b4 57000000 		.4byte	0x57
 270 00b8 03       		.uleb128 0x3
 271 00b9 79020000 		.4byte	.LASF16
 272 00bd 03       		.byte	0x3
 273 00be 30       		.byte	0x30
 274 00bf 69000000 		.4byte	0x69
 275 00c3 02       		.uleb128 0x2
 276 00c4 04       		.byte	0x4
 277 00c5 04       		.byte	0x4
 278 00c6 43010000 		.4byte	.LASF17
 279 00ca 02       		.uleb128 0x2
 280 00cb 08       		.byte	0x8
 281 00cc 04       		.byte	0x4
ARM GAS  C:\Users\Reza\AppData\Local\Temp\ccPLDLHj.s 			page 8


 282 00cd 41040000 		.4byte	.LASF18
 283 00d1 02       		.uleb128 0x2
 284 00d2 01       		.byte	0x1
 285 00d3 08       		.byte	0x8
 286 00d4 9A030000 		.4byte	.LASF19
 287 00d8 05       		.uleb128 0x5
 288 00d9 04       		.byte	0x4
 289 00da DE000000 		.4byte	0xde
 290 00de 06       		.uleb128 0x6
 291 00df 02       		.uleb128 0x2
 292 00e0 08       		.byte	0x8
 293 00e1 04       		.byte	0x4
 294 00e2 21020000 		.4byte	.LASF20
 295 00e6 02       		.uleb128 0x2
 296 00e7 04       		.byte	0x4
 297 00e8 07       		.byte	0x7
 298 00e9 66000000 		.4byte	.LASF21
 299 00ed 03       		.uleb128 0x3
 300 00ee 91030000 		.4byte	.LASF22
 301 00f2 04       		.byte	0x4
 302 00f3 53       		.byte	0x53
 303 00f4 89000000 		.4byte	0x89
 304 00f8 03       		.uleb128 0x3
 305 00f9 3B020000 		.4byte	.LASF23
 306 00fd 04       		.byte	0x4
 307 00fe 54       		.byte	0x54
 308 00ff 90000000 		.4byte	0x90
 309 0103 03       		.uleb128 0x3
 310 0104 15000000 		.4byte	.LASF24
 311 0108 05       		.byte	0x5
 312 0109 4D       		.byte	0x4d
 313 010a F8000000 		.4byte	0xf8
 314 010e 03       		.uleb128 0x3
 315 010f 8E000000 		.4byte	.LASF25
 316 0113 05       		.byte	0x5
 317 0114 4F       		.byte	0x4f
 318 0115 F8000000 		.4byte	0xf8
 319 0119 03       		.uleb128 0x3
 320 011a C6000000 		.4byte	.LASF26
 321 011e 05       		.byte	0x5
 322 011f 78       		.byte	0x78
 323 0120 ED000000 		.4byte	0xed
 324 0124 07       		.uleb128 0x7
 325 0125 28000000 		.4byte	.LASF27
 326 0129 06       		.byte	0x6
 327 012a 2C02     		.2byte	0x22c
 328 012c 03010000 		.4byte	0x103
 329 0130 08       		.uleb128 0x8
 330 0131 97000000 		.4byte	0x97
 331 0135 09       		.uleb128 0x9
 332 0136 65524300 		.ascii	"eRC\000"
 333 013a 01       		.byte	0x1
 334 013b 25000000 		.4byte	0x25
 335 013f 07       		.byte	0x7
 336 0140 AC       		.byte	0xac
 337 0141 DC010000 		.4byte	0x1dc
 338 0145 0A       		.uleb128 0xa
ARM GAS  C:\Users\Reza\AppData\Local\Temp\ccPLDLHj.s 			page 9


 339 0146 1D000000 		.4byte	.LASF28
 340 014a 00       		.byte	0
 341 014b 0B       		.uleb128 0xb
 342 014c 0E040000 		.4byte	.LASF29
 343 0150 7F       		.sleb128 -1
 344 0151 0B       		.uleb128 0xb
 345 0152 B1020000 		.4byte	.LASF30
 346 0156 7E       		.sleb128 -2
 347 0157 0B       		.uleb128 0xb
 348 0158 80000000 		.4byte	.LASF31
 349 015c 7D       		.sleb128 -3
 350 015d 0B       		.uleb128 0xb
 351 015e 75050000 		.4byte	.LASF32
 352 0162 7C       		.sleb128 -4
 353 0163 0B       		.uleb128 0xb
 354 0164 34010000 		.4byte	.LASF33
 355 0168 7B       		.sleb128 -5
 356 0169 0B       		.uleb128 0xb
 357 016a 40000000 		.4byte	.LASF34
 358 016e 7A       		.sleb128 -6
 359 016f 0B       		.uleb128 0xb
 360 0170 B9010000 		.4byte	.LASF35
 361 0174 79       		.sleb128 -7
 362 0175 0B       		.uleb128 0xb
 363 0176 9F030000 		.4byte	.LASF36
 364 017a 78       		.sleb128 -8
 365 017b 0B       		.uleb128 0xb
 366 017c 9D050000 		.4byte	.LASF37
 367 0180 77       		.sleb128 -9
 368 0181 0B       		.uleb128 0xb
 369 0182 CB010000 		.4byte	.LASF38
 370 0186 76       		.sleb128 -10
 371 0187 0B       		.uleb128 0xb
 372 0188 B8050000 		.4byte	.LASF39
 373 018c 75       		.sleb128 -11
 374 018d 0B       		.uleb128 0xb
 375 018e 8F020000 		.4byte	.LASF40
 376 0192 74       		.sleb128 -12
 377 0193 0B       		.uleb128 0xb
 378 0194 48040000 		.4byte	.LASF41
 379 0198 73       		.sleb128 -13
 380 0199 0B       		.uleb128 0xb
 381 019a 0E020000 		.4byte	.LASF42
 382 019e 72       		.sleb128 -14
 383 019f 0B       		.uleb128 0xb
 384 01a0 49010000 		.4byte	.LASF43
 385 01a4 71       		.sleb128 -15
 386 01a5 0B       		.uleb128 0xb
 387 01a6 EB010000 		.4byte	.LASF44
 388 01aa 70       		.sleb128 -16
 389 01ab 0B       		.uleb128 0xb
 390 01ac 96000000 		.4byte	.LASF45
 391 01b0 6F       		.sleb128 -17
 392 01b1 0B       		.uleb128 0xb
 393 01b2 51000000 		.4byte	.LASF46
 394 01b6 6E       		.sleb128 -18
 395 01b7 0B       		.uleb128 0xb
ARM GAS  C:\Users\Reza\AppData\Local\Temp\ccPLDLHj.s 			page 10


 396 01b8 8C010000 		.4byte	.LASF47
 397 01bc 6D       		.sleb128 -19
 398 01bd 0B       		.uleb128 0xb
 399 01be FB030000 		.4byte	.LASF48
 400 01c2 6C       		.sleb128 -20
 401 01c3 0B       		.uleb128 0xb
 402 01c4 FC010000 		.4byte	.LASF49
 403 01c8 6B       		.sleb128 -21
 404 01c9 0B       		.uleb128 0xb
 405 01ca B5040000 		.4byte	.LASF50
 406 01ce 6A       		.sleb128 -22
 407 01cf 0B       		.uleb128 0xb
 408 01d0 D5000000 		.4byte	.LASF51
 409 01d4 69       		.sleb128 -23
 410 01d5 0B       		.uleb128 0xb
 411 01d6 9F010000 		.4byte	.LASF52
 412 01da 68       		.sleb128 -24
 413 01db 00       		.byte	0
 414 01dc 03       		.uleb128 0x3
 415 01dd B3050000 		.4byte	.LASF53
 416 01e1 07       		.byte	0x7
 417 01e2 C8       		.byte	0xc8
 418 01e3 35010000 		.4byte	0x135
 419 01e7 03       		.uleb128 0x3
 420 01e8 CC040000 		.4byte	.LASF54
 421 01ec 08       		.byte	0x8
 422 01ed 64       		.byte	0x64
 423 01ee D8000000 		.4byte	0xd8
 424 01f2 0C       		.uleb128 0xc
 425 01f3 08       		.byte	0x8
 426 01f4 08       		.byte	0x8
 427 01f5 69       		.byte	0x69
 428 01f6 13020000 		.4byte	0x213
 429 01fa 0D       		.uleb128 0xd
 430 01fb 72756E00 		.ascii	"run\000"
 431 01ff 08       		.byte	0x8
 432 0200 6B       		.byte	0x6b
 433 0201 E7010000 		.4byte	0x1e7
 434 0205 00       		.byte	0
 435 0206 0E       		.uleb128 0xe
 436 0207 1F010000 		.4byte	.LASF55
 437 020b 08       		.byte	0x8
 438 020c 6C       		.byte	0x6c
 439 020d A2000000 		.4byte	0xa2
 440 0211 04       		.byte	0x4
 441 0212 00       		.byte	0
 442 0213 03       		.uleb128 0x3
 443 0214 7F030000 		.4byte	.LASF56
 444 0218 08       		.byte	0x8
 445 0219 6D       		.byte	0x6d
 446 021a F2010000 		.4byte	0x1f2
 447 021e 0C       		.uleb128 0xc
 448 021f 08       		.byte	0x8
 449 0220 08       		.byte	0x8
 450 0221 72       		.byte	0x72
 451 0222 3F020000 		.4byte	0x23f
 452 0226 0D       		.uleb128 0xd
ARM GAS  C:\Users\Reza\AppData\Local\Temp\ccPLDLHj.s 			page 11


 453 0227 72756E00 		.ascii	"run\000"
 454 022b 08       		.byte	0x8
 455 022c 74       		.byte	0x74
 456 022d E7010000 		.4byte	0x1e7
 457 0231 00       		.byte	0
 458 0232 0E       		.uleb128 0xe
 459 0233 B5000000 		.4byte	.LASF57
 460 0237 08       		.byte	0x8
 461 0238 75       		.byte	0x75
 462 0239 24010000 		.4byte	0x124
 463 023d 04       		.byte	0x4
 464 023e 00       		.byte	0
 465 023f 03       		.uleb128 0x3
 466 0240 68020000 		.4byte	.LASF58
 467 0244 08       		.byte	0x8
 468 0245 76       		.byte	0x76
 469 0246 1E020000 		.4byte	0x21e
 470 024a 0F       		.uleb128 0xf
 471 024b 6B010000 		.4byte	.LASF59
 472 024f 01       		.byte	0x1
 473 0250 37000000 		.4byte	0x37
 474 0254 0E       		.byte	0xe
 475 0255 5A       		.byte	0x5a
 476 0256 73020000 		.4byte	0x273
 477 025a 0A       		.uleb128 0xa
 478 025b D9010000 		.4byte	.LASF60
 479 025f 00       		.byte	0
 480 0260 0A       		.uleb128 0xa
 481 0261 A6020000 		.4byte	.LASF61
 482 0265 01       		.byte	0x1
 483 0266 0A       		.uleb128 0xa
 484 0267 07010000 		.4byte	.LASF62
 485 026b 02       		.byte	0x2
 486 026c 0A       		.uleb128 0xa
 487 026d 76040000 		.4byte	.LASF63
 488 0271 03       		.byte	0x3
 489 0272 00       		.byte	0
 490 0273 0C       		.uleb128 0xc
 491 0274 01       		.byte	0x1
 492 0275 09       		.byte	0x9
 493 0276 68       		.byte	0x68
 494 0277 C7020000 		.4byte	0x2c7
 495 027b 10       		.uleb128 0x10
 496 027c 6F000000 		.4byte	.LASF64
 497 0280 09       		.byte	0x9
 498 0281 69       		.byte	0x69
 499 0282 30010000 		.4byte	0x130
 500 0286 01       		.byte	0x1
 501 0287 01       		.byte	0x1
 502 0288 07       		.byte	0x7
 503 0289 00       		.byte	0
 504 028a 10       		.uleb128 0x10
 505 028b D2030000 		.4byte	.LASF65
 506 028f 09       		.byte	0x9
 507 0290 6A       		.byte	0x6a
 508 0291 30010000 		.4byte	0x130
 509 0295 01       		.byte	0x1
ARM GAS  C:\Users\Reza\AppData\Local\Temp\ccPLDLHj.s 			page 12


 510 0296 01       		.byte	0x1
 511 0297 06       		.byte	0x6
 512 0298 00       		.byte	0
 513 0299 10       		.uleb128 0x10
 514 029a 11010000 		.4byte	.LASF66
 515 029e 09       		.byte	0x9
 516 029f 6B       		.byte	0x6b
 517 02a0 30010000 		.4byte	0x130
 518 02a4 01       		.byte	0x1
 519 02a5 01       		.byte	0x1
 520 02a6 05       		.byte	0x5
 521 02a7 00       		.byte	0
 522 02a8 10       		.uleb128 0x10
 523 02a9 5A040000 		.4byte	.LASF67
 524 02ad 09       		.byte	0x9
 525 02ae 6C       		.byte	0x6c
 526 02af 30010000 		.4byte	0x130
 527 02b3 01       		.byte	0x1
 528 02b4 01       		.byte	0x1
 529 02b5 04       		.byte	0x4
 530 02b6 00       		.byte	0
 531 02b7 10       		.uleb128 0x10
 532 02b8 29010000 		.4byte	.LASF68
 533 02bc 09       		.byte	0x9
 534 02bd 6D       		.byte	0x6d
 535 02be 30010000 		.4byte	0x130
 536 02c2 01       		.byte	0x1
 537 02c3 01       		.byte	0x1
 538 02c4 03       		.byte	0x3
 539 02c5 00       		.byte	0
 540 02c6 00       		.byte	0
 541 02c7 11       		.uleb128 0x11
 542 02c8 01       		.byte	0x1
 543 02c9 09       		.byte	0x9
 544 02ca 66       		.byte	0x66
 545 02cb E6020000 		.4byte	0x2e6
 546 02cf 12       		.uleb128 0x12
 547 02d0 7E040000 		.4byte	.LASF69
 548 02d4 09       		.byte	0x9
 549 02d5 67       		.byte	0x67
 550 02d6 30010000 		.4byte	0x130
 551 02da 12       		.uleb128 0x12
 552 02db 0B000000 		.4byte	.LASF70
 553 02df 09       		.byte	0x9
 554 02e0 6E       		.byte	0x6e
 555 02e1 73020000 		.4byte	0x273
 556 02e5 00       		.byte	0
 557 02e6 13       		.uleb128 0x13
 558 02e7 8D040000 		.4byte	.LASF75
 559 02eb 01       		.byte	0x1
 560 02ec 3E       		.byte	0x3e
 561 02ed DC010000 		.4byte	0x1dc
 562 02f1 00000000 		.4byte	.LFB114
 563 02f5 5C000000 		.4byte	.LFE114-.LFB114
 564 02f9 01       		.uleb128 0x1
 565 02fa 9C       		.byte	0x9c
 566 02fb 6F030000 		.4byte	0x36f
ARM GAS  C:\Users\Reza\AppData\Local\Temp\ccPLDLHj.s 			page 13


 567 02ff 14       		.uleb128 0x14
 568 0300 EC000000 		.4byte	.LASF71
 569 0304 01       		.byte	0x1
 570 0305 3E       		.byte	0x3e
 571 0306 7A030000 		.4byte	0x37a
 572 030a 00000000 		.4byte	.LLST0
 573 030e 14       		.uleb128 0x14
 574 030f 6C040000 		.4byte	.LASF72
 575 0313 01       		.byte	0x1
 576 0314 3E       		.byte	0x3e
 577 0315 A2000000 		.4byte	0xa2
 578 0319 2C000000 		.4byte	.LLST1
 579 031d 14       		.uleb128 0x14
 580 031e C7040000 		.4byte	.LASF73
 581 0322 01       		.byte	0x1
 582 0323 3E       		.byte	0x3e
 583 0324 A2000000 		.4byte	0xa2
 584 0328 4D000000 		.4byte	.LLST2
 585 032c 15       		.uleb128 0x15
 586 032d F1030000 		.4byte	.LASF74
 587 0331 01       		.byte	0x1
 588 0332 40       		.byte	0x40
 589 0333 B8000000 		.4byte	0xb8
 590 0337 05       		.uleb128 0x5
 591 0338 03       		.byte	0x3
 592 0339 00000000 		.4byte	totalTime.7835
 593 033d 16       		.uleb128 0x16
 594 033e 17040000 		.4byte	.LASF77
 595 0342 01       		.byte	0x1
 596 0343 41       		.byte	0x41
 597 0344 7F030000 		.4byte	0x37f
 598 0348 17       		.uleb128 0x17
 599 0349 08000000 		.4byte	.LBB2
 600 034d 2C000000 		.4byte	.LBE2-.LBB2
 601 0351 18       		.uleb128 0x18
 602 0352 6900     		.ascii	"i\000"
 603 0354 01       		.byte	0x1
 604 0355 44       		.byte	0x44
 605 0356 A2000000 		.4byte	0xa2
 606 035a 6E000000 		.4byte	.LLST3
 607 035e 19       		.uleb128 0x19
 608 035f 2C000000 		.4byte	.LVL4
 609 0363 60040000 		.4byte	0x460
 610 0367 1A       		.uleb128 0x1a
 611 0368 01       		.uleb128 0x1
 612 0369 50       		.byte	0x50
 613 036a 01       		.uleb128 0x1
 614 036b 30       		.byte	0x30
 615 036c 00       		.byte	0
 616 036d 00       		.byte	0
 617 036e 00       		.byte	0
 618 036f 05       		.uleb128 0x5
 619 0370 04       		.byte	0x4
 620 0371 75030000 		.4byte	0x375
 621 0375 1B       		.uleb128 0x1b
 622 0376 13020000 		.4byte	0x213
 623 037a 1B       		.uleb128 0x1b
ARM GAS  C:\Users\Reza\AppData\Local\Temp\ccPLDLHj.s 			page 14


 624 037b 6F030000 		.4byte	0x36f
 625 037f 1C       		.uleb128 0x1c
 626 0380 D1000000 		.4byte	0xd1
 627 0384 8F030000 		.4byte	0x38f
 628 0388 1D       		.uleb128 0x1d
 629 0389 E6000000 		.4byte	0xe6
 630 038d 13       		.byte	0x13
 631 038e 00       		.byte	0
 632 038f 13       		.uleb128 0x13
 633 0390 BC030000 		.4byte	.LASF76
 634 0394 01       		.byte	0x1
 635 0395 61       		.byte	0x61
 636 0396 DC010000 		.4byte	0x1dc
 637 039a 00000000 		.4byte	.LFB115
 638 039e 26000000 		.4byte	.LFE115-.LFB115
 639 03a2 01       		.uleb128 0x1
 640 03a3 9C       		.byte	0x9c
 641 03a4 F7030000 		.4byte	0x3f7
 642 03a8 14       		.uleb128 0x14
 643 03a9 EC000000 		.4byte	.LASF71
 644 03ad 01       		.byte	0x1
 645 03ae 61       		.byte	0x61
 646 03af 02040000 		.4byte	0x402
 647 03b3 98000000 		.4byte	.LLST4
 648 03b7 14       		.uleb128 0x14
 649 03b8 6C040000 		.4byte	.LASF72
 650 03bc 01       		.byte	0x1
 651 03bd 61       		.byte	0x61
 652 03be A2000000 		.4byte	0xa2
 653 03c2 B6000000 		.4byte	.LLST5
 654 03c6 1E       		.uleb128 0x1e
 655 03c7 657600   		.ascii	"ev\000"
 656 03ca 01       		.byte	0x1
 657 03cb 61       		.byte	0x61
 658 03cc 24010000 		.4byte	0x124
 659 03d0 D7000000 		.4byte	.LLST6
 660 03d4 16       		.uleb128 0x16
 661 03d5 17040000 		.4byte	.LASF77
 662 03d9 01       		.byte	0x1
 663 03da 63       		.byte	0x63
 664 03db 7F030000 		.4byte	0x37f
 665 03df 17       		.uleb128 0x17
 666 03e0 08000000 		.4byte	.LBB3
 667 03e4 1C000000 		.4byte	.LBE3-.LBB3
 668 03e8 18       		.uleb128 0x18
 669 03e9 6900     		.ascii	"i\000"
 670 03eb 01       		.byte	0x1
 671 03ec 64       		.byte	0x64
 672 03ed A2000000 		.4byte	0xa2
 673 03f1 F5000000 		.4byte	.LLST7
 674 03f5 00       		.byte	0
 675 03f6 00       		.byte	0
 676 03f7 05       		.uleb128 0x5
 677 03f8 04       		.byte	0x4
 678 03f9 FD030000 		.4byte	0x3fd
 679 03fd 1B       		.uleb128 0x1b
 680 03fe 3F020000 		.4byte	0x23f
ARM GAS  C:\Users\Reza\AppData\Local\Temp\ccPLDLHj.s 			page 15


 681 0402 1B       		.uleb128 0x1b
 682 0403 F7030000 		.4byte	0x3f7
 683 0407 1F       		.uleb128 0x1f
 684 0408 85050000 		.4byte	.LASF78
 685 040c 0A       		.byte	0xa
 686 040d 40       		.byte	0x40
 687 040e 03010000 		.4byte	0x103
 688 0412 1F       		.uleb128 0x1f
 689 0413 73010000 		.4byte	.LASF79
 690 0417 0A       		.byte	0xa
 691 0418 47       		.byte	0x47
 692 0419 0E010000 		.4byte	0x10e
 693 041d 1F       		.uleb128 0x1f
 694 041e 1C040000 		.4byte	.LASF80
 695 0422 0A       		.byte	0xa
 696 0423 4A       		.byte	0x4a
 697 0424 03010000 		.4byte	0x103
 698 0428 1F       		.uleb128 0x1f
 699 0429 BF020000 		.4byte	.LASF81
 700 042d 0B       		.byte	0xb
 701 042e 48       		.byte	0x48
 702 042f 19010000 		.4byte	0x119
 703 0433 1F       		.uleb128 0x1f
 704 0434 F2000000 		.4byte	.LASF82
 705 0438 0C       		.byte	0xc
 706 0439 44       		.byte	0x44
 707 043a 03010000 		.4byte	0x103
 708 043e 20       		.uleb128 0x20
 709 043f DA040000 		.4byte	.LASF83
 710 0443 0D       		.byte	0xd
 711 0444 1207     		.2byte	0x712
 712 0446 4A040000 		.4byte	0x44a
 713 044a 08       		.uleb128 0x8
 714 044b AD000000 		.4byte	0xad
 715 044f 21       		.uleb128 0x21
 716 0450 E7030000 		.4byte	.LASF84
 717 0454 09       		.byte	0x9
 718 0455 6F       		.byte	0x6f
 719 0456 C7020000 		.4byte	0x2c7
 720 045a 05       		.uleb128 0x5
 721 045b 03       		.byte	0x3
 722 045c 00000000 		.4byte	runnables
 723 0460 22       		.uleb128 0x22
 724 0461 00000000 		.4byte	.LASF88
 725 0465 00000000 		.4byte	.LASF88
 726 0469 0E       		.byte	0xe
 727 046a 9C       		.byte	0x9c
 728 046b 00       		.byte	0
 729              		.section	.debug_abbrev,"",%progbits
 730              	.Ldebug_abbrev0:
 731 0000 01       		.uleb128 0x1
 732 0001 11       		.uleb128 0x11
 733 0002 01       		.byte	0x1
 734 0003 25       		.uleb128 0x25
 735 0004 0E       		.uleb128 0xe
 736 0005 13       		.uleb128 0x13
 737 0006 0B       		.uleb128 0xb
ARM GAS  C:\Users\Reza\AppData\Local\Temp\ccPLDLHj.s 			page 16


 738 0007 03       		.uleb128 0x3
 739 0008 0E       		.uleb128 0xe
 740 0009 1B       		.uleb128 0x1b
 741 000a 0E       		.uleb128 0xe
 742 000b 55       		.uleb128 0x55
 743 000c 17       		.uleb128 0x17
 744 000d 11       		.uleb128 0x11
 745 000e 01       		.uleb128 0x1
 746 000f 10       		.uleb128 0x10
 747 0010 17       		.uleb128 0x17
 748 0011 00       		.byte	0
 749 0012 00       		.byte	0
 750 0013 02       		.uleb128 0x2
 751 0014 24       		.uleb128 0x24
 752 0015 00       		.byte	0
 753 0016 0B       		.uleb128 0xb
 754 0017 0B       		.uleb128 0xb
 755 0018 3E       		.uleb128 0x3e
 756 0019 0B       		.uleb128 0xb
 757 001a 03       		.uleb128 0x3
 758 001b 0E       		.uleb128 0xe
 759 001c 00       		.byte	0
 760 001d 00       		.byte	0
 761 001e 03       		.uleb128 0x3
 762 001f 16       		.uleb128 0x16
 763 0020 00       		.byte	0
 764 0021 03       		.uleb128 0x3
 765 0022 0E       		.uleb128 0xe
 766 0023 3A       		.uleb128 0x3a
 767 0024 0B       		.uleb128 0xb
 768 0025 3B       		.uleb128 0x3b
 769 0026 0B       		.uleb128 0xb
 770 0027 49       		.uleb128 0x49
 771 0028 13       		.uleb128 0x13
 772 0029 00       		.byte	0
 773 002a 00       		.byte	0
 774 002b 04       		.uleb128 0x4
 775 002c 24       		.uleb128 0x24
 776 002d 00       		.byte	0
 777 002e 0B       		.uleb128 0xb
 778 002f 0B       		.uleb128 0xb
 779 0030 3E       		.uleb128 0x3e
 780 0031 0B       		.uleb128 0xb
 781 0032 03       		.uleb128 0x3
 782 0033 08       		.uleb128 0x8
 783 0034 00       		.byte	0
 784 0035 00       		.byte	0
 785 0036 05       		.uleb128 0x5
 786 0037 0F       		.uleb128 0xf
 787 0038 00       		.byte	0
 788 0039 0B       		.uleb128 0xb
 789 003a 0B       		.uleb128 0xb
 790 003b 49       		.uleb128 0x49
 791 003c 13       		.uleb128 0x13
 792 003d 00       		.byte	0
 793 003e 00       		.byte	0
 794 003f 06       		.uleb128 0x6
ARM GAS  C:\Users\Reza\AppData\Local\Temp\ccPLDLHj.s 			page 17


 795 0040 15       		.uleb128 0x15
 796 0041 00       		.byte	0
 797 0042 27       		.uleb128 0x27
 798 0043 19       		.uleb128 0x19
 799 0044 00       		.byte	0
 800 0045 00       		.byte	0
 801 0046 07       		.uleb128 0x7
 802 0047 16       		.uleb128 0x16
 803 0048 00       		.byte	0
 804 0049 03       		.uleb128 0x3
 805 004a 0E       		.uleb128 0xe
 806 004b 3A       		.uleb128 0x3a
 807 004c 0B       		.uleb128 0xb
 808 004d 3B       		.uleb128 0x3b
 809 004e 05       		.uleb128 0x5
 810 004f 49       		.uleb128 0x49
 811 0050 13       		.uleb128 0x13
 812 0051 00       		.byte	0
 813 0052 00       		.byte	0
 814 0053 08       		.uleb128 0x8
 815 0054 35       		.uleb128 0x35
 816 0055 00       		.byte	0
 817 0056 49       		.uleb128 0x49
 818 0057 13       		.uleb128 0x13
 819 0058 00       		.byte	0
 820 0059 00       		.byte	0
 821 005a 09       		.uleb128 0x9
 822 005b 04       		.uleb128 0x4
 823 005c 01       		.byte	0x1
 824 005d 03       		.uleb128 0x3
 825 005e 08       		.uleb128 0x8
 826 005f 0B       		.uleb128 0xb
 827 0060 0B       		.uleb128 0xb
 828 0061 49       		.uleb128 0x49
 829 0062 13       		.uleb128 0x13
 830 0063 3A       		.uleb128 0x3a
 831 0064 0B       		.uleb128 0xb
 832 0065 3B       		.uleb128 0x3b
 833 0066 0B       		.uleb128 0xb
 834 0067 01       		.uleb128 0x1
 835 0068 13       		.uleb128 0x13
 836 0069 00       		.byte	0
 837 006a 00       		.byte	0
 838 006b 0A       		.uleb128 0xa
 839 006c 28       		.uleb128 0x28
 840 006d 00       		.byte	0
 841 006e 03       		.uleb128 0x3
 842 006f 0E       		.uleb128 0xe
 843 0070 1C       		.uleb128 0x1c
 844 0071 0B       		.uleb128 0xb
 845 0072 00       		.byte	0
 846 0073 00       		.byte	0
 847 0074 0B       		.uleb128 0xb
 848 0075 28       		.uleb128 0x28
 849 0076 00       		.byte	0
 850 0077 03       		.uleb128 0x3
 851 0078 0E       		.uleb128 0xe
ARM GAS  C:\Users\Reza\AppData\Local\Temp\ccPLDLHj.s 			page 18


 852 0079 1C       		.uleb128 0x1c
 853 007a 0D       		.uleb128 0xd
 854 007b 00       		.byte	0
 855 007c 00       		.byte	0
 856 007d 0C       		.uleb128 0xc
 857 007e 13       		.uleb128 0x13
 858 007f 01       		.byte	0x1
 859 0080 0B       		.uleb128 0xb
 860 0081 0B       		.uleb128 0xb
 861 0082 3A       		.uleb128 0x3a
 862 0083 0B       		.uleb128 0xb
 863 0084 3B       		.uleb128 0x3b
 864 0085 0B       		.uleb128 0xb
 865 0086 01       		.uleb128 0x1
 866 0087 13       		.uleb128 0x13
 867 0088 00       		.byte	0
 868 0089 00       		.byte	0
 869 008a 0D       		.uleb128 0xd
 870 008b 0D       		.uleb128 0xd
 871 008c 00       		.byte	0
 872 008d 03       		.uleb128 0x3
 873 008e 08       		.uleb128 0x8
 874 008f 3A       		.uleb128 0x3a
 875 0090 0B       		.uleb128 0xb
 876 0091 3B       		.uleb128 0x3b
 877 0092 0B       		.uleb128 0xb
 878 0093 49       		.uleb128 0x49
 879 0094 13       		.uleb128 0x13
 880 0095 38       		.uleb128 0x38
 881 0096 0B       		.uleb128 0xb
 882 0097 00       		.byte	0
 883 0098 00       		.byte	0
 884 0099 0E       		.uleb128 0xe
 885 009a 0D       		.uleb128 0xd
 886 009b 00       		.byte	0
 887 009c 03       		.uleb128 0x3
 888 009d 0E       		.uleb128 0xe
 889 009e 3A       		.uleb128 0x3a
 890 009f 0B       		.uleb128 0xb
 891 00a0 3B       		.uleb128 0x3b
 892 00a1 0B       		.uleb128 0xb
 893 00a2 49       		.uleb128 0x49
 894 00a3 13       		.uleb128 0x13
 895 00a4 38       		.uleb128 0x38
 896 00a5 0B       		.uleb128 0xb
 897 00a6 00       		.byte	0
 898 00a7 00       		.byte	0
 899 00a8 0F       		.uleb128 0xf
 900 00a9 04       		.uleb128 0x4
 901 00aa 01       		.byte	0x1
 902 00ab 03       		.uleb128 0x3
 903 00ac 0E       		.uleb128 0xe
 904 00ad 0B       		.uleb128 0xb
 905 00ae 0B       		.uleb128 0xb
 906 00af 49       		.uleb128 0x49
 907 00b0 13       		.uleb128 0x13
 908 00b1 3A       		.uleb128 0x3a
ARM GAS  C:\Users\Reza\AppData\Local\Temp\ccPLDLHj.s 			page 19


 909 00b2 0B       		.uleb128 0xb
 910 00b3 3B       		.uleb128 0x3b
 911 00b4 0B       		.uleb128 0xb
 912 00b5 01       		.uleb128 0x1
 913 00b6 13       		.uleb128 0x13
 914 00b7 00       		.byte	0
 915 00b8 00       		.byte	0
 916 00b9 10       		.uleb128 0x10
 917 00ba 0D       		.uleb128 0xd
 918 00bb 00       		.byte	0
 919 00bc 03       		.uleb128 0x3
 920 00bd 0E       		.uleb128 0xe
 921 00be 3A       		.uleb128 0x3a
 922 00bf 0B       		.uleb128 0xb
 923 00c0 3B       		.uleb128 0x3b
 924 00c1 0B       		.uleb128 0xb
 925 00c2 49       		.uleb128 0x49
 926 00c3 13       		.uleb128 0x13
 927 00c4 0B       		.uleb128 0xb
 928 00c5 0B       		.uleb128 0xb
 929 00c6 0D       		.uleb128 0xd
 930 00c7 0B       		.uleb128 0xb
 931 00c8 0C       		.uleb128 0xc
 932 00c9 0B       		.uleb128 0xb
 933 00ca 38       		.uleb128 0x38
 934 00cb 0B       		.uleb128 0xb
 935 00cc 00       		.byte	0
 936 00cd 00       		.byte	0
 937 00ce 11       		.uleb128 0x11
 938 00cf 17       		.uleb128 0x17
 939 00d0 01       		.byte	0x1
 940 00d1 0B       		.uleb128 0xb
 941 00d2 0B       		.uleb128 0xb
 942 00d3 3A       		.uleb128 0x3a
 943 00d4 0B       		.uleb128 0xb
 944 00d5 3B       		.uleb128 0x3b
 945 00d6 0B       		.uleb128 0xb
 946 00d7 01       		.uleb128 0x1
 947 00d8 13       		.uleb128 0x13
 948 00d9 00       		.byte	0
 949 00da 00       		.byte	0
 950 00db 12       		.uleb128 0x12
 951 00dc 0D       		.uleb128 0xd
 952 00dd 00       		.byte	0
 953 00de 03       		.uleb128 0x3
 954 00df 0E       		.uleb128 0xe
 955 00e0 3A       		.uleb128 0x3a
 956 00e1 0B       		.uleb128 0xb
 957 00e2 3B       		.uleb128 0x3b
 958 00e3 0B       		.uleb128 0xb
 959 00e4 49       		.uleb128 0x49
 960 00e5 13       		.uleb128 0x13
 961 00e6 00       		.byte	0
 962 00e7 00       		.byte	0
 963 00e8 13       		.uleb128 0x13
 964 00e9 2E       		.uleb128 0x2e
 965 00ea 01       		.byte	0x1
ARM GAS  C:\Users\Reza\AppData\Local\Temp\ccPLDLHj.s 			page 20


 966 00eb 3F       		.uleb128 0x3f
 967 00ec 19       		.uleb128 0x19
 968 00ed 03       		.uleb128 0x3
 969 00ee 0E       		.uleb128 0xe
 970 00ef 3A       		.uleb128 0x3a
 971 00f0 0B       		.uleb128 0xb
 972 00f1 3B       		.uleb128 0x3b
 973 00f2 0B       		.uleb128 0xb
 974 00f3 27       		.uleb128 0x27
 975 00f4 19       		.uleb128 0x19
 976 00f5 49       		.uleb128 0x49
 977 00f6 13       		.uleb128 0x13
 978 00f7 11       		.uleb128 0x11
 979 00f8 01       		.uleb128 0x1
 980 00f9 12       		.uleb128 0x12
 981 00fa 06       		.uleb128 0x6
 982 00fb 40       		.uleb128 0x40
 983 00fc 18       		.uleb128 0x18
 984 00fd 9642     		.uleb128 0x2116
 985 00ff 19       		.uleb128 0x19
 986 0100 01       		.uleb128 0x1
 987 0101 13       		.uleb128 0x13
 988 0102 00       		.byte	0
 989 0103 00       		.byte	0
 990 0104 14       		.uleb128 0x14
 991 0105 05       		.uleb128 0x5
 992 0106 00       		.byte	0
 993 0107 03       		.uleb128 0x3
 994 0108 0E       		.uleb128 0xe
 995 0109 3A       		.uleb128 0x3a
 996 010a 0B       		.uleb128 0xb
 997 010b 3B       		.uleb128 0x3b
 998 010c 0B       		.uleb128 0xb
 999 010d 49       		.uleb128 0x49
 1000 010e 13       		.uleb128 0x13
 1001 010f 02       		.uleb128 0x2
 1002 0110 17       		.uleb128 0x17
 1003 0111 00       		.byte	0
 1004 0112 00       		.byte	0
 1005 0113 15       		.uleb128 0x15
 1006 0114 34       		.uleb128 0x34
 1007 0115 00       		.byte	0
 1008 0116 03       		.uleb128 0x3
 1009 0117 0E       		.uleb128 0xe
 1010 0118 3A       		.uleb128 0x3a
 1011 0119 0B       		.uleb128 0xb
 1012 011a 3B       		.uleb128 0x3b
 1013 011b 0B       		.uleb128 0xb
 1014 011c 49       		.uleb128 0x49
 1015 011d 13       		.uleb128 0x13
 1016 011e 02       		.uleb128 0x2
 1017 011f 18       		.uleb128 0x18
 1018 0120 00       		.byte	0
 1019 0121 00       		.byte	0
 1020 0122 16       		.uleb128 0x16
 1021 0123 34       		.uleb128 0x34
 1022 0124 00       		.byte	0
ARM GAS  C:\Users\Reza\AppData\Local\Temp\ccPLDLHj.s 			page 21


 1023 0125 03       		.uleb128 0x3
 1024 0126 0E       		.uleb128 0xe
 1025 0127 3A       		.uleb128 0x3a
 1026 0128 0B       		.uleb128 0xb
 1027 0129 3B       		.uleb128 0x3b
 1028 012a 0B       		.uleb128 0xb
 1029 012b 49       		.uleb128 0x49
 1030 012c 13       		.uleb128 0x13
 1031 012d 00       		.byte	0
 1032 012e 00       		.byte	0
 1033 012f 17       		.uleb128 0x17
 1034 0130 0B       		.uleb128 0xb
 1035 0131 01       		.byte	0x1
 1036 0132 11       		.uleb128 0x11
 1037 0133 01       		.uleb128 0x1
 1038 0134 12       		.uleb128 0x12
 1039 0135 06       		.uleb128 0x6
 1040 0136 00       		.byte	0
 1041 0137 00       		.byte	0
 1042 0138 18       		.uleb128 0x18
 1043 0139 34       		.uleb128 0x34
 1044 013a 00       		.byte	0
 1045 013b 03       		.uleb128 0x3
 1046 013c 08       		.uleb128 0x8
 1047 013d 3A       		.uleb128 0x3a
 1048 013e 0B       		.uleb128 0xb
 1049 013f 3B       		.uleb128 0x3b
 1050 0140 0B       		.uleb128 0xb
 1051 0141 49       		.uleb128 0x49
 1052 0142 13       		.uleb128 0x13
 1053 0143 02       		.uleb128 0x2
 1054 0144 17       		.uleb128 0x17
 1055 0145 00       		.byte	0
 1056 0146 00       		.byte	0
 1057 0147 19       		.uleb128 0x19
 1058 0148 898201   		.uleb128 0x4109
 1059 014b 01       		.byte	0x1
 1060 014c 11       		.uleb128 0x11
 1061 014d 01       		.uleb128 0x1
 1062 014e 31       		.uleb128 0x31
 1063 014f 13       		.uleb128 0x13
 1064 0150 00       		.byte	0
 1065 0151 00       		.byte	0
 1066 0152 1A       		.uleb128 0x1a
 1067 0153 8A8201   		.uleb128 0x410a
 1068 0156 00       		.byte	0
 1069 0157 02       		.uleb128 0x2
 1070 0158 18       		.uleb128 0x18
 1071 0159 9142     		.uleb128 0x2111
 1072 015b 18       		.uleb128 0x18
 1073 015c 00       		.byte	0
 1074 015d 00       		.byte	0
 1075 015e 1B       		.uleb128 0x1b
 1076 015f 26       		.uleb128 0x26
 1077 0160 00       		.byte	0
 1078 0161 49       		.uleb128 0x49
 1079 0162 13       		.uleb128 0x13
ARM GAS  C:\Users\Reza\AppData\Local\Temp\ccPLDLHj.s 			page 22


 1080 0163 00       		.byte	0
 1081 0164 00       		.byte	0
 1082 0165 1C       		.uleb128 0x1c
 1083 0166 01       		.uleb128 0x1
 1084 0167 01       		.byte	0x1
 1085 0168 49       		.uleb128 0x49
 1086 0169 13       		.uleb128 0x13
 1087 016a 01       		.uleb128 0x1
 1088 016b 13       		.uleb128 0x13
 1089 016c 00       		.byte	0
 1090 016d 00       		.byte	0
 1091 016e 1D       		.uleb128 0x1d
 1092 016f 21       		.uleb128 0x21
 1093 0170 00       		.byte	0
 1094 0171 49       		.uleb128 0x49
 1095 0172 13       		.uleb128 0x13
 1096 0173 2F       		.uleb128 0x2f
 1097 0174 0B       		.uleb128 0xb
 1098 0175 00       		.byte	0
 1099 0176 00       		.byte	0
 1100 0177 1E       		.uleb128 0x1e
 1101 0178 05       		.uleb128 0x5
 1102 0179 00       		.byte	0
 1103 017a 03       		.uleb128 0x3
 1104 017b 08       		.uleb128 0x8
 1105 017c 3A       		.uleb128 0x3a
 1106 017d 0B       		.uleb128 0xb
 1107 017e 3B       		.uleb128 0x3b
 1108 017f 0B       		.uleb128 0xb
 1109 0180 49       		.uleb128 0x49
 1110 0181 13       		.uleb128 0x13
 1111 0182 02       		.uleb128 0x2
 1112 0183 17       		.uleb128 0x17
 1113 0184 00       		.byte	0
 1114 0185 00       		.byte	0
 1115 0186 1F       		.uleb128 0x1f
 1116 0187 34       		.uleb128 0x34
 1117 0188 00       		.byte	0
 1118 0189 03       		.uleb128 0x3
 1119 018a 0E       		.uleb128 0xe
 1120 018b 3A       		.uleb128 0x3a
 1121 018c 0B       		.uleb128 0xb
 1122 018d 3B       		.uleb128 0x3b
 1123 018e 0B       		.uleb128 0xb
 1124 018f 49       		.uleb128 0x49
 1125 0190 13       		.uleb128 0x13
 1126 0191 3F       		.uleb128 0x3f
 1127 0192 19       		.uleb128 0x19
 1128 0193 3C       		.uleb128 0x3c
 1129 0194 19       		.uleb128 0x19
 1130 0195 00       		.byte	0
 1131 0196 00       		.byte	0
 1132 0197 20       		.uleb128 0x20
 1133 0198 34       		.uleb128 0x34
 1134 0199 00       		.byte	0
 1135 019a 03       		.uleb128 0x3
 1136 019b 0E       		.uleb128 0xe
ARM GAS  C:\Users\Reza\AppData\Local\Temp\ccPLDLHj.s 			page 23


 1137 019c 3A       		.uleb128 0x3a
 1138 019d 0B       		.uleb128 0xb
 1139 019e 3B       		.uleb128 0x3b
 1140 019f 05       		.uleb128 0x5
 1141 01a0 49       		.uleb128 0x49
 1142 01a1 13       		.uleb128 0x13
 1143 01a2 3F       		.uleb128 0x3f
 1144 01a3 19       		.uleb128 0x19
 1145 01a4 3C       		.uleb128 0x3c
 1146 01a5 19       		.uleb128 0x19
 1147 01a6 00       		.byte	0
 1148 01a7 00       		.byte	0
 1149 01a8 21       		.uleb128 0x21
 1150 01a9 34       		.uleb128 0x34
 1151 01aa 00       		.byte	0
 1152 01ab 03       		.uleb128 0x3
 1153 01ac 0E       		.uleb128 0xe
 1154 01ad 3A       		.uleb128 0x3a
 1155 01ae 0B       		.uleb128 0xb
 1156 01af 3B       		.uleb128 0x3b
 1157 01b0 0B       		.uleb128 0xb
 1158 01b1 49       		.uleb128 0x49
 1159 01b2 13       		.uleb128 0x13
 1160 01b3 3F       		.uleb128 0x3f
 1161 01b4 19       		.uleb128 0x19
 1162 01b5 02       		.uleb128 0x2
 1163 01b6 18       		.uleb128 0x18
 1164 01b7 00       		.byte	0
 1165 01b8 00       		.byte	0
 1166 01b9 22       		.uleb128 0x22
 1167 01ba 2E       		.uleb128 0x2e
 1168 01bb 00       		.byte	0
 1169 01bc 3F       		.uleb128 0x3f
 1170 01bd 19       		.uleb128 0x19
 1171 01be 3C       		.uleb128 0x3c
 1172 01bf 19       		.uleb128 0x19
 1173 01c0 6E       		.uleb128 0x6e
 1174 01c1 0E       		.uleb128 0xe
 1175 01c2 03       		.uleb128 0x3
 1176 01c3 0E       		.uleb128 0xe
 1177 01c4 3A       		.uleb128 0x3a
 1178 01c5 0B       		.uleb128 0xb
 1179 01c6 3B       		.uleb128 0x3b
 1180 01c7 0B       		.uleb128 0xb
 1181 01c8 00       		.byte	0
 1182 01c9 00       		.byte	0
 1183 01ca 00       		.byte	0
 1184              		.section	.debug_loc,"",%progbits
 1185              	.Ldebug_loc0:
 1186              	.LLST0:
 1187 0000 00000000 		.4byte	.LVL0
 1188 0004 0C000000 		.4byte	.LVL2
 1189 0008 0100     		.2byte	0x1
 1190 000a 50       		.byte	0x50
 1191 000b 0C000000 		.4byte	.LVL2
 1192 000f 4E000000 		.4byte	.LVL7
 1193 0013 0100     		.2byte	0x1
ARM GAS  C:\Users\Reza\AppData\Local\Temp\ccPLDLHj.s 			page 24


 1194 0015 55       		.byte	0x55
 1195 0016 4E000000 		.4byte	.LVL7
 1196 001a 5C000000 		.4byte	.LFE114
 1197 001e 0400     		.2byte	0x4
 1198 0020 F3       		.byte	0xf3
 1199 0021 01       		.uleb128 0x1
 1200 0022 50       		.byte	0x50
 1201 0023 9F       		.byte	0x9f
 1202 0024 00000000 		.4byte	0
 1203 0028 00000000 		.4byte	0
 1204              	.LLST1:
 1205 002c 00000000 		.4byte	.LVL0
 1206 0030 0C000000 		.4byte	.LVL2
 1207 0034 0100     		.2byte	0x1
 1208 0036 51       		.byte	0x51
 1209 0037 0C000000 		.4byte	.LVL2
 1210 003b 5C000000 		.4byte	.LFE114
 1211 003f 0400     		.2byte	0x4
 1212 0041 F3       		.byte	0xf3
 1213 0042 01       		.uleb128 0x1
 1214 0043 51       		.byte	0x51
 1215 0044 9F       		.byte	0x9f
 1216 0045 00000000 		.4byte	0
 1217 0049 00000000 		.4byte	0
 1218              	.LLST2:
 1219 004d 00000000 		.4byte	.LVL0
 1220 0051 0C000000 		.4byte	.LVL2
 1221 0055 0100     		.2byte	0x1
 1222 0057 52       		.byte	0x52
 1223 0058 0C000000 		.4byte	.LVL2
 1224 005c 5C000000 		.4byte	.LFE114
 1225 0060 0400     		.2byte	0x4
 1226 0062 F3       		.byte	0xf3
 1227 0063 01       		.uleb128 0x1
 1228 0064 52       		.byte	0x52
 1229 0065 9F       		.byte	0x9f
 1230 0066 00000000 		.4byte	0
 1231 006a 00000000 		.4byte	0
 1232              	.LLST3:
 1233 006e 08000000 		.4byte	.LVL1
 1234 0072 0C000000 		.4byte	.LVL2
 1235 0076 0200     		.2byte	0x2
 1236 0078 30       		.byte	0x30
 1237 0079 9F       		.byte	0x9f
 1238 007a 0C000000 		.4byte	.LVL2
 1239 007e 2E000000 		.4byte	.LVL5
 1240 0082 0100     		.2byte	0x1
 1241 0084 54       		.byte	0x54
 1242 0085 30000000 		.4byte	.LVL6
 1243 0089 4E000000 		.4byte	.LVL7
 1244 008d 0100     		.2byte	0x1
 1245 008f 54       		.byte	0x54
 1246 0090 00000000 		.4byte	0
 1247 0094 00000000 		.4byte	0
 1248              	.LLST4:
 1249 0098 00000000 		.4byte	.LVL8
 1250 009c 0C000000 		.4byte	.LVL10
ARM GAS  C:\Users\Reza\AppData\Local\Temp\ccPLDLHj.s 			page 25


 1251 00a0 0100     		.2byte	0x1
 1252 00a2 50       		.byte	0x50
 1253 00a3 0C000000 		.4byte	.LVL10
 1254 00a7 26000000 		.4byte	.LFE115
 1255 00ab 0100     		.2byte	0x1
 1256 00ad 55       		.byte	0x55
 1257 00ae 00000000 		.4byte	0
 1258 00b2 00000000 		.4byte	0
 1259              	.LLST5:
 1260 00b6 00000000 		.4byte	.LVL8
 1261 00ba 0C000000 		.4byte	.LVL10
 1262 00be 0100     		.2byte	0x1
 1263 00c0 51       		.byte	0x51
 1264 00c1 0C000000 		.4byte	.LVL10
 1265 00c5 26000000 		.4byte	.LFE115
 1266 00c9 0400     		.2byte	0x4
 1267 00cb F3       		.byte	0xf3
 1268 00cc 01       		.uleb128 0x1
 1269 00cd 51       		.byte	0x51
 1270 00ce 9F       		.byte	0x9f
 1271 00cf 00000000 		.4byte	0
 1272 00d3 00000000 		.4byte	0
 1273              	.LLST6:
 1274 00d7 00000000 		.4byte	.LVL8
 1275 00db 0C000000 		.4byte	.LVL10
 1276 00df 0100     		.2byte	0x1
 1277 00e1 52       		.byte	0x52
 1278 00e2 0C000000 		.4byte	.LVL10
 1279 00e6 26000000 		.4byte	.LFE115
 1280 00ea 0100     		.2byte	0x1
 1281 00ec 57       		.byte	0x57
 1282 00ed 00000000 		.4byte	0
 1283 00f1 00000000 		.4byte	0
 1284              	.LLST7:
 1285 00f5 08000000 		.4byte	.LVL9
 1286 00f9 0C000000 		.4byte	.LVL10
 1287 00fd 0200     		.2byte	0x2
 1288 00ff 30       		.byte	0x30
 1289 0100 9F       		.byte	0x9f
 1290 0101 0C000000 		.4byte	.LVL10
 1291 0105 1E000000 		.4byte	.LVL12
 1292 0109 0100     		.2byte	0x1
 1293 010b 54       		.byte	0x54
 1294 010c 20000000 		.4byte	.LVL13
 1295 0110 26000000 		.4byte	.LFE115
 1296 0114 0100     		.2byte	0x1
 1297 0116 54       		.byte	0x54
 1298 0117 00000000 		.4byte	0
 1299 011b 00000000 		.4byte	0
 1300              		.section	.debug_aranges,"",%progbits
 1301 0000 24000000 		.4byte	0x24
 1302 0004 0200     		.2byte	0x2
 1303 0006 00000000 		.4byte	.Ldebug_info0
 1304 000a 04       		.byte	0x4
 1305 000b 00       		.byte	0
 1306 000c 0000     		.2byte	0
 1307 000e 0000     		.2byte	0
ARM GAS  C:\Users\Reza\AppData\Local\Temp\ccPLDLHj.s 			page 26


 1308 0010 00000000 		.4byte	.LFB114
 1309 0014 5C000000 		.4byte	.LFE114-.LFB114
 1310 0018 00000000 		.4byte	.LFB115
 1311 001c 26000000 		.4byte	.LFE115-.LFB115
 1312 0020 00000000 		.4byte	0
 1313 0024 00000000 		.4byte	0
 1314              		.section	.debug_ranges,"",%progbits
 1315              	.Ldebug_ranges0:
 1316 0000 00000000 		.4byte	.LFB114
 1317 0004 5C000000 		.4byte	.LFE114
 1318 0008 00000000 		.4byte	.LFB115
 1319 000c 26000000 		.4byte	.LFE115
 1320 0010 00000000 		.4byte	0
 1321 0014 00000000 		.4byte	0
 1322              		.section	.debug_line,"",%progbits
 1323              	.Ldebug_line0:
 1324 0000 CA020000 		.section	.debug_str,"MS",%progbits,1
 1324      02007A02 
 1324      00000201 
 1324      FB0E0D00 
 1324      01010101 
 1325              	.LASF88:
 1326 0000 4C45445F 		.ascii	"LED_Toggle\000"
 1326      546F6767 
 1326      6C6500
 1327              	.LASF70:
 1328 000b 6269745F 		.ascii	"bit_field\000"
 1328      6669656C 
 1328      6400
 1329              	.LASF24:
 1330 0015 45455F55 		.ascii	"EE_UREG\000"
 1330      52454700 
 1331              	.LASF28:
 1332 001d 52435F53 		.ascii	"RC_SUCCESS\000"
 1332      55434345 
 1332      535300
 1333              	.LASF27:
 1334 0028 4576656E 		.ascii	"EventMaskType\000"
 1334      744D6173 
 1334      6B547970 
 1334      6500
 1335              	.LASF2:
 1336 0036 73686F72 		.ascii	"short int\000"
 1336      7420696E 
 1336      7400
 1337              	.LASF34:
 1338 0040 52435F45 		.ascii	"RC_ERROR_OVERRUN\000"
 1338      52524F52 
 1338      5F4F5645 
 1338      5252554E 
 1338      00
 1339              	.LASF46:
 1340 0051 52435F45 		.ascii	"RC_ERROR_WRITE_FAILS\000"
 1340      52524F52 
 1340      5F575249 
 1340      54455F46 
 1340      41494C53 
ARM GAS  C:\Users\Reza\AppData\Local\Temp\ccPLDLHj.s 			page 27


 1341              	.LASF21:
 1342 0066 73697A65 		.ascii	"sizetype\000"
 1342      74797065 
 1342      00
 1343              	.LASF64:
 1344 006f 72756E5F 		.ascii	"run_readJoystick\000"
 1344      72656164 
 1344      4A6F7973 
 1344      7469636B 
 1344      00
 1345              	.LASF31:
 1346 0080 52435F45 		.ascii	"RC_ERROR_ZERO\000"
 1346      52524F52 
 1346      5F5A4552 
 1346      4F00
 1347              	.LASF25:
 1348 008e 45455F46 		.ascii	"EE_FREG\000"
 1348      52454700 
 1349              	.LASF45:
 1350 0096 52435F45 		.ascii	"RC_ERROR_READ_FAILS\000"
 1350      52524F52 
 1350      5F524541 
 1350      445F4641 
 1350      494C5300 
 1351              	.LASF8:
 1352 00aa 5F5F7569 		.ascii	"__uint32_t\000"
 1352      6E743332 
 1352      5F7400
 1353              	.LASF57:
 1354 00b5 6576656E 		.ascii	"event\000"
 1354      7400
 1355              	.LASF4:
 1356 00bb 5F5F7569 		.ascii	"__uint16_t\000"
 1356      6E743136 
 1356      5F7400
 1357              	.LASF26:
 1358 00c6 45455F54 		.ascii	"EE_TID\000"
 1358      494400
 1359              	.LASF13:
 1360 00cd 75696E74 		.ascii	"uint8_t\000"
 1360      385F7400 
 1361              	.LASF51:
 1362 00d5 52435F45 		.ascii	"RC_ERROR_INVALID_STATE\000"
 1362      52524F52 
 1362      5F494E56 
 1362      414C4944 
 1362      5F535441 
 1363              	.LASF71:
 1364 00ec 7461626C 		.ascii	"table\000"
 1364      6500
 1365              	.LASF82:
 1366 00f2 45455F49 		.ascii	"EE_IRQ_nesting_level\000"
 1366      52515F6E 
 1366      65737469 
 1366      6E675F6C 
 1366      6576656C 
 1367              	.LASF62:
ARM GAS  C:\Users\Reza\AppData\Local\Temp\ccPLDLHj.s 			page 28


 1368 0107 4C45445F 		.ascii	"LED_GREEN\000"
 1368      47524545 
 1368      4E00
 1369              	.LASF66:
 1370 0111 72756E5F 		.ascii	"run_setEngine\000"
 1370      73657445 
 1370      6E67696E 
 1370      6500
 1371              	.LASF55:
 1372 011f 6379636C 		.ascii	"cycleTime\000"
 1372      6554696D 
 1372      6500
 1373              	.LASF68:
 1374 0129 72756E5F 		.ascii	"run_setLcd\000"
 1374      7365744C 
 1374      636400
 1375              	.LASF33:
 1376 0134 52435F45 		.ascii	"RC_ERROR_RANGE\000"
 1376      52524F52 
 1376      5F52414E 
 1376      474500
 1377              	.LASF17:
 1378 0143 666C6F61 		.ascii	"float\000"
 1378      7400
 1379              	.LASF43:
 1380 0149 52435F45 		.ascii	"RC_ERROR_WRITE_ONLY\000"
 1380      52524F52 
 1380      5F575249 
 1380      54455F4F 
 1380      4E4C5900 
 1381              	.LASF10:
 1382 015d 6C6F6E67 		.ascii	"long long int\000"
 1382      206C6F6E 
 1382      6720696E 
 1382      7400
 1383              	.LASF59:
 1384 016b 654C4544 		.ascii	"eLED_id\000"
 1384      5F696400 
 1385              	.LASF79:
 1386 0173 45455F6F 		.ascii	"EE_oo_IRQ_suspend_status\000"
 1386      6F5F4952 
 1386      515F7375 
 1386      7370656E 
 1386      645F7374 
 1387              	.LASF47:
 1388 018c 52435F45 		.ascii	"RC_ERROR_NOT_MATCH\000"
 1388      52524F52 
 1388      5F4E4F54 
 1388      5F4D4154 
 1388      434800
 1389              	.LASF52:
 1390 019f 52435F45 		.ascii	"RC_ERROR_UNKNOWN\000"
 1390      52524F52 
 1390      5F554E4B 
 1390      4E4F574E 
 1390      00
 1391              	.LASF7:
ARM GAS  C:\Users\Reza\AppData\Local\Temp\ccPLDLHj.s 			page 29


 1392 01b0 6C6F6E67 		.ascii	"long int\000"
 1392      20696E74 
 1392      00
 1393              	.LASF35:
 1394 01b9 52435F45 		.ascii	"RC_ERROR_UNDERRUN\000"
 1394      52524F52 
 1394      5F554E44 
 1394      45525255 
 1394      4E00
 1395              	.LASF38:
 1396 01cb 52435F45 		.ascii	"RC_ERROR_BUSY\000"
 1396      52524F52 
 1396      5F425553 
 1396      5900
 1397              	.LASF60:
 1398 01d9 4C45445F 		.ascii	"LED_RED\000"
 1398      52454400 
 1399              	.LASF3:
 1400 01e1 5F5F7569 		.ascii	"__uint8_t\000"
 1400      6E74385F 
 1400      7400
 1401              	.LASF44:
 1402 01eb 52435F45 		.ascii	"RC_ERROR_INVALID\000"
 1402      52524F52 
 1402      5F494E56 
 1402      414C4944 
 1402      00
 1403              	.LASF49:
 1404 01fc 52435F45 		.ascii	"RC_ERROR_BAD_DATA\000"
 1404      52524F52 
 1404      5F424144 
 1404      5F444154 
 1404      4100
 1405              	.LASF42:
 1406 020e 52435F45 		.ascii	"RC_ERROR_READ_ONLY\000"
 1406      52524F52 
 1406      5F524541 
 1406      445F4F4E 
 1406      4C5900
 1407              	.LASF20:
 1408 0221 6C6F6E67 		.ascii	"long double\000"
 1408      20646F75 
 1408      626C6500 
 1409              	.LASF1:
 1410 022d 756E7369 		.ascii	"unsigned char\000"
 1410      676E6564 
 1410      20636861 
 1410      7200
 1411              	.LASF23:
 1412 023b 45455F55 		.ascii	"EE_UINT32\000"
 1412      494E5433 
 1412      3200
 1413              	.LASF0:
 1414 0245 7369676E 		.ascii	"signed char\000"
 1414      65642063 
 1414      68617200 
 1415              	.LASF11:
ARM GAS  C:\Users\Reza\AppData\Local\Temp\ccPLDLHj.s 			page 30


 1416 0251 6C6F6E67 		.ascii	"long long unsigned int\000"
 1416      206C6F6E 
 1416      6720756E 
 1416      7369676E 
 1416      65642069 
 1417              	.LASF58:
 1418 0268 5254455F 		.ascii	"RTE_eventTable_t\000"
 1418      6576656E 
 1418      74546162 
 1418      6C655F74 
 1418      00
 1419              	.LASF16:
 1420 0279 75696E74 		.ascii	"uint32_t\000"
 1420      33325F74 
 1420      00
 1421              	.LASF12:
 1422 0282 756E7369 		.ascii	"unsigned int\000"
 1422      676E6564 
 1422      20696E74 
 1422      00
 1423              	.LASF40:
 1424 028f 52435F45 		.ascii	"RC_ERROR_OPEN\000"
 1424      52524F52 
 1424      5F4F5045 
 1424      4E00
 1425              	.LASF14:
 1426 029d 75696E74 		.ascii	"uint16_t\000"
 1426      31365F74 
 1426      00
 1427              	.LASF61:
 1428 02a6 4C45445F 		.ascii	"LED_YELLOW\000"
 1428      59454C4C 
 1428      4F5700
 1429              	.LASF30:
 1430 02b1 52435F45 		.ascii	"RC_ERROR_NULL\000"
 1430      52524F52 
 1430      5F4E554C 
 1430      4C00
 1431              	.LASF81:
 1432 02bf 45455F73 		.ascii	"EE_std_endcycle_next_tid\000"
 1432      74645F65 
 1432      6E646379 
 1432      636C655F 
 1432      6E657874 
 1433              	.LASF87:
 1434 02d8 453A5C4E 		.ascii	"E:\\New_Dell_Laptop_18.04.2021\\Drive_D\\hda\\Summe"
 1434      65775F44 
 1434      656C6C5F 
 1434      4C617074 
 1434      6F705F31 
 1435 0307 725F5365 		.ascii	"r_Semester_2020\\Embedded Architecture and Applicat"
 1435      6D657374 
 1435      65725F32 
 1435      3032305C 
 1435      456D6265 
 1436 0339 696F6E5C 		.ascii	"ion\\Lab1\\Work_Space_RTE\\RTE_Electronic_Clock.cyd"
 1436      4C616231 
ARM GAS  C:\Users\Reza\AppData\Local\Temp\ccPLDLHj.s 			page 31


 1436      5C576F72 
 1436      6B5F5370 
 1436      6163655F 
 1437 0369 736E00   		.ascii	"sn\000"
 1438              	.LASF5:
 1439 036c 73686F72 		.ascii	"short unsigned int\000"
 1439      7420756E 
 1439      7369676E 
 1439      65642069 
 1439      6E7400
 1440              	.LASF56:
 1441 037f 5254455F 		.ascii	"RTE_cyclicTable_t\000"
 1441      6379636C 
 1441      69635461 
 1441      626C655F 
 1441      7400
 1442              	.LASF22:
 1443 0391 45455F49 		.ascii	"EE_INT32\000"
 1443      4E543332 
 1443      00
 1444              	.LASF19:
 1445 039a 63686172 		.ascii	"char\000"
 1445      00
 1446              	.LASF36:
 1447 039f 52435F45 		.ascii	"RC_ERROR_BUFFER_FULL\000"
 1447      52524F52 
 1447      5F425546 
 1447      4645525F 
 1447      46554C4C 
 1448              	.LASF15:
 1449 03b4 696E7433 		.ascii	"int32_t\000"
 1449      325F7400 
 1450              	.LASF76:
 1451 03bc 5254455F 		.ascii	"RTE_ProcessEventTable\000"
 1451      50726F63 
 1451      65737345 
 1451      76656E74 
 1451      5461626C 
 1452              	.LASF65:
 1453 03d2 72756E5F 		.ascii	"run_calculateControl\000"
 1453      63616C63 
 1453      756C6174 
 1453      65436F6E 
 1453      74726F6C 
 1454              	.LASF84:
 1455 03e7 72756E6E 		.ascii	"runnables\000"
 1455      61626C65 
 1455      7300
 1456              	.LASF74:
 1457 03f1 746F7461 		.ascii	"totalTime\000"
 1457      6C54696D 
 1457      6500
 1458              	.LASF48:
 1459 03fb 52435F45 		.ascii	"RC_ERROR_BAD_PARAM\000"
 1459      52524F52 
 1459      5F424144 
 1459      5F504152 
ARM GAS  C:\Users\Reza\AppData\Local\Temp\ccPLDLHj.s 			page 32


 1459      414D00
 1460              	.LASF29:
 1461 040e 52435F45 		.ascii	"RC_ERROR\000"
 1461      52524F52 
 1461      00
 1462              	.LASF77:
 1463 0417 64617461 		.ascii	"data\000"
 1463      00
 1464              	.LASF80:
 1465 041c 45455F41 		.ascii	"EE_ApplicationMode\000"
 1465      70706C69 
 1465      63617469 
 1465      6F6E4D6F 
 1465      646500
 1466              	.LASF9:
 1467 042f 6C6F6E67 		.ascii	"long unsigned int\000"
 1467      20756E73 
 1467      69676E65 
 1467      6420696E 
 1467      7400
 1468              	.LASF18:
 1469 0441 646F7562 		.ascii	"double\000"
 1469      6C6500
 1470              	.LASF41:
 1471 0448 52435F45 		.ascii	"RC_ERROR_CHECKSUM\000"
 1471      52524F52 
 1471      5F434845 
 1471      434B5355 
 1471      4D00
 1472              	.LASF67:
 1473 045a 72756E5F 		.ascii	"run_setBrakeLight\000"
 1473      73657442 
 1473      72616B65 
 1473      4C696768 
 1473      7400
 1474              	.LASF72:
 1475 046c 7461626C 		.ascii	"tableSize\000"
 1475      6553697A 
 1475      6500
 1476              	.LASF63:
 1477 0476 4C45445F 		.ascii	"LED_ALL\000"
 1477      414C4C00 
 1478              	.LASF69:
 1479 047e 62797465 		.ascii	"byte\000"
 1479      00
 1480              	.LASF6:
 1481 0483 5F5F696E 		.ascii	"__int32_t\000"
 1481      7433325F 
 1481      7400
 1482              	.LASF75:
 1483 048d 5254455F 		.ascii	"RTE_ProcessCyclicTable\000"
 1483      50726F63 
 1483      65737343 
 1483      79636C69 
 1483      63546162 
 1484              	.LASF86:
 1485 04a4 736F7572 		.ascii	"source\\rte\\rte.c\000"
ARM GAS  C:\Users\Reza\AppData\Local\Temp\ccPLDLHj.s 			page 33


 1485      63655C72 
 1485      74655C72 
 1485      74652E63 
 1485      00
 1486              	.LASF50:
 1487 04b5 52435F45 		.ascii	"RC_ERROR_CANCELED\000"
 1487      52524F52 
 1487      5F43414E 
 1487      43454C45 
 1487      4400
 1488              	.LASF73:
 1489 04c7 74696D65 		.ascii	"time\000"
 1489      00
 1490              	.LASF54:
 1491 04cc 5254455F 		.ascii	"RTE_pRunnable\000"
 1491      7052756E 
 1491      6E61626C 
 1491      6500
 1492              	.LASF83:
 1493 04da 49544D5F 		.ascii	"ITM_RxBuffer\000"
 1493      52784275 
 1493      66666572 
 1493      00
 1494              	.LASF85:
 1495 04e7 474E5520 		.ascii	"GNU C11 5.4.1 20160609 (release) [ARM/embedded-5-br"
 1495      43313120 
 1495      352E342E 
 1495      31203230 
 1495      31363036 
 1496 051a 616E6368 		.ascii	"anch revision 237715] -mcpu=cortex-m3 -mthumb -g -O"
 1496      20726576 
 1496      6973696F 
 1496      6E203233 
 1496      37373135 
 1497 054d 67202D66 		.ascii	"g -ffunction-sections -ffat-lto-objects\000"
 1497      66756E63 
 1497      74696F6E 
 1497      2D736563 
 1497      74696F6E 
 1498              	.LASF32:
 1499 0575 52435F45 		.ascii	"RC_ERROR_MEMORY\000"
 1499      52524F52 
 1499      5F4D454D 
 1499      4F525900 
 1500              	.LASF78:
 1501 0585 45455F6F 		.ascii	"EE_oo_IRQ_disable_count\000"
 1501      6F5F4952 
 1501      515F6469 
 1501      7361626C 
 1501      655F636F 
 1502              	.LASF37:
 1503 059d 52435F45 		.ascii	"RC_ERROR_BUFFER_EMTPY\000"
 1503      52524F52 
 1503      5F425546 
 1503      4645525F 
 1503      454D5450 
 1504              	.LASF53:
ARM GAS  C:\Users\Reza\AppData\Local\Temp\ccPLDLHj.s 			page 34


 1505 05b3 52435F74 		.ascii	"RC_t\000"
 1505      00
 1506              	.LASF39:
 1507 05b8 52435F45 		.ascii	"RC_ERROR_TIME_OUT\000"
 1507      52524F52 
 1507      5F54494D 
 1507      455F4F55 
 1507      5400
 1508              		.ident	"GCC: (GNU Tools for ARM Embedded Processors) 5.4.1 20160609 (release) [ARM/embedded-5-bran
