ARM GAS  C:\Users\Reza\AppData\Local\Temp\ccZYCSlv.s 			page 1


   1              		.syntax unified
   2              		.cpu cortex-m3
   3              		.fpu softvfp
   4              		.eabi_attribute 20, 1
   5              		.eabi_attribute 21, 1
   6              		.eabi_attribute 23, 3
   7              		.eabi_attribute 24, 1
   8              		.eabi_attribute 25, 1
   9              		.eabi_attribute 26, 1
  10              		.eabi_attribute 30, 1
  11              		.eabi_attribute 34, 1
  12              		.eabi_attribute 18, 4
  13              		.thumb
  14              		.syntax unified
  15              		.file	"rte_activation.c"
  16              		.text
  17              	.Ltext0:
  18              		.cfi_sections	.debug_frame
  19              		.global	RTE_eventActivation_size
  20              		.global	RTE_eventActivationTable
  21              		.global	RTE_cyclicActivation_size
  22              		.global	RTE_cyclicActivationTable
  23              		.section	.rodata
  24              		.align	2
  25              		.type	RTE_eventActivation_size, %object
  26              		.size	RTE_eventActivation_size, 2
  27              	RTE_eventActivation_size:
  28 0000 0400     		.short	4
  29 0002 0000     		.space	2
  30              		.type	RTE_eventActivationTable, %object
  31              		.size	RTE_eventActivationTable, 32
  32              	RTE_eventActivationTable:
  33 0004 00000000 		.word	run_calculateControl
  34 0008 01000000 		.word	1
  35 000c 00000000 		.word	run_setEngine
  36 0010 02000000 		.word	2
  37 0014 00000000 		.word	run_setBrakeLight
  38 0018 02000000 		.word	2
  39 001c 00000000 		.word	run_setLcd
  40 0020 02000000 		.word	2
  41              		.type	RTE_cyclicActivation_size, %object
  42              		.size	RTE_cyclicActivation_size, 2
  43              	RTE_cyclicActivation_size:
  44 0024 0100     		.short	1
  45 0026 0000     		.space	2
  46              		.type	RTE_cyclicActivationTable, %object
  47              		.size	RTE_cyclicActivationTable, 8
  48              	RTE_cyclicActivationTable:
  49 0028 00000000 		.word	run_readJoystick
  50 002c E803     		.short	1000
  51 002e 0000     		.space	2
  52              		.text
  53              	.Letext0:
  54              		.file 1 "c:\\program files (x86)\\cypress\\psoc creator\\4.4\\psoc creator\\import\\gnu\\arm\\5.4.
  55              		.file 2 "c:\\program files (x86)\\cypress\\psoc creator\\4.4\\psoc creator\\import\\gnu\\arm\\5.4.
  56              		.file 3 "Generated_Source\\PSoC5/ErikaOS_1_common_ee_types.inc"
  57              		.file 4 "Generated_Source\\PSoC5/ErikaOS_1_cortex_mx_ee_cpu.inc"
ARM GAS  C:\Users\Reza\AppData\Local\Temp\ccZYCSlv.s 			page 2


  58              		.file 5 "Generated_Source\\PSoC5/ErikaOS_1_ee_oo_common.inc"
  59              		.file 6 "source\\rte\\rte.h"
  60              		.file 7 "Generated_Source\\PSoC5/ErikaOS_1_ee_oo_intfunc.inc"
  61              		.file 8 "Generated_Source\\PSoC5/ErikaOS_1_cortex_mx_ee_context.inc"
  62              		.file 9 "Generated_Source\\PSoC5/ErikaOS_1_common_ee_primitives.inc"
  63              		.file 10 "Generated_Source\\PSoC5/core_cm3.h"
  64              		.file 11 "source\\rte\\rte_activation.c"
  65              		.section	.debug_info,"",%progbits
  66              	.Ldebug_info0:
  67 0000 21020000 		.4byte	0x221
  68 0004 0400     		.2byte	0x4
  69 0006 00000000 		.4byte	.Ldebug_abbrev0
  70 000a 04       		.byte	0x4
  71 000b 01       		.uleb128 0x1
  72 000c BB000000 		.4byte	.LASF39
  73 0010 0C       		.byte	0xc
  74 0011 A3020000 		.4byte	.LASF40
  75 0015 D9020000 		.4byte	.LASF41
  76 0019 00000000 		.4byte	.Ldebug_line0
  77 001d 02       		.uleb128 0x2
  78 001e 01       		.byte	0x1
  79 001f 06       		.byte	0x6
  80 0020 BF020000 		.4byte	.LASF0
  81 0024 02       		.uleb128 0x2
  82 0025 01       		.byte	0x1
  83 0026 08       		.byte	0x8
  84 0027 AD000000 		.4byte	.LASF1
  85 002b 02       		.uleb128 0x2
  86 002c 02       		.byte	0x2
  87 002d 05       		.byte	0x5
  88 002e 87020000 		.4byte	.LASF2
  89 0032 03       		.uleb128 0x3
  90 0033 B6010000 		.4byte	.LASF4
  91 0037 01       		.byte	0x1
  92 0038 2B       		.byte	0x2b
  93 0039 3D000000 		.4byte	0x3d
  94 003d 02       		.uleb128 0x2
  95 003e 02       		.byte	0x2
  96 003f 07       		.byte	0x7
  97 0040 64010000 		.4byte	.LASF3
  98 0044 03       		.uleb128 0x3
  99 0045 2A000000 		.4byte	.LASF5
 100 0049 01       		.byte	0x1
 101 004a 3F       		.byte	0x3f
 102 004b 4F000000 		.4byte	0x4f
 103 004f 02       		.uleb128 0x2
 104 0050 04       		.byte	0x4
 105 0051 05       		.byte	0x5
 106 0052 9A020000 		.4byte	.LASF6
 107 0056 02       		.uleb128 0x2
 108 0057 04       		.byte	0x4
 109 0058 07       		.byte	0x7
 110 0059 52010000 		.4byte	.LASF7
 111 005d 02       		.uleb128 0x2
 112 005e 08       		.byte	0x8
 113 005f 05       		.byte	0x5
 114 0060 3E020000 		.4byte	.LASF8
ARM GAS  C:\Users\Reza\AppData\Local\Temp\ccZYCSlv.s 			page 3


 115 0064 02       		.uleb128 0x2
 116 0065 08       		.byte	0x8
 117 0066 07       		.byte	0x7
 118 0067 FF010000 		.4byte	.LASF9
 119 006b 04       		.uleb128 0x4
 120 006c 04       		.byte	0x4
 121 006d 05       		.byte	0x5
 122 006e 696E7400 		.ascii	"int\000"
 123 0072 02       		.uleb128 0x2
 124 0073 04       		.byte	0x4
 125 0074 07       		.byte	0x7
 126 0075 E0010000 		.4byte	.LASF10
 127 0079 03       		.uleb128 0x3
 128 007a 91020000 		.4byte	.LASF11
 129 007e 02       		.byte	0x2
 130 007f 24       		.byte	0x24
 131 0080 32000000 		.4byte	0x32
 132 0084 03       		.uleb128 0x3
 133 0085 7C000000 		.4byte	.LASF12
 134 0089 02       		.byte	0x2
 135 008a 2C       		.byte	0x2c
 136 008b 44000000 		.4byte	0x44
 137 008f 02       		.uleb128 0x2
 138 0090 04       		.byte	0x4
 139 0091 04       		.byte	0x4
 140 0092 84000000 		.4byte	.LASF13
 141 0096 02       		.uleb128 0x2
 142 0097 08       		.byte	0x8
 143 0098 04       		.byte	0x4
 144 0099 C1010000 		.4byte	.LASF14
 145 009d 02       		.uleb128 0x2
 146 009e 01       		.byte	0x1
 147 009f 08       		.byte	0x8
 148 00a0 4C020000 		.4byte	.LASF15
 149 00a4 05       		.uleb128 0x5
 150 00a5 04       		.byte	0x4
 151 00a6 AA000000 		.4byte	0xaa
 152 00aa 06       		.uleb128 0x6
 153 00ab 02       		.uleb128 0x2
 154 00ac 08       		.byte	0x8
 155 00ad 04       		.byte	0x4
 156 00ae 29020000 		.4byte	.LASF16
 157 00b2 02       		.uleb128 0x2
 158 00b3 04       		.byte	0x4
 159 00b4 07       		.byte	0x7
 160 00b5 35020000 		.4byte	.LASF17
 161 00b9 03       		.uleb128 0x3
 162 00ba 49010000 		.4byte	.LASF18
 163 00be 03       		.byte	0x3
 164 00bf 53       		.byte	0x53
 165 00c0 6B000000 		.4byte	0x6b
 166 00c4 03       		.uleb128 0x3
 167 00c5 F5010000 		.4byte	.LASF19
 168 00c9 03       		.byte	0x3
 169 00ca 54       		.byte	0x54
 170 00cb 72000000 		.4byte	0x72
 171 00cf 03       		.uleb128 0x3
ARM GAS  C:\Users\Reza\AppData\Local\Temp\ccZYCSlv.s 			page 4


 172 00d0 6A020000 		.4byte	.LASF20
 173 00d4 04       		.byte	0x4
 174 00d5 4D       		.byte	0x4d
 175 00d6 C4000000 		.4byte	0xc4
 176 00da 03       		.uleb128 0x3
 177 00db ED010000 		.4byte	.LASF21
 178 00df 04       		.byte	0x4
 179 00e0 4F       		.byte	0x4f
 180 00e1 C4000000 		.4byte	0xc4
 181 00e5 03       		.uleb128 0x3
 182 00e6 75000000 		.4byte	.LASF22
 183 00ea 04       		.byte	0x4
 184 00eb 78       		.byte	0x78
 185 00ec B9000000 		.4byte	0xb9
 186 00f0 07       		.uleb128 0x7
 187 00f1 4E000000 		.4byte	.LASF23
 188 00f5 05       		.byte	0x5
 189 00f6 2C02     		.2byte	0x22c
 190 00f8 CF000000 		.4byte	0xcf
 191 00fc 03       		.uleb128 0x3
 192 00fd CB020000 		.4byte	.LASF24
 193 0101 06       		.byte	0x6
 194 0102 64       		.byte	0x64
 195 0103 A4000000 		.4byte	0xa4
 196 0107 08       		.uleb128 0x8
 197 0108 08       		.byte	0x8
 198 0109 06       		.byte	0x6
 199 010a 69       		.byte	0x69
 200 010b 28010000 		.4byte	0x128
 201 010f 09       		.uleb128 0x9
 202 0110 72756E00 		.ascii	"run\000"
 203 0114 06       		.byte	0x6
 204 0115 6B       		.byte	0x6b
 205 0116 FC000000 		.4byte	0xfc
 206 011a 00       		.byte	0
 207 011b 0A       		.uleb128 0xa
 208 011c A3000000 		.4byte	.LASF25
 209 0120 06       		.byte	0x6
 210 0121 6C       		.byte	0x6c
 211 0122 79000000 		.4byte	0x79
 212 0126 04       		.byte	0x4
 213 0127 00       		.byte	0
 214 0128 03       		.uleb128 0x3
 215 0129 CE010000 		.4byte	.LASF26
 216 012d 06       		.byte	0x6
 217 012e 6D       		.byte	0x6d
 218 012f 07010000 		.4byte	0x107
 219 0133 08       		.uleb128 0x8
 220 0134 08       		.byte	0x8
 221 0135 06       		.byte	0x6
 222 0136 72       		.byte	0x72
 223 0137 54010000 		.4byte	0x154
 224 013b 09       		.uleb128 0x9
 225 013c 72756E00 		.ascii	"run\000"
 226 0140 06       		.byte	0x6
 227 0141 74       		.byte	0x74
 228 0142 FC000000 		.4byte	0xfc
ARM GAS  C:\Users\Reza\AppData\Local\Temp\ccZYCSlv.s 			page 5


 229 0146 00       		.byte	0
 230 0147 0A       		.uleb128 0xa
 231 0148 C8010000 		.4byte	.LASF27
 232 014c 06       		.byte	0x6
 233 014d 75       		.byte	0x75
 234 014e F0000000 		.4byte	0xf0
 235 0152 04       		.byte	0x4
 236 0153 00       		.byte	0
 237 0154 03       		.uleb128 0x3
 238 0155 19000000 		.4byte	.LASF28
 239 0159 06       		.byte	0x6
 240 015a 76       		.byte	0x76
 241 015b 33010000 		.4byte	0x133
 242 015f 0B       		.uleb128 0xb
 243 0160 77010000 		.4byte	.LASF29
 244 0164 07       		.byte	0x7
 245 0165 40       		.byte	0x40
 246 0166 CF000000 		.4byte	0xcf
 247 016a 0B       		.uleb128 0xb
 248 016b 5C000000 		.4byte	.LASF30
 249 016f 07       		.byte	0x7
 250 0170 47       		.byte	0x47
 251 0171 DA000000 		.4byte	0xda
 252 0175 0B       		.uleb128 0xb
 253 0176 16020000 		.4byte	.LASF31
 254 017a 07       		.byte	0x7
 255 017b 4A       		.byte	0x4a
 256 017c CF000000 		.4byte	0xcf
 257 0180 0B       		.uleb128 0xb
 258 0181 8A000000 		.4byte	.LASF32
 259 0185 08       		.byte	0x8
 260 0186 48       		.byte	0x48
 261 0187 E5000000 		.4byte	0xe5
 262 018b 0B       		.uleb128 0xb
 263 018c 72020000 		.4byte	.LASF33
 264 0190 09       		.byte	0x9
 265 0191 44       		.byte	0x44
 266 0192 CF000000 		.4byte	0xcf
 267 0196 0C       		.uleb128 0xc
 268 0197 8F010000 		.4byte	.LASF34
 269 019b 0A       		.byte	0xa
 270 019c 1207     		.2byte	0x712
 271 019e A2010000 		.4byte	0x1a2
 272 01a2 0D       		.uleb128 0xd
 273 01a3 84000000 		.4byte	0x84
 274 01a7 0E       		.uleb128 0xe
 275 01a8 B7010000 		.4byte	0x1b7
 276 01ac B7010000 		.4byte	0x1b7
 277 01b0 0F       		.uleb128 0xf
 278 01b1 B2000000 		.4byte	0xb2
 279 01b5 00       		.byte	0
 280 01b6 00       		.byte	0
 281 01b7 10       		.uleb128 0x10
 282 01b8 28010000 		.4byte	0x128
 283 01bc 11       		.uleb128 0x11
 284 01bd 34000000 		.4byte	.LASF35
 285 01c1 0B       		.byte	0xb
ARM GAS  C:\Users\Reza\AppData\Local\Temp\ccZYCSlv.s 			page 6


 286 01c2 16       		.byte	0x16
 287 01c3 CD010000 		.4byte	0x1cd
 288 01c7 05       		.uleb128 0x5
 289 01c8 03       		.byte	0x3
 290 01c9 00000000 		.4byte	RTE_cyclicActivationTable
 291 01cd 10       		.uleb128 0x10
 292 01ce A7010000 		.4byte	0x1a7
 293 01d2 11       		.uleb128 0x11
 294 01d3 9C010000 		.4byte	.LASF36
 295 01d7 0B       		.byte	0xb
 296 01d8 1B       		.byte	0x1b
 297 01d9 E3010000 		.4byte	0x1e3
 298 01dd 05       		.uleb128 0x5
 299 01de 03       		.byte	0x3
 300 01df 00000000 		.4byte	RTE_cyclicActivation_size
 301 01e3 10       		.uleb128 0x10
 302 01e4 79000000 		.4byte	0x79
 303 01e8 0E       		.uleb128 0xe
 304 01e9 F8010000 		.4byte	0x1f8
 305 01ed F8010000 		.4byte	0x1f8
 306 01f1 0F       		.uleb128 0xf
 307 01f2 B2000000 		.4byte	0xb2
 308 01f6 03       		.byte	0x3
 309 01f7 00       		.byte	0
 310 01f8 10       		.uleb128 0x10
 311 01f9 54010000 		.4byte	0x154
 312 01fd 11       		.uleb128 0x11
 313 01fe 51020000 		.4byte	.LASF37
 314 0202 0B       		.byte	0xb
 315 0203 1F       		.byte	0x1f
 316 0204 0E020000 		.4byte	0x20e
 317 0208 05       		.uleb128 0x5
 318 0209 03       		.byte	0x3
 319 020a 00000000 		.4byte	RTE_eventActivationTable
 320 020e 10       		.uleb128 0x10
 321 020f E8010000 		.4byte	0x1e8
 322 0213 11       		.uleb128 0x11
 323 0214 00000000 		.4byte	.LASF38
 324 0218 0B       		.byte	0xb
 325 0219 26       		.byte	0x26
 326 021a E3010000 		.4byte	0x1e3
 327 021e 05       		.uleb128 0x5
 328 021f 03       		.byte	0x3
 329 0220 00000000 		.4byte	RTE_eventActivation_size
 330 0224 00       		.byte	0
 331              		.section	.debug_abbrev,"",%progbits
 332              	.Ldebug_abbrev0:
 333 0000 01       		.uleb128 0x1
 334 0001 11       		.uleb128 0x11
 335 0002 01       		.byte	0x1
 336 0003 25       		.uleb128 0x25
 337 0004 0E       		.uleb128 0xe
 338 0005 13       		.uleb128 0x13
 339 0006 0B       		.uleb128 0xb
 340 0007 03       		.uleb128 0x3
 341 0008 0E       		.uleb128 0xe
 342 0009 1B       		.uleb128 0x1b
ARM GAS  C:\Users\Reza\AppData\Local\Temp\ccZYCSlv.s 			page 7


 343 000a 0E       		.uleb128 0xe
 344 000b 10       		.uleb128 0x10
 345 000c 17       		.uleb128 0x17
 346 000d 00       		.byte	0
 347 000e 00       		.byte	0
 348 000f 02       		.uleb128 0x2
 349 0010 24       		.uleb128 0x24
 350 0011 00       		.byte	0
 351 0012 0B       		.uleb128 0xb
 352 0013 0B       		.uleb128 0xb
 353 0014 3E       		.uleb128 0x3e
 354 0015 0B       		.uleb128 0xb
 355 0016 03       		.uleb128 0x3
 356 0017 0E       		.uleb128 0xe
 357 0018 00       		.byte	0
 358 0019 00       		.byte	0
 359 001a 03       		.uleb128 0x3
 360 001b 16       		.uleb128 0x16
 361 001c 00       		.byte	0
 362 001d 03       		.uleb128 0x3
 363 001e 0E       		.uleb128 0xe
 364 001f 3A       		.uleb128 0x3a
 365 0020 0B       		.uleb128 0xb
 366 0021 3B       		.uleb128 0x3b
 367 0022 0B       		.uleb128 0xb
 368 0023 49       		.uleb128 0x49
 369 0024 13       		.uleb128 0x13
 370 0025 00       		.byte	0
 371 0026 00       		.byte	0
 372 0027 04       		.uleb128 0x4
 373 0028 24       		.uleb128 0x24
 374 0029 00       		.byte	0
 375 002a 0B       		.uleb128 0xb
 376 002b 0B       		.uleb128 0xb
 377 002c 3E       		.uleb128 0x3e
 378 002d 0B       		.uleb128 0xb
 379 002e 03       		.uleb128 0x3
 380 002f 08       		.uleb128 0x8
 381 0030 00       		.byte	0
 382 0031 00       		.byte	0
 383 0032 05       		.uleb128 0x5
 384 0033 0F       		.uleb128 0xf
 385 0034 00       		.byte	0
 386 0035 0B       		.uleb128 0xb
 387 0036 0B       		.uleb128 0xb
 388 0037 49       		.uleb128 0x49
 389 0038 13       		.uleb128 0x13
 390 0039 00       		.byte	0
 391 003a 00       		.byte	0
 392 003b 06       		.uleb128 0x6
 393 003c 15       		.uleb128 0x15
 394 003d 00       		.byte	0
 395 003e 27       		.uleb128 0x27
 396 003f 19       		.uleb128 0x19
 397 0040 00       		.byte	0
 398 0041 00       		.byte	0
 399 0042 07       		.uleb128 0x7
ARM GAS  C:\Users\Reza\AppData\Local\Temp\ccZYCSlv.s 			page 8


 400 0043 16       		.uleb128 0x16
 401 0044 00       		.byte	0
 402 0045 03       		.uleb128 0x3
 403 0046 0E       		.uleb128 0xe
 404 0047 3A       		.uleb128 0x3a
 405 0048 0B       		.uleb128 0xb
 406 0049 3B       		.uleb128 0x3b
 407 004a 05       		.uleb128 0x5
 408 004b 49       		.uleb128 0x49
 409 004c 13       		.uleb128 0x13
 410 004d 00       		.byte	0
 411 004e 00       		.byte	0
 412 004f 08       		.uleb128 0x8
 413 0050 13       		.uleb128 0x13
 414 0051 01       		.byte	0x1
 415 0052 0B       		.uleb128 0xb
 416 0053 0B       		.uleb128 0xb
 417 0054 3A       		.uleb128 0x3a
 418 0055 0B       		.uleb128 0xb
 419 0056 3B       		.uleb128 0x3b
 420 0057 0B       		.uleb128 0xb
 421 0058 01       		.uleb128 0x1
 422 0059 13       		.uleb128 0x13
 423 005a 00       		.byte	0
 424 005b 00       		.byte	0
 425 005c 09       		.uleb128 0x9
 426 005d 0D       		.uleb128 0xd
 427 005e 00       		.byte	0
 428 005f 03       		.uleb128 0x3
 429 0060 08       		.uleb128 0x8
 430 0061 3A       		.uleb128 0x3a
 431 0062 0B       		.uleb128 0xb
 432 0063 3B       		.uleb128 0x3b
 433 0064 0B       		.uleb128 0xb
 434 0065 49       		.uleb128 0x49
 435 0066 13       		.uleb128 0x13
 436 0067 38       		.uleb128 0x38
 437 0068 0B       		.uleb128 0xb
 438 0069 00       		.byte	0
 439 006a 00       		.byte	0
 440 006b 0A       		.uleb128 0xa
 441 006c 0D       		.uleb128 0xd
 442 006d 00       		.byte	0
 443 006e 03       		.uleb128 0x3
 444 006f 0E       		.uleb128 0xe
 445 0070 3A       		.uleb128 0x3a
 446 0071 0B       		.uleb128 0xb
 447 0072 3B       		.uleb128 0x3b
 448 0073 0B       		.uleb128 0xb
 449 0074 49       		.uleb128 0x49
 450 0075 13       		.uleb128 0x13
 451 0076 38       		.uleb128 0x38
 452 0077 0B       		.uleb128 0xb
 453 0078 00       		.byte	0
 454 0079 00       		.byte	0
 455 007a 0B       		.uleb128 0xb
 456 007b 34       		.uleb128 0x34
ARM GAS  C:\Users\Reza\AppData\Local\Temp\ccZYCSlv.s 			page 9


 457 007c 00       		.byte	0
 458 007d 03       		.uleb128 0x3
 459 007e 0E       		.uleb128 0xe
 460 007f 3A       		.uleb128 0x3a
 461 0080 0B       		.uleb128 0xb
 462 0081 3B       		.uleb128 0x3b
 463 0082 0B       		.uleb128 0xb
 464 0083 49       		.uleb128 0x49
 465 0084 13       		.uleb128 0x13
 466 0085 3F       		.uleb128 0x3f
 467 0086 19       		.uleb128 0x19
 468 0087 3C       		.uleb128 0x3c
 469 0088 19       		.uleb128 0x19
 470 0089 00       		.byte	0
 471 008a 00       		.byte	0
 472 008b 0C       		.uleb128 0xc
 473 008c 34       		.uleb128 0x34
 474 008d 00       		.byte	0
 475 008e 03       		.uleb128 0x3
 476 008f 0E       		.uleb128 0xe
 477 0090 3A       		.uleb128 0x3a
 478 0091 0B       		.uleb128 0xb
 479 0092 3B       		.uleb128 0x3b
 480 0093 05       		.uleb128 0x5
 481 0094 49       		.uleb128 0x49
 482 0095 13       		.uleb128 0x13
 483 0096 3F       		.uleb128 0x3f
 484 0097 19       		.uleb128 0x19
 485 0098 3C       		.uleb128 0x3c
 486 0099 19       		.uleb128 0x19
 487 009a 00       		.byte	0
 488 009b 00       		.byte	0
 489 009c 0D       		.uleb128 0xd
 490 009d 35       		.uleb128 0x35
 491 009e 00       		.byte	0
 492 009f 49       		.uleb128 0x49
 493 00a0 13       		.uleb128 0x13
 494 00a1 00       		.byte	0
 495 00a2 00       		.byte	0
 496 00a3 0E       		.uleb128 0xe
 497 00a4 01       		.uleb128 0x1
 498 00a5 01       		.byte	0x1
 499 00a6 49       		.uleb128 0x49
 500 00a7 13       		.uleb128 0x13
 501 00a8 01       		.uleb128 0x1
 502 00a9 13       		.uleb128 0x13
 503 00aa 00       		.byte	0
 504 00ab 00       		.byte	0
 505 00ac 0F       		.uleb128 0xf
 506 00ad 21       		.uleb128 0x21
 507 00ae 00       		.byte	0
 508 00af 49       		.uleb128 0x49
 509 00b0 13       		.uleb128 0x13
 510 00b1 2F       		.uleb128 0x2f
 511 00b2 0B       		.uleb128 0xb
 512 00b3 00       		.byte	0
 513 00b4 00       		.byte	0
ARM GAS  C:\Users\Reza\AppData\Local\Temp\ccZYCSlv.s 			page 10


 514 00b5 10       		.uleb128 0x10
 515 00b6 26       		.uleb128 0x26
 516 00b7 00       		.byte	0
 517 00b8 49       		.uleb128 0x49
 518 00b9 13       		.uleb128 0x13
 519 00ba 00       		.byte	0
 520 00bb 00       		.byte	0
 521 00bc 11       		.uleb128 0x11
 522 00bd 34       		.uleb128 0x34
 523 00be 00       		.byte	0
 524 00bf 03       		.uleb128 0x3
 525 00c0 0E       		.uleb128 0xe
 526 00c1 3A       		.uleb128 0x3a
 527 00c2 0B       		.uleb128 0xb
 528 00c3 3B       		.uleb128 0x3b
 529 00c4 0B       		.uleb128 0xb
 530 00c5 49       		.uleb128 0x49
 531 00c6 13       		.uleb128 0x13
 532 00c7 3F       		.uleb128 0x3f
 533 00c8 19       		.uleb128 0x19
 534 00c9 02       		.uleb128 0x2
 535 00ca 18       		.uleb128 0x18
 536 00cb 00       		.byte	0
 537 00cc 00       		.byte	0
 538 00cd 00       		.byte	0
 539              		.section	.debug_aranges,"",%progbits
 540 0000 14000000 		.4byte	0x14
 541 0004 0200     		.2byte	0x2
 542 0006 00000000 		.4byte	.Ldebug_info0
 543 000a 04       		.byte	0x4
 544 000b 00       		.byte	0
 545 000c 0000     		.2byte	0
 546 000e 0000     		.2byte	0
 547 0010 00000000 		.4byte	0
 548 0014 00000000 		.4byte	0
 549              		.section	.debug_line,"",%progbits
 550              	.Ldebug_line0:
 551 0000 2F020000 		.section	.debug_str,"MS",%progbits,1
 551      02002902 
 551      00000201 
 551      FB0E0D00 
 551      01010101 
 552              	.LASF38:
 553 0000 5254455F 		.ascii	"RTE_eventActivation_size\000"
 553      6576656E 
 553      74416374 
 553      69766174 
 553      696F6E5F 
 554              	.LASF28:
 555 0019 5254455F 		.ascii	"RTE_eventTable_t\000"
 555      6576656E 
 555      74546162 
 555      6C655F74 
 555      00
 556              	.LASF5:
 557 002a 5F5F696E 		.ascii	"__int32_t\000"
 557      7433325F 
ARM GAS  C:\Users\Reza\AppData\Local\Temp\ccZYCSlv.s 			page 11


 557      7400
 558              	.LASF35:
 559 0034 5254455F 		.ascii	"RTE_cyclicActivationTable\000"
 559      6379636C 
 559      69634163 
 559      74697661 
 559      74696F6E 
 560              	.LASF23:
 561 004e 4576656E 		.ascii	"EventMaskType\000"
 561      744D6173 
 561      6B547970 
 561      6500
 562              	.LASF30:
 563 005c 45455F6F 		.ascii	"EE_oo_IRQ_suspend_status\000"
 563      6F5F4952 
 563      515F7375 
 563      7370656E 
 563      645F7374 
 564              	.LASF22:
 565 0075 45455F54 		.ascii	"EE_TID\000"
 565      494400
 566              	.LASF12:
 567 007c 696E7433 		.ascii	"int32_t\000"
 567      325F7400 
 568              	.LASF13:
 569 0084 666C6F61 		.ascii	"float\000"
 569      7400
 570              	.LASF32:
 571 008a 45455F73 		.ascii	"EE_std_endcycle_next_tid\000"
 571      74645F65 
 571      6E646379 
 571      636C655F 
 571      6E657874 
 572              	.LASF25:
 573 00a3 6379636C 		.ascii	"cycleTime\000"
 573      6554696D 
 573      6500
 574              	.LASF1:
 575 00ad 756E7369 		.ascii	"unsigned char\000"
 575      676E6564 
 575      20636861 
 575      7200
 576              	.LASF39:
 577 00bb 474E5520 		.ascii	"GNU C11 5.4.1 20160609 (release) [ARM/embedded-5-br"
 577      43313120 
 577      352E342E 
 577      31203230 
 577      31363036 
 578 00ee 616E6368 		.ascii	"anch revision 237715] -mcpu=cortex-m3 -mthumb -g -O"
 578      20726576 
 578      6973696F 
 578      6E203233 
 578      37373135 
 579 0121 67202D66 		.ascii	"g -ffunction-sections -ffat-lto-objects\000"
 579      66756E63 
 579      74696F6E 
 579      2D736563 
ARM GAS  C:\Users\Reza\AppData\Local\Temp\ccZYCSlv.s 			page 12


 579      74696F6E 
 580              	.LASF18:
 581 0149 45455F49 		.ascii	"EE_INT32\000"
 581      4E543332 
 581      00
 582              	.LASF7:
 583 0152 6C6F6E67 		.ascii	"long unsigned int\000"
 583      20756E73 
 583      69676E65 
 583      6420696E 
 583      7400
 584              	.LASF3:
 585 0164 73686F72 		.ascii	"short unsigned int\000"
 585      7420756E 
 585      7369676E 
 585      65642069 
 585      6E7400
 586              	.LASF29:
 587 0177 45455F6F 		.ascii	"EE_oo_IRQ_disable_count\000"
 587      6F5F4952 
 587      515F6469 
 587      7361626C 
 587      655F636F 
 588              	.LASF34:
 589 018f 49544D5F 		.ascii	"ITM_RxBuffer\000"
 589      52784275 
 589      66666572 
 589      00
 590              	.LASF36:
 591 019c 5254455F 		.ascii	"RTE_cyclicActivation_size\000"
 591      6379636C 
 591      69634163 
 591      74697661 
 591      74696F6E 
 592              	.LASF4:
 593 01b6 5F5F7569 		.ascii	"__uint16_t\000"
 593      6E743136 
 593      5F7400
 594              	.LASF14:
 595 01c1 646F7562 		.ascii	"double\000"
 595      6C6500
 596              	.LASF27:
 597 01c8 6576656E 		.ascii	"event\000"
 597      7400
 598              	.LASF26:
 599 01ce 5254455F 		.ascii	"RTE_cyclicTable_t\000"
 599      6379636C 
 599      69635461 
 599      626C655F 
 599      7400
 600              	.LASF10:
 601 01e0 756E7369 		.ascii	"unsigned int\000"
 601      676E6564 
 601      20696E74 
 601      00
 602              	.LASF21:
 603 01ed 45455F46 		.ascii	"EE_FREG\000"
ARM GAS  C:\Users\Reza\AppData\Local\Temp\ccZYCSlv.s 			page 13


 603      52454700 
 604              	.LASF19:
 605 01f5 45455F55 		.ascii	"EE_UINT32\000"
 605      494E5433 
 605      3200
 606              	.LASF9:
 607 01ff 6C6F6E67 		.ascii	"long long unsigned int\000"
 607      206C6F6E 
 607      6720756E 
 607      7369676E 
 607      65642069 
 608              	.LASF31:
 609 0216 45455F41 		.ascii	"EE_ApplicationMode\000"
 609      70706C69 
 609      63617469 
 609      6F6E4D6F 
 609      646500
 610              	.LASF16:
 611 0229 6C6F6E67 		.ascii	"long double\000"
 611      20646F75 
 611      626C6500 
 612              	.LASF17:
 613 0235 73697A65 		.ascii	"sizetype\000"
 613      74797065 
 613      00
 614              	.LASF8:
 615 023e 6C6F6E67 		.ascii	"long long int\000"
 615      206C6F6E 
 615      6720696E 
 615      7400
 616              	.LASF15:
 617 024c 63686172 		.ascii	"char\000"
 617      00
 618              	.LASF37:
 619 0251 5254455F 		.ascii	"RTE_eventActivationTable\000"
 619      6576656E 
 619      74416374 
 619      69766174 
 619      696F6E54 
 620              	.LASF20:
 621 026a 45455F55 		.ascii	"EE_UREG\000"
 621      52454700 
 622              	.LASF33:
 623 0272 45455F49 		.ascii	"EE_IRQ_nesting_level\000"
 623      52515F6E 
 623      65737469 
 623      6E675F6C 
 623      6576656C 
 624              	.LASF2:
 625 0287 73686F72 		.ascii	"short int\000"
 625      7420696E 
 625      7400
 626              	.LASF11:
 627 0291 75696E74 		.ascii	"uint16_t\000"
 627      31365F74 
 627      00
 628              	.LASF6:
ARM GAS  C:\Users\Reza\AppData\Local\Temp\ccZYCSlv.s 			page 14


 629 029a 6C6F6E67 		.ascii	"long int\000"
 629      20696E74 
 629      00
 630              	.LASF40:
 631 02a3 736F7572 		.ascii	"source\\rte\\rte_activation.c\000"
 631      63655C72 
 631      74655C72 
 631      74655F61 
 631      63746976 
 632              	.LASF0:
 633 02bf 7369676E 		.ascii	"signed char\000"
 633      65642063 
 633      68617200 
 634              	.LASF24:
 635 02cb 5254455F 		.ascii	"RTE_pRunnable\000"
 635      7052756E 
 635      6E61626C 
 635      6500
 636              	.LASF41:
 637 02d9 453A5C4E 		.ascii	"E:\\New_Dell_Laptop_18.04.2021\\Drive_D\\hda\\Summe"
 637      65775F44 
 637      656C6C5F 
 637      4C617074 
 637      6F705F31 
 638 0308 725F5365 		.ascii	"r_Semester_2020\\Embedded Architecture and Applicat"
 638      6D657374 
 638      65725F32 
 638      3032305C 
 638      456D6265 
 639 033a 696F6E5C 		.ascii	"ion\\Lab1\\Work_Space_RTE\\RTE_Electronic_Clock.cyd"
 639      4C616231 
 639      5C576F72 
 639      6B5F5370 
 639      6163655F 
 640 036a 736E00   		.ascii	"sn\000"
 641              		.ident	"GCC: (GNU Tools for ARM Embedded Processors) 5.4.1 20160609 (release) [ARM/embedded-5-bran
