ARM GAS  C:\Users\Reza\AppData\Local\Temp\ccfwHNKX.s 			page 1


   1              		.syntax unified
   2              		.cpu cortex-m3
   3              		.fpu softvfp
   4              		.eabi_attribute 20, 1
   5              		.eabi_attribute 21, 1
   6              		.eabi_attribute 23, 3
   7              		.eabi_attribute 24, 1
   8              		.eabi_attribute 25, 1
   9              		.eabi_attribute 26, 1
  10              		.eabi_attribute 30, 1
  11              		.eabi_attribute 34, 1
  12              		.eabi_attribute 18, 4
  13              		.thumb
  14              		.syntax unified
  15              		.file	"swc_brakelight.c"
  16              		.text
  17              	.Ltext0:
  18              		.cfi_sections	.debug_frame
  19              		.section	.text.run_setBrakeLight,"ax",%progbits
  20              		.align	2
  21              		.global	run_setBrakeLight
  22              		.thumb
  23              		.thumb_func
  24              		.type	run_setBrakeLight, %function
  25              	run_setBrakeLight:
  26              	.LFB150:
  27              		.file 1 "source\\asw\\swc_brakelight.c"
   1:source\asw/swc_brakelight.c **** /**************************************************
   2:source\asw/swc_brakelight.c ****  ** Software Component SWC_Remote
   3:source\asw/swc_brakelight.c ****  ** autogenerated by H-DA RTE Generator
   4:source\asw/swc_brakelight.c ****  **************************************************/
   5:source\asw/swc_brakelight.c **** 
   6:source\asw/swc_brakelight.c **** #include "rte.h"
   7:source\asw/swc_brakelight.c **** #include "rte_signalpool.h"
   8:source\asw/swc_brakelight.c **** 
   9:source\asw/swc_brakelight.c **** #include "logging.h"
  10:source\asw/swc_brakelight.c **** #include "swc_brakelight.h"
  11:source\asw/swc_brakelight.c **** #include "led.h"
  12:source\asw/swc_brakelight.c **** #include "watchdog.h"
  13:source\asw/swc_brakelight.c **** 
  14:source\asw/swc_brakelight.c **** /* Runnables */
  15:source\asw/swc_brakelight.c **** void run_setBrakeLight()
  16:source\asw/swc_brakelight.c **** {
  28              		.loc 1 16 0
  29              		.cfi_startproc
  30              		@ args = 0, pretend = 0, frame = 0
  31              		@ frame_needed = 0, uses_anonymous_args = 0
  32 0000 08B5     		push	{r3, lr}
  33              		.cfi_def_cfa_offset 8
  34              		.cfi_offset 3, -8
  35              		.cfi_offset 14, -4
  36              	.LVL0:
  37              	.LBB4:
  38              	.LBB5:
  39              		.file 2 ".\\source\\rte/gpio_signal.h"
   1:.\source\rte/gpio_signal.h **** /**
   2:.\source\rte/gpio_signal.h **** *  file    GPIO_signal.h
ARM GAS  C:\Users\Reza\AppData\Local\Temp\ccfwHNKX.s 			page 2


   3:.\source\rte/gpio_signal.h **** *
   4:.\source\rte/gpio_signal.h **** *  brief   signal base class for signal gpio
   5:.\source\rte/gpio_signal.h **** *
   6:.\source\rte/gpio_signal.h **** *  author  Autogenerated, Peter Fromm       <peter.fromm@h-da.de>
   7:.\source\rte/gpio_signal.h **** *
   8:.\source\rte/gpio_signal.h **** *
   9:.\source\rte/gpio_signal.h **** */
  10:.\source\rte/gpio_signal.h **** 
  11:.\source\rte/gpio_signal.h **** #ifndef GPIO_SIGNAL_H_INCLUDED
  12:.\source\rte/gpio_signal.h **** #define GPIO_SIGNAL_H_INCLUDED
  13:.\source\rte/gpio_signal.h **** 
  14:.\source\rte/gpio_signal.h **** /*================================================[ configuration  ]===============================
  15:.\source\rte/gpio_signal.h **** #define GPIO_DATATRIGGER OFF
  16:.\source\rte/gpio_signal.h **** 
  17:.\source\rte/gpio_signal.h **** /*================================================[ public includes  ]=============================
  18:.\source\rte/gpio_signal.h **** #include "global.h"
  19:.\source\rte/gpio_signal.h **** #include "project.h"
  20:.\source\rte/gpio_signal.h **** #include "rte.h"
  21:.\source\rte/gpio_signal.h **** 
  22:.\source\rte/gpio_signal.h **** #include "gpio_type.h"
  23:.\source\rte/gpio_signal.h **** 
  24:.\source\rte/gpio_signal.h **** 
  25:.\source\rte/gpio_signal.h **** /**************************************************************************************************
  26:.\source\rte/gpio_signal.h **** /* The driver API block																						*/
  27:.\source\rte/gpio_signal.h **** /**************************************************************************************************
  28:.\source\rte/gpio_signal.h ****                                                                                                    
  29:.\source\rte/gpio_signal.h **** /**
  30:.\source\rte/gpio_signal.h ****  *  Definition of function types for driver interfaces.
  31:.\source\rte/gpio_signal.h ****  *  I-Port
  32:.\source\rte/gpio_signal.h ****  */
  33:.\source\rte/gpio_signal.h **** typedef RC_t (*GPIO_driverIn_t)(GPIO_data_t * const);
  34:.\source\rte/gpio_signal.h **** 
  35:.\source\rte/gpio_signal.h **** /**
  36:.\source\rte/gpio_signal.h ****  *  Definition of function types for driver interfaces.
  37:.\source\rte/gpio_signal.h ****  *  O-Port
  38:.\source\rte/gpio_signal.h ****  */
  39:.\source\rte/gpio_signal.h **** typedef RC_t (*GPIO_driverOut_t)( const GPIO_data_t * const);
  40:.\source\rte/gpio_signal.h **** 
  41:.\source\rte/gpio_signal.h **** 
  42:.\source\rte/gpio_signal.h **** /**************************************************************************************************
  43:.\source\rte/gpio_signal.h **** /* The signal configuration API block																				*/
  44:.\source\rte/gpio_signal.h **** /**************************************************************************************************
  45:.\source\rte/gpio_signal.h **** 
  46:.\source\rte/gpio_signal.h **** /**
  47:.\source\rte/gpio_signal.h ****  * Instances of the struct GPIO_cfg_t represent the signal object configuration.
  48:.\source\rte/gpio_signal.h ****  */
  49:.\source\rte/gpio_signal.h **** struct GPIO_cfg_s
  50:.\source\rte/gpio_signal.h **** {
  51:.\source\rte/gpio_signal.h ****     /**
  52:.\source\rte/gpio_signal.h ****      * Function pointer to the input driver
  53:.\source\rte/gpio_signal.h ****      */
  54:.\source\rte/gpio_signal.h ****     GPIO_driverIn_t const inDriver;
  55:.\source\rte/gpio_signal.h **** 
  56:.\source\rte/gpio_signal.h ****     /**
  57:.\source\rte/gpio_signal.h ****      * Function pointer to the output driver table
  58:.\source\rte/gpio_signal.h ****      */
  59:.\source\rte/gpio_signal.h ****    GPIO_driverOut_t const outDriver;
ARM GAS  C:\Users\Reza\AppData\Local\Temp\ccfwHNKX.s 			page 3


  60:.\source\rte/gpio_signal.h ****    
  61:.\source\rte/gpio_signal.h ****     /**
  62:.\source\rte/gpio_signal.h ****      * Event onUpdate
  63:.\source\rte/gpio_signal.h ****      */
  64:.\source\rte/gpio_signal.h ****     EventMaskType const evOnUpdate;
  65:.\source\rte/gpio_signal.h **** 
  66:.\source\rte/gpio_signal.h **** };                                                                                                 
  67:.\source\rte/gpio_signal.h **** typedef const struct GPIO_cfg_s GPIO_cfg_t;
  68:.\source\rte/gpio_signal.h ****                               
  69:.\source\rte/gpio_signal.h **** /**************************************************************************************************
  70:.\source\rte/gpio_signal.h **** /* The data interface block																							*/
  71:.\source\rte/gpio_signal.h **** /**************************************************************************************************
  72:.\source\rte/gpio_signal.h **** 
  73:.\source\rte/gpio_signal.h ****                                                                                                    
  74:.\source\rte/gpio_signal.h **** 							  
  75:.\source\rte/gpio_signal.h **** /**
  76:.\source\rte/gpio_signal.h ****  * Instances of the struct GPIO_t represent the signal objects.
  77:.\source\rte/gpio_signal.h ****  * A signal object contains the current application value 'value' as well as relevant meta data.
  78:.\source\rte/gpio_signal.h ****  */
  79:.\source\rte/gpio_signal.h **** struct GPIO_s
  80:.\source\rte/gpio_signal.h **** {                                                                                                  
  81:.\source\rte/gpio_signal.h **** 
  82:.\source\rte/gpio_signal.h **** 	/**
  83:.\source\rte/gpio_signal.h **** 	 * Data buffer for the application value
  84:.\source\rte/gpio_signal.h **** 	 */
  85:.\source\rte/gpio_signal.h ****     GPIO_data_t value;
  86:.\source\rte/gpio_signal.h **** 
  87:.\source\rte/gpio_signal.h ****     /**
  88:.\source\rte/gpio_signal.h ****      * Current signal status
  89:.\source\rte/gpio_signal.h ****      */
  90:.\source\rte/gpio_signal.h ****     RTE_signalStatus_t status;
  91:.\source\rte/gpio_signal.h **** 
  92:.\source\rte/gpio_signal.h ****     /**
  93:.\source\rte/gpio_signal.h ****      * Current age of the signal (in calling cycles)
  94:.\source\rte/gpio_signal.h ****      */
  95:.\source\rte/gpio_signal.h ****     uint32_t age;
  96:.\source\rte/gpio_signal.h **** 
  97:.\source\rte/gpio_signal.h ****     /**
  98:.\source\rte/gpio_signal.h ****      * Pointer to the signal configuration
  99:.\source\rte/gpio_signal.h ****      */
 100:.\source\rte/gpio_signal.h **** 	const GPIO_cfg_t * const    pSigCfg;
 101:.\source\rte/gpio_signal.h **** 
 102:.\source\rte/gpio_signal.h **** };                                                                                                 
 103:.\source\rte/gpio_signal.h **** typedef struct GPIO_s GPIO_t;
 104:.\source\rte/gpio_signal.h **** 
 105:.\source\rte/gpio_signal.h **** /**************************************************************************************************
 106:.\source\rte/gpio_signal.h **** /* Signal initialisation   																							*/
 107:.\source\rte/gpio_signal.h **** /**************************************************************************************************
 108:.\source\rte/gpio_signal.h **** 
 109:.\source\rte/gpio_signal.h **** /**
 110:.\source\rte/gpio_signal.h ****  * Initializes a signal instance with a passed init value.
 111:.\source\rte/gpio_signal.h ****  * Depending on the configured conversion or scaling function the raw_value will be calculated.
 112:.\source\rte/gpio_signal.h ****  * Signal status will change from RTE_SIGNALSTATUS_STARTUP to RTE_SIGNALSTATUS_INITIALIZED.
 113:.\source\rte/gpio_signal.h ****  *
 114:.\source\rte/gpio_signal.h ****  * @param  GPIO_t * const signal: Pointer to the signal object which will be initialised
 115:.\source\rte/gpio_signal.h ****  * @param const gpio_data_t * const value: Pointer to initial value of the application data
 116:.\source\rte/gpio_signal.h ****  * @return RC_t: standard return code, currently only RC_SUCCESS
ARM GAS  C:\Users\Reza\AppData\Local\Temp\ccfwHNKX.s 			page 4


 117:.\source\rte/gpio_signal.h ****  *
 118:.\source\rte/gpio_signal.h ****  **/
 119:.\source\rte/gpio_signal.h **** inline RC_t RTE_GPIO_init( GPIO_t * const signal, const GPIO_data_t * const value )
 120:.\source\rte/gpio_signal.h **** {                                                                                                  
 121:.\source\rte/gpio_signal.h **** 
 122:.\source\rte/gpio_signal.h ****    RC_t ret = RC_SUCCESS;
 123:.\source\rte/gpio_signal.h **** 
 124:.\source\rte/gpio_signal.h ****    //Set value and raw value
 125:.\source\rte/gpio_signal.h ****    signal->value  = *value;
 126:.\source\rte/gpio_signal.h ****    signal->age    = 0;
 127:.\source\rte/gpio_signal.h ****    signal->status = RTE_SIGNALSTATUS_INITIALIZED;
 128:.\source\rte/gpio_signal.h **** 
 129:.\source\rte/gpio_signal.h ****    return ret;
 130:.\source\rte/gpio_signal.h **** }
 131:.\source\rte/gpio_signal.h **** 
 132:.\source\rte/gpio_signal.h **** /**************************************************************************************************
 133:.\source\rte/gpio_signal.h **** /* Status and timeout control																						*/
 134:.\source\rte/gpio_signal.h **** /**************************************************************************************************
 135:.\source\rte/gpio_signal.h **** 
 136:.\source\rte/gpio_signal.h **** /**
 137:.\source\rte/gpio_signal.h ****  *  Returns the current signal status of the passed signal instance.
 138:.\source\rte/gpio_signal.h ****  *
 139:.\source\rte/gpio_signal.h ****  * @param  GPIO_t * const signal: Pointer to the signal object
 140:.\source\rte/gpio_signal.h ****  * @return  sig_status_t: The current signal status
 141:.\source\rte/gpio_signal.h ****  *
 142:.\source\rte/gpio_signal.h ****  **/
 143:.\source\rte/gpio_signal.h **** inline RTE_signalStatus_t RTE_GPIO_getStatus( const GPIO_t * const signal )
 144:.\source\rte/gpio_signal.h **** {
 145:.\source\rte/gpio_signal.h ****    return signal->status;
 146:.\source\rte/gpio_signal.h **** }
 147:.\source\rte/gpio_signal.h **** 
 148:.\source\rte/gpio_signal.h **** 
 149:.\source\rte/gpio_signal.h **** /**
 150:.\source\rte/gpio_signal.h ****  *  Sets a new signal status of the passed signal instance by passing the new status.
 151:.\source\rte/gpio_signal.h ****  *
 152:.\source\rte/gpio_signal.h ****  * @param  GPIO_t * const signal: Pointer to the signal object
 153:.\source\rte/gpio_signal.h ****  * @param  const sig_status_t status: New signal status
 154:.\source\rte/gpio_signal.h ****  * @return RC_t: standard return code, currently only RC_SUCCESS
 155:.\source\rte/gpio_signal.h ****  *
 156:.\source\rte/gpio_signal.h ****  */
 157:.\source\rte/gpio_signal.h **** inline RC_t RTE_GPIO_setStatus( GPIO_t * const signal, const RTE_signalStatus_t status )
 158:.\source\rte/gpio_signal.h **** {
 159:.\source\rte/gpio_signal.h ****    signal->status = status;
 160:.\source\rte/gpio_signal.h ****    return RC_SUCCESS;
 161:.\source\rte/gpio_signal.h **** }
 162:.\source\rte/gpio_signal.h **** 
 163:.\source\rte/gpio_signal.h **** 
 164:.\source\rte/gpio_signal.h **** /**
 165:.\source\rte/gpio_signal.h ****  * Returns the count of refreshing trials (refresh, set or set_raw) that failed.
 166:.\source\rte/gpio_signal.h ****  * Prerquisite: The signal is refreshed cyclically
 167:.\source\rte/gpio_signal.h ****  *
 168:.\source\rte/gpio_signal.h ****  * @param  GPIO_t * const signal: Pointer to the signal object
 169:.\source\rte/gpio_signal.h ****  * @return uint32_t: Number of cycles since the signal has been updated for the last time
 170:.\source\rte/gpio_signal.h ****  */
 171:.\source\rte/gpio_signal.h **** inline uint32_t RTE_GPIO_getAge( const GPIO_t * const signal )
 172:.\source\rte/gpio_signal.h **** {
 173:.\source\rte/gpio_signal.h ****    return signal->age;
ARM GAS  C:\Users\Reza\AppData\Local\Temp\ccfwHNKX.s 			page 5


 174:.\source\rte/gpio_signal.h **** }
 175:.\source\rte/gpio_signal.h **** 
 176:.\source\rte/gpio_signal.h **** /**
 177:.\source\rte/gpio_signal.h ****  * Should be called by application or driver if no new value can be provided.
 178:.\source\rte/gpio_signal.h ****  * @param  GPIO_t * const signal: Pointer to the signal object
 179:.\source\rte/gpio_signal.h ****  * @param uint32_t increment: incrementvalue, typically in [ms]
 180:.\source\rte/gpio_signal.h ****  * @return void
 181:.\source\rte/gpio_signal.h ****  */
 182:.\source\rte/gpio_signal.h **** inline void RTE_GPIO_incAge(  GPIO_t * const signal , uint32_t increment)
 183:.\source\rte/gpio_signal.h **** {
 184:.\source\rte/gpio_signal.h **** 	   //Hack....
 185:.\source\rte/gpio_signal.h **** 	   if ( 0xFFFF0000 > (signal->age + increment) )
 186:.\source\rte/gpio_signal.h **** 	   {
 187:.\source\rte/gpio_signal.h **** 	      signal->age += increment;
 188:.\source\rte/gpio_signal.h **** 	   }
 189:.\source\rte/gpio_signal.h **** }
 190:.\source\rte/gpio_signal.h **** 
 191:.\source\rte/gpio_signal.h **** 
 192:.\source\rte/gpio_signal.h **** /**************************************************************************************************
 193:.\source\rte/gpio_signal.h **** /* Application Data read/write Interface																			*/
 194:.\source\rte/gpio_signal.h **** /**************************************************************************************************
 195:.\source\rte/gpio_signal.h **** 
 196:.\source\rte/gpio_signal.h **** /**
 197:.\source\rte/gpio_signal.h ****  * Returns the current application value of the passed signal instance.
 198:.\source\rte/gpio_signal.h ****  *
 199:.\source\rte/gpio_signal.h ****  * @param  GPIO_t * const signal: Pointer to the signal object
 200:.\source\rte/gpio_signal.h ****  * @return gpio_data_t: current value of the application data buffer
 201:.\source\rte/gpio_signal.h ****  *
 202:.\source\rte/gpio_signal.h ****  **/
 203:.\source\rte/gpio_signal.h **** inline GPIO_data_t RTE_GPIO_get( const GPIO_t * const signal )
 204:.\source\rte/gpio_signal.h **** {                                                                                                  
 205:.\source\rte/gpio_signal.h ****    return signal->value;                                                                           
 206:.\source\rte/gpio_signal.h **** }                                                                                                  
 207:.\source\rte/gpio_signal.h ****                                                                                                    
 208:.\source\rte/gpio_signal.h ****                                                                                                    
 209:.\source\rte/gpio_signal.h ****                                                                                                    
 210:.\source\rte/gpio_signal.h **** /**
 211:.\source\rte/gpio_signal.h ****  * Sets a new application value to the passed signal instance by passing the new value.
 212:.\source\rte/gpio_signal.h ****  * The corresponding driver raw value will be calculated immediately by using the default conversio
 213:.\source\rte/gpio_signal.h ****  * signal specific scaling function.
 214:.\source\rte/gpio_signal.h ****  * The signal age will be set to 0 and the new status will be 'RTE_SIGNALSTATUS_VALID'.
 215:.\source\rte/gpio_signal.h ****  *
 216:.\source\rte/gpio_signal.h ****  * @param  GPIO_t * const signal: Pointer to the signal object
 217:.\source\rte/gpio_signal.h ****  * @param  gpio_data_t const value: value for the application data buffer
 218:.\source\rte/gpio_signal.h ****  * @return RC_t: standard return code, currently only RC_SUCCESS
 219:.\source\rte/gpio_signal.h ****  *
 220:.\source\rte/gpio_signal.h ****  **/
 221:.\source\rte/gpio_signal.h **** inline RC_t RTE_GPIO_set(GPIO_t * const signal, const GPIO_data_t value  )
 222:.\source\rte/gpio_signal.h **** {
 223:.\source\rte/gpio_signal.h **** 
 224:.\source\rte/gpio_signal.h ****    RC_t ret = RC_SUCCESS;
 225:.\source\rte/gpio_signal.h **** 
 226:.\source\rte/gpio_signal.h **** 
 227:.\source\rte/gpio_signal.h ****    //Todo: critical section
 228:.\source\rte/gpio_signal.h ****     signal->value  = value;
 229:.\source\rte/gpio_signal.h **** 	signal->age    = 0;
 230:.\source\rte/gpio_signal.h **** 	signal->status = RTE_SIGNALSTATUS_VALID;
ARM GAS  C:\Users\Reza\AppData\Local\Temp\ccfwHNKX.s 			page 6


 231:.\source\rte/gpio_signal.h **** 
 232:.\source\rte/gpio_signal.h **** #if GPIO_DATATRIGGER == ON
 233:.\source\rte/gpio_signal.h **** 	SetEvent( tsk_EventDispatcher, signal->pSigCfg->evOnUpdate);
 234:.\source\rte/gpio_signal.h **** #endif                                                                                             
 235:.\source\rte/gpio_signal.h ****    return ret;
 236:.\source\rte/gpio_signal.h **** }                                                                                                  
 237:.\source\rte/gpio_signal.h ****                                                                                                    
 238:.\source\rte/gpio_signal.h ****                                                                                                    
 239:.\source\rte/gpio_signal.h **** /**************************************************************************************************
 240:.\source\rte/gpio_signal.h **** /* Call functions to the connected drivers																			*/
 241:.\source\rte/gpio_signal.h **** /**************************************************************************************************
 242:.\source\rte/gpio_signal.h **** 
 243:.\source\rte/gpio_signal.h ****                                                                                                    
 244:.\source\rte/gpio_signal.h **** /**
 245:.\source\rte/gpio_signal.h ****  *  Calls the connected driver interface to get a new value.
 246:.\source\rte/gpio_signal.h ****  *
 247:.\source\rte/gpio_signal.h ****  * @param GPIO_t * const signal: Pointer to the signal object
 248:.\source\rte/gpio_signal.h ****  * @return  RC_t: Return value of the driver call
 249:.\source\rte/gpio_signal.h ****  *
 250:.\source\rte/gpio_signal.h ****  */
 251:.\source\rte/gpio_signal.h **** inline RC_t RTE_GPIO_pullPort( GPIO_t * const signal )
 252:.\source\rte/gpio_signal.h **** {                                                                                                  
 253:.\source\rte/gpio_signal.h ****    RC_t ret = RC_SUCCESS;
 254:.\source\rte/gpio_signal.h **** 
 255:.\source\rte/gpio_signal.h ****                                                                                                    
 256:.\source\rte/gpio_signal.h ****    if ( NULL != signal->pSigCfg->inDriver )
 257:.\source\rte/gpio_signal.h ****    {
 258:.\source\rte/gpio_signal.h **** 	  GPIO_data_t value;
 259:.\source\rte/gpio_signal.h ****       ret = signal->pSigCfg->inDriver(&value);
 260:.\source\rte/gpio_signal.h ****                                                                                                    
 261:.\source\rte/gpio_signal.h ****       if ( ret == RC_SUCCESS )                                                                     
 262:.\source\rte/gpio_signal.h ****       {
 263:.\source\rte/gpio_signal.h ****     	  //Critical Section
 264:.\source\rte/gpio_signal.h ****     	  RTE_GPIO_set(signal, value);
 265:.\source\rte/gpio_signal.h ****       }
 266:.\source\rte/gpio_signal.h ****       else
 267:.\source\rte/gpio_signal.h ****       {
 268:.\source\rte/gpio_signal.h ****     	  signal->status = RTE_SIGNALSTATUS_INVALID;
 269:.\source\rte/gpio_signal.h ****       }
 270:.\source\rte/gpio_signal.h **** 
 271:.\source\rte/gpio_signal.h ****    }                                                                                               
 272:.\source\rte/gpio_signal.h ****                                                                                                    
 273:.\source\rte/gpio_signal.h ****    return ret;                                                                                     
 274:.\source\rte/gpio_signal.h **** }                                                                                                  
 275:.\source\rte/gpio_signal.h ****                                                                                                    
 276:.\source\rte/gpio_signal.h **** /**
 277:.\source\rte/gpio_signal.h ****  *  Calls the connected driver interfaces to send a value. Value will not be sent if it is INVALID.
 278:.\source\rte/gpio_signal.h ****  *
 279:.\source\rte/gpio_signal.h ****  * @param GPIO_t * const signal: Pointer to the signal object
 280:.\source\rte/gpio_signal.h ****  * @return  RC_t: Return value of the driver call
 281:.\source\rte/gpio_signal.h ****  *
 282:.\source\rte/gpio_signal.h ****  **/
 283:.\source\rte/gpio_signal.h **** inline RC_t RTE_GPIO_pushPort( const GPIO_t * const signal )
 284:.\source\rte/gpio_signal.h **** {                                                                                                  
 285:.\source\rte/gpio_signal.h ****    RC_t ret = RC_ERROR;
 286:.\source\rte/gpio_signal.h **** 
 287:.\source\rte/gpio_signal.h ****    if (RTE_SIGNALSTATUS_VALID == signal->status)
ARM GAS  C:\Users\Reza\AppData\Local\Temp\ccfwHNKX.s 			page 7


  40              		.loc 2 287 0
  41 0002 074B     		ldr	r3, .L4
  42 0004 9B78     		ldrb	r3, [r3, #2]	@ zero_extendqisi2
  43 0006 022B     		cmp	r3, #2
  44 0008 03D1     		bne	.L2
 288:.\source\rte/gpio_signal.h ****    {
 289:.\source\rte/gpio_signal.h **** 	   ret = signal->pSigCfg->outDriver(&(signal->value));
  45              		.loc 2 289 0
  46 000a 0548     		ldr	r0, .L4
  47 000c 8368     		ldr	r3, [r0, #8]
  48 000e 5B68     		ldr	r3, [r3, #4]
  49 0010 9847     		blx	r3
  50              	.LVL1:
  51              	.L2:
  52              	.LBE5:
  53              	.LBE4:
  17:source\asw/swc_brakelight.c ****    //LOG_I("run_setBrakeLight","");
  18:source\asw/swc_brakelight.c ****     //SetRelAlarm(alrm_error,1,1);
  19:source\asw/swc_brakelight.c ****     RTE_GPIO_pushPort(&BRAKELIGHT_signal);
  20:source\asw/swc_brakelight.c ****     runnables.bit_field.run_setBrakeLight=1;
  54              		.loc 1 20 0
  55 0012 044A     		ldr	r2, .L4+4
  56 0014 1378     		ldrb	r3, [r2]	@ zero_extendqisi2
  57 0016 43F00803 		orr	r3, r3, #8
  58 001a 1370     		strb	r3, [r2]
  59 001c 08BD     		pop	{r3, pc}
  60              	.L5:
  61 001e 00BF     		.align	2
  62              	.L4:
  63 0020 00000000 		.word	BRAKELIGHT_signal
  64 0024 00000000 		.word	runnables
  65              		.cfi_endproc
  66              	.LFE150:
  67              		.size	run_setBrakeLight, .-run_setBrakeLight
  68              		.comm	runnables,1,4
  69              		.text
  70              	.Letext0:
  71              		.file 3 "c:\\program files (x86)\\cypress\\psoc creator\\4.4\\psoc creator\\import\\gnu\\arm\\5.4.
  72              		.file 4 "c:\\program files (x86)\\cypress\\psoc creator\\4.4\\psoc creator\\import\\gnu\\arm\\5.4.
  73              		.file 5 "Generated_Source\\PSoC5/ErikaOS_1_common_ee_types.inc"
  74              		.file 6 "Generated_Source\\PSoC5/ErikaOS_1_cortex_mx_ee_cpu.inc"
  75              		.file 7 "Generated_Source\\PSoC5/ErikaOS_1_ee_oo_common.inc"
  76              		.file 8 ".\\source\\bsw/global.h"
  77              		.file 9 ".\\source\\rte/rte.h"
  78              		.file 10 ".\\source\\bsw\\labboard/led.h"
  79              		.file 11 ".\\source\\rte/gpio_type.h"
  80              		.file 12 ".\\source\\bsw\\watchdog/watchdog.h"
  81              		.file 13 "Generated_Source\\PSoC5/ErikaOS_1_ee_oo_intfunc.inc"
  82              		.file 14 "Generated_Source\\PSoC5/ErikaOS_1_cortex_mx_ee_context.inc"
  83              		.file 15 "Generated_Source\\PSoC5/ErikaOS_1_common_ee_primitives.inc"
  84              		.file 16 "Generated_Source\\PSoC5/core_cm3.h"
  85              		.file 17 ".\\source\\rte/rte_signalpool.h"
  86              		.section	.debug_info,"",%progbits
  87              	.Ldebug_info0:
  88 0000 CC040000 		.4byte	0x4cc
  89 0004 0400     		.2byte	0x4
  90 0006 00000000 		.4byte	.Ldebug_abbrev0
ARM GAS  C:\Users\Reza\AppData\Local\Temp\ccfwHNKX.s 			page 8


  91 000a 04       		.byte	0x4
  92 000b 01       		.uleb128 0x1
  93 000c 96050000 		.4byte	.LASF97
  94 0010 0C       		.byte	0xc
  95 0011 07050000 		.4byte	.LASF98
  96 0015 4D030000 		.4byte	.LASF99
  97 0019 00000000 		.4byte	.Ldebug_ranges0+0
  98 001d 00000000 		.4byte	0
  99 0021 00000000 		.4byte	.Ldebug_line0
 100 0025 02       		.uleb128 0x2
 101 0026 01       		.byte	0x1
 102 0027 06       		.byte	0x6
 103 0028 C5020000 		.4byte	.LASF0
 104 002c 03       		.uleb128 0x3
 105 002d 4A020000 		.4byte	.LASF4
 106 0031 03       		.byte	0x3
 107 0032 1D       		.byte	0x1d
 108 0033 37000000 		.4byte	0x37
 109 0037 02       		.uleb128 0x2
 110 0038 01       		.byte	0x1
 111 0039 08       		.byte	0x8
 112 003a 94020000 		.4byte	.LASF1
 113 003e 02       		.uleb128 0x2
 114 003f 02       		.byte	0x2
 115 0040 05       		.byte	0x5
 116 0041 3C000000 		.4byte	.LASF2
 117 0045 02       		.uleb128 0x2
 118 0046 02       		.byte	0x2
 119 0047 07       		.byte	0x7
 120 0048 B3040000 		.4byte	.LASF3
 121 004c 03       		.uleb128 0x3
 122 004d 54050000 		.4byte	.LASF5
 123 0051 03       		.byte	0x3
 124 0052 3F       		.byte	0x3f
 125 0053 57000000 		.4byte	0x57
 126 0057 02       		.uleb128 0x2
 127 0058 04       		.byte	0x4
 128 0059 05       		.byte	0x5
 129 005a F2010000 		.4byte	.LASF6
 130 005e 03       		.uleb128 0x3
 131 005f B7000000 		.4byte	.LASF7
 132 0063 03       		.byte	0x3
 133 0064 41       		.byte	0x41
 134 0065 69000000 		.4byte	0x69
 135 0069 02       		.uleb128 0x2
 136 006a 04       		.byte	0x4
 137 006b 07       		.byte	0x7
 138 006c D9040000 		.4byte	.LASF8
 139 0070 02       		.uleb128 0x2
 140 0071 08       		.byte	0x8
 141 0072 05       		.byte	0x5
 142 0073 91010000 		.4byte	.LASF9
 143 0077 02       		.uleb128 0x2
 144 0078 08       		.byte	0x8
 145 0079 07       		.byte	0x7
 146 007a D1020000 		.4byte	.LASF10
 147 007e 04       		.uleb128 0x4
ARM GAS  C:\Users\Reza\AppData\Local\Temp\ccfwHNKX.s 			page 9


 148 007f 04       		.byte	0x4
 149 0080 05       		.byte	0x5
 150 0081 696E7400 		.ascii	"int\000"
 151 0085 02       		.uleb128 0x2
 152 0086 04       		.byte	0x4
 153 0087 07       		.byte	0x7
 154 0088 F8020000 		.4byte	.LASF11
 155 008c 03       		.uleb128 0x3
 156 008d EC000000 		.4byte	.LASF12
 157 0091 04       		.byte	0x4
 158 0092 18       		.byte	0x18
 159 0093 2C000000 		.4byte	0x2c
 160 0097 03       		.uleb128 0x3
 161 0098 50040000 		.4byte	.LASF13
 162 009c 04       		.byte	0x4
 163 009d 2C       		.byte	0x2c
 164 009e 4C000000 		.4byte	0x4c
 165 00a2 03       		.uleb128 0x3
 166 00a3 EF020000 		.4byte	.LASF14
 167 00a7 04       		.byte	0x4
 168 00a8 30       		.byte	0x30
 169 00a9 5E000000 		.4byte	0x5e
 170 00ad 02       		.uleb128 0x2
 171 00ae 04       		.byte	0x4
 172 00af 04       		.byte	0x4
 173 00b0 77010000 		.4byte	.LASF15
 174 00b4 02       		.uleb128 0x2
 175 00b5 08       		.byte	0x8
 176 00b6 04       		.byte	0x4
 177 00b7 EB040000 		.4byte	.LASF16
 178 00bb 02       		.uleb128 0x2
 179 00bc 01       		.byte	0x1
 180 00bd 08       		.byte	0x8
 181 00be 0E040000 		.4byte	.LASF17
 182 00c2 02       		.uleb128 0x2
 183 00c3 08       		.byte	0x8
 184 00c4 04       		.byte	0x4
 185 00c5 AB000000 		.4byte	.LASF18
 186 00c9 02       		.uleb128 0x2
 187 00ca 04       		.byte	0x4
 188 00cb 07       		.byte	0x7
 189 00cc 6C000000 		.4byte	.LASF19
 190 00d0 03       		.uleb128 0x3
 191 00d1 05040000 		.4byte	.LASF20
 192 00d5 05       		.byte	0x5
 193 00d6 53       		.byte	0x53
 194 00d7 7E000000 		.4byte	0x7e
 195 00db 03       		.uleb128 0x3
 196 00dc CA000000 		.4byte	.LASF21
 197 00e0 05       		.byte	0x5
 198 00e1 54       		.byte	0x54
 199 00e2 85000000 		.4byte	0x85
 200 00e6 03       		.uleb128 0x3
 201 00e7 0A000000 		.4byte	.LASF22
 202 00eb 06       		.byte	0x6
 203 00ec 4D       		.byte	0x4d
 204 00ed DB000000 		.4byte	0xdb
ARM GAS  C:\Users\Reza\AppData\Local\Temp\ccfwHNKX.s 			page 10


 205 00f1 03       		.uleb128 0x3
 206 00f2 C2000000 		.4byte	.LASF23
 207 00f6 06       		.byte	0x6
 208 00f7 4F       		.byte	0x4f
 209 00f8 DB000000 		.4byte	0xdb
 210 00fc 03       		.uleb128 0x3
 211 00fd D4000000 		.4byte	.LASF24
 212 0101 06       		.byte	0x6
 213 0102 78       		.byte	0x78
 214 0103 D0000000 		.4byte	0xd0
 215 0107 05       		.uleb128 0x5
 216 0108 2E000000 		.4byte	.LASF25
 217 010c 07       		.byte	0x7
 218 010d 2C02     		.2byte	0x22c
 219 010f E6000000 		.4byte	0xe6
 220 0113 06       		.uleb128 0x6
 221 0114 8C000000 		.4byte	0x8c
 222 0118 07       		.uleb128 0x7
 223 0119 65524300 		.ascii	"eRC\000"
 224 011d 01       		.byte	0x1
 225 011e 25000000 		.4byte	0x25
 226 0122 08       		.byte	0x8
 227 0123 AC       		.byte	0xac
 228 0124 BF010000 		.4byte	0x1bf
 229 0128 08       		.uleb128 0x8
 230 0129 12000000 		.4byte	.LASF26
 231 012d 00       		.byte	0
 232 012e 09       		.uleb128 0x9
 233 012f 94040000 		.4byte	.LASF27
 234 0133 7F       		.sleb128 -1
 235 0134 09       		.uleb128 0x9
 236 0135 26030000 		.4byte	.LASF28
 237 0139 7E       		.sleb128 -2
 238 013a 09       		.uleb128 0x9
 239 013b E4010000 		.4byte	.LASF29
 240 013f 7D       		.sleb128 -3
 241 0140 09       		.uleb128 0x9
 242 0141 2C060000 		.4byte	.LASF30
 243 0145 7C       		.sleb128 -4
 244 0146 09       		.uleb128 0x9
 245 0147 68010000 		.4byte	.LASF31
 246 014b 7B       		.sleb128 -5
 247 014c 09       		.uleb128 0x9
 248 014d 46000000 		.4byte	.LASF32
 249 0151 7A       		.sleb128 -6
 250 0152 09       		.uleb128 0x9
 251 0153 54060000 		.4byte	.LASF33
 252 0157 79       		.sleb128 -7
 253 0158 09       		.uleb128 0x9
 254 0159 F2040000 		.4byte	.LASF34
 255 015d 78       		.sleb128 -8
 256 015e 09       		.uleb128 0x9
 257 015f 0D020000 		.4byte	.LASF35
 258 0163 77       		.sleb128 -9
 259 0164 09       		.uleb128 0x9
 260 0165 23020000 		.4byte	.LASF36
 261 0169 76       		.sleb128 -10
ARM GAS  C:\Users\Reza\AppData\Local\Temp\ccfwHNKX.s 			page 11


 262 016a 09       		.uleb128 0x9
 263 016b 7C060000 		.4byte	.LASF37
 264 016f 75       		.sleb128 -11
 265 0170 09       		.uleb128 0x9
 266 0171 05030000 		.4byte	.LASF38
 267 0175 74       		.sleb128 -12
 268 0176 09       		.uleb128 0x9
 269 0177 23050000 		.4byte	.LASF39
 270 017b 73       		.sleb128 -13
 271 017c 09       		.uleb128 0x9
 272 017d 77020000 		.4byte	.LASF40
 273 0181 72       		.sleb128 -14
 274 0182 09       		.uleb128 0x9
 275 0183 7D010000 		.4byte	.LASF41
 276 0187 71       		.sleb128 -15
 277 0188 09       		.uleb128 0x9
 278 0189 54020000 		.4byte	.LASF42
 279 018d 70       		.sleb128 -16
 280 018e 09       		.uleb128 0x9
 281 018f 6D040000 		.4byte	.LASF43
 282 0193 6F       		.sleb128 -17
 283 0194 09       		.uleb128 0x9
 284 0195 57000000 		.4byte	.LASF44
 285 0199 6E       		.sleb128 -18
 286 019a 09       		.uleb128 0x9
 287 019b C0010000 		.4byte	.LASF45
 288 019f 6D       		.sleb128 -19
 289 01a0 09       		.uleb128 0x9
 290 01a1 81040000 		.4byte	.LASF46
 291 01a5 6C       		.sleb128 -20
 292 01a6 09       		.uleb128 0x9
 293 01a7 65020000 		.4byte	.LASF47
 294 01ab 6B       		.sleb128 -21
 295 01ac 09       		.uleb128 0x9
 296 01ad 5E050000 		.4byte	.LASF48
 297 01b1 6A       		.sleb128 -22
 298 01b2 09       		.uleb128 0x9
 299 01b3 F4000000 		.4byte	.LASF49
 300 01b7 69       		.sleb128 -23
 301 01b8 09       		.uleb128 0x9
 302 01b9 D3010000 		.4byte	.LASF50
 303 01bd 68       		.sleb128 -24
 304 01be 00       		.byte	0
 305 01bf 03       		.uleb128 0x3
 306 01c0 75000000 		.4byte	.LASF51
 307 01c4 08       		.byte	0x8
 308 01c5 C8       		.byte	0xc8
 309 01c6 18010000 		.4byte	0x118
 310 01ca 0A       		.uleb128 0xa
 311 01cb 01       		.byte	0x1
 312 01cc 37000000 		.4byte	0x37
 313 01d0 09       		.byte	0x9
 314 01d1 59       		.byte	0x59
 315 01d2 EF010000 		.4byte	0x1ef
 316 01d6 08       		.uleb128 0x8
 317 01d7 31020000 		.4byte	.LASF52
 318 01db 00       		.byte	0
ARM GAS  C:\Users\Reza\AppData\Local\Temp\ccfwHNKX.s 			page 12


 319 01dc 08       		.uleb128 0x8
 320 01dd 33040000 		.4byte	.LASF53
 321 01e1 01       		.byte	0x1
 322 01e2 08       		.uleb128 0x8
 323 01e3 8B000000 		.4byte	.LASF54
 324 01e7 02       		.byte	0x2
 325 01e8 08       		.uleb128 0x8
 326 01e9 1A040000 		.4byte	.LASF55
 327 01ed 03       		.byte	0x3
 328 01ee 00       		.byte	0
 329 01ef 03       		.uleb128 0x3
 330 01f0 0B010000 		.4byte	.LASF56
 331 01f4 09       		.byte	0x9
 332 01f5 5E       		.byte	0x5e
 333 01f6 CA010000 		.4byte	0x1ca
 334 01fa 0B       		.uleb128 0xb
 335 01fb 07010000 		.4byte	0x107
 336 01ff 0C       		.uleb128 0xc
 337 0200 9F010000 		.4byte	.LASF57
 338 0204 01       		.byte	0x1
 339 0205 37000000 		.4byte	0x37
 340 0209 0A       		.byte	0xa
 341 020a 5A       		.byte	0x5a
 342 020b 28020000 		.4byte	0x228
 343 020f 08       		.uleb128 0x8
 344 0210 24060000 		.4byte	.LASF58
 345 0214 00       		.byte	0
 346 0215 08       		.uleb128 0x8
 347 0216 1B030000 		.4byte	.LASF59
 348 021a 01       		.byte	0x1
 349 021b 08       		.uleb128 0x8
 350 021c 33010000 		.4byte	.LASF60
 351 0220 02       		.byte	0x2
 352 0221 08       		.uleb128 0x8
 353 0222 47050000 		.4byte	.LASF61
 354 0226 03       		.byte	0x3
 355 0227 00       		.byte	0
 356 0228 03       		.uleb128 0x3
 357 0229 B0020000 		.4byte	.LASF62
 358 022d 0A       		.byte	0xa
 359 022e 60       		.byte	0x60
 360 022f FF010000 		.4byte	0x1ff
 361 0233 0C       		.uleb128 0xc
 362 0234 E1000000 		.4byte	.LASF63
 363 0238 01       		.byte	0x1
 364 0239 37000000 		.4byte	0x37
 365 023d 0A       		.byte	0xa
 366 023e 62       		.byte	0x62
 367 023f 50020000 		.4byte	0x250
 368 0243 08       		.uleb128 0x8
 369 0244 13030000 		.4byte	.LASF64
 370 0248 00       		.byte	0
 371 0249 08       		.uleb128 0x8
 372 024a E8020000 		.4byte	.LASF65
 373 024e 01       		.byte	0x1
 374 024f 00       		.byte	0
 375 0250 03       		.uleb128 0x3
ARM GAS  C:\Users\Reza\AppData\Local\Temp\ccfwHNKX.s 			page 13


 376 0251 B9020000 		.4byte	.LASF66
 377 0255 0A       		.byte	0xa
 378 0256 66       		.byte	0x66
 379 0257 33020000 		.4byte	0x233
 380 025b 0D       		.uleb128 0xd
 381 025c 02       		.byte	0x2
 382 025d 0B       		.byte	0xb
 383 025e 15       		.byte	0x15
 384 025f 7C020000 		.4byte	0x27c
 385 0263 0E       		.uleb128 0xe
 386 0264 A2000000 		.4byte	.LASF67
 387 0268 0B       		.byte	0xb
 388 0269 17       		.byte	0x17
 389 026a 28020000 		.4byte	0x228
 390 026e 00       		.byte	0
 391 026f 0E       		.uleb128 0xe
 392 0270 E1030000 		.4byte	.LASF68
 393 0274 0B       		.byte	0xb
 394 0275 18       		.byte	0x18
 395 0276 50020000 		.4byte	0x250
 396 027a 01       		.byte	0x1
 397 027b 00       		.byte	0
 398 027c 03       		.uleb128 0x3
 399 027d A7040000 		.4byte	.LASF69
 400 0281 0B       		.byte	0xb
 401 0282 19       		.byte	0x19
 402 0283 5B020000 		.4byte	0x25b
 403 0287 03       		.uleb128 0x3
 404 0288 70050000 		.4byte	.LASF70
 405 028c 02       		.byte	0x2
 406 028d 21       		.byte	0x21
 407 028e 92020000 		.4byte	0x292
 408 0292 0F       		.uleb128 0xf
 409 0293 04       		.byte	0x4
 410 0294 98020000 		.4byte	0x298
 411 0298 10       		.uleb128 0x10
 412 0299 BF010000 		.4byte	0x1bf
 413 029d A7020000 		.4byte	0x2a7
 414 02a1 11       		.uleb128 0x11
 415 02a2 AD020000 		.4byte	0x2ad
 416 02a6 00       		.byte	0
 417 02a7 0F       		.uleb128 0xf
 418 02a8 04       		.byte	0x4
 419 02a9 7C020000 		.4byte	0x27c
 420 02ad 0B       		.uleb128 0xb
 421 02ae A7020000 		.4byte	0x2a7
 422 02b2 03       		.uleb128 0x3
 423 02b3 1D000000 		.4byte	.LASF71
 424 02b7 02       		.byte	0x2
 425 02b8 27       		.byte	0x27
 426 02b9 BD020000 		.4byte	0x2bd
 427 02bd 0F       		.uleb128 0xf
 428 02be 04       		.byte	0x4
 429 02bf C3020000 		.4byte	0x2c3
 430 02c3 10       		.uleb128 0x10
 431 02c4 BF010000 		.4byte	0x1bf
 432 02c8 D2020000 		.4byte	0x2d2
ARM GAS  C:\Users\Reza\AppData\Local\Temp\ccfwHNKX.s 			page 14


 433 02cc 11       		.uleb128 0x11
 434 02cd DD020000 		.4byte	0x2dd
 435 02d1 00       		.byte	0
 436 02d2 0F       		.uleb128 0xf
 437 02d3 04       		.byte	0x4
 438 02d4 D8020000 		.4byte	0x2d8
 439 02d8 0B       		.uleb128 0xb
 440 02d9 7C020000 		.4byte	0x27c
 441 02dd 0B       		.uleb128 0xb
 442 02de D2020000 		.4byte	0x2d2
 443 02e2 12       		.uleb128 0x12
 444 02e3 66060000 		.4byte	.LASF76
 445 02e7 0C       		.byte	0xc
 446 02e8 02       		.byte	0x2
 447 02e9 31       		.byte	0x31
 448 02ea 13030000 		.4byte	0x313
 449 02ee 0E       		.uleb128 0xe
 450 02ef 80050000 		.4byte	.LASF72
 451 02f3 02       		.byte	0x2
 452 02f4 36       		.byte	0x36
 453 02f5 13030000 		.4byte	0x313
 454 02f9 00       		.byte	0
 455 02fa 0E       		.uleb128 0xe
 456 02fb 8A020000 		.4byte	.LASF73
 457 02ff 02       		.byte	0x2
 458 0300 3B       		.byte	0x3b
 459 0301 18030000 		.4byte	0x318
 460 0305 04       		.byte	0x4
 461 0306 0E       		.uleb128 0xe
 462 0307 F3030000 		.4byte	.LASF74
 463 030b 02       		.byte	0x2
 464 030c 40       		.byte	0x40
 465 030d FA010000 		.4byte	0x1fa
 466 0311 08       		.byte	0x8
 467 0312 00       		.byte	0
 468 0313 0B       		.uleb128 0xb
 469 0314 87020000 		.4byte	0x287
 470 0318 0B       		.uleb128 0xb
 471 0319 B2020000 		.4byte	0x2b2
 472 031d 03       		.uleb128 0x3
 473 031e 71060000 		.4byte	.LASF75
 474 0322 02       		.byte	0x2
 475 0323 43       		.byte	0x43
 476 0324 28030000 		.4byte	0x328
 477 0328 0B       		.uleb128 0xb
 478 0329 E2020000 		.4byte	0x2e2
 479 032d 12       		.uleb128 0x12
 480 032e A2020000 		.4byte	.LASF77
 481 0332 0C       		.byte	0xc
 482 0333 02       		.byte	0x2
 483 0334 4F       		.byte	0x4f
 484 0335 6A030000 		.4byte	0x36a
 485 0339 0E       		.uleb128 0xe
 486 033a DB000000 		.4byte	.LASF78
 487 033e 02       		.byte	0x2
 488 033f 55       		.byte	0x55
 489 0340 7C020000 		.4byte	0x27c
ARM GAS  C:\Users\Reza\AppData\Local\Temp\ccfwHNKX.s 			page 15


 490 0344 00       		.byte	0
 491 0345 0E       		.uleb128 0xe
 492 0346 FE030000 		.4byte	.LASF79
 493 034a 02       		.byte	0x2
 494 034b 5A       		.byte	0x5a
 495 034c EF010000 		.4byte	0x1ef
 496 0350 02       		.byte	0x2
 497 0351 13       		.uleb128 0x13
 498 0352 61676500 		.ascii	"age\000"
 499 0356 02       		.byte	0x2
 500 0357 5F       		.byte	0x5f
 501 0358 A2000000 		.4byte	0xa2
 502 035c 04       		.byte	0x4
 503 035d 0E       		.uleb128 0xe
 504 035e EB030000 		.4byte	.LASF80
 505 0362 02       		.byte	0x2
 506 0363 64       		.byte	0x64
 507 0364 70030000 		.4byte	0x370
 508 0368 08       		.byte	0x8
 509 0369 00       		.byte	0
 510 036a 0F       		.uleb128 0xf
 511 036b 04       		.byte	0x4
 512 036c 1D030000 		.4byte	0x31d
 513 0370 0B       		.uleb128 0xb
 514 0371 6A030000 		.4byte	0x36a
 515 0375 03       		.uleb128 0x3
 516 0376 A9020000 		.4byte	.LASF81
 517 037a 02       		.byte	0x2
 518 037b 67       		.byte	0x67
 519 037c 2D030000 		.4byte	0x32d
 520 0380 0D       		.uleb128 0xd
 521 0381 01       		.byte	0x1
 522 0382 0C       		.byte	0xc
 523 0383 68       		.byte	0x68
 524 0384 D4030000 		.4byte	0x3d4
 525 0388 14       		.uleb128 0x14
 526 0389 7A000000 		.4byte	.LASF82
 527 038d 0C       		.byte	0xc
 528 038e 69       		.byte	0x69
 529 038f 13010000 		.4byte	0x113
 530 0393 01       		.byte	0x1
 531 0394 01       		.byte	0x1
 532 0395 07       		.byte	0x7
 533 0396 00       		.byte	0
 534 0397 14       		.uleb128 0x14
 535 0398 58040000 		.4byte	.LASF83
 536 039c 0C       		.byte	0xc
 537 039d 6A       		.byte	0x6a
 538 039e 13010000 		.4byte	0x113
 539 03a2 01       		.byte	0x1
 540 03a3 01       		.byte	0x1
 541 03a4 06       		.byte	0x6
 542 03a5 00       		.byte	0
 543 03a6 14       		.uleb128 0x14
 544 03a7 3D010000 		.4byte	.LASF84
 545 03ab 0C       		.byte	0xc
 546 03ac 6B       		.byte	0x6b
ARM GAS  C:\Users\Reza\AppData\Local\Temp\ccfwHNKX.s 			page 16


 547 03ad 13010000 		.4byte	0x113
 548 03b1 01       		.byte	0x1
 549 03b2 01       		.byte	0x1
 550 03b3 05       		.byte	0x5
 551 03b4 00       		.byte	0
 552 03b5 14       		.uleb128 0x14
 553 03b6 35050000 		.4byte	.LASF85
 554 03ba 0C       		.byte	0xc
 555 03bb 6C       		.byte	0x6c
 556 03bc 13010000 		.4byte	0x113
 557 03c0 01       		.byte	0x1
 558 03c1 01       		.byte	0x1
 559 03c2 04       		.byte	0x4
 560 03c3 00       		.byte	0
 561 03c4 14       		.uleb128 0x14
 562 03c5 5D010000 		.4byte	.LASF86
 563 03c9 0C       		.byte	0xc
 564 03ca 6D       		.byte	0x6d
 565 03cb 13010000 		.4byte	0x113
 566 03cf 01       		.byte	0x1
 567 03d0 01       		.byte	0x1
 568 03d1 03       		.byte	0x3
 569 03d2 00       		.byte	0
 570 03d3 00       		.byte	0
 571 03d4 15       		.uleb128 0x15
 572 03d5 01       		.byte	0x1
 573 03d6 0C       		.byte	0xc
 574 03d7 66       		.byte	0x66
 575 03d8 F3030000 		.4byte	0x3f3
 576 03dc 16       		.uleb128 0x16
 577 03dd 4F050000 		.4byte	.LASF87
 578 03e1 0C       		.byte	0xc
 579 03e2 67       		.byte	0x67
 580 03e3 13010000 		.4byte	0x113
 581 03e7 16       		.uleb128 0x16
 582 03e8 00000000 		.4byte	.LASF88
 583 03ec 0C       		.byte	0xc
 584 03ed 6E       		.byte	0x6e
 585 03ee 80030000 		.4byte	0x380
 586 03f2 00       		.byte	0
 587 03f3 17       		.uleb128 0x17
 588 03f4 4B010000 		.4byte	.LASF100
 589 03f8 02       		.byte	0x2
 590 03f9 1B01     		.2byte	0x11b
 591 03fb BF010000 		.4byte	0x1bf
 592 03ff 03       		.byte	0x3
 593 0400 1D040000 		.4byte	0x41d
 594 0404 18       		.uleb128 0x18
 595 0405 13040000 		.4byte	.LASF101
 596 0409 02       		.byte	0x2
 597 040a 1B01     		.2byte	0x11b
 598 040c 28040000 		.4byte	0x428
 599 0410 19       		.uleb128 0x19
 600 0411 72657400 		.ascii	"ret\000"
 601 0415 02       		.byte	0x2
 602 0416 1D01     		.2byte	0x11d
 603 0418 BF010000 		.4byte	0x1bf
ARM GAS  C:\Users\Reza\AppData\Local\Temp\ccfwHNKX.s 			page 17


 604 041c 00       		.byte	0
 605 041d 0F       		.uleb128 0xf
 606 041e 04       		.byte	0x4
 607 041f 23040000 		.4byte	0x423
 608 0423 0B       		.uleb128 0xb
 609 0424 75030000 		.4byte	0x375
 610 0428 0B       		.uleb128 0xb
 611 0429 1D040000 		.4byte	0x41d
 612 042d 1A       		.uleb128 0x1a
 613 042e 35050000 		.4byte	.LASF85
 614 0432 01       		.byte	0x1
 615 0433 0F       		.byte	0xf
 616 0434 00000000 		.4byte	.LFB150
 617 0438 28000000 		.4byte	.LFE150-.LFB150
 618 043c 01       		.uleb128 0x1
 619 043d 9C       		.byte	0x9c
 620 043e 6B040000 		.4byte	0x46b
 621 0442 1B       		.uleb128 0x1b
 622 0443 F3030000 		.4byte	0x3f3
 623 0447 02000000 		.4byte	.LBB4
 624 044b 10000000 		.4byte	.LBE4-.LBB4
 625 044f 01       		.byte	0x1
 626 0450 13       		.byte	0x13
 627 0451 1C       		.uleb128 0x1c
 628 0452 04040000 		.4byte	0x404
 629 0456 1D       		.uleb128 0x1d
 630 0457 02000000 		.4byte	.LBB5
 631 045b 10000000 		.4byte	.LBE5-.LBB5
 632 045f 1E       		.uleb128 0x1e
 633 0460 10040000 		.4byte	0x410
 634 0464 00000000 		.4byte	.LLST0
 635 0468 00       		.byte	0
 636 0469 00       		.byte	0
 637 046a 00       		.byte	0
 638 046b 1F       		.uleb128 0x1f
 639 046c 3C060000 		.4byte	.LASF89
 640 0470 0D       		.byte	0xd
 641 0471 40       		.byte	0x40
 642 0472 E6000000 		.4byte	0xe6
 643 0476 1F       		.uleb128 0x1f
 644 0477 A7010000 		.4byte	.LASF90
 645 047b 0D       		.byte	0xd
 646 047c 47       		.byte	0x47
 647 047d F1000000 		.4byte	0xf1
 648 0481 1F       		.uleb128 0x1f
 649 0482 C6040000 		.4byte	.LASF91
 650 0486 0D       		.byte	0xd
 651 0487 4A       		.byte	0x4a
 652 0488 E6000000 		.4byte	0xe6
 653 048c 1F       		.uleb128 0x1f
 654 048d 34030000 		.4byte	.LASF92
 655 0491 0E       		.byte	0xe
 656 0492 48       		.byte	0x48
 657 0493 FC000000 		.4byte	0xfc
 658 0497 1F       		.uleb128 0x1f
 659 0498 1E010000 		.4byte	.LASF93
 660 049c 0F       		.byte	0xf
ARM GAS  C:\Users\Reza\AppData\Local\Temp\ccfwHNKX.s 			page 18


 661 049d 44       		.byte	0x44
 662 049e E6000000 		.4byte	0xe6
 663 04a2 20       		.uleb128 0x20
 664 04a3 89050000 		.4byte	.LASF94
 665 04a7 10       		.byte	0x10
 666 04a8 1207     		.2byte	0x712
 667 04aa AE040000 		.4byte	0x4ae
 668 04ae 06       		.uleb128 0x6
 669 04af 97000000 		.4byte	0x97
 670 04b3 1F       		.uleb128 0x1f
 671 04b4 FB010000 		.4byte	.LASF95
 672 04b8 11       		.byte	0x11
 673 04b9 19       		.byte	0x19
 674 04ba 75030000 		.4byte	0x375
 675 04be 21       		.uleb128 0x21
 676 04bf 9D040000 		.4byte	.LASF96
 677 04c3 0C       		.byte	0xc
 678 04c4 6F       		.byte	0x6f
 679 04c5 D4030000 		.4byte	0x3d4
 680 04c9 05       		.uleb128 0x5
 681 04ca 03       		.byte	0x3
 682 04cb 00000000 		.4byte	runnables
 683 04cf 00       		.byte	0
 684              		.section	.debug_abbrev,"",%progbits
 685              	.Ldebug_abbrev0:
 686 0000 01       		.uleb128 0x1
 687 0001 11       		.uleb128 0x11
 688 0002 01       		.byte	0x1
 689 0003 25       		.uleb128 0x25
 690 0004 0E       		.uleb128 0xe
 691 0005 13       		.uleb128 0x13
 692 0006 0B       		.uleb128 0xb
 693 0007 03       		.uleb128 0x3
 694 0008 0E       		.uleb128 0xe
 695 0009 1B       		.uleb128 0x1b
 696 000a 0E       		.uleb128 0xe
 697 000b 55       		.uleb128 0x55
 698 000c 17       		.uleb128 0x17
 699 000d 11       		.uleb128 0x11
 700 000e 01       		.uleb128 0x1
 701 000f 10       		.uleb128 0x10
 702 0010 17       		.uleb128 0x17
 703 0011 00       		.byte	0
 704 0012 00       		.byte	0
 705 0013 02       		.uleb128 0x2
 706 0014 24       		.uleb128 0x24
 707 0015 00       		.byte	0
 708 0016 0B       		.uleb128 0xb
 709 0017 0B       		.uleb128 0xb
 710 0018 3E       		.uleb128 0x3e
 711 0019 0B       		.uleb128 0xb
 712 001a 03       		.uleb128 0x3
 713 001b 0E       		.uleb128 0xe
 714 001c 00       		.byte	0
 715 001d 00       		.byte	0
 716 001e 03       		.uleb128 0x3
 717 001f 16       		.uleb128 0x16
ARM GAS  C:\Users\Reza\AppData\Local\Temp\ccfwHNKX.s 			page 19


 718 0020 00       		.byte	0
 719 0021 03       		.uleb128 0x3
 720 0022 0E       		.uleb128 0xe
 721 0023 3A       		.uleb128 0x3a
 722 0024 0B       		.uleb128 0xb
 723 0025 3B       		.uleb128 0x3b
 724 0026 0B       		.uleb128 0xb
 725 0027 49       		.uleb128 0x49
 726 0028 13       		.uleb128 0x13
 727 0029 00       		.byte	0
 728 002a 00       		.byte	0
 729 002b 04       		.uleb128 0x4
 730 002c 24       		.uleb128 0x24
 731 002d 00       		.byte	0
 732 002e 0B       		.uleb128 0xb
 733 002f 0B       		.uleb128 0xb
 734 0030 3E       		.uleb128 0x3e
 735 0031 0B       		.uleb128 0xb
 736 0032 03       		.uleb128 0x3
 737 0033 08       		.uleb128 0x8
 738 0034 00       		.byte	0
 739 0035 00       		.byte	0
 740 0036 05       		.uleb128 0x5
 741 0037 16       		.uleb128 0x16
 742 0038 00       		.byte	0
 743 0039 03       		.uleb128 0x3
 744 003a 0E       		.uleb128 0xe
 745 003b 3A       		.uleb128 0x3a
 746 003c 0B       		.uleb128 0xb
 747 003d 3B       		.uleb128 0x3b
 748 003e 05       		.uleb128 0x5
 749 003f 49       		.uleb128 0x49
 750 0040 13       		.uleb128 0x13
 751 0041 00       		.byte	0
 752 0042 00       		.byte	0
 753 0043 06       		.uleb128 0x6
 754 0044 35       		.uleb128 0x35
 755 0045 00       		.byte	0
 756 0046 49       		.uleb128 0x49
 757 0047 13       		.uleb128 0x13
 758 0048 00       		.byte	0
 759 0049 00       		.byte	0
 760 004a 07       		.uleb128 0x7
 761 004b 04       		.uleb128 0x4
 762 004c 01       		.byte	0x1
 763 004d 03       		.uleb128 0x3
 764 004e 08       		.uleb128 0x8
 765 004f 0B       		.uleb128 0xb
 766 0050 0B       		.uleb128 0xb
 767 0051 49       		.uleb128 0x49
 768 0052 13       		.uleb128 0x13
 769 0053 3A       		.uleb128 0x3a
 770 0054 0B       		.uleb128 0xb
 771 0055 3B       		.uleb128 0x3b
 772 0056 0B       		.uleb128 0xb
 773 0057 01       		.uleb128 0x1
 774 0058 13       		.uleb128 0x13
ARM GAS  C:\Users\Reza\AppData\Local\Temp\ccfwHNKX.s 			page 20


 775 0059 00       		.byte	0
 776 005a 00       		.byte	0
 777 005b 08       		.uleb128 0x8
 778 005c 28       		.uleb128 0x28
 779 005d 00       		.byte	0
 780 005e 03       		.uleb128 0x3
 781 005f 0E       		.uleb128 0xe
 782 0060 1C       		.uleb128 0x1c
 783 0061 0B       		.uleb128 0xb
 784 0062 00       		.byte	0
 785 0063 00       		.byte	0
 786 0064 09       		.uleb128 0x9
 787 0065 28       		.uleb128 0x28
 788 0066 00       		.byte	0
 789 0067 03       		.uleb128 0x3
 790 0068 0E       		.uleb128 0xe
 791 0069 1C       		.uleb128 0x1c
 792 006a 0D       		.uleb128 0xd
 793 006b 00       		.byte	0
 794 006c 00       		.byte	0
 795 006d 0A       		.uleb128 0xa
 796 006e 04       		.uleb128 0x4
 797 006f 01       		.byte	0x1
 798 0070 0B       		.uleb128 0xb
 799 0071 0B       		.uleb128 0xb
 800 0072 49       		.uleb128 0x49
 801 0073 13       		.uleb128 0x13
 802 0074 3A       		.uleb128 0x3a
 803 0075 0B       		.uleb128 0xb
 804 0076 3B       		.uleb128 0x3b
 805 0077 0B       		.uleb128 0xb
 806 0078 01       		.uleb128 0x1
 807 0079 13       		.uleb128 0x13
 808 007a 00       		.byte	0
 809 007b 00       		.byte	0
 810 007c 0B       		.uleb128 0xb
 811 007d 26       		.uleb128 0x26
 812 007e 00       		.byte	0
 813 007f 49       		.uleb128 0x49
 814 0080 13       		.uleb128 0x13
 815 0081 00       		.byte	0
 816 0082 00       		.byte	0
 817 0083 0C       		.uleb128 0xc
 818 0084 04       		.uleb128 0x4
 819 0085 01       		.byte	0x1
 820 0086 03       		.uleb128 0x3
 821 0087 0E       		.uleb128 0xe
 822 0088 0B       		.uleb128 0xb
 823 0089 0B       		.uleb128 0xb
 824 008a 49       		.uleb128 0x49
 825 008b 13       		.uleb128 0x13
 826 008c 3A       		.uleb128 0x3a
 827 008d 0B       		.uleb128 0xb
 828 008e 3B       		.uleb128 0x3b
 829 008f 0B       		.uleb128 0xb
 830 0090 01       		.uleb128 0x1
 831 0091 13       		.uleb128 0x13
ARM GAS  C:\Users\Reza\AppData\Local\Temp\ccfwHNKX.s 			page 21


 832 0092 00       		.byte	0
 833 0093 00       		.byte	0
 834 0094 0D       		.uleb128 0xd
 835 0095 13       		.uleb128 0x13
 836 0096 01       		.byte	0x1
 837 0097 0B       		.uleb128 0xb
 838 0098 0B       		.uleb128 0xb
 839 0099 3A       		.uleb128 0x3a
 840 009a 0B       		.uleb128 0xb
 841 009b 3B       		.uleb128 0x3b
 842 009c 0B       		.uleb128 0xb
 843 009d 01       		.uleb128 0x1
 844 009e 13       		.uleb128 0x13
 845 009f 00       		.byte	0
 846 00a0 00       		.byte	0
 847 00a1 0E       		.uleb128 0xe
 848 00a2 0D       		.uleb128 0xd
 849 00a3 00       		.byte	0
 850 00a4 03       		.uleb128 0x3
 851 00a5 0E       		.uleb128 0xe
 852 00a6 3A       		.uleb128 0x3a
 853 00a7 0B       		.uleb128 0xb
 854 00a8 3B       		.uleb128 0x3b
 855 00a9 0B       		.uleb128 0xb
 856 00aa 49       		.uleb128 0x49
 857 00ab 13       		.uleb128 0x13
 858 00ac 38       		.uleb128 0x38
 859 00ad 0B       		.uleb128 0xb
 860 00ae 00       		.byte	0
 861 00af 00       		.byte	0
 862 00b0 0F       		.uleb128 0xf
 863 00b1 0F       		.uleb128 0xf
 864 00b2 00       		.byte	0
 865 00b3 0B       		.uleb128 0xb
 866 00b4 0B       		.uleb128 0xb
 867 00b5 49       		.uleb128 0x49
 868 00b6 13       		.uleb128 0x13
 869 00b7 00       		.byte	0
 870 00b8 00       		.byte	0
 871 00b9 10       		.uleb128 0x10
 872 00ba 15       		.uleb128 0x15
 873 00bb 01       		.byte	0x1
 874 00bc 27       		.uleb128 0x27
 875 00bd 19       		.uleb128 0x19
 876 00be 49       		.uleb128 0x49
 877 00bf 13       		.uleb128 0x13
 878 00c0 01       		.uleb128 0x1
 879 00c1 13       		.uleb128 0x13
 880 00c2 00       		.byte	0
 881 00c3 00       		.byte	0
 882 00c4 11       		.uleb128 0x11
 883 00c5 05       		.uleb128 0x5
 884 00c6 00       		.byte	0
 885 00c7 49       		.uleb128 0x49
 886 00c8 13       		.uleb128 0x13
 887 00c9 00       		.byte	0
 888 00ca 00       		.byte	0
ARM GAS  C:\Users\Reza\AppData\Local\Temp\ccfwHNKX.s 			page 22


 889 00cb 12       		.uleb128 0x12
 890 00cc 13       		.uleb128 0x13
 891 00cd 01       		.byte	0x1
 892 00ce 03       		.uleb128 0x3
 893 00cf 0E       		.uleb128 0xe
 894 00d0 0B       		.uleb128 0xb
 895 00d1 0B       		.uleb128 0xb
 896 00d2 3A       		.uleb128 0x3a
 897 00d3 0B       		.uleb128 0xb
 898 00d4 3B       		.uleb128 0x3b
 899 00d5 0B       		.uleb128 0xb
 900 00d6 01       		.uleb128 0x1
 901 00d7 13       		.uleb128 0x13
 902 00d8 00       		.byte	0
 903 00d9 00       		.byte	0
 904 00da 13       		.uleb128 0x13
 905 00db 0D       		.uleb128 0xd
 906 00dc 00       		.byte	0
 907 00dd 03       		.uleb128 0x3
 908 00de 08       		.uleb128 0x8
 909 00df 3A       		.uleb128 0x3a
 910 00e0 0B       		.uleb128 0xb
 911 00e1 3B       		.uleb128 0x3b
 912 00e2 0B       		.uleb128 0xb
 913 00e3 49       		.uleb128 0x49
 914 00e4 13       		.uleb128 0x13
 915 00e5 38       		.uleb128 0x38
 916 00e6 0B       		.uleb128 0xb
 917 00e7 00       		.byte	0
 918 00e8 00       		.byte	0
 919 00e9 14       		.uleb128 0x14
 920 00ea 0D       		.uleb128 0xd
 921 00eb 00       		.byte	0
 922 00ec 03       		.uleb128 0x3
 923 00ed 0E       		.uleb128 0xe
 924 00ee 3A       		.uleb128 0x3a
 925 00ef 0B       		.uleb128 0xb
 926 00f0 3B       		.uleb128 0x3b
 927 00f1 0B       		.uleb128 0xb
 928 00f2 49       		.uleb128 0x49
 929 00f3 13       		.uleb128 0x13
 930 00f4 0B       		.uleb128 0xb
 931 00f5 0B       		.uleb128 0xb
 932 00f6 0D       		.uleb128 0xd
 933 00f7 0B       		.uleb128 0xb
 934 00f8 0C       		.uleb128 0xc
 935 00f9 0B       		.uleb128 0xb
 936 00fa 38       		.uleb128 0x38
 937 00fb 0B       		.uleb128 0xb
 938 00fc 00       		.byte	0
 939 00fd 00       		.byte	0
 940 00fe 15       		.uleb128 0x15
 941 00ff 17       		.uleb128 0x17
 942 0100 01       		.byte	0x1
 943 0101 0B       		.uleb128 0xb
 944 0102 0B       		.uleb128 0xb
 945 0103 3A       		.uleb128 0x3a
ARM GAS  C:\Users\Reza\AppData\Local\Temp\ccfwHNKX.s 			page 23


 946 0104 0B       		.uleb128 0xb
 947 0105 3B       		.uleb128 0x3b
 948 0106 0B       		.uleb128 0xb
 949 0107 01       		.uleb128 0x1
 950 0108 13       		.uleb128 0x13
 951 0109 00       		.byte	0
 952 010a 00       		.byte	0
 953 010b 16       		.uleb128 0x16
 954 010c 0D       		.uleb128 0xd
 955 010d 00       		.byte	0
 956 010e 03       		.uleb128 0x3
 957 010f 0E       		.uleb128 0xe
 958 0110 3A       		.uleb128 0x3a
 959 0111 0B       		.uleb128 0xb
 960 0112 3B       		.uleb128 0x3b
 961 0113 0B       		.uleb128 0xb
 962 0114 49       		.uleb128 0x49
 963 0115 13       		.uleb128 0x13
 964 0116 00       		.byte	0
 965 0117 00       		.byte	0
 966 0118 17       		.uleb128 0x17
 967 0119 2E       		.uleb128 0x2e
 968 011a 01       		.byte	0x1
 969 011b 3F       		.uleb128 0x3f
 970 011c 19       		.uleb128 0x19
 971 011d 03       		.uleb128 0x3
 972 011e 0E       		.uleb128 0xe
 973 011f 3A       		.uleb128 0x3a
 974 0120 0B       		.uleb128 0xb
 975 0121 3B       		.uleb128 0x3b
 976 0122 05       		.uleb128 0x5
 977 0123 27       		.uleb128 0x27
 978 0124 19       		.uleb128 0x19
 979 0125 49       		.uleb128 0x49
 980 0126 13       		.uleb128 0x13
 981 0127 20       		.uleb128 0x20
 982 0128 0B       		.uleb128 0xb
 983 0129 01       		.uleb128 0x1
 984 012a 13       		.uleb128 0x13
 985 012b 00       		.byte	0
 986 012c 00       		.byte	0
 987 012d 18       		.uleb128 0x18
 988 012e 05       		.uleb128 0x5
 989 012f 00       		.byte	0
 990 0130 03       		.uleb128 0x3
 991 0131 0E       		.uleb128 0xe
 992 0132 3A       		.uleb128 0x3a
 993 0133 0B       		.uleb128 0xb
 994 0134 3B       		.uleb128 0x3b
 995 0135 05       		.uleb128 0x5
 996 0136 49       		.uleb128 0x49
 997 0137 13       		.uleb128 0x13
 998 0138 00       		.byte	0
 999 0139 00       		.byte	0
 1000 013a 19       		.uleb128 0x19
 1001 013b 34       		.uleb128 0x34
 1002 013c 00       		.byte	0
ARM GAS  C:\Users\Reza\AppData\Local\Temp\ccfwHNKX.s 			page 24


 1003 013d 03       		.uleb128 0x3
 1004 013e 08       		.uleb128 0x8
 1005 013f 3A       		.uleb128 0x3a
 1006 0140 0B       		.uleb128 0xb
 1007 0141 3B       		.uleb128 0x3b
 1008 0142 05       		.uleb128 0x5
 1009 0143 49       		.uleb128 0x49
 1010 0144 13       		.uleb128 0x13
 1011 0145 00       		.byte	0
 1012 0146 00       		.byte	0
 1013 0147 1A       		.uleb128 0x1a
 1014 0148 2E       		.uleb128 0x2e
 1015 0149 01       		.byte	0x1
 1016 014a 3F       		.uleb128 0x3f
 1017 014b 19       		.uleb128 0x19
 1018 014c 03       		.uleb128 0x3
 1019 014d 0E       		.uleb128 0xe
 1020 014e 3A       		.uleb128 0x3a
 1021 014f 0B       		.uleb128 0xb
 1022 0150 3B       		.uleb128 0x3b
 1023 0151 0B       		.uleb128 0xb
 1024 0152 11       		.uleb128 0x11
 1025 0153 01       		.uleb128 0x1
 1026 0154 12       		.uleb128 0x12
 1027 0155 06       		.uleb128 0x6
 1028 0156 40       		.uleb128 0x40
 1029 0157 18       		.uleb128 0x18
 1030 0158 9642     		.uleb128 0x2116
 1031 015a 19       		.uleb128 0x19
 1032 015b 01       		.uleb128 0x1
 1033 015c 13       		.uleb128 0x13
 1034 015d 00       		.byte	0
 1035 015e 00       		.byte	0
 1036 015f 1B       		.uleb128 0x1b
 1037 0160 1D       		.uleb128 0x1d
 1038 0161 01       		.byte	0x1
 1039 0162 31       		.uleb128 0x31
 1040 0163 13       		.uleb128 0x13
 1041 0164 11       		.uleb128 0x11
 1042 0165 01       		.uleb128 0x1
 1043 0166 12       		.uleb128 0x12
 1044 0167 06       		.uleb128 0x6
 1045 0168 58       		.uleb128 0x58
 1046 0169 0B       		.uleb128 0xb
 1047 016a 59       		.uleb128 0x59
 1048 016b 0B       		.uleb128 0xb
 1049 016c 00       		.byte	0
 1050 016d 00       		.byte	0
 1051 016e 1C       		.uleb128 0x1c
 1052 016f 05       		.uleb128 0x5
 1053 0170 00       		.byte	0
 1054 0171 31       		.uleb128 0x31
 1055 0172 13       		.uleb128 0x13
 1056 0173 00       		.byte	0
 1057 0174 00       		.byte	0
 1058 0175 1D       		.uleb128 0x1d
 1059 0176 0B       		.uleb128 0xb
ARM GAS  C:\Users\Reza\AppData\Local\Temp\ccfwHNKX.s 			page 25


 1060 0177 01       		.byte	0x1
 1061 0178 11       		.uleb128 0x11
 1062 0179 01       		.uleb128 0x1
 1063 017a 12       		.uleb128 0x12
 1064 017b 06       		.uleb128 0x6
 1065 017c 00       		.byte	0
 1066 017d 00       		.byte	0
 1067 017e 1E       		.uleb128 0x1e
 1068 017f 34       		.uleb128 0x34
 1069 0180 00       		.byte	0
 1070 0181 31       		.uleb128 0x31
 1071 0182 13       		.uleb128 0x13
 1072 0183 02       		.uleb128 0x2
 1073 0184 17       		.uleb128 0x17
 1074 0185 00       		.byte	0
 1075 0186 00       		.byte	0
 1076 0187 1F       		.uleb128 0x1f
 1077 0188 34       		.uleb128 0x34
 1078 0189 00       		.byte	0
 1079 018a 03       		.uleb128 0x3
 1080 018b 0E       		.uleb128 0xe
 1081 018c 3A       		.uleb128 0x3a
 1082 018d 0B       		.uleb128 0xb
 1083 018e 3B       		.uleb128 0x3b
 1084 018f 0B       		.uleb128 0xb
 1085 0190 49       		.uleb128 0x49
 1086 0191 13       		.uleb128 0x13
 1087 0192 3F       		.uleb128 0x3f
 1088 0193 19       		.uleb128 0x19
 1089 0194 3C       		.uleb128 0x3c
 1090 0195 19       		.uleb128 0x19
 1091 0196 00       		.byte	0
 1092 0197 00       		.byte	0
 1093 0198 20       		.uleb128 0x20
 1094 0199 34       		.uleb128 0x34
 1095 019a 00       		.byte	0
 1096 019b 03       		.uleb128 0x3
 1097 019c 0E       		.uleb128 0xe
 1098 019d 3A       		.uleb128 0x3a
 1099 019e 0B       		.uleb128 0xb
 1100 019f 3B       		.uleb128 0x3b
 1101 01a0 05       		.uleb128 0x5
 1102 01a1 49       		.uleb128 0x49
 1103 01a2 13       		.uleb128 0x13
 1104 01a3 3F       		.uleb128 0x3f
 1105 01a4 19       		.uleb128 0x19
 1106 01a5 3C       		.uleb128 0x3c
 1107 01a6 19       		.uleb128 0x19
 1108 01a7 00       		.byte	0
 1109 01a8 00       		.byte	0
 1110 01a9 21       		.uleb128 0x21
 1111 01aa 34       		.uleb128 0x34
 1112 01ab 00       		.byte	0
 1113 01ac 03       		.uleb128 0x3
 1114 01ad 0E       		.uleb128 0xe
 1115 01ae 3A       		.uleb128 0x3a
 1116 01af 0B       		.uleb128 0xb
ARM GAS  C:\Users\Reza\AppData\Local\Temp\ccfwHNKX.s 			page 26


 1117 01b0 3B       		.uleb128 0x3b
 1118 01b1 0B       		.uleb128 0xb
 1119 01b2 49       		.uleb128 0x49
 1120 01b3 13       		.uleb128 0x13
 1121 01b4 3F       		.uleb128 0x3f
 1122 01b5 19       		.uleb128 0x19
 1123 01b6 02       		.uleb128 0x2
 1124 01b7 18       		.uleb128 0x18
 1125 01b8 00       		.byte	0
 1126 01b9 00       		.byte	0
 1127 01ba 00       		.byte	0
 1128              		.section	.debug_loc,"",%progbits
 1129              	.Ldebug_loc0:
 1130              	.LLST0:
 1131 0000 02000000 		.4byte	.LVL0
 1132 0004 12000000 		.4byte	.LVL1
 1133 0008 0300     		.2byte	0x3
 1134 000a 09       		.byte	0x9
 1135 000b FF       		.byte	0xff
 1136 000c 9F       		.byte	0x9f
 1137 000d 00000000 		.4byte	0
 1138 0011 00000000 		.4byte	0
 1139              		.section	.debug_aranges,"",%progbits
 1140 0000 1C000000 		.4byte	0x1c
 1141 0004 0200     		.2byte	0x2
 1142 0006 00000000 		.4byte	.Ldebug_info0
 1143 000a 04       		.byte	0x4
 1144 000b 00       		.byte	0
 1145 000c 0000     		.2byte	0
 1146 000e 0000     		.2byte	0
 1147 0010 00000000 		.4byte	.LFB150
 1148 0014 28000000 		.4byte	.LFE150-.LFB150
 1149 0018 00000000 		.4byte	0
 1150 001c 00000000 		.4byte	0
 1151              		.section	.debug_ranges,"",%progbits
 1152              	.Ldebug_ranges0:
 1153 0000 00000000 		.4byte	.LFB150
 1154 0004 28000000 		.4byte	.LFE150
 1155 0008 00000000 		.4byte	0
 1156 000c 00000000 		.4byte	0
 1157              		.section	.debug_line,"",%progbits
 1158              	.Ldebug_line0:
 1159 0000 E8020000 		.section	.debug_str,"MS",%progbits,1
 1159      0200C602 
 1159      00000201 
 1159      FB0E0D00 
 1159      01010101 
 1160              	.LASF88:
 1161 0000 6269745F 		.ascii	"bit_field\000"
 1161      6669656C 
 1161      6400
 1162              	.LASF22:
 1163 000a 45455F55 		.ascii	"EE_UREG\000"
 1163      52454700 
 1164              	.LASF26:
 1165 0012 52435F53 		.ascii	"RC_SUCCESS\000"
 1165      55434345 
ARM GAS  C:\Users\Reza\AppData\Local\Temp\ccfwHNKX.s 			page 27


 1165      535300
 1166              	.LASF71:
 1167 001d 4750494F 		.ascii	"GPIO_driverOut_t\000"
 1167      5F647269 
 1167      7665724F 
 1167      75745F74 
 1167      00
 1168              	.LASF25:
 1169 002e 4576656E 		.ascii	"EventMaskType\000"
 1169      744D6173 
 1169      6B547970 
 1169      6500
 1170              	.LASF2:
 1171 003c 73686F72 		.ascii	"short int\000"
 1171      7420696E 
 1171      7400
 1172              	.LASF32:
 1173 0046 52435F45 		.ascii	"RC_ERROR_OVERRUN\000"
 1173      52524F52 
 1173      5F4F5645 
 1173      5252554E 
 1173      00
 1174              	.LASF44:
 1175 0057 52435F45 		.ascii	"RC_ERROR_WRITE_FAILS\000"
 1175      52524F52 
 1175      5F575249 
 1175      54455F46 
 1175      41494C53 
 1176              	.LASF19:
 1177 006c 73697A65 		.ascii	"sizetype\000"
 1177      74797065 
 1177      00
 1178              	.LASF51:
 1179 0075 52435F74 		.ascii	"RC_t\000"
 1179      00
 1180              	.LASF82:
 1181 007a 72756E5F 		.ascii	"run_readJoystick\000"
 1181      72656164 
 1181      4A6F7973 
 1181      7469636B 
 1181      00
 1182              	.LASF54:
 1183 008b 5254455F 		.ascii	"RTE_SIGNALSTATUS_VALID\000"
 1183      5349474E 
 1183      414C5354 
 1183      41545553 
 1183      5F56414C 
 1184              	.LASF67:
 1185 00a2 4C45445F 		.ascii	"LED_Type\000"
 1185      54797065 
 1185      00
 1186              	.LASF18:
 1187 00ab 6C6F6E67 		.ascii	"long double\000"
 1187      20646F75 
 1187      626C6500 
 1188              	.LASF7:
 1189 00b7 5F5F7569 		.ascii	"__uint32_t\000"
ARM GAS  C:\Users\Reza\AppData\Local\Temp\ccfwHNKX.s 			page 28


 1189      6E743332 
 1189      5F7400
 1190              	.LASF23:
 1191 00c2 45455F46 		.ascii	"EE_FREG\000"
 1191      52454700 
 1192              	.LASF21:
 1193 00ca 45455F55 		.ascii	"EE_UINT32\000"
 1193      494E5433 
 1193      3200
 1194              	.LASF24:
 1195 00d4 45455F54 		.ascii	"EE_TID\000"
 1195      494400
 1196              	.LASF78:
 1197 00db 76616C75 		.ascii	"value\000"
 1197      6500
 1198              	.LASF63:
 1199 00e1 654C4544 		.ascii	"eLED_ONOFF\000"
 1199      5F4F4E4F 
 1199      464600
 1200              	.LASF12:
 1201 00ec 75696E74 		.ascii	"uint8_t\000"
 1201      385F7400 
 1202              	.LASF49:
 1203 00f4 52435F45 		.ascii	"RC_ERROR_INVALID_STATE\000"
 1203      52524F52 
 1203      5F494E56 
 1203      414C4944 
 1203      5F535441 
 1204              	.LASF56:
 1205 010b 5254455F 		.ascii	"RTE_signalStatus_t\000"
 1205      7369676E 
 1205      616C5374 
 1205      61747573 
 1205      5F7400
 1206              	.LASF93:
 1207 011e 45455F49 		.ascii	"EE_IRQ_nesting_level\000"
 1207      52515F6E 
 1207      65737469 
 1207      6E675F6C 
 1207      6576656C 
 1208              	.LASF60:
 1209 0133 4C45445F 		.ascii	"LED_GREEN\000"
 1209      47524545 
 1209      4E00
 1210              	.LASF84:
 1211 013d 72756E5F 		.ascii	"run_setEngine\000"
 1211      73657445 
 1211      6E67696E 
 1211      6500
 1212              	.LASF100:
 1213 014b 5254455F 		.ascii	"RTE_GPIO_pushPort\000"
 1213      4750494F 
 1213      5F707573 
 1213      68506F72 
 1213      7400
 1214              	.LASF86:
 1215 015d 72756E5F 		.ascii	"run_setLcd\000"
ARM GAS  C:\Users\Reza\AppData\Local\Temp\ccfwHNKX.s 			page 29


 1215      7365744C 
 1215      636400
 1216              	.LASF31:
 1217 0168 52435F45 		.ascii	"RC_ERROR_RANGE\000"
 1217      52524F52 
 1217      5F52414E 
 1217      474500
 1218              	.LASF15:
 1219 0177 666C6F61 		.ascii	"float\000"
 1219      7400
 1220              	.LASF41:
 1221 017d 52435F45 		.ascii	"RC_ERROR_WRITE_ONLY\000"
 1221      52524F52 
 1221      5F575249 
 1221      54455F4F 
 1221      4E4C5900 
 1222              	.LASF9:
 1223 0191 6C6F6E67 		.ascii	"long long int\000"
 1223      206C6F6E 
 1223      6720696E 
 1223      7400
 1224              	.LASF57:
 1225 019f 654C4544 		.ascii	"eLED_id\000"
 1225      5F696400 
 1226              	.LASF90:
 1227 01a7 45455F6F 		.ascii	"EE_oo_IRQ_suspend_status\000"
 1227      6F5F4952 
 1227      515F7375 
 1227      7370656E 
 1227      645F7374 
 1228              	.LASF45:
 1229 01c0 52435F45 		.ascii	"RC_ERROR_NOT_MATCH\000"
 1229      52524F52 
 1229      5F4E4F54 
 1229      5F4D4154 
 1229      434800
 1230              	.LASF50:
 1231 01d3 52435F45 		.ascii	"RC_ERROR_UNKNOWN\000"
 1231      52524F52 
 1231      5F554E4B 
 1231      4E4F574E 
 1231      00
 1232              	.LASF29:
 1233 01e4 52435F45 		.ascii	"RC_ERROR_ZERO\000"
 1233      52524F52 
 1233      5F5A4552 
 1233      4F00
 1234              	.LASF6:
 1235 01f2 6C6F6E67 		.ascii	"long int\000"
 1235      20696E74 
 1235      00
 1236              	.LASF95:
 1237 01fb 4252414B 		.ascii	"BRAKELIGHT_signal\000"
 1237      454C4947 
 1237      48545F73 
 1237      69676E61 
 1237      6C00
ARM GAS  C:\Users\Reza\AppData\Local\Temp\ccfwHNKX.s 			page 30


 1238              	.LASF35:
 1239 020d 52435F45 		.ascii	"RC_ERROR_BUFFER_EMTPY\000"
 1239      52524F52 
 1239      5F425546 
 1239      4645525F 
 1239      454D5450 
 1240              	.LASF36:
 1241 0223 52435F45 		.ascii	"RC_ERROR_BUSY\000"
 1241      52524F52 
 1241      5F425553 
 1241      5900
 1242              	.LASF52:
 1243 0231 5254455F 		.ascii	"RTE_SIGNALSTATUS_STARTUP\000"
 1243      5349474E 
 1243      414C5354 
 1243      41545553 
 1243      5F535441 
 1244              	.LASF4:
 1245 024a 5F5F7569 		.ascii	"__uint8_t\000"
 1245      6E74385F 
 1245      7400
 1246              	.LASF42:
 1247 0254 52435F45 		.ascii	"RC_ERROR_INVALID\000"
 1247      52524F52 
 1247      5F494E56 
 1247      414C4944 
 1247      00
 1248              	.LASF47:
 1249 0265 52435F45 		.ascii	"RC_ERROR_BAD_DATA\000"
 1249      52524F52 
 1249      5F424144 
 1249      5F444154 
 1249      4100
 1250              	.LASF40:
 1251 0277 52435F45 		.ascii	"RC_ERROR_READ_ONLY\000"
 1251      52524F52 
 1251      5F524541 
 1251      445F4F4E 
 1251      4C5900
 1252              	.LASF73:
 1253 028a 6F757444 		.ascii	"outDriver\000"
 1253      72697665 
 1253      7200
 1254              	.LASF1:
 1255 0294 756E7369 		.ascii	"unsigned char\000"
 1255      676E6564 
 1255      20636861 
 1255      7200
 1256              	.LASF77:
 1257 02a2 4750494F 		.ascii	"GPIO_s\000"
 1257      5F7300
 1258              	.LASF81:
 1259 02a9 4750494F 		.ascii	"GPIO_t\000"
 1259      5F7400
 1260              	.LASF62:
 1261 02b0 4C45445F 		.ascii	"LED_id_t\000"
 1261      69645F74 
ARM GAS  C:\Users\Reza\AppData\Local\Temp\ccfwHNKX.s 			page 31


 1261      00
 1262              	.LASF66:
 1263 02b9 4C45445F 		.ascii	"LED_ONOFF_t\000"
 1263      4F4E4F46 
 1263      465F7400 
 1264              	.LASF0:
 1265 02c5 7369676E 		.ascii	"signed char\000"
 1265      65642063 
 1265      68617200 
 1266              	.LASF10:
 1267 02d1 6C6F6E67 		.ascii	"long long unsigned int\000"
 1267      206C6F6E 
 1267      6720756E 
 1267      7369676E 
 1267      65642069 
 1268              	.LASF65:
 1269 02e8 4C45445F 		.ascii	"LED_ON\000"
 1269      4F4E00
 1270              	.LASF14:
 1271 02ef 75696E74 		.ascii	"uint32_t\000"
 1271      33325F74 
 1271      00
 1272              	.LASF11:
 1273 02f8 756E7369 		.ascii	"unsigned int\000"
 1273      676E6564 
 1273      20696E74 
 1273      00
 1274              	.LASF38:
 1275 0305 52435F45 		.ascii	"RC_ERROR_OPEN\000"
 1275      52524F52 
 1275      5F4F5045 
 1275      4E00
 1276              	.LASF64:
 1277 0313 4C45445F 		.ascii	"LED_OFF\000"
 1277      4F464600 
 1278              	.LASF59:
 1279 031b 4C45445F 		.ascii	"LED_YELLOW\000"
 1279      59454C4C 
 1279      4F5700
 1280              	.LASF28:
 1281 0326 52435F45 		.ascii	"RC_ERROR_NULL\000"
 1281      52524F52 
 1281      5F4E554C 
 1281      4C00
 1282              	.LASF92:
 1283 0334 45455F73 		.ascii	"EE_std_endcycle_next_tid\000"
 1283      74645F65 
 1283      6E646379 
 1283      636C655F 
 1283      6E657874 
 1284              	.LASF99:
 1285 034d 453A5C4E 		.ascii	"E:\\New_Dell_Laptop_18.04.2021\\Drive_D\\hda\\Summe"
 1285      65775F44 
 1285      656C6C5F 
 1285      4C617074 
 1285      6F705F31 
 1286 037c 725F5365 		.ascii	"r_Semester_2020\\Embedded Architecture and Applicat"
ARM GAS  C:\Users\Reza\AppData\Local\Temp\ccfwHNKX.s 			page 32


 1286      6D657374 
 1286      65725F32 
 1286      3032305C 
 1286      456D6265 
 1287 03ae 696F6E5C 		.ascii	"ion\\Lab1\\Work_Space_RTE\\RTE_Electronic_Clock.cyd"
 1287      4C616231 
 1287      5C576F72 
 1287      6B5F5370 
 1287      6163655F 
 1288 03de 736E00   		.ascii	"sn\000"
 1289              	.LASF68:
 1290 03e1 4C45445F 		.ascii	"LED_State\000"
 1290      53746174 
 1290      6500
 1291              	.LASF80:
 1292 03eb 70536967 		.ascii	"pSigCfg\000"
 1292      43666700 
 1293              	.LASF74:
 1294 03f3 65764F6E 		.ascii	"evOnUpdate\000"
 1294      55706461 
 1294      746500
 1295              	.LASF79:
 1296 03fe 73746174 		.ascii	"status\000"
 1296      757300
 1297              	.LASF20:
 1298 0405 45455F49 		.ascii	"EE_INT32\000"
 1298      4E543332 
 1298      00
 1299              	.LASF17:
 1300 040e 63686172 		.ascii	"char\000"
 1300      00
 1301              	.LASF101:
 1302 0413 7369676E 		.ascii	"signal\000"
 1302      616C00
 1303              	.LASF55:
 1304 041a 5254455F 		.ascii	"RTE_SIGNALSTATUS_INVALID\000"
 1304      5349474E 
 1304      414C5354 
 1304      41545553 
 1304      5F494E56 
 1305              	.LASF53:
 1306 0433 5254455F 		.ascii	"RTE_SIGNALSTATUS_INITIALIZED\000"
 1306      5349474E 
 1306      414C5354 
 1306      41545553 
 1306      5F494E49 
 1307              	.LASF13:
 1308 0450 696E7433 		.ascii	"int32_t\000"
 1308      325F7400 
 1309              	.LASF83:
 1310 0458 72756E5F 		.ascii	"run_calculateControl\000"
 1310      63616C63 
 1310      756C6174 
 1310      65436F6E 
 1310      74726F6C 
 1311              	.LASF43:
 1312 046d 52435F45 		.ascii	"RC_ERROR_READ_FAILS\000"
ARM GAS  C:\Users\Reza\AppData\Local\Temp\ccfwHNKX.s 			page 33


 1312      52524F52 
 1312      5F524541 
 1312      445F4641 
 1312      494C5300 
 1313              	.LASF46:
 1314 0481 52435F45 		.ascii	"RC_ERROR_BAD_PARAM\000"
 1314      52524F52 
 1314      5F424144 
 1314      5F504152 
 1314      414D00
 1315              	.LASF27:
 1316 0494 52435F45 		.ascii	"RC_ERROR\000"
 1316      52524F52 
 1316      00
 1317              	.LASF96:
 1318 049d 72756E6E 		.ascii	"runnables\000"
 1318      61626C65 
 1318      7300
 1319              	.LASF69:
 1320 04a7 4750494F 		.ascii	"GPIO_data_t\000"
 1320      5F646174 
 1320      615F7400 
 1321              	.LASF3:
 1322 04b3 73686F72 		.ascii	"short unsigned int\000"
 1322      7420756E 
 1322      7369676E 
 1322      65642069 
 1322      6E7400
 1323              	.LASF91:
 1324 04c6 45455F41 		.ascii	"EE_ApplicationMode\000"
 1324      70706C69 
 1324      63617469 
 1324      6F6E4D6F 
 1324      646500
 1325              	.LASF8:
 1326 04d9 6C6F6E67 		.ascii	"long unsigned int\000"
 1326      20756E73 
 1326      69676E65 
 1326      6420696E 
 1326      7400
 1327              	.LASF16:
 1328 04eb 646F7562 		.ascii	"double\000"
 1328      6C6500
 1329              	.LASF34:
 1330 04f2 52435F45 		.ascii	"RC_ERROR_BUFFER_FULL\000"
 1330      52524F52 
 1330      5F425546 
 1330      4645525F 
 1330      46554C4C 
 1331              	.LASF98:
 1332 0507 736F7572 		.ascii	"source\\asw\\swc_brakelight.c\000"
 1332      63655C61 
 1332      73775C73 
 1332      77635F62 
 1332      72616B65 
 1333              	.LASF39:
 1334 0523 52435F45 		.ascii	"RC_ERROR_CHECKSUM\000"
ARM GAS  C:\Users\Reza\AppData\Local\Temp\ccfwHNKX.s 			page 34


 1334      52524F52 
 1334      5F434845 
 1334      434B5355 
 1334      4D00
 1335              	.LASF85:
 1336 0535 72756E5F 		.ascii	"run_setBrakeLight\000"
 1336      73657442 
 1336      72616B65 
 1336      4C696768 
 1336      7400
 1337              	.LASF61:
 1338 0547 4C45445F 		.ascii	"LED_ALL\000"
 1338      414C4C00 
 1339              	.LASF87:
 1340 054f 62797465 		.ascii	"byte\000"
 1340      00
 1341              	.LASF5:
 1342 0554 5F5F696E 		.ascii	"__int32_t\000"
 1342      7433325F 
 1342      7400
 1343              	.LASF48:
 1344 055e 52435F45 		.ascii	"RC_ERROR_CANCELED\000"
 1344      52524F52 
 1344      5F43414E 
 1344      43454C45 
 1344      4400
 1345              	.LASF70:
 1346 0570 4750494F 		.ascii	"GPIO_driverIn_t\000"
 1346      5F647269 
 1346      76657249 
 1346      6E5F7400 
 1347              	.LASF72:
 1348 0580 696E4472 		.ascii	"inDriver\000"
 1348      69766572 
 1348      00
 1349              	.LASF94:
 1350 0589 49544D5F 		.ascii	"ITM_RxBuffer\000"
 1350      52784275 
 1350      66666572 
 1350      00
 1351              	.LASF97:
 1352 0596 474E5520 		.ascii	"GNU C11 5.4.1 20160609 (release) [ARM/embedded-5-br"
 1352      43313120 
 1352      352E342E 
 1352      31203230 
 1352      31363036 
 1353 05c9 616E6368 		.ascii	"anch revision 237715] -mcpu=cortex-m3 -mthumb -g -O"
 1353      20726576 
 1353      6973696F 
 1353      6E203233 
 1353      37373135 
 1354 05fc 67202D66 		.ascii	"g -ffunction-sections -ffat-lto-objects\000"
 1354      66756E63 
 1354      74696F6E 
 1354      2D736563 
 1354      74696F6E 
 1355              	.LASF58:
ARM GAS  C:\Users\Reza\AppData\Local\Temp\ccfwHNKX.s 			page 35


 1356 0624 4C45445F 		.ascii	"LED_RED\000"
 1356      52454400 
 1357              	.LASF30:
 1358 062c 52435F45 		.ascii	"RC_ERROR_MEMORY\000"
 1358      52524F52 
 1358      5F4D454D 
 1358      4F525900 
 1359              	.LASF89:
 1360 063c 45455F6F 		.ascii	"EE_oo_IRQ_disable_count\000"
 1360      6F5F4952 
 1360      515F6469 
 1360      7361626C 
 1360      655F636F 
 1361              	.LASF33:
 1362 0654 52435F45 		.ascii	"RC_ERROR_UNDERRUN\000"
 1362      52524F52 
 1362      5F554E44 
 1362      45525255 
 1362      4E00
 1363              	.LASF76:
 1364 0666 4750494F 		.ascii	"GPIO_cfg_s\000"
 1364      5F636667 
 1364      5F7300
 1365              	.LASF75:
 1366 0671 4750494F 		.ascii	"GPIO_cfg_t\000"
 1366      5F636667 
 1366      5F7400
 1367              	.LASF37:
 1368 067c 52435F45 		.ascii	"RC_ERROR_TIME_OUT\000"
 1368      52524F52 
 1368      5F54494D 
 1368      455F4F55 
 1368      5400
 1369              		.ident	"GCC: (GNU Tools for ARM Embedded Processors) 5.4.1 20160609 (release) [ARM/embedded-5-bran
