ARM GAS  C:\Users\Reza\AppData\Local\Temp\ccDsFGab.s 			page 1


   1              		.syntax unified
   2              		.cpu cortex-m3
   3              		.fpu softvfp
   4              		.eabi_attribute 20, 1
   5              		.eabi_attribute 21, 1
   6              		.eabi_attribute 23, 3
   7              		.eabi_attribute 24, 1
   8              		.eabi_attribute 25, 1
   9              		.eabi_attribute 26, 1
  10              		.eabi_attribute 30, 1
  11              		.eabi_attribute 34, 1
  12              		.eabi_attribute 18, 4
  13              		.thumb
  14              		.syntax unified
  15              		.file	"swc_engine.c"
  16              		.text
  17              	.Ltext0:
  18              		.cfi_sections	.debug_frame
  19              		.section	.text.run_setEngine,"ax",%progbits
  20              		.align	2
  21              		.global	run_setEngine
  22              		.thumb
  23              		.thumb_func
  24              		.type	run_setEngine, %function
  25              	run_setEngine:
  26              	.LFB150:
  27              		.file 1 "source\\asw\\swc_engine.c"
   1:source\asw/swc_engine.c **** /**************************************************
   2:source\asw/swc_engine.c ****  ** Software Component SWC_Engine
   3:source\asw/swc_engine.c ****  ** autogenerated by H-DA RTE Generator
   4:source\asw/swc_engine.c ****  **************************************************/
   5:source\asw/swc_engine.c **** 
   6:source\asw/swc_engine.c **** #include "rte.h"
   7:source\asw/swc_engine.c **** #include "rte_signalpool.h"
   8:source\asw/swc_engine.c **** 
   9:source\asw/swc_engine.c **** #include "logging.h"
  10:source\asw/swc_engine.c **** #include "swc_engine.h"
  11:source\asw/swc_engine.c **** #include "led.h"
  12:source\asw/swc_engine.c **** #include "watchdog.h"
  13:source\asw/swc_engine.c **** 
  14:source\asw/swc_engine.c **** /* Runnables */
  15:source\asw/swc_engine.c **** void run_setEngine()
  16:source\asw/swc_engine.c **** {
  28              		.loc 1 16 0
  29              		.cfi_startproc
  30              		@ args = 0, pretend = 0, frame = 0
  31              		@ frame_needed = 0, uses_anonymous_args = 0
  32 0000 08B5     		push	{r3, lr}
  33              		.cfi_def_cfa_offset 8
  34              		.cfi_offset 3, -8
  35              		.cfi_offset 14, -4
  36              	.LVL0:
  37              	.LBB4:
  38              	.LBB5:
  39              		.file 2 ".\\source\\rte/pwm_signal.h"
   1:.\source\rte/pwm_signal.h **** /**
   2:.\source\rte/pwm_signal.h **** *  file    PWM_signal.h
ARM GAS  C:\Users\Reza\AppData\Local\Temp\ccDsFGab.s 			page 2


   3:.\source\rte/pwm_signal.h **** *
   4:.\source\rte/pwm_signal.h **** *  brief   signal base class for signal pwm
   5:.\source\rte/pwm_signal.h **** *
   6:.\source\rte/pwm_signal.h **** *  author  Autogenerated, Peter Fromm       <peter.fromm@h-da.de>
   7:.\source\rte/pwm_signal.h **** *
   8:.\source\rte/pwm_signal.h **** *
   9:.\source\rte/pwm_signal.h **** */
  10:.\source\rte/pwm_signal.h **** 
  11:.\source\rte/pwm_signal.h **** #ifndef PWM_SIGNAL_H_INCLUDED
  12:.\source\rte/pwm_signal.h **** #define PWM_SIGNAL_H_INCLUDED
  13:.\source\rte/pwm_signal.h **** 
  14:.\source\rte/pwm_signal.h **** /*================================================[ configuration  ]===============================
  15:.\source\rte/pwm_signal.h **** #define PWM_DATATRIGGER ON
  16:.\source\rte/pwm_signal.h **** 
  17:.\source\rte/pwm_signal.h **** /*================================================[ public includes  ]=============================
  18:.\source\rte/pwm_signal.h **** #include "global.h"
  19:.\source\rte/pwm_signal.h **** #include "project.h"
  20:.\source\rte/pwm_signal.h **** #include "rte.h"
  21:.\source\rte/pwm_signal.h **** 
  22:.\source\rte/pwm_signal.h **** #include "pwm_type.h"
  23:.\source\rte/pwm_signal.h **** 
  24:.\source\rte/pwm_signal.h **** 
  25:.\source\rte/pwm_signal.h **** /**************************************************************************************************
  26:.\source\rte/pwm_signal.h **** /* The driver API block																						*/
  27:.\source\rte/pwm_signal.h **** /**************************************************************************************************
  28:.\source\rte/pwm_signal.h ****                                                                                                    
  29:.\source\rte/pwm_signal.h **** /**
  30:.\source\rte/pwm_signal.h ****  *  Definition of function types for driver interfaces.
  31:.\source\rte/pwm_signal.h ****  *  I-Port
  32:.\source\rte/pwm_signal.h ****  */
  33:.\source\rte/pwm_signal.h **** typedef RC_t (*PWM_driverIn_t)(PWM_data_t * const);
  34:.\source\rte/pwm_signal.h **** 
  35:.\source\rte/pwm_signal.h **** /**
  36:.\source\rte/pwm_signal.h ****  *  Definition of function types for driver interfaces.
  37:.\source\rte/pwm_signal.h ****  *  O-Port
  38:.\source\rte/pwm_signal.h ****  */
  39:.\source\rte/pwm_signal.h **** typedef RC_t (*PWM_driverOut_t)( const PWM_data_t * const);
  40:.\source\rte/pwm_signal.h **** 
  41:.\source\rte/pwm_signal.h **** 
  42:.\source\rte/pwm_signal.h **** /**************************************************************************************************
  43:.\source\rte/pwm_signal.h **** /* The signal configuration API block																				*/
  44:.\source\rte/pwm_signal.h **** /**************************************************************************************************
  45:.\source\rte/pwm_signal.h **** 
  46:.\source\rte/pwm_signal.h **** /**
  47:.\source\rte/pwm_signal.h ****  * Instances of the struct PWM_cfg_t represent the signal object configuration.
  48:.\source\rte/pwm_signal.h ****  */
  49:.\source\rte/pwm_signal.h **** struct PWM_cfg_s
  50:.\source\rte/pwm_signal.h **** {
  51:.\source\rte/pwm_signal.h ****     /**
  52:.\source\rte/pwm_signal.h ****      * Function pointer to the input driver
  53:.\source\rte/pwm_signal.h ****      */
  54:.\source\rte/pwm_signal.h ****     PWM_driverIn_t const inDriver;
  55:.\source\rte/pwm_signal.h **** 
  56:.\source\rte/pwm_signal.h ****     /**
  57:.\source\rte/pwm_signal.h ****      * Function pointer to the output driver table
  58:.\source\rte/pwm_signal.h ****      */
  59:.\source\rte/pwm_signal.h ****    PWM_driverOut_t const outDriver;
ARM GAS  C:\Users\Reza\AppData\Local\Temp\ccDsFGab.s 			page 3


  60:.\source\rte/pwm_signal.h ****    
  61:.\source\rte/pwm_signal.h ****     /**
  62:.\source\rte/pwm_signal.h ****      * Event onUpdate
  63:.\source\rte/pwm_signal.h ****      */
  64:.\source\rte/pwm_signal.h ****     EventMaskType const evOnUpdate;
  65:.\source\rte/pwm_signal.h **** 
  66:.\source\rte/pwm_signal.h **** };                                                                                                 
  67:.\source\rte/pwm_signal.h **** typedef const struct PWM_cfg_s PWM_cfg_t;
  68:.\source\rte/pwm_signal.h ****                               
  69:.\source\rte/pwm_signal.h **** /**************************************************************************************************
  70:.\source\rte/pwm_signal.h **** /* The data interface block																							*/
  71:.\source\rte/pwm_signal.h **** /**************************************************************************************************
  72:.\source\rte/pwm_signal.h **** 
  73:.\source\rte/pwm_signal.h ****                                                                                                    
  74:.\source\rte/pwm_signal.h **** 							  
  75:.\source\rte/pwm_signal.h **** /**
  76:.\source\rte/pwm_signal.h ****  * Instances of the struct PWM_t represent the signal objects.
  77:.\source\rte/pwm_signal.h ****  * A signal object contains the current application value 'value' as well as relevant meta data.
  78:.\source\rte/pwm_signal.h ****  */
  79:.\source\rte/pwm_signal.h **** struct PWM_s
  80:.\source\rte/pwm_signal.h **** {                                                                                                  
  81:.\source\rte/pwm_signal.h **** 
  82:.\source\rte/pwm_signal.h **** 	/**
  83:.\source\rte/pwm_signal.h **** 	 * Data buffer for the application value
  84:.\source\rte/pwm_signal.h **** 	 */
  85:.\source\rte/pwm_signal.h ****     PWM_data_t value;
  86:.\source\rte/pwm_signal.h **** 
  87:.\source\rte/pwm_signal.h ****     /**
  88:.\source\rte/pwm_signal.h ****      * Current signal status
  89:.\source\rte/pwm_signal.h ****      */
  90:.\source\rte/pwm_signal.h ****     RTE_signalStatus_t status;
  91:.\source\rte/pwm_signal.h **** 
  92:.\source\rte/pwm_signal.h ****     /**
  93:.\source\rte/pwm_signal.h ****      * Current age of the signal (in calling cycles)
  94:.\source\rte/pwm_signal.h ****      */
  95:.\source\rte/pwm_signal.h ****     uint32_t age;
  96:.\source\rte/pwm_signal.h **** 
  97:.\source\rte/pwm_signal.h ****     /**
  98:.\source\rte/pwm_signal.h ****      * Pointer to the signal configuration
  99:.\source\rte/pwm_signal.h ****      */
 100:.\source\rte/pwm_signal.h **** 	const PWM_cfg_t * const    pSigCfg;
 101:.\source\rte/pwm_signal.h **** 
 102:.\source\rte/pwm_signal.h **** };                                                                                                 
 103:.\source\rte/pwm_signal.h **** typedef struct PWM_s PWM_t;
 104:.\source\rte/pwm_signal.h **** 
 105:.\source\rte/pwm_signal.h **** /**************************************************************************************************
 106:.\source\rte/pwm_signal.h **** /* Signal initialisation   																							*/
 107:.\source\rte/pwm_signal.h **** /**************************************************************************************************
 108:.\source\rte/pwm_signal.h **** 
 109:.\source\rte/pwm_signal.h **** /**
 110:.\source\rte/pwm_signal.h ****  * Initializes a signal instance with a passed init value.
 111:.\source\rte/pwm_signal.h ****  * Depending on the configured conversion or scaling function the raw_value will be calculated.
 112:.\source\rte/pwm_signal.h ****  * Signal status will change from RTE_SIGNALSTATUS_STARTUP to RTE_SIGNALSTATUS_INITIALIZED.
 113:.\source\rte/pwm_signal.h ****  *
 114:.\source\rte/pwm_signal.h ****  * @param  PWM_t * const signal: Pointer to the signal object which will be initialised
 115:.\source\rte/pwm_signal.h ****  * @param const pwm_data_t * const value: Pointer to initial value of the application data
 116:.\source\rte/pwm_signal.h ****  * @return RC_t: standard return code, currently only RC_SUCCESS
ARM GAS  C:\Users\Reza\AppData\Local\Temp\ccDsFGab.s 			page 4


 117:.\source\rte/pwm_signal.h ****  *
 118:.\source\rte/pwm_signal.h ****  **/
 119:.\source\rte/pwm_signal.h **** inline RC_t RTE_PWM_init( PWM_t * const signal, const PWM_data_t * const value )
 120:.\source\rte/pwm_signal.h **** {                                                                                                  
 121:.\source\rte/pwm_signal.h **** 
 122:.\source\rte/pwm_signal.h ****    RC_t ret = RC_SUCCESS;
 123:.\source\rte/pwm_signal.h **** 
 124:.\source\rte/pwm_signal.h ****    //Set value and raw value
 125:.\source\rte/pwm_signal.h ****    signal->value  = *value;
 126:.\source\rte/pwm_signal.h ****    signal->age    = 0;
 127:.\source\rte/pwm_signal.h ****    signal->status = RTE_SIGNALSTATUS_INITIALIZED;
 128:.\source\rte/pwm_signal.h **** 
 129:.\source\rte/pwm_signal.h ****    return ret;
 130:.\source\rte/pwm_signal.h **** }
 131:.\source\rte/pwm_signal.h **** 
 132:.\source\rte/pwm_signal.h **** /**************************************************************************************************
 133:.\source\rte/pwm_signal.h **** /* Status and timeout control																						*/
 134:.\source\rte/pwm_signal.h **** /**************************************************************************************************
 135:.\source\rte/pwm_signal.h **** 
 136:.\source\rte/pwm_signal.h **** /**
 137:.\source\rte/pwm_signal.h ****  *  Returns the current signal status of the passed signal instance.
 138:.\source\rte/pwm_signal.h ****  *
 139:.\source\rte/pwm_signal.h ****  * @param  PWM_t * const signal: Pointer to the signal object
 140:.\source\rte/pwm_signal.h ****  * @return  sig_status_t: The current signal status
 141:.\source\rte/pwm_signal.h ****  *
 142:.\source\rte/pwm_signal.h ****  **/
 143:.\source\rte/pwm_signal.h **** inline RTE_signalStatus_t RTE_PWM_getStatus( const PWM_t * const signal )
 144:.\source\rte/pwm_signal.h **** {
 145:.\source\rte/pwm_signal.h ****    return signal->status;
 146:.\source\rte/pwm_signal.h **** }
 147:.\source\rte/pwm_signal.h **** 
 148:.\source\rte/pwm_signal.h **** 
 149:.\source\rte/pwm_signal.h **** /**
 150:.\source\rte/pwm_signal.h ****  *  Sets a new signal status of the passed signal instance by passing the new status.
 151:.\source\rte/pwm_signal.h ****  *
 152:.\source\rte/pwm_signal.h ****  * @param  PWM_t * const signal: Pointer to the signal object
 153:.\source\rte/pwm_signal.h ****  * @param  const sig_status_t status: New signal status
 154:.\source\rte/pwm_signal.h ****  * @return RC_t: standard return code, currently only RC_SUCCESS
 155:.\source\rte/pwm_signal.h ****  *
 156:.\source\rte/pwm_signal.h ****  */
 157:.\source\rte/pwm_signal.h **** inline RC_t RTE_PWM_setStatus( PWM_t * const signal, const RTE_signalStatus_t status )
 158:.\source\rte/pwm_signal.h **** {
 159:.\source\rte/pwm_signal.h ****    signal->status = status;
 160:.\source\rte/pwm_signal.h ****    return RC_SUCCESS;
 161:.\source\rte/pwm_signal.h **** }
 162:.\source\rte/pwm_signal.h **** 
 163:.\source\rte/pwm_signal.h **** 
 164:.\source\rte/pwm_signal.h **** /**
 165:.\source\rte/pwm_signal.h ****  * Returns the count of refreshing trials (refresh, set or set_raw) that failed.
 166:.\source\rte/pwm_signal.h ****  * Prerquisite: The signal is refreshed cyclically
 167:.\source\rte/pwm_signal.h ****  *
 168:.\source\rte/pwm_signal.h ****  * @param  PWM_t * const signal: Pointer to the signal object
 169:.\source\rte/pwm_signal.h ****  * @return uint32_t: Number of cycles since the signal has been updated for the last time
 170:.\source\rte/pwm_signal.h ****  */
 171:.\source\rte/pwm_signal.h **** inline uint32_t RTE_PWM_getAge( const PWM_t * const signal )
 172:.\source\rte/pwm_signal.h **** {
 173:.\source\rte/pwm_signal.h ****    return signal->age;
ARM GAS  C:\Users\Reza\AppData\Local\Temp\ccDsFGab.s 			page 5


 174:.\source\rte/pwm_signal.h **** }
 175:.\source\rte/pwm_signal.h **** 
 176:.\source\rte/pwm_signal.h **** /**
 177:.\source\rte/pwm_signal.h ****  * Should be called by application or driver if no new value can be provided.
 178:.\source\rte/pwm_signal.h ****  * @param  PWM_t * const signal: Pointer to the signal object
 179:.\source\rte/pwm_signal.h ****  * @param uint32_t increment: incrementvalue, typically in [ms]
 180:.\source\rte/pwm_signal.h ****  * @return void
 181:.\source\rte/pwm_signal.h ****  */
 182:.\source\rte/pwm_signal.h **** inline void RTE_PWM_incAge(  PWM_t * const signal , uint32_t increment)
 183:.\source\rte/pwm_signal.h **** {
 184:.\source\rte/pwm_signal.h **** 	   //Hack....
 185:.\source\rte/pwm_signal.h **** 	   if ( 0xFFFF0000 > (signal->age + increment) )
 186:.\source\rte/pwm_signal.h **** 	   {
 187:.\source\rte/pwm_signal.h **** 	      signal->age += increment;
 188:.\source\rte/pwm_signal.h **** 	   }
 189:.\source\rte/pwm_signal.h **** }
 190:.\source\rte/pwm_signal.h **** 
 191:.\source\rte/pwm_signal.h **** 
 192:.\source\rte/pwm_signal.h **** /**************************************************************************************************
 193:.\source\rte/pwm_signal.h **** /* Application Data read/write Interface																			*/
 194:.\source\rte/pwm_signal.h **** /**************************************************************************************************
 195:.\source\rte/pwm_signal.h **** 
 196:.\source\rte/pwm_signal.h **** /**
 197:.\source\rte/pwm_signal.h ****  * Returns the current application value of the passed signal instance.
 198:.\source\rte/pwm_signal.h ****  *
 199:.\source\rte/pwm_signal.h ****  * @param  PWM_t * const signal: Pointer to the signal object
 200:.\source\rte/pwm_signal.h ****  * @return pwm_data_t: current value of the application data buffer
 201:.\source\rte/pwm_signal.h ****  *
 202:.\source\rte/pwm_signal.h ****  **/
 203:.\source\rte/pwm_signal.h **** inline PWM_data_t RTE_PWM_get( const PWM_t * const signal )
 204:.\source\rte/pwm_signal.h **** {                                                                                                  
 205:.\source\rte/pwm_signal.h ****    return signal->value;                                                                           
 206:.\source\rte/pwm_signal.h **** }                                                                                                  
 207:.\source\rte/pwm_signal.h ****                                                                                                    
 208:.\source\rte/pwm_signal.h ****                                                                                                    
 209:.\source\rte/pwm_signal.h ****                                                                                                    
 210:.\source\rte/pwm_signal.h **** /**
 211:.\source\rte/pwm_signal.h ****  * Sets a new application value to the passed signal instance by passing the new value.
 212:.\source\rte/pwm_signal.h ****  * The corresponding driver raw value will be calculated immediately by using the default conversio
 213:.\source\rte/pwm_signal.h ****  * signal specific scaling function.
 214:.\source\rte/pwm_signal.h ****  * The signal age will be set to 0 and the new status will be 'RTE_SIGNALSTATUS_VALID'.
 215:.\source\rte/pwm_signal.h ****  *
 216:.\source\rte/pwm_signal.h ****  * @param  PWM_t * const signal: Pointer to the signal object
 217:.\source\rte/pwm_signal.h ****  * @param  pwm_data_t const value: value for the application data buffer
 218:.\source\rte/pwm_signal.h ****  * @return RC_t: standard return code, currently only RC_SUCCESS
 219:.\source\rte/pwm_signal.h ****  *
 220:.\source\rte/pwm_signal.h ****  **/
 221:.\source\rte/pwm_signal.h **** inline RC_t RTE_PWM_set(PWM_t * const signal, const PWM_data_t value  )
 222:.\source\rte/pwm_signal.h **** {
 223:.\source\rte/pwm_signal.h **** 
 224:.\source\rte/pwm_signal.h ****    RC_t ret = RC_SUCCESS;
 225:.\source\rte/pwm_signal.h **** 
 226:.\source\rte/pwm_signal.h **** 
 227:.\source\rte/pwm_signal.h ****    //Todo: critical section
 228:.\source\rte/pwm_signal.h ****     signal->value  = value;
 229:.\source\rte/pwm_signal.h **** 	signal->age    = 0;
 230:.\source\rte/pwm_signal.h **** 	signal->status = RTE_SIGNALSTATUS_VALID;
ARM GAS  C:\Users\Reza\AppData\Local\Temp\ccDsFGab.s 			page 6


 231:.\source\rte/pwm_signal.h **** 
 232:.\source\rte/pwm_signal.h **** #if PWM_DATATRIGGER == ON
 233:.\source\rte/pwm_signal.h **** 	SetEvent( tsk_EventDispatcher, signal->pSigCfg->evOnUpdate);
 234:.\source\rte/pwm_signal.h **** #endif                                                                                             
 235:.\source\rte/pwm_signal.h ****    return ret;
 236:.\source\rte/pwm_signal.h **** }                                                                                                  
 237:.\source\rte/pwm_signal.h ****                                                                                                    
 238:.\source\rte/pwm_signal.h ****                                                                                                    
 239:.\source\rte/pwm_signal.h **** /**************************************************************************************************
 240:.\source\rte/pwm_signal.h **** /* Call functions to the connected drivers																			*/
 241:.\source\rte/pwm_signal.h **** /**************************************************************************************************
 242:.\source\rte/pwm_signal.h **** 
 243:.\source\rte/pwm_signal.h ****                                                                                                    
 244:.\source\rte/pwm_signal.h **** /**
 245:.\source\rte/pwm_signal.h ****  *  Calls the connected driver interface to get a new value.
 246:.\source\rte/pwm_signal.h ****  *
 247:.\source\rte/pwm_signal.h ****  * @param PWM_t * const signal: Pointer to the signal object
 248:.\source\rte/pwm_signal.h ****  * @return  RC_t: Return value of the driver call
 249:.\source\rte/pwm_signal.h ****  *
 250:.\source\rte/pwm_signal.h ****  */
 251:.\source\rte/pwm_signal.h **** inline RC_t RTE_PWM_pullPort( PWM_t * const signal )
 252:.\source\rte/pwm_signal.h **** {                                                                                                  
 253:.\source\rte/pwm_signal.h ****    RC_t ret = RC_SUCCESS;
 254:.\source\rte/pwm_signal.h **** 
 255:.\source\rte/pwm_signal.h ****                                                                                                    
 256:.\source\rte/pwm_signal.h ****    if ( NULL != signal->pSigCfg->inDriver )
 257:.\source\rte/pwm_signal.h ****    {
 258:.\source\rte/pwm_signal.h **** 	  PWM_data_t value;
 259:.\source\rte/pwm_signal.h ****       ret = signal->pSigCfg->inDriver(&value);
 260:.\source\rte/pwm_signal.h ****                                                                                                    
 261:.\source\rte/pwm_signal.h ****       if ( ret == RC_SUCCESS )                                                                     
 262:.\source\rte/pwm_signal.h ****       {
 263:.\source\rte/pwm_signal.h ****     	  //Critical Section
 264:.\source\rte/pwm_signal.h ****     	  RTE_PWM_set(signal, value);
 265:.\source\rte/pwm_signal.h ****       }
 266:.\source\rte/pwm_signal.h ****       else
 267:.\source\rte/pwm_signal.h ****       {
 268:.\source\rte/pwm_signal.h ****     	  signal->status = RTE_SIGNALSTATUS_INVALID;
 269:.\source\rte/pwm_signal.h ****       }
 270:.\source\rte/pwm_signal.h **** 
 271:.\source\rte/pwm_signal.h ****    }                                                                                               
 272:.\source\rte/pwm_signal.h ****                                                                                                    
 273:.\source\rte/pwm_signal.h ****    return ret;                                                                                     
 274:.\source\rte/pwm_signal.h **** }                                                                                                  
 275:.\source\rte/pwm_signal.h ****                                                                                                    
 276:.\source\rte/pwm_signal.h **** /**
 277:.\source\rte/pwm_signal.h ****  *  Calls the connected driver interfaces to send a value. Value will not be sent if it is INVALID.
 278:.\source\rte/pwm_signal.h ****  *
 279:.\source\rte/pwm_signal.h ****  * @param PWM_t * const signal: Pointer to the signal object
 280:.\source\rte/pwm_signal.h ****  * @return  RC_t: Return value of the driver call
 281:.\source\rte/pwm_signal.h ****  *
 282:.\source\rte/pwm_signal.h ****  **/
 283:.\source\rte/pwm_signal.h **** inline RC_t RTE_PWM_pushPort( const PWM_t * const signal )
 284:.\source\rte/pwm_signal.h **** {                                                                                                  
 285:.\source\rte/pwm_signal.h ****    RC_t ret = RC_ERROR;
 286:.\source\rte/pwm_signal.h **** 
 287:.\source\rte/pwm_signal.h ****    if (RTE_SIGNALSTATUS_VALID == signal->status)
ARM GAS  C:\Users\Reza\AppData\Local\Temp\ccDsFGab.s 			page 7


  40              		.loc 2 287 0
  41 0002 074B     		ldr	r3, .L4
  42 0004 5B78     		ldrb	r3, [r3, #1]	@ zero_extendqisi2
  43 0006 022B     		cmp	r3, #2
  44 0008 03D1     		bne	.L2
 288:.\source\rte/pwm_signal.h ****    {
 289:.\source\rte/pwm_signal.h **** 	   ret = signal->pSigCfg->outDriver(&(signal->value));
  45              		.loc 2 289 0
  46 000a 0548     		ldr	r0, .L4
  47 000c 8368     		ldr	r3, [r0, #8]
  48 000e 5B68     		ldr	r3, [r3, #4]
  49 0010 9847     		blx	r3
  50              	.LVL1:
  51              	.L2:
  52              	.LBE5:
  53              	.LBE4:
  17:source\asw/swc_engine.c ****     //LOG_I("run_setEngine","");
  18:source\asw/swc_engine.c ****     //SetRelAlarm(alrm_error,1,1);
  19:source\asw/swc_engine.c ****     RTE_PWM_pushPort(&ENGINE_signal);
  20:source\asw/swc_engine.c ****     runnables.bit_field.run_setEngine=1;
  54              		.loc 1 20 0
  55 0012 044A     		ldr	r2, .L4+4
  56 0014 1378     		ldrb	r3, [r2]	@ zero_extendqisi2
  57 0016 43F00403 		orr	r3, r3, #4
  58 001a 1370     		strb	r3, [r2]
  59 001c 08BD     		pop	{r3, pc}
  60              	.L5:
  61 001e 00BF     		.align	2
  62              	.L4:
  63 0020 00000000 		.word	ENGINE_signal
  64 0024 00000000 		.word	runnables
  65              		.cfi_endproc
  66              	.LFE150:
  67              		.size	run_setEngine, .-run_setEngine
  68              		.comm	runnables,1,4
  69              		.text
  70              	.Letext0:
  71              		.file 3 "c:\\program files (x86)\\cypress\\psoc creator\\4.4\\psoc creator\\import\\gnu\\arm\\5.4.
  72              		.file 4 "c:\\program files (x86)\\cypress\\psoc creator\\4.4\\psoc creator\\import\\gnu\\arm\\5.4.
  73              		.file 5 "Generated_Source\\PSoC5/ErikaOS_1_common_ee_types.inc"
  74              		.file 6 "Generated_Source\\PSoC5/ErikaOS_1_cortex_mx_ee_cpu.inc"
  75              		.file 7 "Generated_Source\\PSoC5/ErikaOS_1_ee_oo_common.inc"
  76              		.file 8 ".\\source\\bsw/global.h"
  77              		.file 9 ".\\source\\rte/rte.h"
  78              		.file 10 ".\\source\\rte/pwm_type.h"
  79              		.file 11 ".\\source\\bsw\\watchdog/watchdog.h"
  80              		.file 12 "Generated_Source\\PSoC5/ErikaOS_1_ee_oo_intfunc.inc"
  81              		.file 13 "Generated_Source\\PSoC5/ErikaOS_1_cortex_mx_ee_context.inc"
  82              		.file 14 "Generated_Source\\PSoC5/ErikaOS_1_common_ee_primitives.inc"
  83              		.file 15 "Generated_Source\\PSoC5/core_cm3.h"
  84              		.file 16 ".\\source\\rte/rte_signalpool.h"
  85              		.section	.debug_info,"",%progbits
  86              	.Ldebug_info0:
  87 0000 64040000 		.4byte	0x464
  88 0004 0400     		.2byte	0x4
  89 0006 00000000 		.4byte	.Ldebug_abbrev0
  90 000a 04       		.byte	0x4
ARM GAS  C:\Users\Reza\AppData\Local\Temp\ccDsFGab.s 			page 8


  91 000b 01       		.uleb128 0x1
  92 000c 32050000 		.4byte	.LASF86
  93 0010 0C       		.byte	0xc
  94 0011 14020000 		.4byte	.LASF87
  95 0015 25030000 		.4byte	.LASF88
  96 0019 00000000 		.4byte	.Ldebug_ranges0+0
  97 001d 00000000 		.4byte	0
  98 0021 00000000 		.4byte	.Ldebug_line0
  99 0025 02       		.uleb128 0x2
 100 0026 01       		.byte	0x1
 101 0027 06       		.byte	0x6
 102 0028 B7020000 		.4byte	.LASF0
 103 002c 03       		.uleb128 0x3
 104 002d 53020000 		.4byte	.LASF4
 105 0031 03       		.byte	0x3
 106 0032 1D       		.byte	0x1d
 107 0033 37000000 		.4byte	0x37
 108 0037 02       		.uleb128 0x2
 109 0038 01       		.byte	0x1
 110 0039 08       		.byte	0x8
 111 003a A9020000 		.4byte	.LASF1
 112 003e 02       		.uleb128 0x2
 113 003f 02       		.byte	0x2
 114 0040 05       		.byte	0x5
 115 0041 3F000000 		.4byte	.LASF2
 116 0045 02       		.uleb128 0x2
 117 0046 02       		.byte	0x2
 118 0047 07       		.byte	0x7
 119 0048 58040000 		.4byte	.LASF3
 120 004c 03       		.uleb128 0x3
 121 004d ED040000 		.4byte	.LASF5
 122 0051 03       		.byte	0x3
 123 0052 3F       		.byte	0x3f
 124 0053 57000000 		.4byte	0x57
 125 0057 02       		.uleb128 0x2
 126 0058 04       		.byte	0x4
 127 0059 05       		.byte	0x5
 128 005a F9010000 		.4byte	.LASF6
 129 005e 03       		.uleb128 0x3
 130 005f C2000000 		.4byte	.LASF7
 131 0063 03       		.byte	0x3
 132 0064 41       		.byte	0x41
 133 0065 69000000 		.4byte	0x69
 134 0069 02       		.uleb128 0x2
 135 006a 04       		.byte	0x4
 136 006b 07       		.byte	0x7
 137 006c 7E040000 		.4byte	.LASF8
 138 0070 02       		.uleb128 0x2
 139 0071 08       		.byte	0x8
 140 0072 05       		.byte	0x5
 141 0073 A0010000 		.4byte	.LASF9
 142 0077 02       		.uleb128 0x2
 143 0078 08       		.byte	0x8
 144 0079 07       		.byte	0x7
 145 007a C3020000 		.4byte	.LASF10
 146 007e 04       		.uleb128 0x4
 147 007f 04       		.byte	0x4
ARM GAS  C:\Users\Reza\AppData\Local\Temp\ccDsFGab.s 			page 9


 148 0080 05       		.byte	0x5
 149 0081 696E7400 		.ascii	"int\000"
 150 0085 02       		.uleb128 0x2
 151 0086 04       		.byte	0x4
 152 0087 07       		.byte	0x7
 153 0088 E3020000 		.4byte	.LASF11
 154 008c 03       		.uleb128 0x3
 155 008d FF000000 		.4byte	.LASF12
 156 0091 04       		.byte	0x4
 157 0092 18       		.byte	0x18
 158 0093 2C000000 		.4byte	0x2c
 159 0097 03       		.uleb128 0x3
 160 0098 15040000 		.4byte	.LASF13
 161 009c 04       		.byte	0x4
 162 009d 2C       		.byte	0x2c
 163 009e 4C000000 		.4byte	0x4c
 164 00a2 03       		.uleb128 0x3
 165 00a3 DA020000 		.4byte	.LASF14
 166 00a7 04       		.byte	0x4
 167 00a8 30       		.byte	0x30
 168 00a9 5E000000 		.4byte	0x5e
 169 00ad 02       		.uleb128 0x2
 170 00ae 04       		.byte	0x4
 171 00af 04       		.byte	0x4
 172 00b0 86010000 		.4byte	.LASF15
 173 00b4 02       		.uleb128 0x2
 174 00b5 08       		.byte	0x8
 175 00b6 04       		.byte	0x4
 176 00b7 15050000 		.4byte	.LASF16
 177 00bb 02       		.uleb128 0x2
 178 00bc 01       		.byte	0x1
 179 00bd 08       		.byte	0x8
 180 00be D3030000 		.4byte	.LASF17
 181 00c2 02       		.uleb128 0x2
 182 00c3 08       		.byte	0x8
 183 00c4 04       		.byte	0x4
 184 00c5 9D020000 		.4byte	.LASF18
 185 00c9 02       		.uleb128 0x2
 186 00ca 04       		.byte	0x4
 187 00cb 07       		.byte	0x7
 188 00cc 6F000000 		.4byte	.LASF19
 189 00d0 03       		.uleb128 0x3
 190 00d1 46010000 		.4byte	.LASF20
 191 00d5 05       		.byte	0x5
 192 00d6 53       		.byte	0x53
 193 00d7 7E000000 		.4byte	0x7e
 194 00db 03       		.uleb128 0x3
 195 00dc CD000000 		.4byte	.LASF21
 196 00e0 05       		.byte	0x5
 197 00e1 54       		.byte	0x54
 198 00e2 85000000 		.4byte	0x85
 199 00e6 03       		.uleb128 0x3
 200 00e7 0A000000 		.4byte	.LASF22
 201 00eb 06       		.byte	0x6
 202 00ec 4D       		.byte	0x4d
 203 00ed DB000000 		.4byte	0xdb
 204 00f1 03       		.uleb128 0x3
ARM GAS  C:\Users\Reza\AppData\Local\Temp\ccDsFGab.s 			page 10


 205 00f2 A6000000 		.4byte	.LASF23
 206 00f6 06       		.byte	0x6
 207 00f7 4F       		.byte	0x4f
 208 00f8 DB000000 		.4byte	0xdb
 209 00fc 03       		.uleb128 0x3
 210 00fd E2000000 		.4byte	.LASF24
 211 0101 06       		.byte	0x6
 212 0102 78       		.byte	0x78
 213 0103 D0000000 		.4byte	0xd0
 214 0107 05       		.uleb128 0x5
 215 0108 31000000 		.4byte	.LASF25
 216 010c 07       		.byte	0x7
 217 010d 2C02     		.2byte	0x22c
 218 010f E6000000 		.4byte	0xe6
 219 0113 06       		.uleb128 0x6
 220 0114 8C000000 		.4byte	0x8c
 221 0118 07       		.uleb128 0x7
 222 0119 65524300 		.ascii	"eRC\000"
 223 011d 01       		.byte	0x1
 224 011e 25000000 		.4byte	0x25
 225 0122 08       		.byte	0x8
 226 0123 AC       		.byte	0xac
 227 0124 BF010000 		.4byte	0x1bf
 228 0128 08       		.uleb128 0x8
 229 0129 12000000 		.4byte	.LASF26
 230 012d 00       		.byte	0
 231 012e 09       		.uleb128 0x9
 232 012f 4F040000 		.4byte	.LASF27
 233 0133 7F       		.sleb128 -1
 234 0134 09       		.uleb128 0x9
 235 0135 FE020000 		.4byte	.LASF28
 236 0139 7E       		.sleb128 -2
 237 013a 09       		.uleb128 0x9
 238 013b EB010000 		.4byte	.LASF29
 239 013f 7D       		.sleb128 -3
 240 0140 09       		.uleb128 0x9
 241 0141 C0050000 		.4byte	.LASF30
 242 0145 7C       		.sleb128 -4
 243 0146 09       		.uleb128 0x9
 244 0147 77010000 		.4byte	.LASF31
 245 014b 7B       		.sleb128 -5
 246 014c 09       		.uleb128 0x9
 247 014d 49000000 		.4byte	.LASF32
 248 0151 7A       		.sleb128 -6
 249 0152 09       		.uleb128 0x9
 250 0153 02020000 		.4byte	.LASF33
 251 0157 79       		.sleb128 -7
 252 0158 09       		.uleb128 0x9
 253 0159 9E040000 		.4byte	.LASF34
 254 015d 78       		.sleb128 -8
 255 015e 09       		.uleb128 0x9
 256 015f E8050000 		.4byte	.LASF35
 257 0163 77       		.sleb128 -9
 258 0164 09       		.uleb128 0x9
 259 0165 2C020000 		.4byte	.LASF36
 260 0169 76       		.sleb128 -10
 261 016a 09       		.uleb128 0x9
ARM GAS  C:\Users\Reza\AppData\Local\Temp\ccDsFGab.s 			page 11


 262 016b 03060000 		.4byte	.LASF37
 263 016f 75       		.sleb128 -11
 264 0170 09       		.uleb128 0x9
 265 0171 F0020000 		.4byte	.LASF38
 266 0175 74       		.sleb128 -12
 267 0176 09       		.uleb128 0x9
 268 0177 B3040000 		.4byte	.LASF39
 269 017b 73       		.sleb128 -13
 270 017c 09       		.uleb128 0x9
 271 017d 80020000 		.4byte	.LASF40
 272 0181 72       		.sleb128 -14
 273 0182 09       		.uleb128 0x9
 274 0183 8C010000 		.4byte	.LASF41
 275 0187 71       		.sleb128 -15
 276 0188 09       		.uleb128 0x9
 277 0189 5D020000 		.4byte	.LASF42
 278 018d 70       		.sleb128 -16
 279 018e 09       		.uleb128 0x9
 280 018f AE000000 		.4byte	.LASF43
 281 0193 6F       		.sleb128 -17
 282 0194 09       		.uleb128 0x9
 283 0195 5A000000 		.4byte	.LASF44
 284 0199 6E       		.sleb128 -18
 285 019a 09       		.uleb128 0x9
 286 019b C7010000 		.4byte	.LASF45
 287 019f 6D       		.sleb128 -19
 288 01a0 09       		.uleb128 0x9
 289 01a1 3C040000 		.4byte	.LASF46
 290 01a5 6C       		.sleb128 -20
 291 01a6 09       		.uleb128 0x9
 292 01a7 6E020000 		.4byte	.LASF47
 293 01ab 6B       		.sleb128 -21
 294 01ac 09       		.uleb128 0x9
 295 01ad FD040000 		.4byte	.LASF48
 296 01b1 6A       		.sleb128 -22
 297 01b2 09       		.uleb128 0x9
 298 01b3 07010000 		.4byte	.LASF49
 299 01b7 69       		.sleb128 -23
 300 01b8 09       		.uleb128 0x9
 301 01b9 DA010000 		.4byte	.LASF50
 302 01bd 68       		.sleb128 -24
 303 01be 00       		.byte	0
 304 01bf 03       		.uleb128 0x3
 305 01c0 FE050000 		.4byte	.LASF51
 306 01c4 08       		.byte	0x8
 307 01c5 C8       		.byte	0xc8
 308 01c6 18010000 		.4byte	0x118
 309 01ca 0A       		.uleb128 0xa
 310 01cb 01       		.byte	0x1
 311 01cc 37000000 		.4byte	0x37
 312 01d0 09       		.byte	0x9
 313 01d1 59       		.byte	0x59
 314 01d2 EF010000 		.4byte	0x1ef
 315 01d6 08       		.uleb128 0x8
 316 01d7 3A020000 		.4byte	.LASF52
 317 01db 00       		.byte	0
 318 01dc 08       		.uleb128 0x8
ARM GAS  C:\Users\Reza\AppData\Local\Temp\ccDsFGab.s 			page 12


 319 01dd F8030000 		.4byte	.LASF53
 320 01e1 01       		.byte	0x1
 321 01e2 08       		.uleb128 0x8
 322 01e3 8F000000 		.4byte	.LASF54
 323 01e7 02       		.byte	0x2
 324 01e8 08       		.uleb128 0x8
 325 01e9 DF030000 		.4byte	.LASF55
 326 01ed 03       		.byte	0x3
 327 01ee 00       		.byte	0
 328 01ef 03       		.uleb128 0x3
 329 01f0 1E010000 		.4byte	.LASF56
 330 01f4 09       		.byte	0x9
 331 01f5 5E       		.byte	0x5e
 332 01f6 CA010000 		.4byte	0x1ca
 333 01fa 0B       		.uleb128 0xb
 334 01fb 07010000 		.4byte	0x107
 335 01ff 0C       		.uleb128 0xc
 336 0200 01       		.byte	0x1
 337 0201 0A       		.byte	0xa
 338 0202 14       		.byte	0x14
 339 0203 14020000 		.4byte	0x214
 340 0207 0D       		.uleb128 0xd
 341 0208 78000000 		.4byte	.LASF60
 342 020c 0A       		.byte	0xa
 343 020d 16       		.byte	0x16
 344 020e 8C000000 		.4byte	0x8c
 345 0212 00       		.byte	0
 346 0213 00       		.byte	0
 347 0214 03       		.uleb128 0x3
 348 0215 D7000000 		.4byte	.LASF57
 349 0219 0A       		.byte	0xa
 350 021a 17       		.byte	0x17
 351 021b FF010000 		.4byte	0x1ff
 352 021f 03       		.uleb128 0x3
 353 0220 5D010000 		.4byte	.LASF58
 354 0224 02       		.byte	0x2
 355 0225 21       		.byte	0x21
 356 0226 2A020000 		.4byte	0x22a
 357 022a 0E       		.uleb128 0xe
 358 022b 04       		.byte	0x4
 359 022c 30020000 		.4byte	0x230
 360 0230 0F       		.uleb128 0xf
 361 0231 BF010000 		.4byte	0x1bf
 362 0235 3F020000 		.4byte	0x23f
 363 0239 10       		.uleb128 0x10
 364 023a 45020000 		.4byte	0x245
 365 023e 00       		.byte	0
 366 023f 0E       		.uleb128 0xe
 367 0240 04       		.byte	0x4
 368 0241 14020000 		.4byte	0x214
 369 0245 0B       		.uleb128 0xb
 370 0246 3F020000 		.4byte	0x23f
 371 024a 03       		.uleb128 0x3
 372 024b E9000000 		.4byte	.LASF59
 373 024f 02       		.byte	0x2
 374 0250 27       		.byte	0x27
 375 0251 55020000 		.4byte	0x255
ARM GAS  C:\Users\Reza\AppData\Local\Temp\ccDsFGab.s 			page 13


 376 0255 0E       		.uleb128 0xe
 377 0256 04       		.byte	0x4
 378 0257 5B020000 		.4byte	0x25b
 379 025b 0F       		.uleb128 0xf
 380 025c BF010000 		.4byte	0x1bf
 381 0260 6A020000 		.4byte	0x26a
 382 0264 10       		.uleb128 0x10
 383 0265 75020000 		.4byte	0x275
 384 0269 00       		.byte	0
 385 026a 0E       		.uleb128 0xe
 386 026b 04       		.byte	0x4
 387 026c 70020000 		.4byte	0x270
 388 0270 0B       		.uleb128 0xb
 389 0271 14020000 		.4byte	0x214
 390 0275 0B       		.uleb128 0xb
 391 0276 6A020000 		.4byte	0x26a
 392 027a 11       		.uleb128 0x11
 393 027b 1D000000 		.4byte	.LASF65
 394 027f 0C       		.byte	0xc
 395 0280 02       		.byte	0x2
 396 0281 31       		.byte	0x31
 397 0282 AB020000 		.4byte	0x2ab
 398 0286 0D       		.uleb128 0xd
 399 0287 1C050000 		.4byte	.LASF61
 400 028b 02       		.byte	0x2
 401 028c 36       		.byte	0x36
 402 028d AB020000 		.4byte	0x2ab
 403 0291 00       		.byte	0
 404 0292 0D       		.uleb128 0xd
 405 0293 93020000 		.4byte	.LASF62
 406 0297 02       		.byte	0x2
 407 0298 3B       		.byte	0x3b
 408 0299 B0020000 		.4byte	0x2b0
 409 029d 04       		.byte	0x4
 410 029e 0D       		.uleb128 0xd
 411 029f C1030000 		.4byte	.LASF63
 412 02a3 02       		.byte	0x2
 413 02a4 40       		.byte	0x40
 414 02a5 FA010000 		.4byte	0x1fa
 415 02a9 08       		.byte	0x8
 416 02aa 00       		.byte	0
 417 02ab 0B       		.uleb128 0xb
 418 02ac 1F020000 		.4byte	0x21f
 419 02b0 0B       		.uleb128 0xb
 420 02b1 4A020000 		.4byte	0x24a
 421 02b5 03       		.uleb128 0x3
 422 02b6 27000000 		.4byte	.LASF64
 423 02ba 02       		.byte	0x2
 424 02bb 43       		.byte	0x43
 425 02bc C0020000 		.4byte	0x2c0
 426 02c0 0B       		.uleb128 0xb
 427 02c1 7A020000 		.4byte	0x27a
 428 02c5 11       		.uleb128 0x11
 429 02c6 F7040000 		.4byte	.LASF66
 430 02ca 0C       		.byte	0xc
 431 02cb 02       		.byte	0x2
 432 02cc 4F       		.byte	0x4f
ARM GAS  C:\Users\Reza\AppData\Local\Temp\ccDsFGab.s 			page 14


 433 02cd 02030000 		.4byte	0x302
 434 02d1 0D       		.uleb128 0xd
 435 02d2 F9000000 		.4byte	.LASF67
 436 02d6 02       		.byte	0x2
 437 02d7 55       		.byte	0x55
 438 02d8 14020000 		.4byte	0x214
 439 02dc 00       		.byte	0
 440 02dd 0D       		.uleb128 0xd
 441 02de CC030000 		.4byte	.LASF68
 442 02e2 02       		.byte	0x2
 443 02e3 5A       		.byte	0x5a
 444 02e4 EF010000 		.4byte	0x1ef
 445 02e8 01       		.byte	0x1
 446 02e9 12       		.uleb128 0x12
 447 02ea 61676500 		.ascii	"age\000"
 448 02ee 02       		.byte	0x2
 449 02ef 5F       		.byte	0x5f
 450 02f0 A2000000 		.4byte	0xa2
 451 02f4 04       		.byte	0x4
 452 02f5 0D       		.uleb128 0xd
 453 02f6 B9030000 		.4byte	.LASF69
 454 02fa 02       		.byte	0x2
 455 02fb 64       		.byte	0x64
 456 02fc 08030000 		.4byte	0x308
 457 0300 08       		.byte	0x8
 458 0301 00       		.byte	0
 459 0302 0E       		.uleb128 0xe
 460 0303 04       		.byte	0x4
 461 0304 B5020000 		.4byte	0x2b5
 462 0308 0B       		.uleb128 0xb
 463 0309 02030000 		.4byte	0x302
 464 030d 03       		.uleb128 0x3
 465 030e 0F050000 		.4byte	.LASF70
 466 0312 02       		.byte	0x2
 467 0313 67       		.byte	0x67
 468 0314 C5020000 		.4byte	0x2c5
 469 0318 0C       		.uleb128 0xc
 470 0319 01       		.byte	0x1
 471 031a 0B       		.byte	0xb
 472 031b 68       		.byte	0x68
 473 031c 6C030000 		.4byte	0x36c
 474 0320 13       		.uleb128 0x13
 475 0321 7E000000 		.4byte	.LASF71
 476 0325 0B       		.byte	0xb
 477 0326 69       		.byte	0x69
 478 0327 13010000 		.4byte	0x113
 479 032b 01       		.byte	0x1
 480 032c 01       		.byte	0x1
 481 032d 07       		.byte	0x7
 482 032e 00       		.byte	0
 483 032f 13       		.uleb128 0x13
 484 0330 1D040000 		.4byte	.LASF72
 485 0334 0B       		.byte	0xb
 486 0335 6A       		.byte	0x6a
 487 0336 13010000 		.4byte	0x113
 488 033a 01       		.byte	0x1
 489 033b 01       		.byte	0x1
ARM GAS  C:\Users\Reza\AppData\Local\Temp\ccDsFGab.s 			page 15


 490 033c 06       		.byte	0x6
 491 033d 00       		.byte	0
 492 033e 13       		.uleb128 0x13
 493 033f 4F010000 		.4byte	.LASF73
 494 0343 0B       		.byte	0xb
 495 0344 6B       		.byte	0x6b
 496 0345 13010000 		.4byte	0x113
 497 0349 01       		.byte	0x1
 498 034a 01       		.byte	0x1
 499 034b 05       		.byte	0x5
 500 034c 00       		.byte	0
 501 034d 13       		.uleb128 0x13
 502 034e C5040000 		.4byte	.LASF74
 503 0352 0B       		.byte	0xb
 504 0353 6C       		.byte	0x6c
 505 0354 13010000 		.4byte	0x113
 506 0358 01       		.byte	0x1
 507 0359 01       		.byte	0x1
 508 035a 04       		.byte	0x4
 509 035b 00       		.byte	0
 510 035c 13       		.uleb128 0x13
 511 035d 6C010000 		.4byte	.LASF75
 512 0361 0B       		.byte	0xb
 513 0362 6D       		.byte	0x6d
 514 0363 13010000 		.4byte	0x113
 515 0367 01       		.byte	0x1
 516 0368 01       		.byte	0x1
 517 0369 03       		.byte	0x3
 518 036a 00       		.byte	0
 519 036b 00       		.byte	0
 520 036c 14       		.uleb128 0x14
 521 036d 01       		.byte	0x1
 522 036e 0B       		.byte	0xb
 523 036f 66       		.byte	0x66
 524 0370 8B030000 		.4byte	0x38b
 525 0374 15       		.uleb128 0x15
 526 0375 D7040000 		.4byte	.LASF76
 527 0379 0B       		.byte	0xb
 528 037a 67       		.byte	0x67
 529 037b 13010000 		.4byte	0x113
 530 037f 15       		.uleb128 0x15
 531 0380 00000000 		.4byte	.LASF77
 532 0384 0B       		.byte	0xb
 533 0385 6E       		.byte	0x6e
 534 0386 18030000 		.4byte	0x318
 535 038a 00       		.byte	0
 536 038b 16       		.uleb128 0x16
 537 038c DC040000 		.4byte	.LASF89
 538 0390 02       		.byte	0x2
 539 0391 1B01     		.2byte	0x11b
 540 0393 BF010000 		.4byte	0x1bf
 541 0397 03       		.byte	0x3
 542 0398 B5030000 		.4byte	0x3b5
 543 039c 17       		.uleb128 0x17
 544 039d D8030000 		.4byte	.LASF90
 545 03a1 02       		.byte	0x2
 546 03a2 1B01     		.2byte	0x11b
ARM GAS  C:\Users\Reza\AppData\Local\Temp\ccDsFGab.s 			page 16


 547 03a4 C0030000 		.4byte	0x3c0
 548 03a8 18       		.uleb128 0x18
 549 03a9 72657400 		.ascii	"ret\000"
 550 03ad 02       		.byte	0x2
 551 03ae 1D01     		.2byte	0x11d
 552 03b0 BF010000 		.4byte	0x1bf
 553 03b4 00       		.byte	0
 554 03b5 0E       		.uleb128 0xe
 555 03b6 04       		.byte	0x4
 556 03b7 BB030000 		.4byte	0x3bb
 557 03bb 0B       		.uleb128 0xb
 558 03bc 0D030000 		.4byte	0x30d
 559 03c0 0B       		.uleb128 0xb
 560 03c1 B5030000 		.4byte	0x3b5
 561 03c5 19       		.uleb128 0x19
 562 03c6 4F010000 		.4byte	.LASF73
 563 03ca 01       		.byte	0x1
 564 03cb 0F       		.byte	0xf
 565 03cc 00000000 		.4byte	.LFB150
 566 03d0 28000000 		.4byte	.LFE150-.LFB150
 567 03d4 01       		.uleb128 0x1
 568 03d5 9C       		.byte	0x9c
 569 03d6 03040000 		.4byte	0x403
 570 03da 1A       		.uleb128 0x1a
 571 03db 8B030000 		.4byte	0x38b
 572 03df 02000000 		.4byte	.LBB4
 573 03e3 10000000 		.4byte	.LBE4-.LBB4
 574 03e7 01       		.byte	0x1
 575 03e8 13       		.byte	0x13
 576 03e9 1B       		.uleb128 0x1b
 577 03ea 9C030000 		.4byte	0x39c
 578 03ee 1C       		.uleb128 0x1c
 579 03ef 02000000 		.4byte	.LBB5
 580 03f3 10000000 		.4byte	.LBE5-.LBB5
 581 03f7 1D       		.uleb128 0x1d
 582 03f8 A8030000 		.4byte	0x3a8
 583 03fc 00000000 		.4byte	.LLST0
 584 0400 00       		.byte	0
 585 0401 00       		.byte	0
 586 0402 00       		.byte	0
 587 0403 1E       		.uleb128 0x1e
 588 0404 D0050000 		.4byte	.LASF78
 589 0408 0C       		.byte	0xc
 590 0409 40       		.byte	0x40
 591 040a E6000000 		.4byte	0xe6
 592 040e 1E       		.uleb128 0x1e
 593 040f AE010000 		.4byte	.LASF79
 594 0413 0C       		.byte	0xc
 595 0414 47       		.byte	0x47
 596 0415 F1000000 		.4byte	0xf1
 597 0419 1E       		.uleb128 0x1e
 598 041a 6B040000 		.4byte	.LASF80
 599 041e 0C       		.byte	0xc
 600 041f 4A       		.byte	0x4a
 601 0420 E6000000 		.4byte	0xe6
 602 0424 1E       		.uleb128 0x1e
 603 0425 0C030000 		.4byte	.LASF81
ARM GAS  C:\Users\Reza\AppData\Local\Temp\ccDsFGab.s 			page 17


 604 0429 0D       		.byte	0xd
 605 042a 48       		.byte	0x48
 606 042b FC000000 		.4byte	0xfc
 607 042f 1E       		.uleb128 0x1e
 608 0430 31010000 		.4byte	.LASF82
 609 0434 0E       		.byte	0xe
 610 0435 44       		.byte	0x44
 611 0436 E6000000 		.4byte	0xe6
 612 043a 1F       		.uleb128 0x1f
 613 043b 25050000 		.4byte	.LASF83
 614 043f 0F       		.byte	0xf
 615 0440 1207     		.2byte	0x712
 616 0442 46040000 		.4byte	0x446
 617 0446 06       		.uleb128 0x6
 618 0447 97000000 		.4byte	0x97
 619 044b 1E       		.uleb128 0x1e
 620 044c 90040000 		.4byte	.LASF84
 621 0450 10       		.byte	0x10
 622 0451 16       		.byte	0x16
 623 0452 0D030000 		.4byte	0x30d
 624 0456 20       		.uleb128 0x20
 625 0457 32040000 		.4byte	.LASF85
 626 045b 0B       		.byte	0xb
 627 045c 6F       		.byte	0x6f
 628 045d 6C030000 		.4byte	0x36c
 629 0461 05       		.uleb128 0x5
 630 0462 03       		.byte	0x3
 631 0463 00000000 		.4byte	runnables
 632 0467 00       		.byte	0
 633              		.section	.debug_abbrev,"",%progbits
 634              	.Ldebug_abbrev0:
 635 0000 01       		.uleb128 0x1
 636 0001 11       		.uleb128 0x11
 637 0002 01       		.byte	0x1
 638 0003 25       		.uleb128 0x25
 639 0004 0E       		.uleb128 0xe
 640 0005 13       		.uleb128 0x13
 641 0006 0B       		.uleb128 0xb
 642 0007 03       		.uleb128 0x3
 643 0008 0E       		.uleb128 0xe
 644 0009 1B       		.uleb128 0x1b
 645 000a 0E       		.uleb128 0xe
 646 000b 55       		.uleb128 0x55
 647 000c 17       		.uleb128 0x17
 648 000d 11       		.uleb128 0x11
 649 000e 01       		.uleb128 0x1
 650 000f 10       		.uleb128 0x10
 651 0010 17       		.uleb128 0x17
 652 0011 00       		.byte	0
 653 0012 00       		.byte	0
 654 0013 02       		.uleb128 0x2
 655 0014 24       		.uleb128 0x24
 656 0015 00       		.byte	0
 657 0016 0B       		.uleb128 0xb
 658 0017 0B       		.uleb128 0xb
 659 0018 3E       		.uleb128 0x3e
 660 0019 0B       		.uleb128 0xb
ARM GAS  C:\Users\Reza\AppData\Local\Temp\ccDsFGab.s 			page 18


 661 001a 03       		.uleb128 0x3
 662 001b 0E       		.uleb128 0xe
 663 001c 00       		.byte	0
 664 001d 00       		.byte	0
 665 001e 03       		.uleb128 0x3
 666 001f 16       		.uleb128 0x16
 667 0020 00       		.byte	0
 668 0021 03       		.uleb128 0x3
 669 0022 0E       		.uleb128 0xe
 670 0023 3A       		.uleb128 0x3a
 671 0024 0B       		.uleb128 0xb
 672 0025 3B       		.uleb128 0x3b
 673 0026 0B       		.uleb128 0xb
 674 0027 49       		.uleb128 0x49
 675 0028 13       		.uleb128 0x13
 676 0029 00       		.byte	0
 677 002a 00       		.byte	0
 678 002b 04       		.uleb128 0x4
 679 002c 24       		.uleb128 0x24
 680 002d 00       		.byte	0
 681 002e 0B       		.uleb128 0xb
 682 002f 0B       		.uleb128 0xb
 683 0030 3E       		.uleb128 0x3e
 684 0031 0B       		.uleb128 0xb
 685 0032 03       		.uleb128 0x3
 686 0033 08       		.uleb128 0x8
 687 0034 00       		.byte	0
 688 0035 00       		.byte	0
 689 0036 05       		.uleb128 0x5
 690 0037 16       		.uleb128 0x16
 691 0038 00       		.byte	0
 692 0039 03       		.uleb128 0x3
 693 003a 0E       		.uleb128 0xe
 694 003b 3A       		.uleb128 0x3a
 695 003c 0B       		.uleb128 0xb
 696 003d 3B       		.uleb128 0x3b
 697 003e 05       		.uleb128 0x5
 698 003f 49       		.uleb128 0x49
 699 0040 13       		.uleb128 0x13
 700 0041 00       		.byte	0
 701 0042 00       		.byte	0
 702 0043 06       		.uleb128 0x6
 703 0044 35       		.uleb128 0x35
 704 0045 00       		.byte	0
 705 0046 49       		.uleb128 0x49
 706 0047 13       		.uleb128 0x13
 707 0048 00       		.byte	0
 708 0049 00       		.byte	0
 709 004a 07       		.uleb128 0x7
 710 004b 04       		.uleb128 0x4
 711 004c 01       		.byte	0x1
 712 004d 03       		.uleb128 0x3
 713 004e 08       		.uleb128 0x8
 714 004f 0B       		.uleb128 0xb
 715 0050 0B       		.uleb128 0xb
 716 0051 49       		.uleb128 0x49
 717 0052 13       		.uleb128 0x13
ARM GAS  C:\Users\Reza\AppData\Local\Temp\ccDsFGab.s 			page 19


 718 0053 3A       		.uleb128 0x3a
 719 0054 0B       		.uleb128 0xb
 720 0055 3B       		.uleb128 0x3b
 721 0056 0B       		.uleb128 0xb
 722 0057 01       		.uleb128 0x1
 723 0058 13       		.uleb128 0x13
 724 0059 00       		.byte	0
 725 005a 00       		.byte	0
 726 005b 08       		.uleb128 0x8
 727 005c 28       		.uleb128 0x28
 728 005d 00       		.byte	0
 729 005e 03       		.uleb128 0x3
 730 005f 0E       		.uleb128 0xe
 731 0060 1C       		.uleb128 0x1c
 732 0061 0B       		.uleb128 0xb
 733 0062 00       		.byte	0
 734 0063 00       		.byte	0
 735 0064 09       		.uleb128 0x9
 736 0065 28       		.uleb128 0x28
 737 0066 00       		.byte	0
 738 0067 03       		.uleb128 0x3
 739 0068 0E       		.uleb128 0xe
 740 0069 1C       		.uleb128 0x1c
 741 006a 0D       		.uleb128 0xd
 742 006b 00       		.byte	0
 743 006c 00       		.byte	0
 744 006d 0A       		.uleb128 0xa
 745 006e 04       		.uleb128 0x4
 746 006f 01       		.byte	0x1
 747 0070 0B       		.uleb128 0xb
 748 0071 0B       		.uleb128 0xb
 749 0072 49       		.uleb128 0x49
 750 0073 13       		.uleb128 0x13
 751 0074 3A       		.uleb128 0x3a
 752 0075 0B       		.uleb128 0xb
 753 0076 3B       		.uleb128 0x3b
 754 0077 0B       		.uleb128 0xb
 755 0078 01       		.uleb128 0x1
 756 0079 13       		.uleb128 0x13
 757 007a 00       		.byte	0
 758 007b 00       		.byte	0
 759 007c 0B       		.uleb128 0xb
 760 007d 26       		.uleb128 0x26
 761 007e 00       		.byte	0
 762 007f 49       		.uleb128 0x49
 763 0080 13       		.uleb128 0x13
 764 0081 00       		.byte	0
 765 0082 00       		.byte	0
 766 0083 0C       		.uleb128 0xc
 767 0084 13       		.uleb128 0x13
 768 0085 01       		.byte	0x1
 769 0086 0B       		.uleb128 0xb
 770 0087 0B       		.uleb128 0xb
 771 0088 3A       		.uleb128 0x3a
 772 0089 0B       		.uleb128 0xb
 773 008a 3B       		.uleb128 0x3b
 774 008b 0B       		.uleb128 0xb
ARM GAS  C:\Users\Reza\AppData\Local\Temp\ccDsFGab.s 			page 20


 775 008c 01       		.uleb128 0x1
 776 008d 13       		.uleb128 0x13
 777 008e 00       		.byte	0
 778 008f 00       		.byte	0
 779 0090 0D       		.uleb128 0xd
 780 0091 0D       		.uleb128 0xd
 781 0092 00       		.byte	0
 782 0093 03       		.uleb128 0x3
 783 0094 0E       		.uleb128 0xe
 784 0095 3A       		.uleb128 0x3a
 785 0096 0B       		.uleb128 0xb
 786 0097 3B       		.uleb128 0x3b
 787 0098 0B       		.uleb128 0xb
 788 0099 49       		.uleb128 0x49
 789 009a 13       		.uleb128 0x13
 790 009b 38       		.uleb128 0x38
 791 009c 0B       		.uleb128 0xb
 792 009d 00       		.byte	0
 793 009e 00       		.byte	0
 794 009f 0E       		.uleb128 0xe
 795 00a0 0F       		.uleb128 0xf
 796 00a1 00       		.byte	0
 797 00a2 0B       		.uleb128 0xb
 798 00a3 0B       		.uleb128 0xb
 799 00a4 49       		.uleb128 0x49
 800 00a5 13       		.uleb128 0x13
 801 00a6 00       		.byte	0
 802 00a7 00       		.byte	0
 803 00a8 0F       		.uleb128 0xf
 804 00a9 15       		.uleb128 0x15
 805 00aa 01       		.byte	0x1
 806 00ab 27       		.uleb128 0x27
 807 00ac 19       		.uleb128 0x19
 808 00ad 49       		.uleb128 0x49
 809 00ae 13       		.uleb128 0x13
 810 00af 01       		.uleb128 0x1
 811 00b0 13       		.uleb128 0x13
 812 00b1 00       		.byte	0
 813 00b2 00       		.byte	0
 814 00b3 10       		.uleb128 0x10
 815 00b4 05       		.uleb128 0x5
 816 00b5 00       		.byte	0
 817 00b6 49       		.uleb128 0x49
 818 00b7 13       		.uleb128 0x13
 819 00b8 00       		.byte	0
 820 00b9 00       		.byte	0
 821 00ba 11       		.uleb128 0x11
 822 00bb 13       		.uleb128 0x13
 823 00bc 01       		.byte	0x1
 824 00bd 03       		.uleb128 0x3
 825 00be 0E       		.uleb128 0xe
 826 00bf 0B       		.uleb128 0xb
 827 00c0 0B       		.uleb128 0xb
 828 00c1 3A       		.uleb128 0x3a
 829 00c2 0B       		.uleb128 0xb
 830 00c3 3B       		.uleb128 0x3b
 831 00c4 0B       		.uleb128 0xb
ARM GAS  C:\Users\Reza\AppData\Local\Temp\ccDsFGab.s 			page 21


 832 00c5 01       		.uleb128 0x1
 833 00c6 13       		.uleb128 0x13
 834 00c7 00       		.byte	0
 835 00c8 00       		.byte	0
 836 00c9 12       		.uleb128 0x12
 837 00ca 0D       		.uleb128 0xd
 838 00cb 00       		.byte	0
 839 00cc 03       		.uleb128 0x3
 840 00cd 08       		.uleb128 0x8
 841 00ce 3A       		.uleb128 0x3a
 842 00cf 0B       		.uleb128 0xb
 843 00d0 3B       		.uleb128 0x3b
 844 00d1 0B       		.uleb128 0xb
 845 00d2 49       		.uleb128 0x49
 846 00d3 13       		.uleb128 0x13
 847 00d4 38       		.uleb128 0x38
 848 00d5 0B       		.uleb128 0xb
 849 00d6 00       		.byte	0
 850 00d7 00       		.byte	0
 851 00d8 13       		.uleb128 0x13
 852 00d9 0D       		.uleb128 0xd
 853 00da 00       		.byte	0
 854 00db 03       		.uleb128 0x3
 855 00dc 0E       		.uleb128 0xe
 856 00dd 3A       		.uleb128 0x3a
 857 00de 0B       		.uleb128 0xb
 858 00df 3B       		.uleb128 0x3b
 859 00e0 0B       		.uleb128 0xb
 860 00e1 49       		.uleb128 0x49
 861 00e2 13       		.uleb128 0x13
 862 00e3 0B       		.uleb128 0xb
 863 00e4 0B       		.uleb128 0xb
 864 00e5 0D       		.uleb128 0xd
 865 00e6 0B       		.uleb128 0xb
 866 00e7 0C       		.uleb128 0xc
 867 00e8 0B       		.uleb128 0xb
 868 00e9 38       		.uleb128 0x38
 869 00ea 0B       		.uleb128 0xb
 870 00eb 00       		.byte	0
 871 00ec 00       		.byte	0
 872 00ed 14       		.uleb128 0x14
 873 00ee 17       		.uleb128 0x17
 874 00ef 01       		.byte	0x1
 875 00f0 0B       		.uleb128 0xb
 876 00f1 0B       		.uleb128 0xb
 877 00f2 3A       		.uleb128 0x3a
 878 00f3 0B       		.uleb128 0xb
 879 00f4 3B       		.uleb128 0x3b
 880 00f5 0B       		.uleb128 0xb
 881 00f6 01       		.uleb128 0x1
 882 00f7 13       		.uleb128 0x13
 883 00f8 00       		.byte	0
 884 00f9 00       		.byte	0
 885 00fa 15       		.uleb128 0x15
 886 00fb 0D       		.uleb128 0xd
 887 00fc 00       		.byte	0
 888 00fd 03       		.uleb128 0x3
ARM GAS  C:\Users\Reza\AppData\Local\Temp\ccDsFGab.s 			page 22


 889 00fe 0E       		.uleb128 0xe
 890 00ff 3A       		.uleb128 0x3a
 891 0100 0B       		.uleb128 0xb
 892 0101 3B       		.uleb128 0x3b
 893 0102 0B       		.uleb128 0xb
 894 0103 49       		.uleb128 0x49
 895 0104 13       		.uleb128 0x13
 896 0105 00       		.byte	0
 897 0106 00       		.byte	0
 898 0107 16       		.uleb128 0x16
 899 0108 2E       		.uleb128 0x2e
 900 0109 01       		.byte	0x1
 901 010a 3F       		.uleb128 0x3f
 902 010b 19       		.uleb128 0x19
 903 010c 03       		.uleb128 0x3
 904 010d 0E       		.uleb128 0xe
 905 010e 3A       		.uleb128 0x3a
 906 010f 0B       		.uleb128 0xb
 907 0110 3B       		.uleb128 0x3b
 908 0111 05       		.uleb128 0x5
 909 0112 27       		.uleb128 0x27
 910 0113 19       		.uleb128 0x19
 911 0114 49       		.uleb128 0x49
 912 0115 13       		.uleb128 0x13
 913 0116 20       		.uleb128 0x20
 914 0117 0B       		.uleb128 0xb
 915 0118 01       		.uleb128 0x1
 916 0119 13       		.uleb128 0x13
 917 011a 00       		.byte	0
 918 011b 00       		.byte	0
 919 011c 17       		.uleb128 0x17
 920 011d 05       		.uleb128 0x5
 921 011e 00       		.byte	0
 922 011f 03       		.uleb128 0x3
 923 0120 0E       		.uleb128 0xe
 924 0121 3A       		.uleb128 0x3a
 925 0122 0B       		.uleb128 0xb
 926 0123 3B       		.uleb128 0x3b
 927 0124 05       		.uleb128 0x5
 928 0125 49       		.uleb128 0x49
 929 0126 13       		.uleb128 0x13
 930 0127 00       		.byte	0
 931 0128 00       		.byte	0
 932 0129 18       		.uleb128 0x18
 933 012a 34       		.uleb128 0x34
 934 012b 00       		.byte	0
 935 012c 03       		.uleb128 0x3
 936 012d 08       		.uleb128 0x8
 937 012e 3A       		.uleb128 0x3a
 938 012f 0B       		.uleb128 0xb
 939 0130 3B       		.uleb128 0x3b
 940 0131 05       		.uleb128 0x5
 941 0132 49       		.uleb128 0x49
 942 0133 13       		.uleb128 0x13
 943 0134 00       		.byte	0
 944 0135 00       		.byte	0
 945 0136 19       		.uleb128 0x19
ARM GAS  C:\Users\Reza\AppData\Local\Temp\ccDsFGab.s 			page 23


 946 0137 2E       		.uleb128 0x2e
 947 0138 01       		.byte	0x1
 948 0139 3F       		.uleb128 0x3f
 949 013a 19       		.uleb128 0x19
 950 013b 03       		.uleb128 0x3
 951 013c 0E       		.uleb128 0xe
 952 013d 3A       		.uleb128 0x3a
 953 013e 0B       		.uleb128 0xb
 954 013f 3B       		.uleb128 0x3b
 955 0140 0B       		.uleb128 0xb
 956 0141 11       		.uleb128 0x11
 957 0142 01       		.uleb128 0x1
 958 0143 12       		.uleb128 0x12
 959 0144 06       		.uleb128 0x6
 960 0145 40       		.uleb128 0x40
 961 0146 18       		.uleb128 0x18
 962 0147 9642     		.uleb128 0x2116
 963 0149 19       		.uleb128 0x19
 964 014a 01       		.uleb128 0x1
 965 014b 13       		.uleb128 0x13
 966 014c 00       		.byte	0
 967 014d 00       		.byte	0
 968 014e 1A       		.uleb128 0x1a
 969 014f 1D       		.uleb128 0x1d
 970 0150 01       		.byte	0x1
 971 0151 31       		.uleb128 0x31
 972 0152 13       		.uleb128 0x13
 973 0153 11       		.uleb128 0x11
 974 0154 01       		.uleb128 0x1
 975 0155 12       		.uleb128 0x12
 976 0156 06       		.uleb128 0x6
 977 0157 58       		.uleb128 0x58
 978 0158 0B       		.uleb128 0xb
 979 0159 59       		.uleb128 0x59
 980 015a 0B       		.uleb128 0xb
 981 015b 00       		.byte	0
 982 015c 00       		.byte	0
 983 015d 1B       		.uleb128 0x1b
 984 015e 05       		.uleb128 0x5
 985 015f 00       		.byte	0
 986 0160 31       		.uleb128 0x31
 987 0161 13       		.uleb128 0x13
 988 0162 00       		.byte	0
 989 0163 00       		.byte	0
 990 0164 1C       		.uleb128 0x1c
 991 0165 0B       		.uleb128 0xb
 992 0166 01       		.byte	0x1
 993 0167 11       		.uleb128 0x11
 994 0168 01       		.uleb128 0x1
 995 0169 12       		.uleb128 0x12
 996 016a 06       		.uleb128 0x6
 997 016b 00       		.byte	0
 998 016c 00       		.byte	0
 999 016d 1D       		.uleb128 0x1d
 1000 016e 34       		.uleb128 0x34
 1001 016f 00       		.byte	0
 1002 0170 31       		.uleb128 0x31
ARM GAS  C:\Users\Reza\AppData\Local\Temp\ccDsFGab.s 			page 24


 1003 0171 13       		.uleb128 0x13
 1004 0172 02       		.uleb128 0x2
 1005 0173 17       		.uleb128 0x17
 1006 0174 00       		.byte	0
 1007 0175 00       		.byte	0
 1008 0176 1E       		.uleb128 0x1e
 1009 0177 34       		.uleb128 0x34
 1010 0178 00       		.byte	0
 1011 0179 03       		.uleb128 0x3
 1012 017a 0E       		.uleb128 0xe
 1013 017b 3A       		.uleb128 0x3a
 1014 017c 0B       		.uleb128 0xb
 1015 017d 3B       		.uleb128 0x3b
 1016 017e 0B       		.uleb128 0xb
 1017 017f 49       		.uleb128 0x49
 1018 0180 13       		.uleb128 0x13
 1019 0181 3F       		.uleb128 0x3f
 1020 0182 19       		.uleb128 0x19
 1021 0183 3C       		.uleb128 0x3c
 1022 0184 19       		.uleb128 0x19
 1023 0185 00       		.byte	0
 1024 0186 00       		.byte	0
 1025 0187 1F       		.uleb128 0x1f
 1026 0188 34       		.uleb128 0x34
 1027 0189 00       		.byte	0
 1028 018a 03       		.uleb128 0x3
 1029 018b 0E       		.uleb128 0xe
 1030 018c 3A       		.uleb128 0x3a
 1031 018d 0B       		.uleb128 0xb
 1032 018e 3B       		.uleb128 0x3b
 1033 018f 05       		.uleb128 0x5
 1034 0190 49       		.uleb128 0x49
 1035 0191 13       		.uleb128 0x13
 1036 0192 3F       		.uleb128 0x3f
 1037 0193 19       		.uleb128 0x19
 1038 0194 3C       		.uleb128 0x3c
 1039 0195 19       		.uleb128 0x19
 1040 0196 00       		.byte	0
 1041 0197 00       		.byte	0
 1042 0198 20       		.uleb128 0x20
 1043 0199 34       		.uleb128 0x34
 1044 019a 00       		.byte	0
 1045 019b 03       		.uleb128 0x3
 1046 019c 0E       		.uleb128 0xe
 1047 019d 3A       		.uleb128 0x3a
 1048 019e 0B       		.uleb128 0xb
 1049 019f 3B       		.uleb128 0x3b
 1050 01a0 0B       		.uleb128 0xb
 1051 01a1 49       		.uleb128 0x49
 1052 01a2 13       		.uleb128 0x13
 1053 01a3 3F       		.uleb128 0x3f
 1054 01a4 19       		.uleb128 0x19
 1055 01a5 02       		.uleb128 0x2
 1056 01a6 18       		.uleb128 0x18
 1057 01a7 00       		.byte	0
 1058 01a8 00       		.byte	0
 1059 01a9 00       		.byte	0
ARM GAS  C:\Users\Reza\AppData\Local\Temp\ccDsFGab.s 			page 25


 1060              		.section	.debug_loc,"",%progbits
 1061              	.Ldebug_loc0:
 1062              	.LLST0:
 1063 0000 02000000 		.4byte	.LVL0
 1064 0004 12000000 		.4byte	.LVL1
 1065 0008 0300     		.2byte	0x3
 1066 000a 09       		.byte	0x9
 1067 000b FF       		.byte	0xff
 1068 000c 9F       		.byte	0x9f
 1069 000d 00000000 		.4byte	0
 1070 0011 00000000 		.4byte	0
 1071              		.section	.debug_aranges,"",%progbits
 1072 0000 1C000000 		.4byte	0x1c
 1073 0004 0200     		.2byte	0x2
 1074 0006 00000000 		.4byte	.Ldebug_info0
 1075 000a 04       		.byte	0x4
 1076 000b 00       		.byte	0
 1077 000c 0000     		.2byte	0
 1078 000e 0000     		.2byte	0
 1079 0010 00000000 		.4byte	.LFB150
 1080 0014 28000000 		.4byte	.LFE150-.LFB150
 1081 0018 00000000 		.4byte	0
 1082 001c 00000000 		.4byte	0
 1083              		.section	.debug_ranges,"",%progbits
 1084              	.Ldebug_ranges0:
 1085 0000 00000000 		.4byte	.LFB150
 1086 0004 28000000 		.4byte	.LFE150
 1087 0008 00000000 		.4byte	0
 1088 000c 00000000 		.4byte	0
 1089              		.section	.debug_line,"",%progbits
 1090              	.Ldebug_line0:
 1091 0000 C3020000 		.section	.debug_str,"MS",%progbits,1
 1091      0200A102 
 1091      00000201 
 1091      FB0E0D00 
 1091      01010101 
 1092              	.LASF77:
 1093 0000 6269745F 		.ascii	"bit_field\000"
 1093      6669656C 
 1093      6400
 1094              	.LASF22:
 1095 000a 45455F55 		.ascii	"EE_UREG\000"
 1095      52454700 
 1096              	.LASF26:
 1097 0012 52435F53 		.ascii	"RC_SUCCESS\000"
 1097      55434345 
 1097      535300
 1098              	.LASF65:
 1099 001d 50574D5F 		.ascii	"PWM_cfg_s\000"
 1099      6366675F 
 1099      7300
 1100              	.LASF64:
 1101 0027 50574D5F 		.ascii	"PWM_cfg_t\000"
 1101      6366675F 
 1101      7400
 1102              	.LASF25:
 1103 0031 4576656E 		.ascii	"EventMaskType\000"
ARM GAS  C:\Users\Reza\AppData\Local\Temp\ccDsFGab.s 			page 26


 1103      744D6173 
 1103      6B547970 
 1103      6500
 1104              	.LASF2:
 1105 003f 73686F72 		.ascii	"short int\000"
 1105      7420696E 
 1105      7400
 1106              	.LASF32:
 1107 0049 52435F45 		.ascii	"RC_ERROR_OVERRUN\000"
 1107      52524F52 
 1107      5F4F5645 
 1107      5252554E 
 1107      00
 1108              	.LASF44:
 1109 005a 52435F45 		.ascii	"RC_ERROR_WRITE_FAILS\000"
 1109      52524F52 
 1109      5F575249 
 1109      54455F46 
 1109      41494C53 
 1110              	.LASF19:
 1111 006f 73697A65 		.ascii	"sizetype\000"
 1111      74797065 
 1111      00
 1112              	.LASF60:
 1113 0078 6D5F7077 		.ascii	"m_pwm\000"
 1113      6D00
 1114              	.LASF71:
 1115 007e 72756E5F 		.ascii	"run_readJoystick\000"
 1115      72656164 
 1115      4A6F7973 
 1115      7469636B 
 1115      00
 1116              	.LASF54:
 1117 008f 5254455F 		.ascii	"RTE_SIGNALSTATUS_VALID\000"
 1117      5349474E 
 1117      414C5354 
 1117      41545553 
 1117      5F56414C 
 1118              	.LASF23:
 1119 00a6 45455F46 		.ascii	"EE_FREG\000"
 1119      52454700 
 1120              	.LASF43:
 1121 00ae 52435F45 		.ascii	"RC_ERROR_READ_FAILS\000"
 1121      52524F52 
 1121      5F524541 
 1121      445F4641 
 1121      494C5300 
 1122              	.LASF7:
 1123 00c2 5F5F7569 		.ascii	"__uint32_t\000"
 1123      6E743332 
 1123      5F7400
 1124              	.LASF21:
 1125 00cd 45455F55 		.ascii	"EE_UINT32\000"
 1125      494E5433 
 1125      3200
 1126              	.LASF57:
 1127 00d7 50574D5F 		.ascii	"PWM_data_t\000"
ARM GAS  C:\Users\Reza\AppData\Local\Temp\ccDsFGab.s 			page 27


 1127      64617461 
 1127      5F7400
 1128              	.LASF24:
 1129 00e2 45455F54 		.ascii	"EE_TID\000"
 1129      494400
 1130              	.LASF59:
 1131 00e9 50574D5F 		.ascii	"PWM_driverOut_t\000"
 1131      64726976 
 1131      65724F75 
 1131      745F7400 
 1132              	.LASF67:
 1133 00f9 76616C75 		.ascii	"value\000"
 1133      6500
 1134              	.LASF12:
 1135 00ff 75696E74 		.ascii	"uint8_t\000"
 1135      385F7400 
 1136              	.LASF49:
 1137 0107 52435F45 		.ascii	"RC_ERROR_INVALID_STATE\000"
 1137      52524F52 
 1137      5F494E56 
 1137      414C4944 
 1137      5F535441 
 1138              	.LASF56:
 1139 011e 5254455F 		.ascii	"RTE_signalStatus_t\000"
 1139      7369676E 
 1139      616C5374 
 1139      61747573 
 1139      5F7400
 1140              	.LASF82:
 1141 0131 45455F49 		.ascii	"EE_IRQ_nesting_level\000"
 1141      52515F6E 
 1141      65737469 
 1141      6E675F6C 
 1141      6576656C 
 1142              	.LASF20:
 1143 0146 45455F49 		.ascii	"EE_INT32\000"
 1143      4E543332 
 1143      00
 1144              	.LASF73:
 1145 014f 72756E5F 		.ascii	"run_setEngine\000"
 1145      73657445 
 1145      6E67696E 
 1145      6500
 1146              	.LASF58:
 1147 015d 50574D5F 		.ascii	"PWM_driverIn_t\000"
 1147      64726976 
 1147      6572496E 
 1147      5F7400
 1148              	.LASF75:
 1149 016c 72756E5F 		.ascii	"run_setLcd\000"
 1149      7365744C 
 1149      636400
 1150              	.LASF31:
 1151 0177 52435F45 		.ascii	"RC_ERROR_RANGE\000"
 1151      52524F52 
 1151      5F52414E 
 1151      474500
ARM GAS  C:\Users\Reza\AppData\Local\Temp\ccDsFGab.s 			page 28


 1152              	.LASF15:
 1153 0186 666C6F61 		.ascii	"float\000"
 1153      7400
 1154              	.LASF41:
 1155 018c 52435F45 		.ascii	"RC_ERROR_WRITE_ONLY\000"
 1155      52524F52 
 1155      5F575249 
 1155      54455F4F 
 1155      4E4C5900 
 1156              	.LASF9:
 1157 01a0 6C6F6E67 		.ascii	"long long int\000"
 1157      206C6F6E 
 1157      6720696E 
 1157      7400
 1158              	.LASF79:
 1159 01ae 45455F6F 		.ascii	"EE_oo_IRQ_suspend_status\000"
 1159      6F5F4952 
 1159      515F7375 
 1159      7370656E 
 1159      645F7374 
 1160              	.LASF45:
 1161 01c7 52435F45 		.ascii	"RC_ERROR_NOT_MATCH\000"
 1161      52524F52 
 1161      5F4E4F54 
 1161      5F4D4154 
 1161      434800
 1162              	.LASF50:
 1163 01da 52435F45 		.ascii	"RC_ERROR_UNKNOWN\000"
 1163      52524F52 
 1163      5F554E4B 
 1163      4E4F574E 
 1163      00
 1164              	.LASF29:
 1165 01eb 52435F45 		.ascii	"RC_ERROR_ZERO\000"
 1165      52524F52 
 1165      5F5A4552 
 1165      4F00
 1166              	.LASF6:
 1167 01f9 6C6F6E67 		.ascii	"long int\000"
 1167      20696E74 
 1167      00
 1168              	.LASF33:
 1169 0202 52435F45 		.ascii	"RC_ERROR_UNDERRUN\000"
 1169      52524F52 
 1169      5F554E44 
 1169      45525255 
 1169      4E00
 1170              	.LASF87:
 1171 0214 736F7572 		.ascii	"source\\asw\\swc_engine.c\000"
 1171      63655C61 
 1171      73775C73 
 1171      77635F65 
 1171      6E67696E 
 1172              	.LASF36:
 1173 022c 52435F45 		.ascii	"RC_ERROR_BUSY\000"
 1173      52524F52 
 1173      5F425553 
ARM GAS  C:\Users\Reza\AppData\Local\Temp\ccDsFGab.s 			page 29


 1173      5900
 1174              	.LASF52:
 1175 023a 5254455F 		.ascii	"RTE_SIGNALSTATUS_STARTUP\000"
 1175      5349474E 
 1175      414C5354 
 1175      41545553 
 1175      5F535441 
 1176              	.LASF4:
 1177 0253 5F5F7569 		.ascii	"__uint8_t\000"
 1177      6E74385F 
 1177      7400
 1178              	.LASF42:
 1179 025d 52435F45 		.ascii	"RC_ERROR_INVALID\000"
 1179      52524F52 
 1179      5F494E56 
 1179      414C4944 
 1179      00
 1180              	.LASF47:
 1181 026e 52435F45 		.ascii	"RC_ERROR_BAD_DATA\000"
 1181      52524F52 
 1181      5F424144 
 1181      5F444154 
 1181      4100
 1182              	.LASF40:
 1183 0280 52435F45 		.ascii	"RC_ERROR_READ_ONLY\000"
 1183      52524F52 
 1183      5F524541 
 1183      445F4F4E 
 1183      4C5900
 1184              	.LASF62:
 1185 0293 6F757444 		.ascii	"outDriver\000"
 1185      72697665 
 1185      7200
 1186              	.LASF18:
 1187 029d 6C6F6E67 		.ascii	"long double\000"
 1187      20646F75 
 1187      626C6500 
 1188              	.LASF1:
 1189 02a9 756E7369 		.ascii	"unsigned char\000"
 1189      676E6564 
 1189      20636861 
 1189      7200
 1190              	.LASF0:
 1191 02b7 7369676E 		.ascii	"signed char\000"
 1191      65642063 
 1191      68617200 
 1192              	.LASF10:
 1193 02c3 6C6F6E67 		.ascii	"long long unsigned int\000"
 1193      206C6F6E 
 1193      6720756E 
 1193      7369676E 
 1193      65642069 
 1194              	.LASF14:
 1195 02da 75696E74 		.ascii	"uint32_t\000"
 1195      33325F74 
 1195      00
 1196              	.LASF11:
ARM GAS  C:\Users\Reza\AppData\Local\Temp\ccDsFGab.s 			page 30


 1197 02e3 756E7369 		.ascii	"unsigned int\000"
 1197      676E6564 
 1197      20696E74 
 1197      00
 1198              	.LASF38:
 1199 02f0 52435F45 		.ascii	"RC_ERROR_OPEN\000"
 1199      52524F52 
 1199      5F4F5045 
 1199      4E00
 1200              	.LASF28:
 1201 02fe 52435F45 		.ascii	"RC_ERROR_NULL\000"
 1201      52524F52 
 1201      5F4E554C 
 1201      4C00
 1202              	.LASF81:
 1203 030c 45455F73 		.ascii	"EE_std_endcycle_next_tid\000"
 1203      74645F65 
 1203      6E646379 
 1203      636C655F 
 1203      6E657874 
 1204              	.LASF88:
 1205 0325 453A5C4E 		.ascii	"E:\\New_Dell_Laptop_18.04.2021\\Drive_D\\hda\\Summe"
 1205      65775F44 
 1205      656C6C5F 
 1205      4C617074 
 1205      6F705F31 
 1206 0354 725F5365 		.ascii	"r_Semester_2020\\Embedded Architecture and Applicat"
 1206      6D657374 
 1206      65725F32 
 1206      3032305C 
 1206      456D6265 
 1207 0386 696F6E5C 		.ascii	"ion\\Lab1\\Work_Space_RTE\\RTE_Electronic_Clock.cyd"
 1207      4C616231 
 1207      5C576F72 
 1207      6B5F5370 
 1207      6163655F 
 1208 03b6 736E00   		.ascii	"sn\000"
 1209              	.LASF69:
 1210 03b9 70536967 		.ascii	"pSigCfg\000"
 1210      43666700 
 1211              	.LASF63:
 1212 03c1 65764F6E 		.ascii	"evOnUpdate\000"
 1212      55706461 
 1212      746500
 1213              	.LASF68:
 1214 03cc 73746174 		.ascii	"status\000"
 1214      757300
 1215              	.LASF17:
 1216 03d3 63686172 		.ascii	"char\000"
 1216      00
 1217              	.LASF90:
 1218 03d8 7369676E 		.ascii	"signal\000"
 1218      616C00
 1219              	.LASF55:
 1220 03df 5254455F 		.ascii	"RTE_SIGNALSTATUS_INVALID\000"
 1220      5349474E 
 1220      414C5354 
ARM GAS  C:\Users\Reza\AppData\Local\Temp\ccDsFGab.s 			page 31


 1220      41545553 
 1220      5F494E56 
 1221              	.LASF53:
 1222 03f8 5254455F 		.ascii	"RTE_SIGNALSTATUS_INITIALIZED\000"
 1222      5349474E 
 1222      414C5354 
 1222      41545553 
 1222      5F494E49 
 1223              	.LASF13:
 1224 0415 696E7433 		.ascii	"int32_t\000"
 1224      325F7400 
 1225              	.LASF72:
 1226 041d 72756E5F 		.ascii	"run_calculateControl\000"
 1226      63616C63 
 1226      756C6174 
 1226      65436F6E 
 1226      74726F6C 
 1227              	.LASF85:
 1228 0432 72756E6E 		.ascii	"runnables\000"
 1228      61626C65 
 1228      7300
 1229              	.LASF46:
 1230 043c 52435F45 		.ascii	"RC_ERROR_BAD_PARAM\000"
 1230      52524F52 
 1230      5F424144 
 1230      5F504152 
 1230      414D00
 1231              	.LASF27:
 1232 044f 52435F45 		.ascii	"RC_ERROR\000"
 1232      52524F52 
 1232      00
 1233              	.LASF3:
 1234 0458 73686F72 		.ascii	"short unsigned int\000"
 1234      7420756E 
 1234      7369676E 
 1234      65642069 
 1234      6E7400
 1235              	.LASF80:
 1236 046b 45455F41 		.ascii	"EE_ApplicationMode\000"
 1236      70706C69 
 1236      63617469 
 1236      6F6E4D6F 
 1236      646500
 1237              	.LASF8:
 1238 047e 6C6F6E67 		.ascii	"long unsigned int\000"
 1238      20756E73 
 1238      69676E65 
 1238      6420696E 
 1238      7400
 1239              	.LASF84:
 1240 0490 454E4749 		.ascii	"ENGINE_signal\000"
 1240      4E455F73 
 1240      69676E61 
 1240      6C00
 1241              	.LASF34:
 1242 049e 52435F45 		.ascii	"RC_ERROR_BUFFER_FULL\000"
 1242      52524F52 
ARM GAS  C:\Users\Reza\AppData\Local\Temp\ccDsFGab.s 			page 32


 1242      5F425546 
 1242      4645525F 
 1242      46554C4C 
 1243              	.LASF39:
 1244 04b3 52435F45 		.ascii	"RC_ERROR_CHECKSUM\000"
 1244      52524F52 
 1244      5F434845 
 1244      434B5355 
 1244      4D00
 1245              	.LASF74:
 1246 04c5 72756E5F 		.ascii	"run_setBrakeLight\000"
 1246      73657442 
 1246      72616B65 
 1246      4C696768 
 1246      7400
 1247              	.LASF76:
 1248 04d7 62797465 		.ascii	"byte\000"
 1248      00
 1249              	.LASF89:
 1250 04dc 5254455F 		.ascii	"RTE_PWM_pushPort\000"
 1250      50574D5F 
 1250      70757368 
 1250      506F7274 
 1250      00
 1251              	.LASF5:
 1252 04ed 5F5F696E 		.ascii	"__int32_t\000"
 1252      7433325F 
 1252      7400
 1253              	.LASF66:
 1254 04f7 50574D5F 		.ascii	"PWM_s\000"
 1254      7300
 1255              	.LASF48:
 1256 04fd 52435F45 		.ascii	"RC_ERROR_CANCELED\000"
 1256      52524F52 
 1256      5F43414E 
 1256      43454C45 
 1256      4400
 1257              	.LASF70:
 1258 050f 50574D5F 		.ascii	"PWM_t\000"
 1258      7400
 1259              	.LASF16:
 1260 0515 646F7562 		.ascii	"double\000"
 1260      6C6500
 1261              	.LASF61:
 1262 051c 696E4472 		.ascii	"inDriver\000"
 1262      69766572 
 1262      00
 1263              	.LASF83:
 1264 0525 49544D5F 		.ascii	"ITM_RxBuffer\000"
 1264      52784275 
 1264      66666572 
 1264      00
 1265              	.LASF86:
 1266 0532 474E5520 		.ascii	"GNU C11 5.4.1 20160609 (release) [ARM/embedded-5-br"
 1266      43313120 
 1266      352E342E 
 1266      31203230 
ARM GAS  C:\Users\Reza\AppData\Local\Temp\ccDsFGab.s 			page 33


 1266      31363036 
 1267 0565 616E6368 		.ascii	"anch revision 237715] -mcpu=cortex-m3 -mthumb -g -O"
 1267      20726576 
 1267      6973696F 
 1267      6E203233 
 1267      37373135 
 1268 0598 67202D66 		.ascii	"g -ffunction-sections -ffat-lto-objects\000"
 1268      66756E63 
 1268      74696F6E 
 1268      2D736563 
 1268      74696F6E 
 1269              	.LASF30:
 1270 05c0 52435F45 		.ascii	"RC_ERROR_MEMORY\000"
 1270      52524F52 
 1270      5F4D454D 
 1270      4F525900 
 1271              	.LASF78:
 1272 05d0 45455F6F 		.ascii	"EE_oo_IRQ_disable_count\000"
 1272      6F5F4952 
 1272      515F6469 
 1272      7361626C 
 1272      655F636F 
 1273              	.LASF35:
 1274 05e8 52435F45 		.ascii	"RC_ERROR_BUFFER_EMTPY\000"
 1274      52524F52 
 1274      5F425546 
 1274      4645525F 
 1274      454D5450 
 1275              	.LASF51:
 1276 05fe 52435F74 		.ascii	"RC_t\000"
 1276      00
 1277              	.LASF37:
 1278 0603 52435F45 		.ascii	"RC_ERROR_TIME_OUT\000"
 1278      52524F52 
 1278      5F54494D 
 1278      455F4F55 
 1278      5400
 1279              		.ident	"GCC: (GNU Tools for ARM Embedded Processors) 5.4.1 20160609 (release) [ARM/embedded-5-bran
