ARM GAS  C:\Users\Reza\AppData\Local\Temp\ccskZeIk.s 			page 1


   1              		.syntax unified
   2              		.cpu cortex-m3
   3              		.fpu softvfp
   4              		.eabi_attribute 20, 1
   5              		.eabi_attribute 21, 1
   6              		.eabi_attribute 23, 3
   7              		.eabi_attribute 24, 1
   8              		.eabi_attribute 25, 1
   9              		.eabi_attribute 26, 1
  10              		.eabi_attribute 30, 1
  11              		.eabi_attribute 34, 1
  12              		.eabi_attribute 18, 4
  13              		.thumb
  14              		.syntax unified
  15              		.file	"swc_lcd.c"
  16              		.text
  17              	.Ltext0:
  18              		.cfi_sections	.debug_frame
  19              		.section	.text.run_setLcd,"ax",%progbits
  20              		.align	2
  21              		.global	run_setLcd
  22              		.thumb
  23              		.thumb_func
  24              		.type	run_setLcd, %function
  25              	run_setLcd:
  26              	.LFB150:
  27              		.file 1 "source\\asw\\swc_lcd.c"
   1:source\asw/swc_lcd.c **** /**************************************************
   2:source\asw/swc_lcd.c ****  ** Software Component SWC_Remote
   3:source\asw/swc_lcd.c ****  ** autogenerated by H-DA RTE Generator
   4:source\asw/swc_lcd.c ****  **************************************************/
   5:source\asw/swc_lcd.c **** 
   6:source\asw/swc_lcd.c **** #include "rte.h"
   7:source\asw/swc_lcd.c **** #include "rte_signalpool.h"
   8:source\asw/swc_lcd.c **** 
   9:source\asw/swc_lcd.c **** #include "logging.h"
  10:source\asw/swc_lcd.c **** #include "swc_lcd.h"
  11:source\asw/swc_lcd.c **** #include "led.h"
  12:source\asw/swc_lcd.c **** #include "watchdog.h"
  13:source\asw/swc_lcd.c **** 
  14:source\asw/swc_lcd.c **** /* Runnables */
  15:source\asw/swc_lcd.c **** void run_setLcd()
  16:source\asw/swc_lcd.c **** {
  28              		.loc 1 16 0
  29              		.cfi_startproc
  30              		@ args = 0, pretend = 0, frame = 0
  31              		@ frame_needed = 0, uses_anonymous_args = 0
  32 0000 08B5     		push	{r3, lr}
  33              		.cfi_def_cfa_offset 8
  34              		.cfi_offset 3, -8
  35              		.cfi_offset 14, -4
  36              	.LVL0:
  37              	.LBB4:
  38              	.LBB5:
  39              		.file 2 ".\\source\\rte/lcd_signal.h"
   1:.\source\rte/lcd_signal.h **** /**
   2:.\source\rte/lcd_signal.h **** *  file    LCD_signal.h
ARM GAS  C:\Users\Reza\AppData\Local\Temp\ccskZeIk.s 			page 2


   3:.\source\rte/lcd_signal.h **** *
   4:.\source\rte/lcd_signal.h **** *  brief   signal base class for signal lcd
   5:.\source\rte/lcd_signal.h **** *
   6:.\source\rte/lcd_signal.h **** *  author  Autogenerated, Peter Fromm       <peter.fromm@h-da.de>
   7:.\source\rte/lcd_signal.h **** *
   8:.\source\rte/lcd_signal.h **** *
   9:.\source\rte/lcd_signal.h **** */
  10:.\source\rte/lcd_signal.h **** 
  11:.\source\rte/lcd_signal.h **** #ifndef LCD_SIGNAL_H_INCLUDED
  12:.\source\rte/lcd_signal.h **** #define LCD_SIGNAL_H_INCLUDED
  13:.\source\rte/lcd_signal.h **** 
  14:.\source\rte/lcd_signal.h **** /*================================================[ configuration  ]===============================
  15:.\source\rte/lcd_signal.h **** #define LCD_DATATRIGGER OFF
  16:.\source\rte/lcd_signal.h **** 
  17:.\source\rte/lcd_signal.h **** /*================================================[ public includes  ]=============================
  18:.\source\rte/lcd_signal.h **** #include "global.h"
  19:.\source\rte/lcd_signal.h **** #include "project.h"
  20:.\source\rte/lcd_signal.h **** #include "rte.h"
  21:.\source\rte/lcd_signal.h **** 
  22:.\source\rte/lcd_signal.h **** #include "lcd_type.h"
  23:.\source\rte/lcd_signal.h **** #include "logging.h"
  24:.\source\rte/lcd_signal.h **** #include "led.h"
  25:.\source\rte/lcd_signal.h **** 
  26:.\source\rte/lcd_signal.h **** 
  27:.\source\rte/lcd_signal.h **** /**************************************************************************************************
  28:.\source\rte/lcd_signal.h **** /* The driver API block																						*/
  29:.\source\rte/lcd_signal.h **** /**************************************************************************************************
  30:.\source\rte/lcd_signal.h ****                                                                                                    
  31:.\source\rte/lcd_signal.h **** /**
  32:.\source\rte/lcd_signal.h ****  *  Definition of function types for driver interfaces.
  33:.\source\rte/lcd_signal.h ****  *  I-Port
  34:.\source\rte/lcd_signal.h ****  */
  35:.\source\rte/lcd_signal.h **** typedef RC_t (*LCD_driverIn_t)(LCD_data_t * const);
  36:.\source\rte/lcd_signal.h **** 
  37:.\source\rte/lcd_signal.h **** /**
  38:.\source\rte/lcd_signal.h ****  *  Definition of function types for driver interfaces.
  39:.\source\rte/lcd_signal.h ****  *  O-Port
  40:.\source\rte/lcd_signal.h ****  */
  41:.\source\rte/lcd_signal.h **** typedef RC_t (*LCD_driverOut_t)( const LCD_data_t * const);
  42:.\source\rte/lcd_signal.h **** 
  43:.\source\rte/lcd_signal.h **** 
  44:.\source\rte/lcd_signal.h **** /**************************************************************************************************
  45:.\source\rte/lcd_signal.h **** /* The signal configuration API block																				*/
  46:.\source\rte/lcd_signal.h **** /**************************************************************************************************
  47:.\source\rte/lcd_signal.h **** 
  48:.\source\rte/lcd_signal.h **** /**
  49:.\source\rte/lcd_signal.h ****  * Instances of the struct LCD_cfg_t represent the signal object configuration.
  50:.\source\rte/lcd_signal.h ****  */
  51:.\source\rte/lcd_signal.h **** struct LCD_cfg_s
  52:.\source\rte/lcd_signal.h **** {
  53:.\source\rte/lcd_signal.h ****     /**
  54:.\source\rte/lcd_signal.h ****      * Function pointer to the input driver
  55:.\source\rte/lcd_signal.h ****      */
  56:.\source\rte/lcd_signal.h ****     LCD_driverIn_t const inDriver;
  57:.\source\rte/lcd_signal.h **** 
  58:.\source\rte/lcd_signal.h ****     /**
  59:.\source\rte/lcd_signal.h ****      * Function pointer to the output driver table
ARM GAS  C:\Users\Reza\AppData\Local\Temp\ccskZeIk.s 			page 3


  60:.\source\rte/lcd_signal.h ****      */
  61:.\source\rte/lcd_signal.h ****    LCD_driverOut_t const outDriver;
  62:.\source\rte/lcd_signal.h ****    
  63:.\source\rte/lcd_signal.h ****     /**
  64:.\source\rte/lcd_signal.h ****      * Event onUpdate
  65:.\source\rte/lcd_signal.h ****      */
  66:.\source\rte/lcd_signal.h ****     EventMaskType const evOnUpdate;
  67:.\source\rte/lcd_signal.h **** 
  68:.\source\rte/lcd_signal.h **** };                                                                                                 
  69:.\source\rte/lcd_signal.h **** typedef const struct LCD_cfg_s LCD_cfg_t;
  70:.\source\rte/lcd_signal.h ****                               
  71:.\source\rte/lcd_signal.h **** /**************************************************************************************************
  72:.\source\rte/lcd_signal.h **** /* The data interface block																							*/
  73:.\source\rte/lcd_signal.h **** /**************************************************************************************************
  74:.\source\rte/lcd_signal.h **** 
  75:.\source\rte/lcd_signal.h ****                                                                                                    
  76:.\source\rte/lcd_signal.h **** 							  
  77:.\source\rte/lcd_signal.h **** /**
  78:.\source\rte/lcd_signal.h ****  * Instances of the struct LCD_t represent the signal objects.
  79:.\source\rte/lcd_signal.h ****  * A signal object contains the current application value 'value' as well as relevant meta data.
  80:.\source\rte/lcd_signal.h ****  */
  81:.\source\rte/lcd_signal.h **** struct LCD_s
  82:.\source\rte/lcd_signal.h **** {                                                                                                  
  83:.\source\rte/lcd_signal.h **** 
  84:.\source\rte/lcd_signal.h **** 	/**
  85:.\source\rte/lcd_signal.h **** 	 * Data buffer for the application value
  86:.\source\rte/lcd_signal.h **** 	 */
  87:.\source\rte/lcd_signal.h ****     LCD_data_t value;
  88:.\source\rte/lcd_signal.h **** 
  89:.\source\rte/lcd_signal.h ****     /**
  90:.\source\rte/lcd_signal.h ****      * Current signal status
  91:.\source\rte/lcd_signal.h ****      */
  92:.\source\rte/lcd_signal.h ****     RTE_signalStatus_t status;
  93:.\source\rte/lcd_signal.h **** 
  94:.\source\rte/lcd_signal.h ****     /**
  95:.\source\rte/lcd_signal.h ****      * Current age of the signal (in calling cycles)
  96:.\source\rte/lcd_signal.h ****      */
  97:.\source\rte/lcd_signal.h ****     uint32_t age;
  98:.\source\rte/lcd_signal.h **** 
  99:.\source\rte/lcd_signal.h ****     /**
 100:.\source\rte/lcd_signal.h ****      * Pointer to the signal configuration
 101:.\source\rte/lcd_signal.h ****      */
 102:.\source\rte/lcd_signal.h **** 	const LCD_cfg_t * const    pSigCfg;
 103:.\source\rte/lcd_signal.h **** 
 104:.\source\rte/lcd_signal.h **** };                                                                                                 
 105:.\source\rte/lcd_signal.h **** typedef struct LCD_s LCD_t;
 106:.\source\rte/lcd_signal.h **** 
 107:.\source\rte/lcd_signal.h **** /**************************************************************************************************
 108:.\source\rte/lcd_signal.h **** /* Signal initialisation   																							*/
 109:.\source\rte/lcd_signal.h **** /**************************************************************************************************
 110:.\source\rte/lcd_signal.h **** 
 111:.\source\rte/lcd_signal.h **** /**
 112:.\source\rte/lcd_signal.h ****  * Initializes a signal instance with a passed init value.
 113:.\source\rte/lcd_signal.h ****  * Depending on the configured conversion or scaling function the raw_value will be calculated.
 114:.\source\rte/lcd_signal.h ****  * Signal status will change from RTE_SIGNALSTATUS_STARTUP to RTE_SIGNALSTATUS_INITIALIZED.
 115:.\source\rte/lcd_signal.h ****  *
 116:.\source\rte/lcd_signal.h ****  * @param  LCD_t * const signal: Pointer to the signal object which will be initialised
ARM GAS  C:\Users\Reza\AppData\Local\Temp\ccskZeIk.s 			page 4


 117:.\source\rte/lcd_signal.h ****  * @param const lcd_data_t * const value: Pointer to initial value of the application data
 118:.\source\rte/lcd_signal.h ****  * @return RC_t: standard return code, currently only RC_SUCCESS
 119:.\source\rte/lcd_signal.h ****  *
 120:.\source\rte/lcd_signal.h ****  **/
 121:.\source\rte/lcd_signal.h **** inline RC_t RTE_LCD_init( LCD_t * const signal, const LCD_data_t * const value )
 122:.\source\rte/lcd_signal.h **** {                                                                                                  
 123:.\source\rte/lcd_signal.h **** 
 124:.\source\rte/lcd_signal.h ****    RC_t ret = RC_SUCCESS;
 125:.\source\rte/lcd_signal.h **** 
 126:.\source\rte/lcd_signal.h ****    //Set value and raw value
 127:.\source\rte/lcd_signal.h ****    signal->value  = *value;
 128:.\source\rte/lcd_signal.h ****    signal->age    = 0;
 129:.\source\rte/lcd_signal.h ****    signal->status = RTE_SIGNALSTATUS_INITIALIZED;
 130:.\source\rte/lcd_signal.h **** 
 131:.\source\rte/lcd_signal.h ****    return ret;
 132:.\source\rte/lcd_signal.h **** }
 133:.\source\rte/lcd_signal.h **** 
 134:.\source\rte/lcd_signal.h **** /**************************************************************************************************
 135:.\source\rte/lcd_signal.h **** /* Status and timeout control																						*/
 136:.\source\rte/lcd_signal.h **** /**************************************************************************************************
 137:.\source\rte/lcd_signal.h **** 
 138:.\source\rte/lcd_signal.h **** /**
 139:.\source\rte/lcd_signal.h ****  *  Returns the current signal status of the passed signal instance.
 140:.\source\rte/lcd_signal.h ****  *
 141:.\source\rte/lcd_signal.h ****  * @param  LCD_t * const signal: Pointer to the signal object
 142:.\source\rte/lcd_signal.h ****  * @return  sig_status_t: The current signal status
 143:.\source\rte/lcd_signal.h ****  *
 144:.\source\rte/lcd_signal.h ****  **/
 145:.\source\rte/lcd_signal.h **** inline RTE_signalStatus_t RTE_LCD_getStatus( const LCD_t * const signal )
 146:.\source\rte/lcd_signal.h **** {
 147:.\source\rte/lcd_signal.h ****    return signal->status;
 148:.\source\rte/lcd_signal.h **** }
 149:.\source\rte/lcd_signal.h **** 
 150:.\source\rte/lcd_signal.h **** 
 151:.\source\rte/lcd_signal.h **** /**
 152:.\source\rte/lcd_signal.h ****  *  Sets a new signal status of the passed signal instance by passing the new status.
 153:.\source\rte/lcd_signal.h ****  *
 154:.\source\rte/lcd_signal.h ****  * @param  LCD_t * const signal: Pointer to the signal object
 155:.\source\rte/lcd_signal.h ****  * @param  const sig_status_t status: New signal status
 156:.\source\rte/lcd_signal.h ****  * @return RC_t: standard return code, currently only RC_SUCCESS
 157:.\source\rte/lcd_signal.h ****  *
 158:.\source\rte/lcd_signal.h ****  */
 159:.\source\rte/lcd_signal.h **** inline RC_t RTE_LCD_setStatus( LCD_t * const signal, const RTE_signalStatus_t status )
 160:.\source\rte/lcd_signal.h **** {
 161:.\source\rte/lcd_signal.h ****    signal->status = status;
 162:.\source\rte/lcd_signal.h ****    return RC_SUCCESS;
 163:.\source\rte/lcd_signal.h **** }
 164:.\source\rte/lcd_signal.h **** 
 165:.\source\rte/lcd_signal.h **** 
 166:.\source\rte/lcd_signal.h **** /**
 167:.\source\rte/lcd_signal.h ****  * Returns the count of refreshing trials (refresh, set or set_raw) that failed.
 168:.\source\rte/lcd_signal.h ****  * Prerquisite: The signal is refreshed cyclically
 169:.\source\rte/lcd_signal.h ****  *
 170:.\source\rte/lcd_signal.h ****  * @param  LCD_t * const signal: Pointer to the signal object
 171:.\source\rte/lcd_signal.h ****  * @return uint32_t: Number of cycles since the signal has been updated for the last time
 172:.\source\rte/lcd_signal.h ****  */
 173:.\source\rte/lcd_signal.h **** inline uint32_t RTE_LCD_getAge( const LCD_t * const signal )
ARM GAS  C:\Users\Reza\AppData\Local\Temp\ccskZeIk.s 			page 5


 174:.\source\rte/lcd_signal.h **** {
 175:.\source\rte/lcd_signal.h ****    return signal->age;
 176:.\source\rte/lcd_signal.h **** }
 177:.\source\rte/lcd_signal.h **** 
 178:.\source\rte/lcd_signal.h **** /**
 179:.\source\rte/lcd_signal.h ****  * Should be called by application or driver if no new value can be provided.
 180:.\source\rte/lcd_signal.h ****  * @param  LCD_t * const signal: Pointer to the signal object
 181:.\source\rte/lcd_signal.h ****  * @param uint32_t increment: incrementvalue, typically in [ms]
 182:.\source\rte/lcd_signal.h ****  * @return void
 183:.\source\rte/lcd_signal.h ****  */
 184:.\source\rte/lcd_signal.h **** inline void RTE_LCD_incAge(  LCD_t * const signal , uint32_t increment)
 185:.\source\rte/lcd_signal.h **** {
 186:.\source\rte/lcd_signal.h **** 	   //Hack....
 187:.\source\rte/lcd_signal.h **** 	   if ( 0xFFFF0000 > (signal->age + increment) )
 188:.\source\rte/lcd_signal.h **** 	   {
 189:.\source\rte/lcd_signal.h **** 	      signal->age += increment;
 190:.\source\rte/lcd_signal.h **** 	   }
 191:.\source\rte/lcd_signal.h **** }
 192:.\source\rte/lcd_signal.h **** 
 193:.\source\rte/lcd_signal.h **** 
 194:.\source\rte/lcd_signal.h **** /**************************************************************************************************
 195:.\source\rte/lcd_signal.h **** /* Application Data read/write Interface																			*/
 196:.\source\rte/lcd_signal.h **** /**************************************************************************************************
 197:.\source\rte/lcd_signal.h **** 
 198:.\source\rte/lcd_signal.h **** /**
 199:.\source\rte/lcd_signal.h ****  * Returns the current application value of the passed signal instance.
 200:.\source\rte/lcd_signal.h ****  *
 201:.\source\rte/lcd_signal.h ****  * @param  LCD_t * const signal: Pointer to the signal object
 202:.\source\rte/lcd_signal.h ****  * @return lcd_data_t: current value of the application data buffer
 203:.\source\rte/lcd_signal.h ****  *
 204:.\source\rte/lcd_signal.h ****  **/
 205:.\source\rte/lcd_signal.h **** inline LCD_data_t RTE_LCD_get( const LCD_t * const signal )
 206:.\source\rte/lcd_signal.h **** {                                                                                                  
 207:.\source\rte/lcd_signal.h ****    return signal->value;                                                                           
 208:.\source\rte/lcd_signal.h **** }                                                                                                  
 209:.\source\rte/lcd_signal.h ****                                                                                                    
 210:.\source\rte/lcd_signal.h ****                                                                                                    
 211:.\source\rte/lcd_signal.h ****                                                                                                    
 212:.\source\rte/lcd_signal.h **** /**
 213:.\source\rte/lcd_signal.h ****  * Sets a new application value to the passed signal instance by passing the new value.
 214:.\source\rte/lcd_signal.h ****  * The corresponding driver raw value will be calculated immediately by using the default conversio
 215:.\source\rte/lcd_signal.h ****  * signal specific scaling function.
 216:.\source\rte/lcd_signal.h ****  * The signal age will be set to 0 and the new status will be 'RTE_SIGNALSTATUS_VALID'.
 217:.\source\rte/lcd_signal.h ****  *
 218:.\source\rte/lcd_signal.h ****  * @param  LCD_t * const signal: Pointer to the signal object
 219:.\source\rte/lcd_signal.h ****  * @param  lcd_data_t const value: value for the application data buffer
 220:.\source\rte/lcd_signal.h ****  * @return RC_t: standard return code, currently only RC_SUCCESS
 221:.\source\rte/lcd_signal.h ****  *
 222:.\source\rte/lcd_signal.h ****  **/
 223:.\source\rte/lcd_signal.h **** inline RC_t RTE_LCD_set(LCD_t * const signal, const LCD_data_t value  )
 224:.\source\rte/lcd_signal.h **** {
 225:.\source\rte/lcd_signal.h **** 
 226:.\source\rte/lcd_signal.h ****    RC_t ret = RC_SUCCESS;
 227:.\source\rte/lcd_signal.h **** 
 228:.\source\rte/lcd_signal.h **** 
 229:.\source\rte/lcd_signal.h ****    //Todo: critical section
 230:.\source\rte/lcd_signal.h ****     signal->value  = value;
ARM GAS  C:\Users\Reza\AppData\Local\Temp\ccskZeIk.s 			page 6


 231:.\source\rte/lcd_signal.h **** 	signal->age    = 0;
 232:.\source\rte/lcd_signal.h **** 	signal->status = RTE_SIGNALSTATUS_VALID;
 233:.\source\rte/lcd_signal.h **** 
 234:.\source\rte/lcd_signal.h **** #if LCD_DATATRIGGER == ON
 235:.\source\rte/lcd_signal.h **** 	SetEvent( tsk_EventDispatcher, signal->pSigCfg->evOnUpdate);
 236:.\source\rte/lcd_signal.h **** #endif                                                                                             
 237:.\source\rte/lcd_signal.h ****    return ret;
 238:.\source\rte/lcd_signal.h **** }                                                                                                  
 239:.\source\rte/lcd_signal.h ****                                                                                                    
 240:.\source\rte/lcd_signal.h ****                                                                                                    
 241:.\source\rte/lcd_signal.h **** /**************************************************************************************************
 242:.\source\rte/lcd_signal.h **** /* Call functions to the connected drivers																			*/
 243:.\source\rte/lcd_signal.h **** /**************************************************************************************************
 244:.\source\rte/lcd_signal.h **** 
 245:.\source\rte/lcd_signal.h ****                                                                                                    
 246:.\source\rte/lcd_signal.h **** /**
 247:.\source\rte/lcd_signal.h ****  *  Calls the connected driver interface to get a new value.
 248:.\source\rte/lcd_signal.h ****  *
 249:.\source\rte/lcd_signal.h ****  * @param LCD_t * const signal: Pointer to the signal object
 250:.\source\rte/lcd_signal.h ****  * @return  RC_t: Return value of the driver call
 251:.\source\rte/lcd_signal.h ****  *
 252:.\source\rte/lcd_signal.h ****  */
 253:.\source\rte/lcd_signal.h **** inline RC_t RTE_LCD_pullPort( LCD_t * const signal )
 254:.\source\rte/lcd_signal.h **** {                                                                                                  
 255:.\source\rte/lcd_signal.h ****    RC_t ret = RC_SUCCESS;
 256:.\source\rte/lcd_signal.h **** 
 257:.\source\rte/lcd_signal.h ****                                                                                                    
 258:.\source\rte/lcd_signal.h ****    if ( NULL != signal->pSigCfg->inDriver )
 259:.\source\rte/lcd_signal.h ****    {
 260:.\source\rte/lcd_signal.h **** 	  LCD_data_t value;
 261:.\source\rte/lcd_signal.h ****       ret = signal->pSigCfg->inDriver(&value);
 262:.\source\rte/lcd_signal.h ****                                                                                                    
 263:.\source\rte/lcd_signal.h ****       if ( ret == RC_SUCCESS )                                                                     
 264:.\source\rte/lcd_signal.h ****       {
 265:.\source\rte/lcd_signal.h ****     	  //Critical Section
 266:.\source\rte/lcd_signal.h ****     	  RTE_LCD_set(signal, value);
 267:.\source\rte/lcd_signal.h ****       }
 268:.\source\rte/lcd_signal.h ****       else
 269:.\source\rte/lcd_signal.h ****       {
 270:.\source\rte/lcd_signal.h ****     	  signal->status = RTE_SIGNALSTATUS_INVALID;
 271:.\source\rte/lcd_signal.h ****       }
 272:.\source\rte/lcd_signal.h **** 
 273:.\source\rte/lcd_signal.h ****    }                                                                                               
 274:.\source\rte/lcd_signal.h ****                                                                                                    
 275:.\source\rte/lcd_signal.h ****    return ret;                                                                                     
 276:.\source\rte/lcd_signal.h **** }                                                                                                  
 277:.\source\rte/lcd_signal.h ****                                                                                                    
 278:.\source\rte/lcd_signal.h **** /**
 279:.\source\rte/lcd_signal.h ****  *  Calls the connected driver interfaces to send a value. Value will not be sent if it is INVALID.
 280:.\source\rte/lcd_signal.h ****  *
 281:.\source\rte/lcd_signal.h ****  * @param LCD_t * const signal: Pointer to the signal object
 282:.\source\rte/lcd_signal.h ****  * @return  RC_t: Return value of the driver call
 283:.\source\rte/lcd_signal.h ****  *
 284:.\source\rte/lcd_signal.h ****  **/
 285:.\source\rte/lcd_signal.h **** inline RC_t RTE_LCD_pushPort( const LCD_t * const signal )
 286:.\source\rte/lcd_signal.h **** {                                                                                                  
 287:.\source\rte/lcd_signal.h ****    RC_t ret = RC_ERROR;
ARM GAS  C:\Users\Reza\AppData\Local\Temp\ccskZeIk.s 			page 7


 288:.\source\rte/lcd_signal.h **** 
 289:.\source\rte/lcd_signal.h ****    if (RTE_SIGNALSTATUS_VALID == signal->status)
  40              		.loc 2 289 0
  41 0002 074B     		ldr	r3, .L4
  42 0004 5B78     		ldrb	r3, [r3, #1]	@ zero_extendqisi2
  43 0006 022B     		cmp	r3, #2
  44 0008 03D1     		bne	.L2
 290:.\source\rte/lcd_signal.h ****    {
 291:.\source\rte/lcd_signal.h ****     ret= signal->pSigCfg->outDriver(&(signal->value));
  45              		.loc 2 291 0
  46 000a 0548     		ldr	r0, .L4
  47 000c 8368     		ldr	r3, [r0, #8]
  48 000e 5B68     		ldr	r3, [r3, #4]
  49 0010 9847     		blx	r3
  50              	.LVL1:
  51              	.L2:
  52              	.LBE5:
  53              	.LBE4:
  17:source\asw/swc_lcd.c ****     //LOG_I("run_setLcd","");
  18:source\asw/swc_lcd.c ****     //SetRelAlarm(alrm_error,100,1);
  19:source\asw/swc_lcd.c ****     RTE_LCD_pushPort(&LCD_signal);
  20:source\asw/swc_lcd.c ****     runnables.bit_field.run_setLcd=0;
  54              		.loc 1 20 0
  55 0012 044A     		ldr	r2, .L4+4
  56 0014 1378     		ldrb	r3, [r2]	@ zero_extendqisi2
  57 0016 6FF30413 		bfc	r3, #4, #1
  58 001a 1370     		strb	r3, [r2]
  59 001c 08BD     		pop	{r3, pc}
  60              	.L5:
  61 001e 00BF     		.align	2
  62              	.L4:
  63 0020 00000000 		.word	LCD_signal
  64 0024 00000000 		.word	runnables
  65              		.cfi_endproc
  66              	.LFE150:
  67              		.size	run_setLcd, .-run_setLcd
  68              		.comm	runnables,1,4
  69              		.text
  70              	.Letext0:
  71              		.file 3 "c:\\program files (x86)\\cypress\\psoc creator\\4.4\\psoc creator\\import\\gnu\\arm\\5.4.
  72              		.file 4 "c:\\program files (x86)\\cypress\\psoc creator\\4.4\\psoc creator\\import\\gnu\\arm\\5.4.
  73              		.file 5 "Generated_Source\\PSoC5/cytypes.h"
  74              		.file 6 "Generated_Source\\PSoC5/ErikaOS_1_common_ee_types.inc"
  75              		.file 7 "Generated_Source\\PSoC5/ErikaOS_1_cortex_mx_ee_cpu.inc"
  76              		.file 8 "Generated_Source\\PSoC5/ErikaOS_1_ee_oo_common.inc"
  77              		.file 9 ".\\source\\bsw/global.h"
  78              		.file 10 ".\\source\\rte/rte.h"
  79              		.file 11 ".\\source\\rte/lcd_type.h"
  80              		.file 12 ".\\source\\bsw\\watchdog/watchdog.h"
  81              		.file 13 "Generated_Source\\PSoC5/ErikaOS_1_ee_oo_intfunc.inc"
  82              		.file 14 "Generated_Source\\PSoC5/ErikaOS_1_cortex_mx_ee_context.inc"
  83              		.file 15 "Generated_Source\\PSoC5/ErikaOS_1_common_ee_primitives.inc"
  84              		.file 16 "Generated_Source\\PSoC5/core_cm3.h"
  85              		.file 17 ".\\source\\rte/rte_signalpool.h"
  86              		.section	.debug_info,"",%progbits
  87              	.Ldebug_info0:
  88 0000 70040000 		.4byte	0x470
ARM GAS  C:\Users\Reza\AppData\Local\Temp\ccskZeIk.s 			page 8


  89 0004 0400     		.2byte	0x4
  90 0006 00000000 		.4byte	.Ldebug_abbrev0
  91 000a 04       		.byte	0x4
  92 000b 01       		.uleb128 0x1
  93 000c 1F050000 		.4byte	.LASF86
  94 0010 0C       		.byte	0xc
  95 0011 E2040000 		.4byte	.LASF87
  96 0015 18030000 		.4byte	.LASF88
  97 0019 00000000 		.4byte	.Ldebug_ranges0+0
  98 001d 00000000 		.4byte	0
  99 0021 00000000 		.4byte	.Ldebug_line0
 100 0025 02       		.uleb128 0x2
 101 0026 01       		.byte	0x1
 102 0027 06       		.byte	0x6
 103 0028 95020000 		.4byte	.LASF0
 104 002c 03       		.uleb128 0x3
 105 002d 31020000 		.4byte	.LASF4
 106 0031 03       		.byte	0x3
 107 0032 1D       		.byte	0x1d
 108 0033 37000000 		.4byte	0x37
 109 0037 02       		.uleb128 0x2
 110 0038 01       		.byte	0x1
 111 0039 08       		.byte	0x8
 112 003a 87020000 		.4byte	.LASF1
 113 003e 02       		.uleb128 0x2
 114 003f 02       		.byte	0x2
 115 0040 05       		.byte	0x5
 116 0041 53000000 		.4byte	.LASF2
 117 0045 02       		.uleb128 0x2
 118 0046 02       		.byte	0x2
 119 0047 07       		.byte	0x7
 120 0048 51040000 		.4byte	.LASF3
 121 004c 03       		.uleb128 0x3
 122 004d D8040000 		.4byte	.LASF5
 123 0051 03       		.byte	0x3
 124 0052 3F       		.byte	0x3f
 125 0053 57000000 		.4byte	0x57
 126 0057 02       		.uleb128 0x2
 127 0058 04       		.byte	0x4
 128 0059 05       		.byte	0x5
 129 005a EF010000 		.4byte	.LASF6
 130 005e 03       		.uleb128 0x3
 131 005f D0000000 		.4byte	.LASF7
 132 0063 03       		.byte	0x3
 133 0064 41       		.byte	0x41
 134 0065 69000000 		.4byte	0x69
 135 0069 02       		.uleb128 0x2
 136 006a 04       		.byte	0x4
 137 006b 07       		.byte	0x7
 138 006c 77040000 		.4byte	.LASF8
 139 0070 02       		.uleb128 0x2
 140 0071 08       		.byte	0x8
 141 0072 05       		.byte	0x5
 142 0073 96010000 		.4byte	.LASF9
 143 0077 02       		.uleb128 0x2
 144 0078 08       		.byte	0x8
 145 0079 07       		.byte	0x7
ARM GAS  C:\Users\Reza\AppData\Local\Temp\ccskZeIk.s 			page 9


 146 007a A1020000 		.4byte	.LASF10
 147 007e 04       		.uleb128 0x4
 148 007f 04       		.byte	0x4
 149 0080 05       		.byte	0x5
 150 0081 696E7400 		.ascii	"int\000"
 151 0085 02       		.uleb128 0x2
 152 0086 04       		.byte	0x4
 153 0087 07       		.byte	0x7
 154 0088 AD050000 		.4byte	.LASF11
 155 008c 03       		.uleb128 0x3
 156 008d 0C010000 		.4byte	.LASF12
 157 0091 04       		.byte	0x4
 158 0092 18       		.byte	0x18
 159 0093 2C000000 		.4byte	0x2c
 160 0097 03       		.uleb128 0x3
 161 0098 08040000 		.4byte	.LASF13
 162 009c 04       		.byte	0x4
 163 009d 2C       		.byte	0x2c
 164 009e 4C000000 		.4byte	0x4c
 165 00a2 03       		.uleb128 0x3
 166 00a3 B8020000 		.4byte	.LASF14
 167 00a7 04       		.byte	0x4
 168 00a8 30       		.byte	0x30
 169 00a9 5E000000 		.4byte	0x5e
 170 00ad 05       		.uleb128 0x5
 171 00ae 25040000 		.4byte	.LASF15
 172 00b2 05       		.byte	0x5
 173 00b3 E401     		.2byte	0x1e4
 174 00b5 37000000 		.4byte	0x37
 175 00b9 02       		.uleb128 0x2
 176 00ba 04       		.byte	0x4
 177 00bb 04       		.byte	0x4
 178 00bc 7C010000 		.4byte	.LASF16
 179 00c0 02       		.uleb128 0x2
 180 00c1 08       		.byte	0x8
 181 00c2 04       		.byte	0x4
 182 00c3 89040000 		.4byte	.LASF17
 183 00c7 02       		.uleb128 0x2
 184 00c8 01       		.byte	0x1
 185 00c9 08       		.byte	0x8
 186 00ca C6030000 		.4byte	.LASF18
 187 00ce 02       		.uleb128 0x2
 188 00cf 08       		.byte	0x8
 189 00d0 04       		.byte	0x4
 190 00d1 7B020000 		.4byte	.LASF19
 191 00d5 02       		.uleb128 0x2
 192 00d6 04       		.byte	0x4
 193 00d7 07       		.byte	0x7
 194 00d8 83000000 		.4byte	.LASF20
 195 00dc 03       		.uleb128 0x3
 196 00dd 4B010000 		.4byte	.LASF21
 197 00e1 06       		.byte	0x6
 198 00e2 53       		.byte	0x53
 199 00e3 7E000000 		.4byte	0x7e
 200 00e7 03       		.uleb128 0x3
 201 00e8 E5000000 		.4byte	.LASF22
 202 00ec 06       		.byte	0x6
ARM GAS  C:\Users\Reza\AppData\Local\Temp\ccskZeIk.s 			page 10


 203 00ed 54       		.byte	0x54
 204 00ee 85000000 		.4byte	0x85
 205 00f2 03       		.uleb128 0x3
 206 00f3 27000000 		.4byte	.LASF23
 207 00f7 07       		.byte	0x7
 208 00f8 4D       		.byte	0x4d
 209 00f9 E7000000 		.4byte	0xe7
 210 00fd 03       		.uleb128 0x3
 211 00fe B4000000 		.4byte	.LASF24
 212 0102 07       		.byte	0x7
 213 0103 4F       		.byte	0x4f
 214 0104 E7000000 		.4byte	0xe7
 215 0108 03       		.uleb128 0x3
 216 0109 FF000000 		.4byte	.LASF25
 217 010d 07       		.byte	0x7
 218 010e 78       		.byte	0x78
 219 010f DC000000 		.4byte	0xdc
 220 0113 05       		.uleb128 0x5
 221 0114 45000000 		.4byte	.LASF26
 222 0118 08       		.byte	0x8
 223 0119 2C02     		.2byte	0x22c
 224 011b F2000000 		.4byte	0xf2
 225 011f 06       		.uleb128 0x6
 226 0120 8C000000 		.4byte	0x8c
 227 0124 07       		.uleb128 0x7
 228 0125 65524300 		.ascii	"eRC\000"
 229 0129 01       		.byte	0x1
 230 012a 25000000 		.4byte	0x25
 231 012e 09       		.byte	0x9
 232 012f AC       		.byte	0xac
 233 0130 CB010000 		.4byte	0x1cb
 234 0134 08       		.uleb128 0x8
 235 0135 2F000000 		.4byte	.LASF27
 236 0139 00       		.byte	0
 237 013a 09       		.uleb128 0x9
 238 013b 48040000 		.4byte	.LASF28
 239 013f 7F       		.sleb128 -1
 240 0140 09       		.uleb128 0x9
 241 0141 F1020000 		.4byte	.LASF29
 242 0145 7E       		.sleb128 -2
 243 0146 09       		.uleb128 0x9
 244 0147 E1010000 		.4byte	.LASF30
 245 014b 7D       		.sleb128 -3
 246 014c 09       		.uleb128 0x9
 247 014d BA050000 		.4byte	.LASF31
 248 0151 7C       		.sleb128 -4
 249 0152 09       		.uleb128 0x9
 250 0153 6D010000 		.4byte	.LASF32
 251 0157 7B       		.sleb128 -5
 252 0158 09       		.uleb128 0x9
 253 0159 5D000000 		.4byte	.LASF33
 254 015d 7A       		.sleb128 -6
 255 015e 09       		.uleb128 0x9
 256 015f F8010000 		.4byte	.LASF34
 257 0163 79       		.sleb128 -7
 258 0164 09       		.uleb128 0x9
 259 0165 9A040000 		.4byte	.LASF35
ARM GAS  C:\Users\Reza\AppData\Local\Temp\ccskZeIk.s 			page 11


 260 0169 78       		.sleb128 -8
 261 016a 09       		.uleb128 0x9
 262 016b E2050000 		.4byte	.LASF36
 263 016f 77       		.sleb128 -9
 264 0170 09       		.uleb128 0x9
 265 0171 0A020000 		.4byte	.LASF37
 266 0175 76       		.sleb128 -10
 267 0176 09       		.uleb128 0x9
 268 0177 FD050000 		.4byte	.LASF38
 269 017b 75       		.sleb128 -11
 270 017c 09       		.uleb128 0x9
 271 017d CC020000 		.4byte	.LASF39
 272 0181 74       		.sleb128 -12
 273 0182 09       		.uleb128 0x9
 274 0183 AF040000 		.4byte	.LASF40
 275 0187 73       		.sleb128 -13
 276 0188 09       		.uleb128 0x9
 277 0189 5E020000 		.4byte	.LASF41
 278 018d 72       		.sleb128 -14
 279 018e 09       		.uleb128 0x9
 280 018f 82010000 		.4byte	.LASF42
 281 0193 71       		.sleb128 -15
 282 0194 09       		.uleb128 0x9
 283 0195 3B020000 		.4byte	.LASF43
 284 0199 70       		.sleb128 -16
 285 019a 09       		.uleb128 0x9
 286 019b BC000000 		.4byte	.LASF44
 287 019f 6F       		.sleb128 -17
 288 01a0 09       		.uleb128 0x9
 289 01a1 6E000000 		.4byte	.LASF45
 290 01a5 6E       		.sleb128 -18
 291 01a6 09       		.uleb128 0x9
 292 01a7 BD010000 		.4byte	.LASF46
 293 01ab 6D       		.sleb128 -19
 294 01ac 09       		.uleb128 0x9
 295 01ad 35040000 		.4byte	.LASF47
 296 01b1 6C       		.sleb128 -20
 297 01b2 09       		.uleb128 0x9
 298 01b3 4C020000 		.4byte	.LASF48
 299 01b7 6B       		.sleb128 -21
 300 01b8 09       		.uleb128 0x9
 301 01b9 F7040000 		.4byte	.LASF49
 302 01bd 6A       		.sleb128 -22
 303 01be 09       		.uleb128 0x9
 304 01bf DA020000 		.4byte	.LASF50
 305 01c3 69       		.sleb128 -23
 306 01c4 09       		.uleb128 0x9
 307 01c5 D0010000 		.4byte	.LASF51
 308 01c9 68       		.sleb128 -24
 309 01ca 00       		.byte	0
 310 01cb 03       		.uleb128 0x3
 311 01cc F8050000 		.4byte	.LASF52
 312 01d0 09       		.byte	0x9
 313 01d1 C8       		.byte	0xc8
 314 01d2 24010000 		.4byte	0x124
 315 01d6 0A       		.uleb128 0xa
 316 01d7 01       		.byte	0x1
ARM GAS  C:\Users\Reza\AppData\Local\Temp\ccskZeIk.s 			page 12


 317 01d8 37000000 		.4byte	0x37
 318 01dc 0A       		.byte	0xa
 319 01dd 59       		.byte	0x59
 320 01de FB010000 		.4byte	0x1fb
 321 01e2 08       		.uleb128 0x8
 322 01e3 18020000 		.4byte	.LASF53
 323 01e7 00       		.byte	0
 324 01e8 08       		.uleb128 0x8
 325 01e9 EB030000 		.4byte	.LASF54
 326 01ed 01       		.byte	0x1
 327 01ee 08       		.uleb128 0x8
 328 01ef 9D000000 		.4byte	.LASF55
 329 01f3 02       		.byte	0x2
 330 01f4 08       		.uleb128 0x8
 331 01f5 D2030000 		.4byte	.LASF56
 332 01f9 03       		.byte	0x3
 333 01fa 00       		.byte	0
 334 01fb 03       		.uleb128 0x3
 335 01fc 23010000 		.4byte	.LASF57
 336 0200 0A       		.byte	0xa
 337 0201 5E       		.byte	0x5e
 338 0202 D6010000 		.4byte	0x1d6
 339 0206 0B       		.uleb128 0xb
 340 0207 13010000 		.4byte	0x113
 341 020b 0C       		.uleb128 0xc
 342 020c 01       		.byte	0x1
 343 020d 0B       		.byte	0xb
 344 020e 13       		.byte	0x13
 345 020f 20020000 		.4byte	0x220
 346 0213 0D       		.uleb128 0xd
 347 0214 73747200 		.ascii	"str\000"
 348 0218 0B       		.byte	0xb
 349 0219 15       		.byte	0x15
 350 021a AD000000 		.4byte	0xad
 351 021e 00       		.byte	0
 352 021f 00       		.byte	0
 353 0220 03       		.uleb128 0x3
 354 0221 3A000000 		.4byte	.LASF58
 355 0225 0B       		.byte	0xb
 356 0226 17       		.byte	0x17
 357 0227 0B020000 		.4byte	0x20b
 358 022b 03       		.uleb128 0x3
 359 022c 14010000 		.4byte	.LASF59
 360 0230 02       		.byte	0x2
 361 0231 23       		.byte	0x23
 362 0232 36020000 		.4byte	0x236
 363 0236 0E       		.uleb128 0xe
 364 0237 04       		.byte	0x4
 365 0238 3C020000 		.4byte	0x23c
 366 023c 0F       		.uleb128 0xf
 367 023d CB010000 		.4byte	0x1cb
 368 0241 4B020000 		.4byte	0x24b
 369 0245 10       		.uleb128 0x10
 370 0246 51020000 		.4byte	0x251
 371 024a 00       		.byte	0
 372 024b 0E       		.uleb128 0xe
 373 024c 04       		.byte	0x4
ARM GAS  C:\Users\Reza\AppData\Local\Temp\ccskZeIk.s 			page 13


 374 024d 20020000 		.4byte	0x220
 375 0251 0B       		.uleb128 0xb
 376 0252 4B020000 		.4byte	0x24b
 377 0256 03       		.uleb128 0x3
 378 0257 EF000000 		.4byte	.LASF60
 379 025b 02       		.byte	0x2
 380 025c 29       		.byte	0x29
 381 025d 61020000 		.4byte	0x261
 382 0261 0E       		.uleb128 0xe
 383 0262 04       		.byte	0x4
 384 0263 67020000 		.4byte	0x267
 385 0267 0F       		.uleb128 0xf
 386 0268 CB010000 		.4byte	0x1cb
 387 026c 76020000 		.4byte	0x276
 388 0270 10       		.uleb128 0x10
 389 0271 81020000 		.4byte	0x281
 390 0275 00       		.byte	0
 391 0276 0E       		.uleb128 0xe
 392 0277 04       		.byte	0x4
 393 0278 7C020000 		.4byte	0x27c
 394 027c 0B       		.uleb128 0xb
 395 027d 20020000 		.4byte	0x220
 396 0281 0B       		.uleb128 0xb
 397 0282 76020000 		.4byte	0x276
 398 0286 11       		.uleb128 0x11
 399 0287 DB000000 		.4byte	.LASF65
 400 028b 0C       		.byte	0xc
 401 028c 02       		.byte	0x2
 402 028d 33       		.byte	0x33
 403 028e B7020000 		.4byte	0x2b7
 404 0292 12       		.uleb128 0x12
 405 0293 09050000 		.4byte	.LASF61
 406 0297 02       		.byte	0x2
 407 0298 38       		.byte	0x38
 408 0299 B7020000 		.4byte	0x2b7
 409 029d 00       		.byte	0
 410 029e 12       		.uleb128 0x12
 411 029f 71020000 		.4byte	.LASF62
 412 02a3 02       		.byte	0x2
 413 02a4 3D       		.byte	0x3d
 414 02a5 BC020000 		.4byte	0x2bc
 415 02a9 04       		.byte	0x4
 416 02aa 12       		.uleb128 0x12
 417 02ab B4030000 		.4byte	.LASF63
 418 02af 02       		.byte	0x2
 419 02b0 42       		.byte	0x42
 420 02b1 06020000 		.4byte	0x206
 421 02b5 08       		.byte	0x8
 422 02b6 00       		.byte	0
 423 02b7 0B       		.uleb128 0xb
 424 02b8 2B020000 		.4byte	0x22b
 425 02bc 0B       		.uleb128 0xb
 426 02bd 56020000 		.4byte	0x256
 427 02c1 03       		.uleb128 0x3
 428 02c2 90040000 		.4byte	.LASF64
 429 02c6 02       		.byte	0x2
 430 02c7 45       		.byte	0x45
ARM GAS  C:\Users\Reza\AppData\Local\Temp\ccskZeIk.s 			page 14


 431 02c8 CC020000 		.4byte	0x2cc
 432 02cc 0B       		.uleb128 0xb
 433 02cd 86020000 		.4byte	0x286
 434 02d1 11       		.uleb128 0x11
 435 02d2 11000000 		.4byte	.LASF66
 436 02d6 0C       		.byte	0xc
 437 02d7 02       		.byte	0x2
 438 02d8 51       		.byte	0x51
 439 02d9 0E030000 		.4byte	0x30e
 440 02dd 12       		.uleb128 0x12
 441 02de 06010000 		.4byte	.LASF67
 442 02e2 02       		.byte	0x2
 443 02e3 57       		.byte	0x57
 444 02e4 20020000 		.4byte	0x220
 445 02e8 00       		.byte	0
 446 02e9 12       		.uleb128 0x12
 447 02ea BF030000 		.4byte	.LASF68
 448 02ee 02       		.byte	0x2
 449 02ef 5C       		.byte	0x5c
 450 02f0 FB010000 		.4byte	0x1fb
 451 02f4 01       		.byte	0x1
 452 02f5 0D       		.uleb128 0xd
 453 02f6 61676500 		.ascii	"age\000"
 454 02fa 02       		.byte	0x2
 455 02fb 61       		.byte	0x61
 456 02fc A2000000 		.4byte	0xa2
 457 0300 04       		.byte	0x4
 458 0301 12       		.uleb128 0x12
 459 0302 AC030000 		.4byte	.LASF69
 460 0306 02       		.byte	0x2
 461 0307 66       		.byte	0x66
 462 0308 14030000 		.4byte	0x314
 463 030c 08       		.byte	0x8
 464 030d 00       		.byte	0
 465 030e 0E       		.uleb128 0xe
 466 030f 04       		.byte	0x4
 467 0310 C1020000 		.4byte	0x2c1
 468 0314 0B       		.uleb128 0xb
 469 0315 0E030000 		.4byte	0x30e
 470 0319 03       		.uleb128 0x3
 471 031a 17000000 		.4byte	.LASF70
 472 031e 02       		.byte	0x2
 473 031f 69       		.byte	0x69
 474 0320 D1020000 		.4byte	0x2d1
 475 0324 0C       		.uleb128 0xc
 476 0325 01       		.byte	0x1
 477 0326 0C       		.byte	0xc
 478 0327 68       		.byte	0x68
 479 0328 78030000 		.4byte	0x378
 480 032c 13       		.uleb128 0x13
 481 032d 8C000000 		.4byte	.LASF71
 482 0331 0C       		.byte	0xc
 483 0332 69       		.byte	0x69
 484 0333 1F010000 		.4byte	0x11f
 485 0337 01       		.byte	0x1
 486 0338 01       		.byte	0x1
 487 0339 07       		.byte	0x7
ARM GAS  C:\Users\Reza\AppData\Local\Temp\ccskZeIk.s 			page 15


 488 033a 00       		.byte	0
 489 033b 13       		.uleb128 0x13
 490 033c 10040000 		.4byte	.LASF72
 491 0340 0C       		.byte	0xc
 492 0341 6A       		.byte	0x6a
 493 0342 1F010000 		.4byte	0x11f
 494 0346 01       		.byte	0x1
 495 0347 01       		.byte	0x1
 496 0348 06       		.byte	0x6
 497 0349 00       		.byte	0
 498 034a 13       		.uleb128 0x13
 499 034b 54010000 		.4byte	.LASF73
 500 034f 0C       		.byte	0xc
 501 0350 6B       		.byte	0x6b
 502 0351 1F010000 		.4byte	0x11f
 503 0355 01       		.byte	0x1
 504 0356 01       		.byte	0x1
 505 0357 05       		.byte	0x5
 506 0358 00       		.byte	0
 507 0359 13       		.uleb128 0x13
 508 035a C1040000 		.4byte	.LASF74
 509 035e 0C       		.byte	0xc
 510 035f 6C       		.byte	0x6c
 511 0360 1F010000 		.4byte	0x11f
 512 0364 01       		.byte	0x1
 513 0365 01       		.byte	0x1
 514 0366 04       		.byte	0x4
 515 0367 00       		.byte	0
 516 0368 13       		.uleb128 0x13
 517 0369 62010000 		.4byte	.LASF75
 518 036d 0C       		.byte	0xc
 519 036e 6D       		.byte	0x6d
 520 036f 1F010000 		.4byte	0x11f
 521 0373 01       		.byte	0x1
 522 0374 01       		.byte	0x1
 523 0375 03       		.byte	0x3
 524 0376 00       		.byte	0
 525 0377 00       		.byte	0
 526 0378 14       		.uleb128 0x14
 527 0379 01       		.byte	0x1
 528 037a 0C       		.byte	0xc
 529 037b 66       		.byte	0x66
 530 037c 97030000 		.4byte	0x397
 531 0380 15       		.uleb128 0x15
 532 0381 D3040000 		.4byte	.LASF76
 533 0385 0C       		.byte	0xc
 534 0386 67       		.byte	0x67
 535 0387 1F010000 		.4byte	0x11f
 536 038b 15       		.uleb128 0x15
 537 038c 1D000000 		.4byte	.LASF77
 538 0390 0C       		.byte	0xc
 539 0391 6E       		.byte	0x6e
 540 0392 24030000 		.4byte	0x324
 541 0396 00       		.byte	0
 542 0397 16       		.uleb128 0x16
 543 0398 00000000 		.4byte	.LASF89
 544 039c 02       		.byte	0x2
ARM GAS  C:\Users\Reza\AppData\Local\Temp\ccskZeIk.s 			page 16


 545 039d 1D01     		.2byte	0x11d
 546 039f CB010000 		.4byte	0x1cb
 547 03a3 03       		.byte	0x3
 548 03a4 C1030000 		.4byte	0x3c1
 549 03a8 17       		.uleb128 0x17
 550 03a9 CB030000 		.4byte	.LASF90
 551 03ad 02       		.byte	0x2
 552 03ae 1D01     		.2byte	0x11d
 553 03b0 CC030000 		.4byte	0x3cc
 554 03b4 18       		.uleb128 0x18
 555 03b5 72657400 		.ascii	"ret\000"
 556 03b9 02       		.byte	0x2
 557 03ba 1F01     		.2byte	0x11f
 558 03bc CB010000 		.4byte	0x1cb
 559 03c0 00       		.byte	0
 560 03c1 0E       		.uleb128 0xe
 561 03c2 04       		.byte	0x4
 562 03c3 C7030000 		.4byte	0x3c7
 563 03c7 0B       		.uleb128 0xb
 564 03c8 19030000 		.4byte	0x319
 565 03cc 0B       		.uleb128 0xb
 566 03cd C1030000 		.4byte	0x3c1
 567 03d1 19       		.uleb128 0x19
 568 03d2 62010000 		.4byte	.LASF75
 569 03d6 01       		.byte	0x1
 570 03d7 0F       		.byte	0xf
 571 03d8 00000000 		.4byte	.LFB150
 572 03dc 28000000 		.4byte	.LFE150-.LFB150
 573 03e0 01       		.uleb128 0x1
 574 03e1 9C       		.byte	0x9c
 575 03e2 0F040000 		.4byte	0x40f
 576 03e6 1A       		.uleb128 0x1a
 577 03e7 97030000 		.4byte	0x397
 578 03eb 02000000 		.4byte	.LBB4
 579 03ef 10000000 		.4byte	.LBE4-.LBB4
 580 03f3 01       		.byte	0x1
 581 03f4 13       		.byte	0x13
 582 03f5 1B       		.uleb128 0x1b
 583 03f6 A8030000 		.4byte	0x3a8
 584 03fa 1C       		.uleb128 0x1c
 585 03fb 02000000 		.4byte	.LBB5
 586 03ff 10000000 		.4byte	.LBE5-.LBB5
 587 0403 1D       		.uleb128 0x1d
 588 0404 B4030000 		.4byte	0x3b4
 589 0408 00000000 		.4byte	.LLST0
 590 040c 00       		.byte	0
 591 040d 00       		.byte	0
 592 040e 00       		.byte	0
 593 040f 1E       		.uleb128 0x1e
 594 0410 CA050000 		.4byte	.LASF78
 595 0414 0D       		.byte	0xd
 596 0415 40       		.byte	0x40
 597 0416 F2000000 		.4byte	0xf2
 598 041a 1E       		.uleb128 0x1e
 599 041b A4010000 		.4byte	.LASF79
 600 041f 0D       		.byte	0xd
 601 0420 47       		.byte	0x47
ARM GAS  C:\Users\Reza\AppData\Local\Temp\ccskZeIk.s 			page 17


 602 0421 FD000000 		.4byte	0xfd
 603 0425 1E       		.uleb128 0x1e
 604 0426 64040000 		.4byte	.LASF80
 605 042a 0D       		.byte	0xd
 606 042b 4A       		.byte	0x4a
 607 042c F2000000 		.4byte	0xf2
 608 0430 1E       		.uleb128 0x1e
 609 0431 FF020000 		.4byte	.LASF81
 610 0435 0E       		.byte	0xe
 611 0436 48       		.byte	0x48
 612 0437 08010000 		.4byte	0x108
 613 043b 1E       		.uleb128 0x1e
 614 043c 36010000 		.4byte	.LASF82
 615 0440 0F       		.byte	0xf
 616 0441 44       		.byte	0x44
 617 0442 F2000000 		.4byte	0xf2
 618 0446 1F       		.uleb128 0x1f
 619 0447 12050000 		.4byte	.LASF83
 620 044b 10       		.byte	0x10
 621 044c 1207     		.2byte	0x712
 622 044e 52040000 		.4byte	0x452
 623 0452 06       		.uleb128 0x6
 624 0453 97000000 		.4byte	0x97
 625 0457 1E       		.uleb128 0x1e
 626 0458 C1020000 		.4byte	.LASF84
 627 045c 11       		.byte	0x11
 628 045d 1C       		.byte	0x1c
 629 045e 19030000 		.4byte	0x319
 630 0462 20       		.uleb128 0x20
 631 0463 2B040000 		.4byte	.LASF85
 632 0467 0C       		.byte	0xc
 633 0468 6F       		.byte	0x6f
 634 0469 78030000 		.4byte	0x378
 635 046d 05       		.uleb128 0x5
 636 046e 03       		.byte	0x3
 637 046f 00000000 		.4byte	runnables
 638 0473 00       		.byte	0
 639              		.section	.debug_abbrev,"",%progbits
 640              	.Ldebug_abbrev0:
 641 0000 01       		.uleb128 0x1
 642 0001 11       		.uleb128 0x11
 643 0002 01       		.byte	0x1
 644 0003 25       		.uleb128 0x25
 645 0004 0E       		.uleb128 0xe
 646 0005 13       		.uleb128 0x13
 647 0006 0B       		.uleb128 0xb
 648 0007 03       		.uleb128 0x3
 649 0008 0E       		.uleb128 0xe
 650 0009 1B       		.uleb128 0x1b
 651 000a 0E       		.uleb128 0xe
 652 000b 55       		.uleb128 0x55
 653 000c 17       		.uleb128 0x17
 654 000d 11       		.uleb128 0x11
 655 000e 01       		.uleb128 0x1
 656 000f 10       		.uleb128 0x10
 657 0010 17       		.uleb128 0x17
 658 0011 00       		.byte	0
ARM GAS  C:\Users\Reza\AppData\Local\Temp\ccskZeIk.s 			page 18


 659 0012 00       		.byte	0
 660 0013 02       		.uleb128 0x2
 661 0014 24       		.uleb128 0x24
 662 0015 00       		.byte	0
 663 0016 0B       		.uleb128 0xb
 664 0017 0B       		.uleb128 0xb
 665 0018 3E       		.uleb128 0x3e
 666 0019 0B       		.uleb128 0xb
 667 001a 03       		.uleb128 0x3
 668 001b 0E       		.uleb128 0xe
 669 001c 00       		.byte	0
 670 001d 00       		.byte	0
 671 001e 03       		.uleb128 0x3
 672 001f 16       		.uleb128 0x16
 673 0020 00       		.byte	0
 674 0021 03       		.uleb128 0x3
 675 0022 0E       		.uleb128 0xe
 676 0023 3A       		.uleb128 0x3a
 677 0024 0B       		.uleb128 0xb
 678 0025 3B       		.uleb128 0x3b
 679 0026 0B       		.uleb128 0xb
 680 0027 49       		.uleb128 0x49
 681 0028 13       		.uleb128 0x13
 682 0029 00       		.byte	0
 683 002a 00       		.byte	0
 684 002b 04       		.uleb128 0x4
 685 002c 24       		.uleb128 0x24
 686 002d 00       		.byte	0
 687 002e 0B       		.uleb128 0xb
 688 002f 0B       		.uleb128 0xb
 689 0030 3E       		.uleb128 0x3e
 690 0031 0B       		.uleb128 0xb
 691 0032 03       		.uleb128 0x3
 692 0033 08       		.uleb128 0x8
 693 0034 00       		.byte	0
 694 0035 00       		.byte	0
 695 0036 05       		.uleb128 0x5
 696 0037 16       		.uleb128 0x16
 697 0038 00       		.byte	0
 698 0039 03       		.uleb128 0x3
 699 003a 0E       		.uleb128 0xe
 700 003b 3A       		.uleb128 0x3a
 701 003c 0B       		.uleb128 0xb
 702 003d 3B       		.uleb128 0x3b
 703 003e 05       		.uleb128 0x5
 704 003f 49       		.uleb128 0x49
 705 0040 13       		.uleb128 0x13
 706 0041 00       		.byte	0
 707 0042 00       		.byte	0
 708 0043 06       		.uleb128 0x6
 709 0044 35       		.uleb128 0x35
 710 0045 00       		.byte	0
 711 0046 49       		.uleb128 0x49
 712 0047 13       		.uleb128 0x13
 713 0048 00       		.byte	0
 714 0049 00       		.byte	0
 715 004a 07       		.uleb128 0x7
ARM GAS  C:\Users\Reza\AppData\Local\Temp\ccskZeIk.s 			page 19


 716 004b 04       		.uleb128 0x4
 717 004c 01       		.byte	0x1
 718 004d 03       		.uleb128 0x3
 719 004e 08       		.uleb128 0x8
 720 004f 0B       		.uleb128 0xb
 721 0050 0B       		.uleb128 0xb
 722 0051 49       		.uleb128 0x49
 723 0052 13       		.uleb128 0x13
 724 0053 3A       		.uleb128 0x3a
 725 0054 0B       		.uleb128 0xb
 726 0055 3B       		.uleb128 0x3b
 727 0056 0B       		.uleb128 0xb
 728 0057 01       		.uleb128 0x1
 729 0058 13       		.uleb128 0x13
 730 0059 00       		.byte	0
 731 005a 00       		.byte	0
 732 005b 08       		.uleb128 0x8
 733 005c 28       		.uleb128 0x28
 734 005d 00       		.byte	0
 735 005e 03       		.uleb128 0x3
 736 005f 0E       		.uleb128 0xe
 737 0060 1C       		.uleb128 0x1c
 738 0061 0B       		.uleb128 0xb
 739 0062 00       		.byte	0
 740 0063 00       		.byte	0
 741 0064 09       		.uleb128 0x9
 742 0065 28       		.uleb128 0x28
 743 0066 00       		.byte	0
 744 0067 03       		.uleb128 0x3
 745 0068 0E       		.uleb128 0xe
 746 0069 1C       		.uleb128 0x1c
 747 006a 0D       		.uleb128 0xd
 748 006b 00       		.byte	0
 749 006c 00       		.byte	0
 750 006d 0A       		.uleb128 0xa
 751 006e 04       		.uleb128 0x4
 752 006f 01       		.byte	0x1
 753 0070 0B       		.uleb128 0xb
 754 0071 0B       		.uleb128 0xb
 755 0072 49       		.uleb128 0x49
 756 0073 13       		.uleb128 0x13
 757 0074 3A       		.uleb128 0x3a
 758 0075 0B       		.uleb128 0xb
 759 0076 3B       		.uleb128 0x3b
 760 0077 0B       		.uleb128 0xb
 761 0078 01       		.uleb128 0x1
 762 0079 13       		.uleb128 0x13
 763 007a 00       		.byte	0
 764 007b 00       		.byte	0
 765 007c 0B       		.uleb128 0xb
 766 007d 26       		.uleb128 0x26
 767 007e 00       		.byte	0
 768 007f 49       		.uleb128 0x49
 769 0080 13       		.uleb128 0x13
 770 0081 00       		.byte	0
 771 0082 00       		.byte	0
 772 0083 0C       		.uleb128 0xc
ARM GAS  C:\Users\Reza\AppData\Local\Temp\ccskZeIk.s 			page 20


 773 0084 13       		.uleb128 0x13
 774 0085 01       		.byte	0x1
 775 0086 0B       		.uleb128 0xb
 776 0087 0B       		.uleb128 0xb
 777 0088 3A       		.uleb128 0x3a
 778 0089 0B       		.uleb128 0xb
 779 008a 3B       		.uleb128 0x3b
 780 008b 0B       		.uleb128 0xb
 781 008c 01       		.uleb128 0x1
 782 008d 13       		.uleb128 0x13
 783 008e 00       		.byte	0
 784 008f 00       		.byte	0
 785 0090 0D       		.uleb128 0xd
 786 0091 0D       		.uleb128 0xd
 787 0092 00       		.byte	0
 788 0093 03       		.uleb128 0x3
 789 0094 08       		.uleb128 0x8
 790 0095 3A       		.uleb128 0x3a
 791 0096 0B       		.uleb128 0xb
 792 0097 3B       		.uleb128 0x3b
 793 0098 0B       		.uleb128 0xb
 794 0099 49       		.uleb128 0x49
 795 009a 13       		.uleb128 0x13
 796 009b 38       		.uleb128 0x38
 797 009c 0B       		.uleb128 0xb
 798 009d 00       		.byte	0
 799 009e 00       		.byte	0
 800 009f 0E       		.uleb128 0xe
 801 00a0 0F       		.uleb128 0xf
 802 00a1 00       		.byte	0
 803 00a2 0B       		.uleb128 0xb
 804 00a3 0B       		.uleb128 0xb
 805 00a4 49       		.uleb128 0x49
 806 00a5 13       		.uleb128 0x13
 807 00a6 00       		.byte	0
 808 00a7 00       		.byte	0
 809 00a8 0F       		.uleb128 0xf
 810 00a9 15       		.uleb128 0x15
 811 00aa 01       		.byte	0x1
 812 00ab 27       		.uleb128 0x27
 813 00ac 19       		.uleb128 0x19
 814 00ad 49       		.uleb128 0x49
 815 00ae 13       		.uleb128 0x13
 816 00af 01       		.uleb128 0x1
 817 00b0 13       		.uleb128 0x13
 818 00b1 00       		.byte	0
 819 00b2 00       		.byte	0
 820 00b3 10       		.uleb128 0x10
 821 00b4 05       		.uleb128 0x5
 822 00b5 00       		.byte	0
 823 00b6 49       		.uleb128 0x49
 824 00b7 13       		.uleb128 0x13
 825 00b8 00       		.byte	0
 826 00b9 00       		.byte	0
 827 00ba 11       		.uleb128 0x11
 828 00bb 13       		.uleb128 0x13
 829 00bc 01       		.byte	0x1
ARM GAS  C:\Users\Reza\AppData\Local\Temp\ccskZeIk.s 			page 21


 830 00bd 03       		.uleb128 0x3
 831 00be 0E       		.uleb128 0xe
 832 00bf 0B       		.uleb128 0xb
 833 00c0 0B       		.uleb128 0xb
 834 00c1 3A       		.uleb128 0x3a
 835 00c2 0B       		.uleb128 0xb
 836 00c3 3B       		.uleb128 0x3b
 837 00c4 0B       		.uleb128 0xb
 838 00c5 01       		.uleb128 0x1
 839 00c6 13       		.uleb128 0x13
 840 00c7 00       		.byte	0
 841 00c8 00       		.byte	0
 842 00c9 12       		.uleb128 0x12
 843 00ca 0D       		.uleb128 0xd
 844 00cb 00       		.byte	0
 845 00cc 03       		.uleb128 0x3
 846 00cd 0E       		.uleb128 0xe
 847 00ce 3A       		.uleb128 0x3a
 848 00cf 0B       		.uleb128 0xb
 849 00d0 3B       		.uleb128 0x3b
 850 00d1 0B       		.uleb128 0xb
 851 00d2 49       		.uleb128 0x49
 852 00d3 13       		.uleb128 0x13
 853 00d4 38       		.uleb128 0x38
 854 00d5 0B       		.uleb128 0xb
 855 00d6 00       		.byte	0
 856 00d7 00       		.byte	0
 857 00d8 13       		.uleb128 0x13
 858 00d9 0D       		.uleb128 0xd
 859 00da 00       		.byte	0
 860 00db 03       		.uleb128 0x3
 861 00dc 0E       		.uleb128 0xe
 862 00dd 3A       		.uleb128 0x3a
 863 00de 0B       		.uleb128 0xb
 864 00df 3B       		.uleb128 0x3b
 865 00e0 0B       		.uleb128 0xb
 866 00e1 49       		.uleb128 0x49
 867 00e2 13       		.uleb128 0x13
 868 00e3 0B       		.uleb128 0xb
 869 00e4 0B       		.uleb128 0xb
 870 00e5 0D       		.uleb128 0xd
 871 00e6 0B       		.uleb128 0xb
 872 00e7 0C       		.uleb128 0xc
 873 00e8 0B       		.uleb128 0xb
 874 00e9 38       		.uleb128 0x38
 875 00ea 0B       		.uleb128 0xb
 876 00eb 00       		.byte	0
 877 00ec 00       		.byte	0
 878 00ed 14       		.uleb128 0x14
 879 00ee 17       		.uleb128 0x17
 880 00ef 01       		.byte	0x1
 881 00f0 0B       		.uleb128 0xb
 882 00f1 0B       		.uleb128 0xb
 883 00f2 3A       		.uleb128 0x3a
 884 00f3 0B       		.uleb128 0xb
 885 00f4 3B       		.uleb128 0x3b
 886 00f5 0B       		.uleb128 0xb
ARM GAS  C:\Users\Reza\AppData\Local\Temp\ccskZeIk.s 			page 22


 887 00f6 01       		.uleb128 0x1
 888 00f7 13       		.uleb128 0x13
 889 00f8 00       		.byte	0
 890 00f9 00       		.byte	0
 891 00fa 15       		.uleb128 0x15
 892 00fb 0D       		.uleb128 0xd
 893 00fc 00       		.byte	0
 894 00fd 03       		.uleb128 0x3
 895 00fe 0E       		.uleb128 0xe
 896 00ff 3A       		.uleb128 0x3a
 897 0100 0B       		.uleb128 0xb
 898 0101 3B       		.uleb128 0x3b
 899 0102 0B       		.uleb128 0xb
 900 0103 49       		.uleb128 0x49
 901 0104 13       		.uleb128 0x13
 902 0105 00       		.byte	0
 903 0106 00       		.byte	0
 904 0107 16       		.uleb128 0x16
 905 0108 2E       		.uleb128 0x2e
 906 0109 01       		.byte	0x1
 907 010a 3F       		.uleb128 0x3f
 908 010b 19       		.uleb128 0x19
 909 010c 03       		.uleb128 0x3
 910 010d 0E       		.uleb128 0xe
 911 010e 3A       		.uleb128 0x3a
 912 010f 0B       		.uleb128 0xb
 913 0110 3B       		.uleb128 0x3b
 914 0111 05       		.uleb128 0x5
 915 0112 27       		.uleb128 0x27
 916 0113 19       		.uleb128 0x19
 917 0114 49       		.uleb128 0x49
 918 0115 13       		.uleb128 0x13
 919 0116 20       		.uleb128 0x20
 920 0117 0B       		.uleb128 0xb
 921 0118 01       		.uleb128 0x1
 922 0119 13       		.uleb128 0x13
 923 011a 00       		.byte	0
 924 011b 00       		.byte	0
 925 011c 17       		.uleb128 0x17
 926 011d 05       		.uleb128 0x5
 927 011e 00       		.byte	0
 928 011f 03       		.uleb128 0x3
 929 0120 0E       		.uleb128 0xe
 930 0121 3A       		.uleb128 0x3a
 931 0122 0B       		.uleb128 0xb
 932 0123 3B       		.uleb128 0x3b
 933 0124 05       		.uleb128 0x5
 934 0125 49       		.uleb128 0x49
 935 0126 13       		.uleb128 0x13
 936 0127 00       		.byte	0
 937 0128 00       		.byte	0
 938 0129 18       		.uleb128 0x18
 939 012a 34       		.uleb128 0x34
 940 012b 00       		.byte	0
 941 012c 03       		.uleb128 0x3
 942 012d 08       		.uleb128 0x8
 943 012e 3A       		.uleb128 0x3a
ARM GAS  C:\Users\Reza\AppData\Local\Temp\ccskZeIk.s 			page 23


 944 012f 0B       		.uleb128 0xb
 945 0130 3B       		.uleb128 0x3b
 946 0131 05       		.uleb128 0x5
 947 0132 49       		.uleb128 0x49
 948 0133 13       		.uleb128 0x13
 949 0134 00       		.byte	0
 950 0135 00       		.byte	0
 951 0136 19       		.uleb128 0x19
 952 0137 2E       		.uleb128 0x2e
 953 0138 01       		.byte	0x1
 954 0139 3F       		.uleb128 0x3f
 955 013a 19       		.uleb128 0x19
 956 013b 03       		.uleb128 0x3
 957 013c 0E       		.uleb128 0xe
 958 013d 3A       		.uleb128 0x3a
 959 013e 0B       		.uleb128 0xb
 960 013f 3B       		.uleb128 0x3b
 961 0140 0B       		.uleb128 0xb
 962 0141 11       		.uleb128 0x11
 963 0142 01       		.uleb128 0x1
 964 0143 12       		.uleb128 0x12
 965 0144 06       		.uleb128 0x6
 966 0145 40       		.uleb128 0x40
 967 0146 18       		.uleb128 0x18
 968 0147 9642     		.uleb128 0x2116
 969 0149 19       		.uleb128 0x19
 970 014a 01       		.uleb128 0x1
 971 014b 13       		.uleb128 0x13
 972 014c 00       		.byte	0
 973 014d 00       		.byte	0
 974 014e 1A       		.uleb128 0x1a
 975 014f 1D       		.uleb128 0x1d
 976 0150 01       		.byte	0x1
 977 0151 31       		.uleb128 0x31
 978 0152 13       		.uleb128 0x13
 979 0153 11       		.uleb128 0x11
 980 0154 01       		.uleb128 0x1
 981 0155 12       		.uleb128 0x12
 982 0156 06       		.uleb128 0x6
 983 0157 58       		.uleb128 0x58
 984 0158 0B       		.uleb128 0xb
 985 0159 59       		.uleb128 0x59
 986 015a 0B       		.uleb128 0xb
 987 015b 00       		.byte	0
 988 015c 00       		.byte	0
 989 015d 1B       		.uleb128 0x1b
 990 015e 05       		.uleb128 0x5
 991 015f 00       		.byte	0
 992 0160 31       		.uleb128 0x31
 993 0161 13       		.uleb128 0x13
 994 0162 00       		.byte	0
 995 0163 00       		.byte	0
 996 0164 1C       		.uleb128 0x1c
 997 0165 0B       		.uleb128 0xb
 998 0166 01       		.byte	0x1
 999 0167 11       		.uleb128 0x11
 1000 0168 01       		.uleb128 0x1
ARM GAS  C:\Users\Reza\AppData\Local\Temp\ccskZeIk.s 			page 24


 1001 0169 12       		.uleb128 0x12
 1002 016a 06       		.uleb128 0x6
 1003 016b 00       		.byte	0
 1004 016c 00       		.byte	0
 1005 016d 1D       		.uleb128 0x1d
 1006 016e 34       		.uleb128 0x34
 1007 016f 00       		.byte	0
 1008 0170 31       		.uleb128 0x31
 1009 0171 13       		.uleb128 0x13
 1010 0172 02       		.uleb128 0x2
 1011 0173 17       		.uleb128 0x17
 1012 0174 00       		.byte	0
 1013 0175 00       		.byte	0
 1014 0176 1E       		.uleb128 0x1e
 1015 0177 34       		.uleb128 0x34
 1016 0178 00       		.byte	0
 1017 0179 03       		.uleb128 0x3
 1018 017a 0E       		.uleb128 0xe
 1019 017b 3A       		.uleb128 0x3a
 1020 017c 0B       		.uleb128 0xb
 1021 017d 3B       		.uleb128 0x3b
 1022 017e 0B       		.uleb128 0xb
 1023 017f 49       		.uleb128 0x49
 1024 0180 13       		.uleb128 0x13
 1025 0181 3F       		.uleb128 0x3f
 1026 0182 19       		.uleb128 0x19
 1027 0183 3C       		.uleb128 0x3c
 1028 0184 19       		.uleb128 0x19
 1029 0185 00       		.byte	0
 1030 0186 00       		.byte	0
 1031 0187 1F       		.uleb128 0x1f
 1032 0188 34       		.uleb128 0x34
 1033 0189 00       		.byte	0
 1034 018a 03       		.uleb128 0x3
 1035 018b 0E       		.uleb128 0xe
 1036 018c 3A       		.uleb128 0x3a
 1037 018d 0B       		.uleb128 0xb
 1038 018e 3B       		.uleb128 0x3b
 1039 018f 05       		.uleb128 0x5
 1040 0190 49       		.uleb128 0x49
 1041 0191 13       		.uleb128 0x13
 1042 0192 3F       		.uleb128 0x3f
 1043 0193 19       		.uleb128 0x19
 1044 0194 3C       		.uleb128 0x3c
 1045 0195 19       		.uleb128 0x19
 1046 0196 00       		.byte	0
 1047 0197 00       		.byte	0
 1048 0198 20       		.uleb128 0x20
 1049 0199 34       		.uleb128 0x34
 1050 019a 00       		.byte	0
 1051 019b 03       		.uleb128 0x3
 1052 019c 0E       		.uleb128 0xe
 1053 019d 3A       		.uleb128 0x3a
 1054 019e 0B       		.uleb128 0xb
 1055 019f 3B       		.uleb128 0x3b
 1056 01a0 0B       		.uleb128 0xb
 1057 01a1 49       		.uleb128 0x49
ARM GAS  C:\Users\Reza\AppData\Local\Temp\ccskZeIk.s 			page 25


 1058 01a2 13       		.uleb128 0x13
 1059 01a3 3F       		.uleb128 0x3f
 1060 01a4 19       		.uleb128 0x19
 1061 01a5 02       		.uleb128 0x2
 1062 01a6 18       		.uleb128 0x18
 1063 01a7 00       		.byte	0
 1064 01a8 00       		.byte	0
 1065 01a9 00       		.byte	0
 1066              		.section	.debug_loc,"",%progbits
 1067              	.Ldebug_loc0:
 1068              	.LLST0:
 1069 0000 02000000 		.4byte	.LVL0
 1070 0004 12000000 		.4byte	.LVL1
 1071 0008 0300     		.2byte	0x3
 1072 000a 09       		.byte	0x9
 1073 000b FF       		.byte	0xff
 1074 000c 9F       		.byte	0x9f
 1075 000d 00000000 		.4byte	0
 1076 0011 00000000 		.4byte	0
 1077              		.section	.debug_aranges,"",%progbits
 1078 0000 1C000000 		.4byte	0x1c
 1079 0004 0200     		.2byte	0x2
 1080 0006 00000000 		.4byte	.Ldebug_info0
 1081 000a 04       		.byte	0x4
 1082 000b 00       		.byte	0
 1083 000c 0000     		.2byte	0
 1084 000e 0000     		.2byte	0
 1085 0010 00000000 		.4byte	.LFB150
 1086 0014 28000000 		.4byte	.LFE150-.LFB150
 1087 0018 00000000 		.4byte	0
 1088 001c 00000000 		.4byte	0
 1089              		.section	.debug_ranges,"",%progbits
 1090              	.Ldebug_ranges0:
 1091 0000 00000000 		.4byte	.LFB150
 1092 0004 28000000 		.4byte	.LFE150
 1093 0008 00000000 		.4byte	0
 1094 000c 00000000 		.4byte	0
 1095              		.section	.debug_line,"",%progbits
 1096              	.Ldebug_line0:
 1097 0000 CD020000 		.section	.debug_str,"MS",%progbits,1
 1097      0200AB02 
 1097      00000201 
 1097      FB0E0D00 
 1097      01010101 
 1098              	.LASF89:
 1099 0000 5254455F 		.ascii	"RTE_LCD_pushPort\000"
 1099      4C43445F 
 1099      70757368 
 1099      506F7274 
 1099      00
 1100              	.LASF66:
 1101 0011 4C43445F 		.ascii	"LCD_s\000"
 1101      7300
 1102              	.LASF70:
 1103 0017 4C43445F 		.ascii	"LCD_t\000"
 1103      7400
 1104              	.LASF77:
ARM GAS  C:\Users\Reza\AppData\Local\Temp\ccskZeIk.s 			page 26


 1105 001d 6269745F 		.ascii	"bit_field\000"
 1105      6669656C 
 1105      6400
 1106              	.LASF23:
 1107 0027 45455F55 		.ascii	"EE_UREG\000"
 1107      52454700 
 1108              	.LASF27:
 1109 002f 52435F53 		.ascii	"RC_SUCCESS\000"
 1109      55434345 
 1109      535300
 1110              	.LASF58:
 1111 003a 4C43445F 		.ascii	"LCD_data_t\000"
 1111      64617461 
 1111      5F7400
 1112              	.LASF26:
 1113 0045 4576656E 		.ascii	"EventMaskType\000"
 1113      744D6173 
 1113      6B547970 
 1113      6500
 1114              	.LASF2:
 1115 0053 73686F72 		.ascii	"short int\000"
 1115      7420696E 
 1115      7400
 1116              	.LASF33:
 1117 005d 52435F45 		.ascii	"RC_ERROR_OVERRUN\000"
 1117      52524F52 
 1117      5F4F5645 
 1117      5252554E 
 1117      00
 1118              	.LASF45:
 1119 006e 52435F45 		.ascii	"RC_ERROR_WRITE_FAILS\000"
 1119      52524F52 
 1119      5F575249 
 1119      54455F46 
 1119      41494C53 
 1120              	.LASF20:
 1121 0083 73697A65 		.ascii	"sizetype\000"
 1121      74797065 
 1121      00
 1122              	.LASF71:
 1123 008c 72756E5F 		.ascii	"run_readJoystick\000"
 1123      72656164 
 1123      4A6F7973 
 1123      7469636B 
 1123      00
 1124              	.LASF55:
 1125 009d 5254455F 		.ascii	"RTE_SIGNALSTATUS_VALID\000"
 1125      5349474E 
 1125      414C5354 
 1125      41545553 
 1125      5F56414C 
 1126              	.LASF24:
 1127 00b4 45455F46 		.ascii	"EE_FREG\000"
 1127      52454700 
 1128              	.LASF44:
 1129 00bc 52435F45 		.ascii	"RC_ERROR_READ_FAILS\000"
 1129      52524F52 
ARM GAS  C:\Users\Reza\AppData\Local\Temp\ccskZeIk.s 			page 27


 1129      5F524541 
 1129      445F4641 
 1129      494C5300 
 1130              	.LASF7:
 1131 00d0 5F5F7569 		.ascii	"__uint32_t\000"
 1131      6E743332 
 1131      5F7400
 1132              	.LASF65:
 1133 00db 4C43445F 		.ascii	"LCD_cfg_s\000"
 1133      6366675F 
 1133      7300
 1134              	.LASF22:
 1135 00e5 45455F55 		.ascii	"EE_UINT32\000"
 1135      494E5433 
 1135      3200
 1136              	.LASF60:
 1137 00ef 4C43445F 		.ascii	"LCD_driverOut_t\000"
 1137      64726976 
 1137      65724F75 
 1137      745F7400 
 1138              	.LASF25:
 1139 00ff 45455F54 		.ascii	"EE_TID\000"
 1139      494400
 1140              	.LASF67:
 1141 0106 76616C75 		.ascii	"value\000"
 1141      6500
 1142              	.LASF12:
 1143 010c 75696E74 		.ascii	"uint8_t\000"
 1143      385F7400 
 1144              	.LASF59:
 1145 0114 4C43445F 		.ascii	"LCD_driverIn_t\000"
 1145      64726976 
 1145      6572496E 
 1145      5F7400
 1146              	.LASF57:
 1147 0123 5254455F 		.ascii	"RTE_signalStatus_t\000"
 1147      7369676E 
 1147      616C5374 
 1147      61747573 
 1147      5F7400
 1148              	.LASF82:
 1149 0136 45455F49 		.ascii	"EE_IRQ_nesting_level\000"
 1149      52515F6E 
 1149      65737469 
 1149      6E675F6C 
 1149      6576656C 
 1150              	.LASF21:
 1151 014b 45455F49 		.ascii	"EE_INT32\000"
 1151      4E543332 
 1151      00
 1152              	.LASF73:
 1153 0154 72756E5F 		.ascii	"run_setEngine\000"
 1153      73657445 
 1153      6E67696E 
 1153      6500
 1154              	.LASF75:
 1155 0162 72756E5F 		.ascii	"run_setLcd\000"
ARM GAS  C:\Users\Reza\AppData\Local\Temp\ccskZeIk.s 			page 28


 1155      7365744C 
 1155      636400
 1156              	.LASF32:
 1157 016d 52435F45 		.ascii	"RC_ERROR_RANGE\000"
 1157      52524F52 
 1157      5F52414E 
 1157      474500
 1158              	.LASF16:
 1159 017c 666C6F61 		.ascii	"float\000"
 1159      7400
 1160              	.LASF42:
 1161 0182 52435F45 		.ascii	"RC_ERROR_WRITE_ONLY\000"
 1161      52524F52 
 1161      5F575249 
 1161      54455F4F 
 1161      4E4C5900 
 1162              	.LASF9:
 1163 0196 6C6F6E67 		.ascii	"long long int\000"
 1163      206C6F6E 
 1163      6720696E 
 1163      7400
 1164              	.LASF79:
 1165 01a4 45455F6F 		.ascii	"EE_oo_IRQ_suspend_status\000"
 1165      6F5F4952 
 1165      515F7375 
 1165      7370656E 
 1165      645F7374 
 1166              	.LASF46:
 1167 01bd 52435F45 		.ascii	"RC_ERROR_NOT_MATCH\000"
 1167      52524F52 
 1167      5F4E4F54 
 1167      5F4D4154 
 1167      434800
 1168              	.LASF51:
 1169 01d0 52435F45 		.ascii	"RC_ERROR_UNKNOWN\000"
 1169      52524F52 
 1169      5F554E4B 
 1169      4E4F574E 
 1169      00
 1170              	.LASF30:
 1171 01e1 52435F45 		.ascii	"RC_ERROR_ZERO\000"
 1171      52524F52 
 1171      5F5A4552 
 1171      4F00
 1172              	.LASF6:
 1173 01ef 6C6F6E67 		.ascii	"long int\000"
 1173      20696E74 
 1173      00
 1174              	.LASF34:
 1175 01f8 52435F45 		.ascii	"RC_ERROR_UNDERRUN\000"
 1175      52524F52 
 1175      5F554E44 
 1175      45525255 
 1175      4E00
 1176              	.LASF37:
 1177 020a 52435F45 		.ascii	"RC_ERROR_BUSY\000"
 1177      52524F52 
ARM GAS  C:\Users\Reza\AppData\Local\Temp\ccskZeIk.s 			page 29


 1177      5F425553 
 1177      5900
 1178              	.LASF53:
 1179 0218 5254455F 		.ascii	"RTE_SIGNALSTATUS_STARTUP\000"
 1179      5349474E 
 1179      414C5354 
 1179      41545553 
 1179      5F535441 
 1180              	.LASF4:
 1181 0231 5F5F7569 		.ascii	"__uint8_t\000"
 1181      6E74385F 
 1181      7400
 1182              	.LASF43:
 1183 023b 52435F45 		.ascii	"RC_ERROR_INVALID\000"
 1183      52524F52 
 1183      5F494E56 
 1183      414C4944 
 1183      00
 1184              	.LASF48:
 1185 024c 52435F45 		.ascii	"RC_ERROR_BAD_DATA\000"
 1185      52524F52 
 1185      5F424144 
 1185      5F444154 
 1185      4100
 1186              	.LASF41:
 1187 025e 52435F45 		.ascii	"RC_ERROR_READ_ONLY\000"
 1187      52524F52 
 1187      5F524541 
 1187      445F4F4E 
 1187      4C5900
 1188              	.LASF62:
 1189 0271 6F757444 		.ascii	"outDriver\000"
 1189      72697665 
 1189      7200
 1190              	.LASF19:
 1191 027b 6C6F6E67 		.ascii	"long double\000"
 1191      20646F75 
 1191      626C6500 
 1192              	.LASF1:
 1193 0287 756E7369 		.ascii	"unsigned char\000"
 1193      676E6564 
 1193      20636861 
 1193      7200
 1194              	.LASF0:
 1195 0295 7369676E 		.ascii	"signed char\000"
 1195      65642063 
 1195      68617200 
 1196              	.LASF10:
 1197 02a1 6C6F6E67 		.ascii	"long long unsigned int\000"
 1197      206C6F6E 
 1197      6720756E 
 1197      7369676E 
 1197      65642069 
 1198              	.LASF14:
 1199 02b8 75696E74 		.ascii	"uint32_t\000"
 1199      33325F74 
 1199      00
ARM GAS  C:\Users\Reza\AppData\Local\Temp\ccskZeIk.s 			page 30


 1200              	.LASF84:
 1201 02c1 4C43445F 		.ascii	"LCD_signal\000"
 1201      7369676E 
 1201      616C00
 1202              	.LASF39:
 1203 02cc 52435F45 		.ascii	"RC_ERROR_OPEN\000"
 1203      52524F52 
 1203      5F4F5045 
 1203      4E00
 1204              	.LASF50:
 1205 02da 52435F45 		.ascii	"RC_ERROR_INVALID_STATE\000"
 1205      52524F52 
 1205      5F494E56 
 1205      414C4944 
 1205      5F535441 
 1206              	.LASF29:
 1207 02f1 52435F45 		.ascii	"RC_ERROR_NULL\000"
 1207      52524F52 
 1207      5F4E554C 
 1207      4C00
 1208              	.LASF81:
 1209 02ff 45455F73 		.ascii	"EE_std_endcycle_next_tid\000"
 1209      74645F65 
 1209      6E646379 
 1209      636C655F 
 1209      6E657874 
 1210              	.LASF88:
 1211 0318 453A5C4E 		.ascii	"E:\\New_Dell_Laptop_18.04.2021\\Drive_D\\hda\\Summe"
 1211      65775F44 
 1211      656C6C5F 
 1211      4C617074 
 1211      6F705F31 
 1212 0347 725F5365 		.ascii	"r_Semester_2020\\Embedded Architecture and Applicat"
 1212      6D657374 
 1212      65725F32 
 1212      3032305C 
 1212      456D6265 
 1213 0379 696F6E5C 		.ascii	"ion\\Lab1\\Work_Space_RTE\\RTE_Electronic_Clock.cyd"
 1213      4C616231 
 1213      5C576F72 
 1213      6B5F5370 
 1213      6163655F 
 1214 03a9 736E00   		.ascii	"sn\000"
 1215              	.LASF69:
 1216 03ac 70536967 		.ascii	"pSigCfg\000"
 1216      43666700 
 1217              	.LASF63:
 1218 03b4 65764F6E 		.ascii	"evOnUpdate\000"
 1218      55706461 
 1218      746500
 1219              	.LASF68:
 1220 03bf 73746174 		.ascii	"status\000"
 1220      757300
 1221              	.LASF18:
 1222 03c6 63686172 		.ascii	"char\000"
 1222      00
 1223              	.LASF90:
ARM GAS  C:\Users\Reza\AppData\Local\Temp\ccskZeIk.s 			page 31


 1224 03cb 7369676E 		.ascii	"signal\000"
 1224      616C00
 1225              	.LASF56:
 1226 03d2 5254455F 		.ascii	"RTE_SIGNALSTATUS_INVALID\000"
 1226      5349474E 
 1226      414C5354 
 1226      41545553 
 1226      5F494E56 
 1227              	.LASF54:
 1228 03eb 5254455F 		.ascii	"RTE_SIGNALSTATUS_INITIALIZED\000"
 1228      5349474E 
 1228      414C5354 
 1228      41545553 
 1228      5F494E49 
 1229              	.LASF13:
 1230 0408 696E7433 		.ascii	"int32_t\000"
 1230      325F7400 
 1231              	.LASF72:
 1232 0410 72756E5F 		.ascii	"run_calculateControl\000"
 1232      63616C63 
 1232      756C6174 
 1232      65436F6E 
 1232      74726F6C 
 1233              	.LASF15:
 1234 0425 75696E74 		.ascii	"uint8\000"
 1234      3800
 1235              	.LASF85:
 1236 042b 72756E6E 		.ascii	"runnables\000"
 1236      61626C65 
 1236      7300
 1237              	.LASF47:
 1238 0435 52435F45 		.ascii	"RC_ERROR_BAD_PARAM\000"
 1238      52524F52 
 1238      5F424144 
 1238      5F504152 
 1238      414D00
 1239              	.LASF28:
 1240 0448 52435F45 		.ascii	"RC_ERROR\000"
 1240      52524F52 
 1240      00
 1241              	.LASF3:
 1242 0451 73686F72 		.ascii	"short unsigned int\000"
 1242      7420756E 
 1242      7369676E 
 1242      65642069 
 1242      6E7400
 1243              	.LASF80:
 1244 0464 45455F41 		.ascii	"EE_ApplicationMode\000"
 1244      70706C69 
 1244      63617469 
 1244      6F6E4D6F 
 1244      646500
 1245              	.LASF8:
 1246 0477 6C6F6E67 		.ascii	"long unsigned int\000"
 1246      20756E73 
 1246      69676E65 
 1246      6420696E 
ARM GAS  C:\Users\Reza\AppData\Local\Temp\ccskZeIk.s 			page 32


 1246      7400
 1247              	.LASF17:
 1248 0489 646F7562 		.ascii	"double\000"
 1248      6C6500
 1249              	.LASF64:
 1250 0490 4C43445F 		.ascii	"LCD_cfg_t\000"
 1250      6366675F 
 1250      7400
 1251              	.LASF35:
 1252 049a 52435F45 		.ascii	"RC_ERROR_BUFFER_FULL\000"
 1252      52524F52 
 1252      5F425546 
 1252      4645525F 
 1252      46554C4C 
 1253              	.LASF40:
 1254 04af 52435F45 		.ascii	"RC_ERROR_CHECKSUM\000"
 1254      52524F52 
 1254      5F434845 
 1254      434B5355 
 1254      4D00
 1255              	.LASF74:
 1256 04c1 72756E5F 		.ascii	"run_setBrakeLight\000"
 1256      73657442 
 1256      72616B65 
 1256      4C696768 
 1256      7400
 1257              	.LASF76:
 1258 04d3 62797465 		.ascii	"byte\000"
 1258      00
 1259              	.LASF5:
 1260 04d8 5F5F696E 		.ascii	"__int32_t\000"
 1260      7433325F 
 1260      7400
 1261              	.LASF87:
 1262 04e2 736F7572 		.ascii	"source\\asw\\swc_lcd.c\000"
 1262      63655C61 
 1262      73775C73 
 1262      77635F6C 
 1262      63642E63 
 1263              	.LASF49:
 1264 04f7 52435F45 		.ascii	"RC_ERROR_CANCELED\000"
 1264      52524F52 
 1264      5F43414E 
 1264      43454C45 
 1264      4400
 1265              	.LASF61:
 1266 0509 696E4472 		.ascii	"inDriver\000"
 1266      69766572 
 1266      00
 1267              	.LASF83:
 1268 0512 49544D5F 		.ascii	"ITM_RxBuffer\000"
 1268      52784275 
 1268      66666572 
 1268      00
 1269              	.LASF86:
 1270 051f 474E5520 		.ascii	"GNU C11 5.4.1 20160609 (release) [ARM/embedded-5-br"
 1270      43313120 
ARM GAS  C:\Users\Reza\AppData\Local\Temp\ccskZeIk.s 			page 33


 1270      352E342E 
 1270      31203230 
 1270      31363036 
 1271 0552 616E6368 		.ascii	"anch revision 237715] -mcpu=cortex-m3 -mthumb -g -O"
 1271      20726576 
 1271      6973696F 
 1271      6E203233 
 1271      37373135 
 1272 0585 67202D66 		.ascii	"g -ffunction-sections -ffat-lto-objects\000"
 1272      66756E63 
 1272      74696F6E 
 1272      2D736563 
 1272      74696F6E 
 1273              	.LASF11:
 1274 05ad 756E7369 		.ascii	"unsigned int\000"
 1274      676E6564 
 1274      20696E74 
 1274      00
 1275              	.LASF31:
 1276 05ba 52435F45 		.ascii	"RC_ERROR_MEMORY\000"
 1276      52524F52 
 1276      5F4D454D 
 1276      4F525900 
 1277              	.LASF78:
 1278 05ca 45455F6F 		.ascii	"EE_oo_IRQ_disable_count\000"
 1278      6F5F4952 
 1278      515F6469 
 1278      7361626C 
 1278      655F636F 
 1279              	.LASF36:
 1280 05e2 52435F45 		.ascii	"RC_ERROR_BUFFER_EMTPY\000"
 1280      52524F52 
 1280      5F425546 
 1280      4645525F 
 1280      454D5450 
 1281              	.LASF52:
 1282 05f8 52435F74 		.ascii	"RC_t\000"
 1282      00
 1283              	.LASF38:
 1284 05fd 52435F45 		.ascii	"RC_ERROR_TIME_OUT\000"
 1284      52524F52 
 1284      5F54494D 
 1284      455F4F55 
 1284      5400
 1285              		.ident	"GCC: (GNU Tools for ARM Embedded Processors) 5.4.1 20160609 (release) [ARM/embedded-5-bran
