ARM GAS  C:\Users\Reza\AppData\Local\Temp\ccbGxP3A.s 			page 1


   1              		.syntax unified
   2              		.cpu cortex-m3
   3              		.fpu softvfp
   4              		.eabi_attribute 20, 1
   5              		.eabi_attribute 21, 1
   6              		.eabi_attribute 23, 3
   7              		.eabi_attribute 24, 1
   8              		.eabi_attribute 25, 1
   9              		.eabi_attribute 26, 1
  10              		.eabi_attribute 30, 1
  11              		.eabi_attribute 34, 1
  12              		.eabi_attribute 18, 4
  13              		.thumb
  14              		.syntax unified
  15              		.file	"swc_joystick.c"
  16              		.text
  17              	.Ltext0:
  18              		.cfi_sections	.debug_frame
  19              		.section	.text.run_readJoystick,"ax",%progbits
  20              		.align	2
  21              		.global	run_readJoystick
  22              		.thumb
  23              		.thumb_func
  24              		.type	run_readJoystick, %function
  25              	run_readJoystick:
  26              	.LFB150:
  27              		.file 1 "source\\asw\\swc_joystick.c"
   1:source\asw/swc_joystick.c **** /**************************************************
   2:source\asw/swc_joystick.c ****  ** Software Component SWC_Remote
   3:source\asw/swc_joystick.c ****  ** autogenerated by H-DA RTE Generator
   4:source\asw/swc_joystick.c ****  **************************************************/
   5:source\asw/swc_joystick.c **** 
   6:source\asw/swc_joystick.c **** #include "rte.h"
   7:source\asw/swc_joystick.c **** #include "rte_signalpool.h"
   8:source\asw/swc_joystick.c **** 
   9:source\asw/swc_joystick.c **** #include "logging.h"
  10:source\asw/swc_joystick.c **** #include "swc_joystick.h"
  11:source\asw/swc_joystick.c **** #include "led.h"
  12:source\asw/swc_joystick.c **** #include "watchdog.h"
  13:source\asw/swc_joystick.c **** 
  14:source\asw/swc_joystick.c **** /* Runnables */
  15:source\asw/swc_joystick.c **** void run_readJoystick()
  16:source\asw/swc_joystick.c **** {
  28              		.loc 1 16 0
  29              		.cfi_startproc
  30              		@ args = 0, pretend = 0, frame = 8
  31              		@ frame_needed = 0, uses_anonymous_args = 0
  32              	.LVL0:
  33              	.LBB10:
  34              	.LBB11:
  35              		.file 2 ".\\source\\rte/adc_signal.h"
   1:.\source\rte/adc_signal.h **** /**
   2:.\source\rte/adc_signal.h **** *  file    ADC_signal.h
   3:.\source\rte/adc_signal.h **** *
   4:.\source\rte/adc_signal.h **** *  brief   signal base class for signal adc
   5:.\source\rte/adc_signal.h **** *
   6:.\source\rte/adc_signal.h **** *  author  Autogenerated, Peter Fromm       <peter.fromm@h-da.de>
ARM GAS  C:\Users\Reza\AppData\Local\Temp\ccbGxP3A.s 			page 2


   7:.\source\rte/adc_signal.h **** *
   8:.\source\rte/adc_signal.h **** *
   9:.\source\rte/adc_signal.h **** */
  10:.\source\rte/adc_signal.h **** 
  11:.\source\rte/adc_signal.h **** #ifndef ADC_SIGNAL_H_INCLUDED
  12:.\source\rte/adc_signal.h **** #define ADC_SIGNAL_H_INCLUDED
  13:.\source\rte/adc_signal.h **** 
  14:.\source\rte/adc_signal.h **** /*================================================[ configuration  ]===============================
  15:.\source\rte/adc_signal.h **** #define ADC_DATATRIGGER ON
  16:.\source\rte/adc_signal.h **** 
  17:.\source\rte/adc_signal.h **** /*================================================[ public includes  ]=============================
  18:.\source\rte/adc_signal.h **** #include "global.h"
  19:.\source\rte/adc_signal.h **** #include "project.h"
  20:.\source\rte/adc_signal.h **** #include "rte.h"
  21:.\source\rte/adc_signal.h **** 
  22:.\source\rte/adc_signal.h **** #include "adc_type.h"
  23:.\source\rte/adc_signal.h **** #include "logging.h"
  24:.\source\rte/adc_signal.h **** 
  25:.\source\rte/adc_signal.h **** 
  26:.\source\rte/adc_signal.h **** /**************************************************************************************************
  27:.\source\rte/adc_signal.h **** /* The driver API block																						*/
  28:.\source\rte/adc_signal.h **** /**************************************************************************************************
  29:.\source\rte/adc_signal.h ****                                                                                                    
  30:.\source\rte/adc_signal.h **** /**
  31:.\source\rte/adc_signal.h ****  *  Definition of function types for driver interfaces.
  32:.\source\rte/adc_signal.h ****  *  I-Port
  33:.\source\rte/adc_signal.h ****  */
  34:.\source\rte/adc_signal.h **** typedef RC_t (*ADC_driverIn_t)(ADC_data_t * const);
  35:.\source\rte/adc_signal.h **** 
  36:.\source\rte/adc_signal.h **** /**
  37:.\source\rte/adc_signal.h ****  *  Definition of function types for driver interfaces.
  38:.\source\rte/adc_signal.h ****  *  O-Port
  39:.\source\rte/adc_signal.h ****  */
  40:.\source\rte/adc_signal.h **** typedef RC_t (*ADC_driverOut_t)( const ADC_data_t * const);
  41:.\source\rte/adc_signal.h **** 
  42:.\source\rte/adc_signal.h **** 
  43:.\source\rte/adc_signal.h **** /**************************************************************************************************
  44:.\source\rte/adc_signal.h **** /* The signal configuration API block																				*/
  45:.\source\rte/adc_signal.h **** /**************************************************************************************************
  46:.\source\rte/adc_signal.h **** 
  47:.\source\rte/adc_signal.h **** /**
  48:.\source\rte/adc_signal.h ****  * Instances of the struct ADC_cfg_t represent the signal object configuration.
  49:.\source\rte/adc_signal.h ****  */
  50:.\source\rte/adc_signal.h **** struct ADC_cfg_s
  51:.\source\rte/adc_signal.h **** {
  52:.\source\rte/adc_signal.h ****     /**
  53:.\source\rte/adc_signal.h ****      * Function pointer to the input driver
  54:.\source\rte/adc_signal.h ****      */
  55:.\source\rte/adc_signal.h ****     ADC_driverIn_t const inDriver;
  56:.\source\rte/adc_signal.h **** 
  57:.\source\rte/adc_signal.h ****     /**
  58:.\source\rte/adc_signal.h ****      * Function pointer to the output driver table
  59:.\source\rte/adc_signal.h ****      */
  60:.\source\rte/adc_signal.h ****    ADC_driverOut_t const outDriver;
  61:.\source\rte/adc_signal.h ****    
  62:.\source\rte/adc_signal.h ****     /**
  63:.\source\rte/adc_signal.h ****      * Event onUpdate
ARM GAS  C:\Users\Reza\AppData\Local\Temp\ccbGxP3A.s 			page 3


  64:.\source\rte/adc_signal.h ****      */
  65:.\source\rte/adc_signal.h ****     EventMaskType const evOnUpdate;
  66:.\source\rte/adc_signal.h **** 
  67:.\source\rte/adc_signal.h **** };                                                                                                 
  68:.\source\rte/adc_signal.h **** typedef const struct ADC_cfg_s ADC_cfg_t;
  69:.\source\rte/adc_signal.h ****                               
  70:.\source\rte/adc_signal.h **** /**************************************************************************************************
  71:.\source\rte/adc_signal.h **** /* The data interface block																							*/
  72:.\source\rte/adc_signal.h **** /**************************************************************************************************
  73:.\source\rte/adc_signal.h **** 
  74:.\source\rte/adc_signal.h ****                                                                                                    
  75:.\source\rte/adc_signal.h **** 							  
  76:.\source\rte/adc_signal.h **** /**
  77:.\source\rte/adc_signal.h ****  * Instances of the struct ADC_t represent the signal objects.
  78:.\source\rte/adc_signal.h ****  * A signal object contains the current application value 'value' as well as relevant meta data.
  79:.\source\rte/adc_signal.h ****  */
  80:.\source\rte/adc_signal.h **** struct ADC_s
  81:.\source\rte/adc_signal.h **** {                                                                                                  
  82:.\source\rte/adc_signal.h **** 
  83:.\source\rte/adc_signal.h **** 	/**
  84:.\source\rte/adc_signal.h **** 	 * Data buffer for the application value
  85:.\source\rte/adc_signal.h **** 	 */
  86:.\source\rte/adc_signal.h ****     ADC_data_t value;
  87:.\source\rte/adc_signal.h **** 
  88:.\source\rte/adc_signal.h ****     /**
  89:.\source\rte/adc_signal.h ****      * Current signal status
  90:.\source\rte/adc_signal.h ****      */
  91:.\source\rte/adc_signal.h ****     RTE_signalStatus_t status;
  92:.\source\rte/adc_signal.h **** 
  93:.\source\rte/adc_signal.h ****     /**
  94:.\source\rte/adc_signal.h ****      * Current age of the signal (in calling cycles)
  95:.\source\rte/adc_signal.h ****      */
  96:.\source\rte/adc_signal.h ****     uint32_t age;
  97:.\source\rte/adc_signal.h **** 
  98:.\source\rte/adc_signal.h ****     /**
  99:.\source\rte/adc_signal.h ****      * Pointer to the signal configuration
 100:.\source\rte/adc_signal.h ****      */
 101:.\source\rte/adc_signal.h **** 	const ADC_cfg_t * const    pSigCfg;
 102:.\source\rte/adc_signal.h **** 
 103:.\source\rte/adc_signal.h **** };                                                                                                 
 104:.\source\rte/adc_signal.h **** typedef struct ADC_s ADC_t;
 105:.\source\rte/adc_signal.h **** 
 106:.\source\rte/adc_signal.h **** /**************************************************************************************************
 107:.\source\rte/adc_signal.h **** /* Signal initialisation   																							*/
 108:.\source\rte/adc_signal.h **** /**************************************************************************************************
 109:.\source\rte/adc_signal.h **** 
 110:.\source\rte/adc_signal.h **** /**
 111:.\source\rte/adc_signal.h ****  * Initializes a signal instance with a passed init value.
 112:.\source\rte/adc_signal.h ****  * Depending on the configured conversion or scaling function the raw_value will be calculated.
 113:.\source\rte/adc_signal.h ****  * Signal status will change from RTE_SIGNALSTATUS_STARTUP to RTE_SIGNALSTATUS_INITIALIZED.
 114:.\source\rte/adc_signal.h ****  *
 115:.\source\rte/adc_signal.h ****  * @param  ADC_t * const signal: Pointer to the signal object which will be initialised
 116:.\source\rte/adc_signal.h ****  * @param const adc_data_t * const value: Pointer to initial value of the application data
 117:.\source\rte/adc_signal.h ****  * @return RC_t: standard return code, currently only RC_SUCCESS
 118:.\source\rte/adc_signal.h ****  *
 119:.\source\rte/adc_signal.h ****  **/
 120:.\source\rte/adc_signal.h **** inline RC_t RTE_ADC_init( ADC_t * const signal, const ADC_data_t * const value )
ARM GAS  C:\Users\Reza\AppData\Local\Temp\ccbGxP3A.s 			page 4


 121:.\source\rte/adc_signal.h **** {                                                                                                  
 122:.\source\rte/adc_signal.h **** 
 123:.\source\rte/adc_signal.h ****    RC_t ret = RC_SUCCESS;
 124:.\source\rte/adc_signal.h **** 
 125:.\source\rte/adc_signal.h ****    //Set value and raw value
 126:.\source\rte/adc_signal.h ****    signal->value  = *value;
 127:.\source\rte/adc_signal.h ****    signal->age    = 0;
 128:.\source\rte/adc_signal.h ****    signal->status = RTE_SIGNALSTATUS_INITIALIZED;
 129:.\source\rte/adc_signal.h **** 
 130:.\source\rte/adc_signal.h ****    return ret;
 131:.\source\rte/adc_signal.h **** }
 132:.\source\rte/adc_signal.h **** 
 133:.\source\rte/adc_signal.h **** /**************************************************************************************************
 134:.\source\rte/adc_signal.h **** /* Status and timeout control																						*/
 135:.\source\rte/adc_signal.h **** /**************************************************************************************************
 136:.\source\rte/adc_signal.h **** 
 137:.\source\rte/adc_signal.h **** /**
 138:.\source\rte/adc_signal.h ****  *  Returns the current signal status of the passed signal instance.
 139:.\source\rte/adc_signal.h ****  *
 140:.\source\rte/adc_signal.h ****  * @param  ADC_t * const signal: Pointer to the signal object
 141:.\source\rte/adc_signal.h ****  * @return  sig_status_t: The current signal status
 142:.\source\rte/adc_signal.h ****  *
 143:.\source\rte/adc_signal.h ****  **/
 144:.\source\rte/adc_signal.h **** inline RTE_signalStatus_t RTE_ADC_getStatus( const ADC_t * const signal )
 145:.\source\rte/adc_signal.h **** {
 146:.\source\rte/adc_signal.h ****    return signal->status;
 147:.\source\rte/adc_signal.h **** }
 148:.\source\rte/adc_signal.h **** 
 149:.\source\rte/adc_signal.h **** 
 150:.\source\rte/adc_signal.h **** /**
 151:.\source\rte/adc_signal.h ****  *  Sets a new signal status of the passed signal instance by passing the new status.
 152:.\source\rte/adc_signal.h ****  *
 153:.\source\rte/adc_signal.h ****  * @param  ADC_t * const signal: Pointer to the signal object
 154:.\source\rte/adc_signal.h ****  * @param  const sig_status_t status: New signal status
 155:.\source\rte/adc_signal.h ****  * @return RC_t: standard return code, currently only RC_SUCCESS
 156:.\source\rte/adc_signal.h ****  *
 157:.\source\rte/adc_signal.h ****  */
 158:.\source\rte/adc_signal.h **** inline RC_t RTE_ADC_setStatus( ADC_t * const signal, const RTE_signalStatus_t status )
 159:.\source\rte/adc_signal.h **** {
 160:.\source\rte/adc_signal.h ****    signal->status = status;
 161:.\source\rte/adc_signal.h ****    return RC_SUCCESS;
 162:.\source\rte/adc_signal.h **** }
 163:.\source\rte/adc_signal.h **** 
 164:.\source\rte/adc_signal.h **** 
 165:.\source\rte/adc_signal.h **** /**
 166:.\source\rte/adc_signal.h ****  * Returns the count of refreshing trials (refresh, set or set_raw) that failed.
 167:.\source\rte/adc_signal.h ****  * Prerquisite: The signal is refreshed cyclically
 168:.\source\rte/adc_signal.h ****  *
 169:.\source\rte/adc_signal.h ****  * @param  ADC_t * const signal: Pointer to the signal object
 170:.\source\rte/adc_signal.h ****  * @return uint32_t: Number of cycles since the signal has been updated for the last time
 171:.\source\rte/adc_signal.h ****  */
 172:.\source\rte/adc_signal.h **** inline uint32_t RTE_ADC_getAge( const ADC_t * const signal )
 173:.\source\rte/adc_signal.h **** {
 174:.\source\rte/adc_signal.h ****    return signal->age;
 175:.\source\rte/adc_signal.h **** }
 176:.\source\rte/adc_signal.h **** 
 177:.\source\rte/adc_signal.h **** /**
ARM GAS  C:\Users\Reza\AppData\Local\Temp\ccbGxP3A.s 			page 5


 178:.\source\rte/adc_signal.h ****  * Should be called by application or driver if no new value can be provided.
 179:.\source\rte/adc_signal.h ****  * @param  ADC_t * const signal: Pointer to the signal object
 180:.\source\rte/adc_signal.h ****  * @param uint32_t increment: incrementvalue, typically in [ms]
 181:.\source\rte/adc_signal.h ****  * @return void
 182:.\source\rte/adc_signal.h ****  */
 183:.\source\rte/adc_signal.h **** inline void RTE_ADC_incAge(  ADC_t * const signal , uint32_t increment)
 184:.\source\rte/adc_signal.h **** {
 185:.\source\rte/adc_signal.h **** 	   //Hack....
 186:.\source\rte/adc_signal.h **** 	   if ( 0xFFFF0000 > (signal->age + increment) )
 187:.\source\rte/adc_signal.h **** 	   {
 188:.\source\rte/adc_signal.h **** 	      signal->age += increment;
 189:.\source\rte/adc_signal.h **** 	   }
 190:.\source\rte/adc_signal.h **** }
 191:.\source\rte/adc_signal.h **** 
 192:.\source\rte/adc_signal.h **** 
 193:.\source\rte/adc_signal.h **** /**************************************************************************************************
 194:.\source\rte/adc_signal.h **** /* Application Data read/write Interface																			*/
 195:.\source\rte/adc_signal.h **** /**************************************************************************************************
 196:.\source\rte/adc_signal.h **** 
 197:.\source\rte/adc_signal.h **** /**
 198:.\source\rte/adc_signal.h ****  * Returns the current application value of the passed signal instance.
 199:.\source\rte/adc_signal.h ****  *
 200:.\source\rte/adc_signal.h ****  * @param  ADC_t * const signal: Pointer to the signal object
 201:.\source\rte/adc_signal.h ****  * @return adc_data_t: current value of the application data buffer
 202:.\source\rte/adc_signal.h ****  *
 203:.\source\rte/adc_signal.h ****  **/
 204:.\source\rte/adc_signal.h **** inline ADC_data_t RTE_ADC_get( const ADC_t * const signal )
 205:.\source\rte/adc_signal.h **** {                                                                                                  
 206:.\source\rte/adc_signal.h ****    return signal->value;                                                                           
 207:.\source\rte/adc_signal.h **** }                                                                                                  
 208:.\source\rte/adc_signal.h ****                                                                                                    
 209:.\source\rte/adc_signal.h ****                                                                                                    
 210:.\source\rte/adc_signal.h ****                                                                                                    
 211:.\source\rte/adc_signal.h **** /**
 212:.\source\rte/adc_signal.h ****  * Sets a new application value to the passed signal instance by passing the new value.
 213:.\source\rte/adc_signal.h ****  * The corresponding driver raw value will be calculated immediately by using the default conversio
 214:.\source\rte/adc_signal.h ****  * signal specific scaling function.
 215:.\source\rte/adc_signal.h ****  * The signal age will be set to 0 and the new status will be 'RTE_SIGNALSTATUS_VALID'.
 216:.\source\rte/adc_signal.h ****  *
 217:.\source\rte/adc_signal.h ****  * @param  ADC_t * const signal: Pointer to the signal object
 218:.\source\rte/adc_signal.h ****  * @param  adc_data_t const value: value for the application data buffer
 219:.\source\rte/adc_signal.h ****  * @return RC_t: standard return code, currently only RC_SUCCESS
 220:.\source\rte/adc_signal.h ****  *
 221:.\source\rte/adc_signal.h ****  **/
 222:.\source\rte/adc_signal.h **** inline RC_t RTE_ADC_set(ADC_t * const signal, const ADC_data_t value  )
 223:.\source\rte/adc_signal.h **** {
 224:.\source\rte/adc_signal.h **** 
 225:.\source\rte/adc_signal.h ****    RC_t ret = RC_SUCCESS;
 226:.\source\rte/adc_signal.h **** 
 227:.\source\rte/adc_signal.h **** 
 228:.\source\rte/adc_signal.h ****    //Todo: critical section
 229:.\source\rte/adc_signal.h ****     signal->value  = value;
 230:.\source\rte/adc_signal.h **** 	signal->age    = 0;
 231:.\source\rte/adc_signal.h **** 	signal->status = RTE_SIGNALSTATUS_VALID;
 232:.\source\rte/adc_signal.h **** 
 233:.\source\rte/adc_signal.h **** #if ADC_DATATRIGGER == ON
 234:.\source\rte/adc_signal.h **** 	SetEvent( tsk_EventDispatcher, signal->pSigCfg->evOnUpdate);
ARM GAS  C:\Users\Reza\AppData\Local\Temp\ccbGxP3A.s 			page 6


 235:.\source\rte/adc_signal.h **** #endif                                                                                             
 236:.\source\rte/adc_signal.h ****    return ret;
 237:.\source\rte/adc_signal.h **** }                                                                                                  
 238:.\source\rte/adc_signal.h ****                                                                                                    
 239:.\source\rte/adc_signal.h ****                                                                                                    
 240:.\source\rte/adc_signal.h **** /**************************************************************************************************
 241:.\source\rte/adc_signal.h **** /* Call functions to the connected drivers																			*/
 242:.\source\rte/adc_signal.h **** /**************************************************************************************************
 243:.\source\rte/adc_signal.h **** 
 244:.\source\rte/adc_signal.h ****                                                                                                    
 245:.\source\rte/adc_signal.h **** /**
 246:.\source\rte/adc_signal.h ****  *  Calls the connected driver interface to get a new value.
 247:.\source\rte/adc_signal.h ****  *
 248:.\source\rte/adc_signal.h ****  * @param ADC_t * const signal: Pointer to the signal object
 249:.\source\rte/adc_signal.h ****  * @return  RC_t: Return value of the driver call
 250:.\source\rte/adc_signal.h ****  *
 251:.\source\rte/adc_signal.h ****  */
 252:.\source\rte/adc_signal.h **** inline RC_t RTE_ADC_pullPort( ADC_t * const signal )
 253:.\source\rte/adc_signal.h **** {                                                                                                  
 254:.\source\rte/adc_signal.h ****    RC_t ret = RC_SUCCESS;
 255:.\source\rte/adc_signal.h ****                                                                                                    
 256:.\source\rte/adc_signal.h ****    if ( NULL != signal->pSigCfg->inDriver )
  36              		.loc 2 256 0
  37 0000 144B     		ldr	r3, .L7
  38 0002 9B68     		ldr	r3, [r3, #8]
  39 0004 1B68     		ldr	r3, [r3]
  40 0006 FBB1     		cbz	r3, .L6
  41              	.LBE11:
  42              	.LBE10:
  43              		.loc 1 16 0
  44 0008 00B5     		push	{lr}
  45              		.cfi_def_cfa_offset 4
  46              		.cfi_offset 14, -4
  47 000a 83B0     		sub	sp, sp, #12
  48              		.cfi_def_cfa_offset 16
  49              	.LBB16:
  50              	.LBB15:
  51              	.LBB12:
 257:.\source\rte/adc_signal.h ****    {
 258:.\source\rte/adc_signal.h **** 	  ADC_data_t value;
 259:.\source\rte/adc_signal.h ****       ret = signal->pSigCfg->inDriver(&value);
  52              		.loc 2 259 0
  53 000c 6846     		mov	r0, sp
  54 000e 9847     		blx	r3
  55              	.LVL1:
 260:.\source\rte/adc_signal.h ****                                                                                                    
 261:.\source\rte/adc_signal.h ****       if ( ret == RC_SUCCESS )                                                                     
  56              		.loc 2 261 0
  57 0010 78B9     		cbnz	r0, .L3
  58              	.LVL2:
  59 0012 BDF80020 		ldrh	r2, [sp]
  60 0016 ADF80420 		strh	r2, [sp, #4]	@ movhi
  61              	.LVL3:
  62              	.LBB13:
  63              	.LBB14:
 229:.\source\rte/adc_signal.h **** 	signal->age    = 0;
  64              		.loc 2 229 0
ARM GAS  C:\Users\Reza\AppData\Local\Temp\ccbGxP3A.s 			page 7


  65 001a 0E4B     		ldr	r3, .L7
  66 001c 1A80     		strh	r2, [r3]	@ movhi
 230:.\source\rte/adc_signal.h **** 	signal->status = RTE_SIGNALSTATUS_VALID;
  67              		.loc 2 230 0
  68 001e 0022     		movs	r2, #0
  69 0020 5A60     		str	r2, [r3, #4]
 231:.\source\rte/adc_signal.h **** 
  70              		.loc 2 231 0
  71 0022 0222     		movs	r2, #2
  72 0024 9A70     		strb	r2, [r3, #2]
 234:.\source\rte/adc_signal.h **** #endif                                                                                             
  73              		.loc 2 234 0
  74 0026 9B68     		ldr	r3, [r3, #8]
  75 0028 9968     		ldr	r1, [r3, #8]
  76 002a 0320     		movs	r0, #3
  77              	.LVL4:
  78 002c FFF7FEFF 		bl	EE_oo_SetEvent
  79              	.LVL5:
  80 0030 02E0     		b	.L2
  81              	.LVL6:
  82              	.L3:
  83              	.LBE14:
  84              	.LBE13:
 262:.\source\rte/adc_signal.h ****       {
 263:.\source\rte/adc_signal.h ****     	  //Critical Section
 264:.\source\rte/adc_signal.h ****     	  RTE_ADC_set(signal, value);
 265:.\source\rte/adc_signal.h ****       }
 266:.\source\rte/adc_signal.h ****       else
 267:.\source\rte/adc_signal.h ****       {
 268:.\source\rte/adc_signal.h ****     	  signal->status = RTE_SIGNALSTATUS_INVALID;
  85              		.loc 2 268 0
  86 0032 0322     		movs	r2, #3
  87 0034 074B     		ldr	r3, .L7
  88 0036 9A70     		strb	r2, [r3, #2]
  89              	.LVL7:
  90              	.L2:
  91              	.LBE12:
  92              	.LBE15:
  93              	.LBE16:
  17:source\asw/swc_joystick.c ****    //LOG_I("run_readJoystick","");
  18:source\asw/swc_joystick.c ****     RC_t result = RC_ERROR;
  19:source\asw/swc_joystick.c ****     //SetRelAlarm(alrm_error,1,1);
  20:source\asw/swc_joystick.c ****     result = RTE_ADC_pullPort( &JOYSTICK_signal ); 
  21:source\asw/swc_joystick.c ****     runnables.bit_field.run_readJoystick=1;
  94              		.loc 1 21 0
  95 0038 074A     		ldr	r2, .L7+4
  96 003a 1378     		ldrb	r3, [r2]	@ zero_extendqisi2
  97 003c 43F00103 		orr	r3, r3, #1
  98 0040 1370     		strb	r3, [r2]
  22:source\asw/swc_joystick.c ****     //CancelAlarm(alrm_error);
  23:source\asw/swc_joystick.c **** }
  99              		.loc 1 23 0
 100 0042 03B0     		add	sp, sp, #12
 101              		.cfi_def_cfa_offset 4
 102              		@ sp needed
 103 0044 5DF804FB 		ldr	pc, [sp], #4
 104              	.LVL8:
ARM GAS  C:\Users\Reza\AppData\Local\Temp\ccbGxP3A.s 			page 8


 105              	.L6:
 106              		.cfi_def_cfa_offset 0
 107              		.cfi_restore 14
  21:source\asw/swc_joystick.c ****     //CancelAlarm(alrm_error);
 108              		.loc 1 21 0
 109 0048 034A     		ldr	r2, .L7+4
 110 004a 1378     		ldrb	r3, [r2]	@ zero_extendqisi2
 111 004c 43F00103 		orr	r3, r3, #1
 112 0050 1370     		strb	r3, [r2]
 113 0052 7047     		bx	lr
 114              	.L8:
 115              		.align	2
 116              	.L7:
 117 0054 00000000 		.word	JOYSTICK_signal
 118 0058 00000000 		.word	runnables
 119              		.cfi_endproc
 120              	.LFE150:
 121              		.size	run_readJoystick, .-run_readJoystick
 122              		.comm	runnables,1,4
 123              		.text
 124              	.Letext0:
 125              		.file 3 "c:\\program files (x86)\\cypress\\psoc creator\\4.4\\psoc creator\\import\\gnu\\arm\\5.4.
 126              		.file 4 "c:\\program files (x86)\\cypress\\psoc creator\\4.4\\psoc creator\\import\\gnu\\arm\\5.4.
 127              		.file 5 "Generated_Source\\PSoC5/ErikaOS_1_common_ee_types.inc"
 128              		.file 6 "Generated_Source\\PSoC5/ErikaOS_1_cortex_mx_ee_cpu.inc"
 129              		.file 7 "Generated_Source\\PSoC5/ErikaOS_1_ee_oo_common.inc"
 130              		.file 8 ".\\source\\bsw/global.h"
 131              		.file 9 ".\\source\\rte/rte.h"
 132              		.file 10 ".\\source\\rte/adc_type.h"
 133              		.file 11 ".\\source\\bsw\\watchdog/watchdog.h"
 134              		.file 12 "Generated_Source\\PSoC5/ErikaOS_1_ee_oo_intfunc.inc"
 135              		.file 13 "Generated_Source\\PSoC5/ErikaOS_1_cortex_mx_ee_context.inc"
 136              		.file 14 "Generated_Source\\PSoC5/ErikaOS_1_common_ee_primitives.inc"
 137              		.file 15 "Generated_Source\\PSoC5/core_cm3.h"
 138              		.file 16 ".\\source\\rte/rte_signalpool.h"
 139              		.file 17 "Generated_Source\\PSoC5/ErikaOS_1_ee_oo_kernel.inc"
 140              		.section	.debug_info,"",%progbits
 141              	.Ldebug_info0:
 142 0000 2C050000 		.4byte	0x52c
 143 0004 0400     		.2byte	0x4
 144 0006 00000000 		.4byte	.Ldebug_abbrev0
 145 000a 04       		.byte	0x4
 146 000b 01       		.uleb128 0x1
 147 000c 4A050000 		.4byte	.LASF89
 148 0010 0C       		.byte	0xc
 149 0011 E1000000 		.4byte	.LASF90
 150 0015 38030000 		.4byte	.LASF91
 151 0019 18000000 		.4byte	.Ldebug_ranges0+0x18
 152 001d 00000000 		.4byte	0
 153 0021 00000000 		.4byte	.Ldebug_line0
 154 0025 02       		.uleb128 0x2
 155 0026 01       		.byte	0x1
 156 0027 06       		.byte	0x6
 157 0028 CA020000 		.4byte	.LASF0
 158 002c 03       		.uleb128 0x3
 159 002d 4C020000 		.4byte	.LASF4
 160 0031 03       		.byte	0x3
ARM GAS  C:\Users\Reza\AppData\Local\Temp\ccbGxP3A.s 			page 9


 161 0032 1D       		.byte	0x1d
 162 0033 37000000 		.4byte	0x37
 163 0037 02       		.uleb128 0x2
 164 0038 01       		.byte	0x1
 165 0039 08       		.byte	0x8
 166 003a B2020000 		.4byte	.LASF1
 167 003e 02       		.uleb128 0x2
 168 003f 02       		.byte	0x2
 169 0040 05       		.byte	0x5
 170 0041 51000000 		.4byte	.LASF2
 171 0045 02       		.uleb128 0x2
 172 0046 02       		.byte	0x2
 173 0047 07       		.byte	0x7
 174 0048 77040000 		.4byte	.LASF3
 175 004c 03       		.uleb128 0x3
 176 004d FE040000 		.4byte	.LASF5
 177 0051 03       		.byte	0x3
 178 0052 3F       		.byte	0x3f
 179 0053 57000000 		.4byte	0x57
 180 0057 02       		.uleb128 0x2
 181 0058 04       		.byte	0x4
 182 0059 05       		.byte	0x5
 183 005a 0A020000 		.4byte	.LASF6
 184 005e 03       		.uleb128 0x3
 185 005f CE000000 		.4byte	.LASF7
 186 0063 03       		.byte	0x3
 187 0064 41       		.byte	0x41
 188 0065 69000000 		.4byte	0x69
 189 0069 02       		.uleb128 0x2
 190 006a 04       		.byte	0x4
 191 006b 07       		.byte	0x7
 192 006c A7040000 		.4byte	.LASF8
 193 0070 02       		.uleb128 0x2
 194 0071 08       		.byte	0x8
 195 0072 05       		.byte	0x5
 196 0073 9A010000 		.4byte	.LASF9
 197 0077 02       		.uleb128 0x2
 198 0078 08       		.byte	0x8
 199 0079 07       		.byte	0x7
 200 007a A8010000 		.4byte	.LASF10
 201 007e 04       		.uleb128 0x4
 202 007f 04       		.byte	0x4
 203 0080 05       		.byte	0x5
 204 0081 696E7400 		.ascii	"int\000"
 205 0085 02       		.uleb128 0x2
 206 0086 04       		.byte	0x4
 207 0087 07       		.byte	0x7
 208 0088 EB020000 		.4byte	.LASF11
 209 008c 03       		.uleb128 0x3
 210 008d 08010000 		.4byte	.LASF12
 211 0091 04       		.byte	0x4
 212 0092 18       		.byte	0x18
 213 0093 2C000000 		.4byte	0x2c
 214 0097 03       		.uleb128 0x3
 215 0098 34040000 		.4byte	.LASF13
 216 009c 04       		.byte	0x4
 217 009d 2C       		.byte	0x2c
ARM GAS  C:\Users\Reza\AppData\Local\Temp\ccbGxP3A.s 			page 10


 218 009e 4C000000 		.4byte	0x4c
 219 00a2 03       		.uleb128 0x3
 220 00a3 E2020000 		.4byte	.LASF14
 221 00a7 04       		.byte	0x4
 222 00a8 30       		.byte	0x30
 223 00a9 5E000000 		.4byte	0x5e
 224 00ad 02       		.uleb128 0x2
 225 00ae 04       		.byte	0x4
 226 00af 04       		.byte	0x4
 227 00b0 80010000 		.4byte	.LASF15
 228 00b4 02       		.uleb128 0x2
 229 00b5 08       		.byte	0x8
 230 00b6 04       		.byte	0x4
 231 00b7 B9040000 		.4byte	.LASF16
 232 00bb 02       		.uleb128 0x2
 233 00bc 01       		.byte	0x1
 234 00bd 08       		.byte	0x8
 235 00be F2030000 		.4byte	.LASF17
 236 00c2 02       		.uleb128 0x2
 237 00c3 08       		.byte	0x8
 238 00c4 04       		.byte	0x4
 239 00c5 96020000 		.4byte	.LASF18
 240 00c9 02       		.uleb128 0x2
 241 00ca 04       		.byte	0x4
 242 00cb 07       		.byte	0x7
 243 00cc 81000000 		.4byte	.LASF19
 244 00d0 03       		.uleb128 0x3
 245 00d1 4F010000 		.4byte	.LASF20
 246 00d5 05       		.byte	0x5
 247 00d6 53       		.byte	0x53
 248 00d7 7E000000 		.4byte	0x7e
 249 00db 03       		.uleb128 0x3
 250 00dc C0020000 		.4byte	.LASF21
 251 00e0 05       		.byte	0x5
 252 00e1 54       		.byte	0x54
 253 00e2 85000000 		.4byte	0x85
 254 00e6 03       		.uleb128 0x3
 255 00e7 1F000000 		.4byte	.LASF22
 256 00eb 06       		.byte	0x6
 257 00ec 4D       		.byte	0x4d
 258 00ed DB000000 		.4byte	0xdb
 259 00f1 03       		.uleb128 0x3
 260 00f2 D9000000 		.4byte	.LASF23
 261 00f6 06       		.byte	0x6
 262 00f7 4F       		.byte	0x4f
 263 00f8 DB000000 		.4byte	0xdb
 264 00fc 03       		.uleb128 0x3
 265 00fd FB000000 		.4byte	.LASF24
 266 0101 06       		.byte	0x6
 267 0102 78       		.byte	0x78
 268 0103 D0000000 		.4byte	0xd0
 269 0107 05       		.uleb128 0x5
 270 0108 43000000 		.4byte	.LASF25
 271 010c 07       		.byte	0x7
 272 010d 2C02     		.2byte	0x22c
 273 010f E6000000 		.4byte	0xe6
 274 0113 06       		.uleb128 0x6
ARM GAS  C:\Users\Reza\AppData\Local\Temp\ccbGxP3A.s 			page 11


 275 0114 8C000000 		.4byte	0x8c
 276 0118 03       		.uleb128 0x3
 277 0119 B2000000 		.4byte	.LASF26
 278 011d 08       		.byte	0x8
 279 011e 76       		.byte	0x76
 280 011f 25000000 		.4byte	0x25
 281 0123 07       		.uleb128 0x7
 282 0124 65524300 		.ascii	"eRC\000"
 283 0128 01       		.byte	0x1
 284 0129 25000000 		.4byte	0x25
 285 012d 08       		.byte	0x8
 286 012e AC       		.byte	0xac
 287 012f CA010000 		.4byte	0x1ca
 288 0133 08       		.uleb128 0x8
 289 0134 27000000 		.4byte	.LASF27
 290 0138 00       		.byte	0
 291 0139 09       		.uleb128 0x9
 292 013a 6E040000 		.4byte	.LASF28
 293 013e 7F       		.sleb128 -1
 294 013f 09       		.uleb128 0x9
 295 0140 00000000 		.4byte	.LASF29
 296 0144 7E       		.sleb128 -2
 297 0145 09       		.uleb128 0x9
 298 0146 FC010000 		.4byte	.LASF30
 299 014a 7D       		.sleb128 -3
 300 014b 09       		.uleb128 0x9
 301 014c D8050000 		.4byte	.LASF31
 302 0150 7C       		.sleb128 -4
 303 0151 09       		.uleb128 0x9
 304 0152 71010000 		.4byte	.LASF32
 305 0156 7B       		.sleb128 -5
 306 0157 09       		.uleb128 0x9
 307 0158 5B000000 		.4byte	.LASF33
 308 015c 7A       		.sleb128 -6
 309 015d 09       		.uleb128 0x9
 310 015e 13020000 		.4byte	.LASF34
 311 0162 79       		.sleb128 -7
 312 0163 09       		.uleb128 0x9
 313 0164 C0040000 		.4byte	.LASF35
 314 0168 78       		.sleb128 -8
 315 0169 09       		.uleb128 0x9
 316 016a 10060000 		.4byte	.LASF36
 317 016e 77       		.sleb128 -9
 318 016f 09       		.uleb128 0x9
 319 0170 25020000 		.4byte	.LASF37
 320 0174 76       		.sleb128 -10
 321 0175 09       		.uleb128 0x9
 322 0176 2B060000 		.4byte	.LASF38
 323 017a 75       		.sleb128 -11
 324 017b 09       		.uleb128 0x9
 325 017c F8020000 		.4byte	.LASF39
 326 0180 74       		.sleb128 -12
 327 0181 09       		.uleb128 0x9
 328 0182 D5040000 		.4byte	.LASF40
 329 0186 73       		.sleb128 -13
 330 0187 09       		.uleb128 0x9
 331 0188 79020000 		.4byte	.LASF41
ARM GAS  C:\Users\Reza\AppData\Local\Temp\ccbGxP3A.s 			page 12


 332 018c 72       		.sleb128 -14
 333 018d 09       		.uleb128 0x9
 334 018e 86010000 		.4byte	.LASF42
 335 0192 71       		.sleb128 -15
 336 0193 09       		.uleb128 0x9
 337 0194 56020000 		.4byte	.LASF43
 338 0198 70       		.sleb128 -16
 339 0199 09       		.uleb128 0x9
 340 019a BA000000 		.4byte	.LASF44
 341 019e 6F       		.sleb128 -17
 342 019f 09       		.uleb128 0x9
 343 01a0 6C000000 		.4byte	.LASF45
 344 01a4 6E       		.sleb128 -18
 345 01a5 09       		.uleb128 0x9
 346 01a6 D8010000 		.4byte	.LASF46
 347 01aa 6D       		.sleb128 -19
 348 01ab 09       		.uleb128 0x9
 349 01ac 5B040000 		.4byte	.LASF47
 350 01b0 6C       		.sleb128 -20
 351 01b1 09       		.uleb128 0x9
 352 01b2 67020000 		.4byte	.LASF48
 353 01b6 6B       		.sleb128 -21
 354 01b7 09       		.uleb128 0x9
 355 01b8 13050000 		.4byte	.LASF49
 356 01bc 6A       		.sleb128 -22
 357 01bd 09       		.uleb128 0x9
 358 01be 10010000 		.4byte	.LASF50
 359 01c2 69       		.sleb128 -23
 360 01c3 09       		.uleb128 0x9
 361 01c4 EB010000 		.4byte	.LASF51
 362 01c8 68       		.sleb128 -24
 363 01c9 00       		.byte	0
 364 01ca 03       		.uleb128 0x3
 365 01cb 26060000 		.4byte	.LASF52
 366 01cf 08       		.byte	0x8
 367 01d0 C8       		.byte	0xc8
 368 01d1 23010000 		.4byte	0x123
 369 01d5 0A       		.uleb128 0xa
 370 01d6 01       		.byte	0x1
 371 01d7 37000000 		.4byte	0x37
 372 01db 09       		.byte	0x9
 373 01dc 59       		.byte	0x59
 374 01dd FA010000 		.4byte	0x1fa
 375 01e1 08       		.uleb128 0x8
 376 01e2 33020000 		.4byte	.LASF53
 377 01e6 00       		.byte	0
 378 01e7 08       		.uleb128 0x8
 379 01e8 17040000 		.4byte	.LASF54
 380 01ec 01       		.byte	0x1
 381 01ed 08       		.uleb128 0x8
 382 01ee 9B000000 		.4byte	.LASF55
 383 01f2 02       		.byte	0x2
 384 01f3 08       		.uleb128 0x8
 385 01f4 FE030000 		.4byte	.LASF56
 386 01f8 03       		.byte	0x3
 387 01f9 00       		.byte	0
 388 01fa 03       		.uleb128 0x3
ARM GAS  C:\Users\Reza\AppData\Local\Temp\ccbGxP3A.s 			page 13


 389 01fb 27010000 		.4byte	.LASF57
 390 01ff 09       		.byte	0x9
 391 0200 5E       		.byte	0x5e
 392 0201 D5010000 		.4byte	0x1d5
 393 0205 0B       		.uleb128 0xb
 394 0206 02       		.byte	0x2
 395 0207 0A       		.byte	0xa
 396 0208 14       		.byte	0x14
 397 0209 26020000 		.4byte	0x226
 398 020d 0C       		.uleb128 0xc
 399 020e 6D5F7800 		.ascii	"m_x\000"
 400 0212 0A       		.byte	0xa
 401 0213 16       		.byte	0x16
 402 0214 18010000 		.4byte	0x118
 403 0218 00       		.byte	0
 404 0219 0C       		.uleb128 0xc
 405 021a 6D5F7900 		.ascii	"m_y\000"
 406 021e 0A       		.byte	0xa
 407 021f 17       		.byte	0x17
 408 0220 18010000 		.4byte	0x118
 409 0224 01       		.byte	0x1
 410 0225 00       		.byte	0
 411 0226 03       		.uleb128 0x3
 412 0227 08050000 		.4byte	.LASF58
 413 022b 0A       		.byte	0xa
 414 022c 18       		.byte	0x18
 415 022d 05020000 		.4byte	0x205
 416 0231 03       		.uleb128 0x3
 417 0232 06030000 		.4byte	.LASF59
 418 0236 02       		.byte	0x2
 419 0237 22       		.byte	0x22
 420 0238 3C020000 		.4byte	0x23c
 421 023c 0D       		.uleb128 0xd
 422 023d 04       		.byte	0x4
 423 023e 42020000 		.4byte	0x242
 424 0242 0E       		.uleb128 0xe
 425 0243 CA010000 		.4byte	0x1ca
 426 0247 51020000 		.4byte	0x251
 427 024b 0F       		.uleb128 0xf
 428 024c 57020000 		.4byte	0x257
 429 0250 00       		.byte	0
 430 0251 0D       		.uleb128 0xd
 431 0252 04       		.byte	0x4
 432 0253 26020000 		.4byte	0x226
 433 0257 10       		.uleb128 0x10
 434 0258 51020000 		.4byte	0x251
 435 025c 03       		.uleb128 0x3
 436 025d A2020000 		.4byte	.LASF60
 437 0261 02       		.byte	0x2
 438 0262 28       		.byte	0x28
 439 0263 67020000 		.4byte	0x267
 440 0267 0D       		.uleb128 0xd
 441 0268 04       		.byte	0x4
 442 0269 6D020000 		.4byte	0x26d
 443 026d 0E       		.uleb128 0xe
 444 026e CA010000 		.4byte	0x1ca
 445 0272 7C020000 		.4byte	0x27c
ARM GAS  C:\Users\Reza\AppData\Local\Temp\ccbGxP3A.s 			page 14


 446 0276 0F       		.uleb128 0xf
 447 0277 87020000 		.4byte	0x287
 448 027b 00       		.byte	0
 449 027c 0D       		.uleb128 0xd
 450 027d 04       		.byte	0x4
 451 027e 82020000 		.4byte	0x282
 452 0282 10       		.uleb128 0x10
 453 0283 26020000 		.4byte	0x226
 454 0287 10       		.uleb128 0x10
 455 0288 7C020000 		.4byte	0x27c
 456 028c 11       		.uleb128 0x11
 457 028d 15030000 		.4byte	.LASF65
 458 0291 0C       		.byte	0xc
 459 0292 02       		.byte	0x2
 460 0293 32       		.byte	0x32
 461 0294 BD020000 		.4byte	0x2bd
 462 0298 12       		.uleb128 0x12
 463 0299 34050000 		.4byte	.LASF61
 464 029d 02       		.byte	0x2
 465 029e 37       		.byte	0x37
 466 029f BD020000 		.4byte	0x2bd
 467 02a3 00       		.byte	0
 468 02a4 12       		.uleb128 0x12
 469 02a5 8C020000 		.4byte	.LASF62
 470 02a9 02       		.byte	0x2
 471 02aa 3C       		.byte	0x3c
 472 02ab C2020000 		.4byte	0x2c2
 473 02af 04       		.byte	0x4
 474 02b0 12       		.uleb128 0x12
 475 02b1 D4030000 		.4byte	.LASF63
 476 02b5 02       		.byte	0x2
 477 02b6 41       		.byte	0x41
 478 02b7 C7020000 		.4byte	0x2c7
 479 02bb 08       		.byte	0x8
 480 02bc 00       		.byte	0
 481 02bd 10       		.uleb128 0x10
 482 02be 31020000 		.4byte	0x231
 483 02c2 10       		.uleb128 0x10
 484 02c3 5C020000 		.4byte	0x25c
 485 02c7 10       		.uleb128 0x10
 486 02c8 07010000 		.4byte	0x107
 487 02cc 03       		.uleb128 0x3
 488 02cd 8A040000 		.4byte	.LASF64
 489 02d1 02       		.byte	0x2
 490 02d2 44       		.byte	0x44
 491 02d3 D7020000 		.4byte	0x2d7
 492 02d7 10       		.uleb128 0x10
 493 02d8 8C020000 		.4byte	0x28c
 494 02dc 11       		.uleb128 0x11
 495 02dd D6020000 		.4byte	.LASF66
 496 02e1 0C       		.byte	0xc
 497 02e2 02       		.byte	0x2
 498 02e3 50       		.byte	0x50
 499 02e4 19030000 		.4byte	0x319
 500 02e8 12       		.uleb128 0x12
 501 02e9 02010000 		.4byte	.LASF67
 502 02ed 02       		.byte	0x2
ARM GAS  C:\Users\Reza\AppData\Local\Temp\ccbGxP3A.s 			page 15


 503 02ee 56       		.byte	0x56
 504 02ef 26020000 		.4byte	0x226
 505 02f3 00       		.byte	0
 506 02f4 12       		.uleb128 0x12
 507 02f5 DF030000 		.4byte	.LASF68
 508 02f9 02       		.byte	0x2
 509 02fa 5B       		.byte	0x5b
 510 02fb FA010000 		.4byte	0x1fa
 511 02ff 02       		.byte	0x2
 512 0300 0C       		.uleb128 0xc
 513 0301 61676500 		.ascii	"age\000"
 514 0305 02       		.byte	0x2
 515 0306 60       		.byte	0x60
 516 0307 A2000000 		.4byte	0xa2
 517 030b 04       		.byte	0x4
 518 030c 12       		.uleb128 0x12
 519 030d CC030000 		.4byte	.LASF69
 520 0311 02       		.byte	0x2
 521 0312 65       		.byte	0x65
 522 0313 1F030000 		.4byte	0x31f
 523 0317 08       		.byte	0x8
 524 0318 00       		.byte	0
 525 0319 0D       		.uleb128 0xd
 526 031a 04       		.byte	0x4
 527 031b CC020000 		.4byte	0x2cc
 528 031f 10       		.uleb128 0x10
 529 0320 19030000 		.4byte	0x319
 530 0324 03       		.uleb128 0x3
 531 0325 DC020000 		.4byte	.LASF70
 532 0329 02       		.byte	0x2
 533 032a 68       		.byte	0x68
 534 032b DC020000 		.4byte	0x2dc
 535 032f 0B       		.uleb128 0xb
 536 0330 01       		.byte	0x1
 537 0331 0B       		.byte	0xb
 538 0332 68       		.byte	0x68
 539 0333 83030000 		.4byte	0x383
 540 0337 13       		.uleb128 0x13
 541 0338 8A000000 		.4byte	.LASF71
 542 033c 0B       		.byte	0xb
 543 033d 69       		.byte	0x69
 544 033e 13010000 		.4byte	0x113
 545 0342 01       		.byte	0x1
 546 0343 01       		.byte	0x1
 547 0344 07       		.byte	0x7
 548 0345 00       		.byte	0
 549 0346 13       		.uleb128 0x13
 550 0347 3C040000 		.4byte	.LASF72
 551 034b 0B       		.byte	0xb
 552 034c 6A       		.byte	0x6a
 553 034d 13010000 		.4byte	0x113
 554 0351 01       		.byte	0x1
 555 0352 01       		.byte	0x1
 556 0353 06       		.byte	0x6
 557 0354 00       		.byte	0
 558 0355 13       		.uleb128 0x13
 559 0356 58010000 		.4byte	.LASF73
ARM GAS  C:\Users\Reza\AppData\Local\Temp\ccbGxP3A.s 			page 16


 560 035a 0B       		.byte	0xb
 561 035b 6B       		.byte	0x6b
 562 035c 13010000 		.4byte	0x113
 563 0360 01       		.byte	0x1
 564 0361 01       		.byte	0x1
 565 0362 05       		.byte	0x5
 566 0363 00       		.byte	0
 567 0364 13       		.uleb128 0x13
 568 0365 E7040000 		.4byte	.LASF74
 569 0369 0B       		.byte	0xb
 570 036a 6C       		.byte	0x6c
 571 036b 13010000 		.4byte	0x113
 572 036f 01       		.byte	0x1
 573 0370 01       		.byte	0x1
 574 0371 04       		.byte	0x4
 575 0372 00       		.byte	0
 576 0373 13       		.uleb128 0x13
 577 0374 66010000 		.4byte	.LASF75
 578 0378 0B       		.byte	0xb
 579 0379 6D       		.byte	0x6d
 580 037a 13010000 		.4byte	0x113
 581 037e 01       		.byte	0x1
 582 037f 01       		.byte	0x1
 583 0380 03       		.byte	0x3
 584 0381 00       		.byte	0
 585 0382 00       		.byte	0
 586 0383 14       		.uleb128 0x14
 587 0384 01       		.byte	0x1
 588 0385 0B       		.byte	0xb
 589 0386 66       		.byte	0x66
 590 0387 A2030000 		.4byte	0x3a2
 591 038b 15       		.uleb128 0x15
 592 038c F9040000 		.4byte	.LASF76
 593 0390 0B       		.byte	0xb
 594 0391 67       		.byte	0x67
 595 0392 13010000 		.4byte	0x113
 596 0396 15       		.uleb128 0x15
 597 0397 15000000 		.4byte	.LASF77
 598 039b 0B       		.byte	0xb
 599 039c 6E       		.byte	0x6e
 600 039d 2F030000 		.4byte	0x32f
 601 03a1 00       		.byte	0
 602 03a2 16       		.uleb128 0x16
 603 03a3 E6030000 		.4byte	.LASF79
 604 03a7 02       		.byte	0x2
 605 03a8 DE       		.byte	0xde
 606 03a9 CA010000 		.4byte	0x1ca
 607 03ad 03       		.byte	0x3
 608 03ae D4030000 		.4byte	0x3d4
 609 03b2 17       		.uleb128 0x17
 610 03b3 F7030000 		.4byte	.LASF78
 611 03b7 02       		.byte	0x2
 612 03b8 DE       		.byte	0xde
 613 03b9 DA030000 		.4byte	0x3da
 614 03bd 17       		.uleb128 0x17
 615 03be 02010000 		.4byte	.LASF67
 616 03c2 02       		.byte	0x2
ARM GAS  C:\Users\Reza\AppData\Local\Temp\ccbGxP3A.s 			page 17


 617 03c3 DE       		.byte	0xde
 618 03c4 82020000 		.4byte	0x282
 619 03c8 18       		.uleb128 0x18
 620 03c9 72657400 		.ascii	"ret\000"
 621 03cd 02       		.byte	0x2
 622 03ce E1       		.byte	0xe1
 623 03cf CA010000 		.4byte	0x1ca
 624 03d3 00       		.byte	0
 625 03d4 0D       		.uleb128 0xd
 626 03d5 04       		.byte	0x4
 627 03d6 24030000 		.4byte	0x324
 628 03da 10       		.uleb128 0x10
 629 03db D4030000 		.4byte	0x3d4
 630 03df 16       		.uleb128 0x16
 631 03e0 32000000 		.4byte	.LASF80
 632 03e4 02       		.byte	0x2
 633 03e5 FC       		.byte	0xfc
 634 03e6 CA010000 		.4byte	0x1ca
 635 03ea 03       		.byte	0x3
 636 03eb 14040000 		.4byte	0x414
 637 03ef 17       		.uleb128 0x17
 638 03f0 F7030000 		.4byte	.LASF78
 639 03f4 02       		.byte	0x2
 640 03f5 FC       		.byte	0xfc
 641 03f6 DA030000 		.4byte	0x3da
 642 03fa 18       		.uleb128 0x18
 643 03fb 72657400 		.ascii	"ret\000"
 644 03ff 02       		.byte	0x2
 645 0400 FE       		.byte	0xfe
 646 0401 CA010000 		.4byte	0x1ca
 647 0405 19       		.uleb128 0x19
 648 0406 1A       		.uleb128 0x1a
 649 0407 02010000 		.4byte	.LASF67
 650 040b 02       		.byte	0x2
 651 040c 0201     		.2byte	0x102
 652 040e 26020000 		.4byte	0x226
 653 0412 00       		.byte	0
 654 0413 00       		.byte	0
 655 0414 1B       		.uleb128 0x1b
 656 0415 8A000000 		.4byte	.LASF71
 657 0419 01       		.byte	0x1
 658 041a 0F       		.byte	0xf
 659 041b 00000000 		.4byte	.LFB150
 660 041f 5C000000 		.4byte	.LFE150-.LFB150
 661 0423 01       		.uleb128 0x1
 662 0424 9C       		.byte	0x9c
 663 0425 BF040000 		.4byte	0x4bf
 664 0429 1C       		.uleb128 0x1c
 665 042a 0E000000 		.4byte	.LASF92
 666 042e 01       		.byte	0x1
 667 042f 12       		.byte	0x12
 668 0430 CA010000 		.4byte	0x1ca
 669 0434 00000000 		.4byte	.LLST0
 670 0438 1D       		.uleb128 0x1d
 671 0439 DF030000 		.4byte	0x3df
 672 043d 00000000 		.4byte	.LBB10
 673 0441 00000000 		.4byte	.Ldebug_ranges0+0
ARM GAS  C:\Users\Reza\AppData\Local\Temp\ccbGxP3A.s 			page 18


 674 0445 01       		.byte	0x1
 675 0446 14       		.byte	0x14
 676 0447 1E       		.uleb128 0x1e
 677 0448 EF030000 		.4byte	0x3ef
 678 044c 1F       		.uleb128 0x1f
 679 044d 00000000 		.4byte	.Ldebug_ranges0+0
 680 0451 20       		.uleb128 0x20
 681 0452 FA030000 		.4byte	0x3fa
 682 0456 15000000 		.4byte	.LLST1
 683 045a 21       		.uleb128 0x21
 684 045b 0C000000 		.4byte	.LBB12
 685 045f 2C000000 		.4byte	.LBE12-.LBB12
 686 0463 22       		.uleb128 0x22
 687 0464 06040000 		.4byte	0x406
 688 0468 02       		.uleb128 0x2
 689 0469 91       		.byte	0x91
 690 046a 70       		.sleb128 -16
 691 046b 23       		.uleb128 0x23
 692 046c A2030000 		.4byte	0x3a2
 693 0470 1A000000 		.4byte	.LBB13
 694 0474 18000000 		.4byte	.LBE13-.LBB13
 695 0478 02       		.byte	0x2
 696 0479 0801     		.2byte	0x108
 697 047b AF040000 		.4byte	0x4af
 698 047f 24       		.uleb128 0x24
 699 0480 BD030000 		.4byte	0x3bd
 700 0484 02       		.uleb128 0x2
 701 0485 91       		.byte	0x91
 702 0486 74       		.sleb128 -12
 703 0487 1E       		.uleb128 0x1e
 704 0488 B2030000 		.4byte	0x3b2
 705 048c 21       		.uleb128 0x21
 706 048d 1A000000 		.4byte	.LBB14
 707 0491 18000000 		.4byte	.LBE14-.LBB14
 708 0495 20       		.uleb128 0x20
 709 0496 C8030000 		.4byte	0x3c8
 710 049a 3F000000 		.4byte	.LLST2
 711 049e 25       		.uleb128 0x25
 712 049f 30000000 		.4byte	.LVL5
 713 04a3 23050000 		.4byte	0x523
 714 04a7 26       		.uleb128 0x26
 715 04a8 01       		.uleb128 0x1
 716 04a9 50       		.byte	0x50
 717 04aa 01       		.uleb128 0x1
 718 04ab 33       		.byte	0x33
 719 04ac 00       		.byte	0
 720 04ad 00       		.byte	0
 721 04ae 00       		.byte	0
 722 04af 27       		.uleb128 0x27
 723 04b0 10000000 		.4byte	.LVL1
 724 04b4 26       		.uleb128 0x26
 725 04b5 01       		.uleb128 0x1
 726 04b6 50       		.byte	0x50
 727 04b7 02       		.uleb128 0x2
 728 04b8 7D       		.byte	0x7d
 729 04b9 00       		.sleb128 0
 730 04ba 00       		.byte	0
ARM GAS  C:\Users\Reza\AppData\Local\Temp\ccbGxP3A.s 			page 19


 731 04bb 00       		.byte	0
 732 04bc 00       		.byte	0
 733 04bd 00       		.byte	0
 734 04be 00       		.byte	0
 735 04bf 28       		.uleb128 0x28
 736 04c0 E8050000 		.4byte	.LASF81
 737 04c4 0C       		.byte	0xc
 738 04c5 40       		.byte	0x40
 739 04c6 E6000000 		.4byte	0xe6
 740 04ca 28       		.uleb128 0x28
 741 04cb BF010000 		.4byte	.LASF82
 742 04cf 0C       		.byte	0xc
 743 04d0 47       		.byte	0x47
 744 04d1 F1000000 		.4byte	0xf1
 745 04d5 28       		.uleb128 0x28
 746 04d6 94040000 		.4byte	.LASF83
 747 04da 0C       		.byte	0xc
 748 04db 4A       		.byte	0x4a
 749 04dc E6000000 		.4byte	0xe6
 750 04e0 28       		.uleb128 0x28
 751 04e1 1F030000 		.4byte	.LASF84
 752 04e5 0D       		.byte	0xd
 753 04e6 48       		.byte	0x48
 754 04e7 FC000000 		.4byte	0xfc
 755 04eb 28       		.uleb128 0x28
 756 04ec 3A010000 		.4byte	.LASF85
 757 04f0 0E       		.byte	0xe
 758 04f1 44       		.byte	0x44
 759 04f2 E6000000 		.4byte	0xe6
 760 04f6 29       		.uleb128 0x29
 761 04f7 3D050000 		.4byte	.LASF86
 762 04fb 0F       		.byte	0xf
 763 04fc 1207     		.2byte	0x712
 764 04fe 02050000 		.4byte	0x502
 765 0502 06       		.uleb128 0x6
 766 0503 97000000 		.4byte	0x97
 767 0507 28       		.uleb128 0x28
 768 0508 00060000 		.4byte	.LASF87
 769 050c 10       		.byte	0x10
 770 050d 13       		.byte	0x13
 771 050e 24030000 		.4byte	0x324
 772 0512 2A       		.uleb128 0x2a
 773 0513 51040000 		.4byte	.LASF88
 774 0517 0B       		.byte	0xb
 775 0518 6F       		.byte	0x6f
 776 0519 83030000 		.4byte	0x383
 777 051d 05       		.uleb128 0x5
 778 051e 03       		.byte	0x3
 779 051f 00000000 		.4byte	runnables
 780 0523 2B       		.uleb128 0x2b
 781 0524 25050000 		.4byte	.LASF93
 782 0528 25050000 		.4byte	.LASF93
 783 052c 11       		.byte	0x11
 784 052d 4A01     		.2byte	0x14a
 785 052f 00       		.byte	0
 786              		.section	.debug_abbrev,"",%progbits
 787              	.Ldebug_abbrev0:
ARM GAS  C:\Users\Reza\AppData\Local\Temp\ccbGxP3A.s 			page 20


 788 0000 01       		.uleb128 0x1
 789 0001 11       		.uleb128 0x11
 790 0002 01       		.byte	0x1
 791 0003 25       		.uleb128 0x25
 792 0004 0E       		.uleb128 0xe
 793 0005 13       		.uleb128 0x13
 794 0006 0B       		.uleb128 0xb
 795 0007 03       		.uleb128 0x3
 796 0008 0E       		.uleb128 0xe
 797 0009 1B       		.uleb128 0x1b
 798 000a 0E       		.uleb128 0xe
 799 000b 55       		.uleb128 0x55
 800 000c 17       		.uleb128 0x17
 801 000d 11       		.uleb128 0x11
 802 000e 01       		.uleb128 0x1
 803 000f 10       		.uleb128 0x10
 804 0010 17       		.uleb128 0x17
 805 0011 00       		.byte	0
 806 0012 00       		.byte	0
 807 0013 02       		.uleb128 0x2
 808 0014 24       		.uleb128 0x24
 809 0015 00       		.byte	0
 810 0016 0B       		.uleb128 0xb
 811 0017 0B       		.uleb128 0xb
 812 0018 3E       		.uleb128 0x3e
 813 0019 0B       		.uleb128 0xb
 814 001a 03       		.uleb128 0x3
 815 001b 0E       		.uleb128 0xe
 816 001c 00       		.byte	0
 817 001d 00       		.byte	0
 818 001e 03       		.uleb128 0x3
 819 001f 16       		.uleb128 0x16
 820 0020 00       		.byte	0
 821 0021 03       		.uleb128 0x3
 822 0022 0E       		.uleb128 0xe
 823 0023 3A       		.uleb128 0x3a
 824 0024 0B       		.uleb128 0xb
 825 0025 3B       		.uleb128 0x3b
 826 0026 0B       		.uleb128 0xb
 827 0027 49       		.uleb128 0x49
 828 0028 13       		.uleb128 0x13
 829 0029 00       		.byte	0
 830 002a 00       		.byte	0
 831 002b 04       		.uleb128 0x4
 832 002c 24       		.uleb128 0x24
 833 002d 00       		.byte	0
 834 002e 0B       		.uleb128 0xb
 835 002f 0B       		.uleb128 0xb
 836 0030 3E       		.uleb128 0x3e
 837 0031 0B       		.uleb128 0xb
 838 0032 03       		.uleb128 0x3
 839 0033 08       		.uleb128 0x8
 840 0034 00       		.byte	0
 841 0035 00       		.byte	0
 842 0036 05       		.uleb128 0x5
 843 0037 16       		.uleb128 0x16
 844 0038 00       		.byte	0
ARM GAS  C:\Users\Reza\AppData\Local\Temp\ccbGxP3A.s 			page 21


 845 0039 03       		.uleb128 0x3
 846 003a 0E       		.uleb128 0xe
 847 003b 3A       		.uleb128 0x3a
 848 003c 0B       		.uleb128 0xb
 849 003d 3B       		.uleb128 0x3b
 850 003e 05       		.uleb128 0x5
 851 003f 49       		.uleb128 0x49
 852 0040 13       		.uleb128 0x13
 853 0041 00       		.byte	0
 854 0042 00       		.byte	0
 855 0043 06       		.uleb128 0x6
 856 0044 35       		.uleb128 0x35
 857 0045 00       		.byte	0
 858 0046 49       		.uleb128 0x49
 859 0047 13       		.uleb128 0x13
 860 0048 00       		.byte	0
 861 0049 00       		.byte	0
 862 004a 07       		.uleb128 0x7
 863 004b 04       		.uleb128 0x4
 864 004c 01       		.byte	0x1
 865 004d 03       		.uleb128 0x3
 866 004e 08       		.uleb128 0x8
 867 004f 0B       		.uleb128 0xb
 868 0050 0B       		.uleb128 0xb
 869 0051 49       		.uleb128 0x49
 870 0052 13       		.uleb128 0x13
 871 0053 3A       		.uleb128 0x3a
 872 0054 0B       		.uleb128 0xb
 873 0055 3B       		.uleb128 0x3b
 874 0056 0B       		.uleb128 0xb
 875 0057 01       		.uleb128 0x1
 876 0058 13       		.uleb128 0x13
 877 0059 00       		.byte	0
 878 005a 00       		.byte	0
 879 005b 08       		.uleb128 0x8
 880 005c 28       		.uleb128 0x28
 881 005d 00       		.byte	0
 882 005e 03       		.uleb128 0x3
 883 005f 0E       		.uleb128 0xe
 884 0060 1C       		.uleb128 0x1c
 885 0061 0B       		.uleb128 0xb
 886 0062 00       		.byte	0
 887 0063 00       		.byte	0
 888 0064 09       		.uleb128 0x9
 889 0065 28       		.uleb128 0x28
 890 0066 00       		.byte	0
 891 0067 03       		.uleb128 0x3
 892 0068 0E       		.uleb128 0xe
 893 0069 1C       		.uleb128 0x1c
 894 006a 0D       		.uleb128 0xd
 895 006b 00       		.byte	0
 896 006c 00       		.byte	0
 897 006d 0A       		.uleb128 0xa
 898 006e 04       		.uleb128 0x4
 899 006f 01       		.byte	0x1
 900 0070 0B       		.uleb128 0xb
 901 0071 0B       		.uleb128 0xb
ARM GAS  C:\Users\Reza\AppData\Local\Temp\ccbGxP3A.s 			page 22


 902 0072 49       		.uleb128 0x49
 903 0073 13       		.uleb128 0x13
 904 0074 3A       		.uleb128 0x3a
 905 0075 0B       		.uleb128 0xb
 906 0076 3B       		.uleb128 0x3b
 907 0077 0B       		.uleb128 0xb
 908 0078 01       		.uleb128 0x1
 909 0079 13       		.uleb128 0x13
 910 007a 00       		.byte	0
 911 007b 00       		.byte	0
 912 007c 0B       		.uleb128 0xb
 913 007d 13       		.uleb128 0x13
 914 007e 01       		.byte	0x1
 915 007f 0B       		.uleb128 0xb
 916 0080 0B       		.uleb128 0xb
 917 0081 3A       		.uleb128 0x3a
 918 0082 0B       		.uleb128 0xb
 919 0083 3B       		.uleb128 0x3b
 920 0084 0B       		.uleb128 0xb
 921 0085 01       		.uleb128 0x1
 922 0086 13       		.uleb128 0x13
 923 0087 00       		.byte	0
 924 0088 00       		.byte	0
 925 0089 0C       		.uleb128 0xc
 926 008a 0D       		.uleb128 0xd
 927 008b 00       		.byte	0
 928 008c 03       		.uleb128 0x3
 929 008d 08       		.uleb128 0x8
 930 008e 3A       		.uleb128 0x3a
 931 008f 0B       		.uleb128 0xb
 932 0090 3B       		.uleb128 0x3b
 933 0091 0B       		.uleb128 0xb
 934 0092 49       		.uleb128 0x49
 935 0093 13       		.uleb128 0x13
 936 0094 38       		.uleb128 0x38
 937 0095 0B       		.uleb128 0xb
 938 0096 00       		.byte	0
 939 0097 00       		.byte	0
 940 0098 0D       		.uleb128 0xd
 941 0099 0F       		.uleb128 0xf
 942 009a 00       		.byte	0
 943 009b 0B       		.uleb128 0xb
 944 009c 0B       		.uleb128 0xb
 945 009d 49       		.uleb128 0x49
 946 009e 13       		.uleb128 0x13
 947 009f 00       		.byte	0
 948 00a0 00       		.byte	0
 949 00a1 0E       		.uleb128 0xe
 950 00a2 15       		.uleb128 0x15
 951 00a3 01       		.byte	0x1
 952 00a4 27       		.uleb128 0x27
 953 00a5 19       		.uleb128 0x19
 954 00a6 49       		.uleb128 0x49
 955 00a7 13       		.uleb128 0x13
 956 00a8 01       		.uleb128 0x1
 957 00a9 13       		.uleb128 0x13
 958 00aa 00       		.byte	0
ARM GAS  C:\Users\Reza\AppData\Local\Temp\ccbGxP3A.s 			page 23


 959 00ab 00       		.byte	0
 960 00ac 0F       		.uleb128 0xf
 961 00ad 05       		.uleb128 0x5
 962 00ae 00       		.byte	0
 963 00af 49       		.uleb128 0x49
 964 00b0 13       		.uleb128 0x13
 965 00b1 00       		.byte	0
 966 00b2 00       		.byte	0
 967 00b3 10       		.uleb128 0x10
 968 00b4 26       		.uleb128 0x26
 969 00b5 00       		.byte	0
 970 00b6 49       		.uleb128 0x49
 971 00b7 13       		.uleb128 0x13
 972 00b8 00       		.byte	0
 973 00b9 00       		.byte	0
 974 00ba 11       		.uleb128 0x11
 975 00bb 13       		.uleb128 0x13
 976 00bc 01       		.byte	0x1
 977 00bd 03       		.uleb128 0x3
 978 00be 0E       		.uleb128 0xe
 979 00bf 0B       		.uleb128 0xb
 980 00c0 0B       		.uleb128 0xb
 981 00c1 3A       		.uleb128 0x3a
 982 00c2 0B       		.uleb128 0xb
 983 00c3 3B       		.uleb128 0x3b
 984 00c4 0B       		.uleb128 0xb
 985 00c5 01       		.uleb128 0x1
 986 00c6 13       		.uleb128 0x13
 987 00c7 00       		.byte	0
 988 00c8 00       		.byte	0
 989 00c9 12       		.uleb128 0x12
 990 00ca 0D       		.uleb128 0xd
 991 00cb 00       		.byte	0
 992 00cc 03       		.uleb128 0x3
 993 00cd 0E       		.uleb128 0xe
 994 00ce 3A       		.uleb128 0x3a
 995 00cf 0B       		.uleb128 0xb
 996 00d0 3B       		.uleb128 0x3b
 997 00d1 0B       		.uleb128 0xb
 998 00d2 49       		.uleb128 0x49
 999 00d3 13       		.uleb128 0x13
 1000 00d4 38       		.uleb128 0x38
 1001 00d5 0B       		.uleb128 0xb
 1002 00d6 00       		.byte	0
 1003 00d7 00       		.byte	0
 1004 00d8 13       		.uleb128 0x13
 1005 00d9 0D       		.uleb128 0xd
 1006 00da 00       		.byte	0
 1007 00db 03       		.uleb128 0x3
 1008 00dc 0E       		.uleb128 0xe
 1009 00dd 3A       		.uleb128 0x3a
 1010 00de 0B       		.uleb128 0xb
 1011 00df 3B       		.uleb128 0x3b
 1012 00e0 0B       		.uleb128 0xb
 1013 00e1 49       		.uleb128 0x49
 1014 00e2 13       		.uleb128 0x13
 1015 00e3 0B       		.uleb128 0xb
ARM GAS  C:\Users\Reza\AppData\Local\Temp\ccbGxP3A.s 			page 24


 1016 00e4 0B       		.uleb128 0xb
 1017 00e5 0D       		.uleb128 0xd
 1018 00e6 0B       		.uleb128 0xb
 1019 00e7 0C       		.uleb128 0xc
 1020 00e8 0B       		.uleb128 0xb
 1021 00e9 38       		.uleb128 0x38
 1022 00ea 0B       		.uleb128 0xb
 1023 00eb 00       		.byte	0
 1024 00ec 00       		.byte	0
 1025 00ed 14       		.uleb128 0x14
 1026 00ee 17       		.uleb128 0x17
 1027 00ef 01       		.byte	0x1
 1028 00f0 0B       		.uleb128 0xb
 1029 00f1 0B       		.uleb128 0xb
 1030 00f2 3A       		.uleb128 0x3a
 1031 00f3 0B       		.uleb128 0xb
 1032 00f4 3B       		.uleb128 0x3b
 1033 00f5 0B       		.uleb128 0xb
 1034 00f6 01       		.uleb128 0x1
 1035 00f7 13       		.uleb128 0x13
 1036 00f8 00       		.byte	0
 1037 00f9 00       		.byte	0
 1038 00fa 15       		.uleb128 0x15
 1039 00fb 0D       		.uleb128 0xd
 1040 00fc 00       		.byte	0
 1041 00fd 03       		.uleb128 0x3
 1042 00fe 0E       		.uleb128 0xe
 1043 00ff 3A       		.uleb128 0x3a
 1044 0100 0B       		.uleb128 0xb
 1045 0101 3B       		.uleb128 0x3b
 1046 0102 0B       		.uleb128 0xb
 1047 0103 49       		.uleb128 0x49
 1048 0104 13       		.uleb128 0x13
 1049 0105 00       		.byte	0
 1050 0106 00       		.byte	0
 1051 0107 16       		.uleb128 0x16
 1052 0108 2E       		.uleb128 0x2e
 1053 0109 01       		.byte	0x1
 1054 010a 3F       		.uleb128 0x3f
 1055 010b 19       		.uleb128 0x19
 1056 010c 03       		.uleb128 0x3
 1057 010d 0E       		.uleb128 0xe
 1058 010e 3A       		.uleb128 0x3a
 1059 010f 0B       		.uleb128 0xb
 1060 0110 3B       		.uleb128 0x3b
 1061 0111 0B       		.uleb128 0xb
 1062 0112 27       		.uleb128 0x27
 1063 0113 19       		.uleb128 0x19
 1064 0114 49       		.uleb128 0x49
 1065 0115 13       		.uleb128 0x13
 1066 0116 20       		.uleb128 0x20
 1067 0117 0B       		.uleb128 0xb
 1068 0118 01       		.uleb128 0x1
 1069 0119 13       		.uleb128 0x13
 1070 011a 00       		.byte	0
 1071 011b 00       		.byte	0
 1072 011c 17       		.uleb128 0x17
ARM GAS  C:\Users\Reza\AppData\Local\Temp\ccbGxP3A.s 			page 25


 1073 011d 05       		.uleb128 0x5
 1074 011e 00       		.byte	0
 1075 011f 03       		.uleb128 0x3
 1076 0120 0E       		.uleb128 0xe
 1077 0121 3A       		.uleb128 0x3a
 1078 0122 0B       		.uleb128 0xb
 1079 0123 3B       		.uleb128 0x3b
 1080 0124 0B       		.uleb128 0xb
 1081 0125 49       		.uleb128 0x49
 1082 0126 13       		.uleb128 0x13
 1083 0127 00       		.byte	0
 1084 0128 00       		.byte	0
 1085 0129 18       		.uleb128 0x18
 1086 012a 34       		.uleb128 0x34
 1087 012b 00       		.byte	0
 1088 012c 03       		.uleb128 0x3
 1089 012d 08       		.uleb128 0x8
 1090 012e 3A       		.uleb128 0x3a
 1091 012f 0B       		.uleb128 0xb
 1092 0130 3B       		.uleb128 0x3b
 1093 0131 0B       		.uleb128 0xb
 1094 0132 49       		.uleb128 0x49
 1095 0133 13       		.uleb128 0x13
 1096 0134 00       		.byte	0
 1097 0135 00       		.byte	0
 1098 0136 19       		.uleb128 0x19
 1099 0137 0B       		.uleb128 0xb
 1100 0138 01       		.byte	0x1
 1101 0139 00       		.byte	0
 1102 013a 00       		.byte	0
 1103 013b 1A       		.uleb128 0x1a
 1104 013c 34       		.uleb128 0x34
 1105 013d 00       		.byte	0
 1106 013e 03       		.uleb128 0x3
 1107 013f 0E       		.uleb128 0xe
 1108 0140 3A       		.uleb128 0x3a
 1109 0141 0B       		.uleb128 0xb
 1110 0142 3B       		.uleb128 0x3b
 1111 0143 05       		.uleb128 0x5
 1112 0144 49       		.uleb128 0x49
 1113 0145 13       		.uleb128 0x13
 1114 0146 00       		.byte	0
 1115 0147 00       		.byte	0
 1116 0148 1B       		.uleb128 0x1b
 1117 0149 2E       		.uleb128 0x2e
 1118 014a 01       		.byte	0x1
 1119 014b 3F       		.uleb128 0x3f
 1120 014c 19       		.uleb128 0x19
 1121 014d 03       		.uleb128 0x3
 1122 014e 0E       		.uleb128 0xe
 1123 014f 3A       		.uleb128 0x3a
 1124 0150 0B       		.uleb128 0xb
 1125 0151 3B       		.uleb128 0x3b
 1126 0152 0B       		.uleb128 0xb
 1127 0153 11       		.uleb128 0x11
 1128 0154 01       		.uleb128 0x1
 1129 0155 12       		.uleb128 0x12
ARM GAS  C:\Users\Reza\AppData\Local\Temp\ccbGxP3A.s 			page 26


 1130 0156 06       		.uleb128 0x6
 1131 0157 40       		.uleb128 0x40
 1132 0158 18       		.uleb128 0x18
 1133 0159 9742     		.uleb128 0x2117
 1134 015b 19       		.uleb128 0x19
 1135 015c 01       		.uleb128 0x1
 1136 015d 13       		.uleb128 0x13
 1137 015e 00       		.byte	0
 1138 015f 00       		.byte	0
 1139 0160 1C       		.uleb128 0x1c
 1140 0161 34       		.uleb128 0x34
 1141 0162 00       		.byte	0
 1142 0163 03       		.uleb128 0x3
 1143 0164 0E       		.uleb128 0xe
 1144 0165 3A       		.uleb128 0x3a
 1145 0166 0B       		.uleb128 0xb
 1146 0167 3B       		.uleb128 0x3b
 1147 0168 0B       		.uleb128 0xb
 1148 0169 49       		.uleb128 0x49
 1149 016a 13       		.uleb128 0x13
 1150 016b 02       		.uleb128 0x2
 1151 016c 17       		.uleb128 0x17
 1152 016d 00       		.byte	0
 1153 016e 00       		.byte	0
 1154 016f 1D       		.uleb128 0x1d
 1155 0170 1D       		.uleb128 0x1d
 1156 0171 01       		.byte	0x1
 1157 0172 31       		.uleb128 0x31
 1158 0173 13       		.uleb128 0x13
 1159 0174 52       		.uleb128 0x52
 1160 0175 01       		.uleb128 0x1
 1161 0176 55       		.uleb128 0x55
 1162 0177 17       		.uleb128 0x17
 1163 0178 58       		.uleb128 0x58
 1164 0179 0B       		.uleb128 0xb
 1165 017a 59       		.uleb128 0x59
 1166 017b 0B       		.uleb128 0xb
 1167 017c 00       		.byte	0
 1168 017d 00       		.byte	0
 1169 017e 1E       		.uleb128 0x1e
 1170 017f 05       		.uleb128 0x5
 1171 0180 00       		.byte	0
 1172 0181 31       		.uleb128 0x31
 1173 0182 13       		.uleb128 0x13
 1174 0183 00       		.byte	0
 1175 0184 00       		.byte	0
 1176 0185 1F       		.uleb128 0x1f
 1177 0186 0B       		.uleb128 0xb
 1178 0187 01       		.byte	0x1
 1179 0188 55       		.uleb128 0x55
 1180 0189 17       		.uleb128 0x17
 1181 018a 00       		.byte	0
 1182 018b 00       		.byte	0
 1183 018c 20       		.uleb128 0x20
 1184 018d 34       		.uleb128 0x34
 1185 018e 00       		.byte	0
 1186 018f 31       		.uleb128 0x31
ARM GAS  C:\Users\Reza\AppData\Local\Temp\ccbGxP3A.s 			page 27


 1187 0190 13       		.uleb128 0x13
 1188 0191 02       		.uleb128 0x2
 1189 0192 17       		.uleb128 0x17
 1190 0193 00       		.byte	0
 1191 0194 00       		.byte	0
 1192 0195 21       		.uleb128 0x21
 1193 0196 0B       		.uleb128 0xb
 1194 0197 01       		.byte	0x1
 1195 0198 11       		.uleb128 0x11
 1196 0199 01       		.uleb128 0x1
 1197 019a 12       		.uleb128 0x12
 1198 019b 06       		.uleb128 0x6
 1199 019c 00       		.byte	0
 1200 019d 00       		.byte	0
 1201 019e 22       		.uleb128 0x22
 1202 019f 34       		.uleb128 0x34
 1203 01a0 00       		.byte	0
 1204 01a1 31       		.uleb128 0x31
 1205 01a2 13       		.uleb128 0x13
 1206 01a3 02       		.uleb128 0x2
 1207 01a4 18       		.uleb128 0x18
 1208 01a5 00       		.byte	0
 1209 01a6 00       		.byte	0
 1210 01a7 23       		.uleb128 0x23
 1211 01a8 1D       		.uleb128 0x1d
 1212 01a9 01       		.byte	0x1
 1213 01aa 31       		.uleb128 0x31
 1214 01ab 13       		.uleb128 0x13
 1215 01ac 11       		.uleb128 0x11
 1216 01ad 01       		.uleb128 0x1
 1217 01ae 12       		.uleb128 0x12
 1218 01af 06       		.uleb128 0x6
 1219 01b0 58       		.uleb128 0x58
 1220 01b1 0B       		.uleb128 0xb
 1221 01b2 59       		.uleb128 0x59
 1222 01b3 05       		.uleb128 0x5
 1223 01b4 01       		.uleb128 0x1
 1224 01b5 13       		.uleb128 0x13
 1225 01b6 00       		.byte	0
 1226 01b7 00       		.byte	0
 1227 01b8 24       		.uleb128 0x24
 1228 01b9 05       		.uleb128 0x5
 1229 01ba 00       		.byte	0
 1230 01bb 31       		.uleb128 0x31
 1231 01bc 13       		.uleb128 0x13
 1232 01bd 02       		.uleb128 0x2
 1233 01be 18       		.uleb128 0x18
 1234 01bf 00       		.byte	0
 1235 01c0 00       		.byte	0
 1236 01c1 25       		.uleb128 0x25
 1237 01c2 898201   		.uleb128 0x4109
 1238 01c5 01       		.byte	0x1
 1239 01c6 11       		.uleb128 0x11
 1240 01c7 01       		.uleb128 0x1
 1241 01c8 31       		.uleb128 0x31
 1242 01c9 13       		.uleb128 0x13
 1243 01ca 00       		.byte	0
ARM GAS  C:\Users\Reza\AppData\Local\Temp\ccbGxP3A.s 			page 28


 1244 01cb 00       		.byte	0
 1245 01cc 26       		.uleb128 0x26
 1246 01cd 8A8201   		.uleb128 0x410a
 1247 01d0 00       		.byte	0
 1248 01d1 02       		.uleb128 0x2
 1249 01d2 18       		.uleb128 0x18
 1250 01d3 9142     		.uleb128 0x2111
 1251 01d5 18       		.uleb128 0x18
 1252 01d6 00       		.byte	0
 1253 01d7 00       		.byte	0
 1254 01d8 27       		.uleb128 0x27
 1255 01d9 898201   		.uleb128 0x4109
 1256 01dc 01       		.byte	0x1
 1257 01dd 11       		.uleb128 0x11
 1258 01de 01       		.uleb128 0x1
 1259 01df 00       		.byte	0
 1260 01e0 00       		.byte	0
 1261 01e1 28       		.uleb128 0x28
 1262 01e2 34       		.uleb128 0x34
 1263 01e3 00       		.byte	0
 1264 01e4 03       		.uleb128 0x3
 1265 01e5 0E       		.uleb128 0xe
 1266 01e6 3A       		.uleb128 0x3a
 1267 01e7 0B       		.uleb128 0xb
 1268 01e8 3B       		.uleb128 0x3b
 1269 01e9 0B       		.uleb128 0xb
 1270 01ea 49       		.uleb128 0x49
 1271 01eb 13       		.uleb128 0x13
 1272 01ec 3F       		.uleb128 0x3f
 1273 01ed 19       		.uleb128 0x19
 1274 01ee 3C       		.uleb128 0x3c
 1275 01ef 19       		.uleb128 0x19
 1276 01f0 00       		.byte	0
 1277 01f1 00       		.byte	0
 1278 01f2 29       		.uleb128 0x29
 1279 01f3 34       		.uleb128 0x34
 1280 01f4 00       		.byte	0
 1281 01f5 03       		.uleb128 0x3
 1282 01f6 0E       		.uleb128 0xe
 1283 01f7 3A       		.uleb128 0x3a
 1284 01f8 0B       		.uleb128 0xb
 1285 01f9 3B       		.uleb128 0x3b
 1286 01fa 05       		.uleb128 0x5
 1287 01fb 49       		.uleb128 0x49
 1288 01fc 13       		.uleb128 0x13
 1289 01fd 3F       		.uleb128 0x3f
 1290 01fe 19       		.uleb128 0x19
 1291 01ff 3C       		.uleb128 0x3c
 1292 0200 19       		.uleb128 0x19
 1293 0201 00       		.byte	0
 1294 0202 00       		.byte	0
 1295 0203 2A       		.uleb128 0x2a
 1296 0204 34       		.uleb128 0x34
 1297 0205 00       		.byte	0
 1298 0206 03       		.uleb128 0x3
 1299 0207 0E       		.uleb128 0xe
 1300 0208 3A       		.uleb128 0x3a
ARM GAS  C:\Users\Reza\AppData\Local\Temp\ccbGxP3A.s 			page 29


 1301 0209 0B       		.uleb128 0xb
 1302 020a 3B       		.uleb128 0x3b
 1303 020b 0B       		.uleb128 0xb
 1304 020c 49       		.uleb128 0x49
 1305 020d 13       		.uleb128 0x13
 1306 020e 3F       		.uleb128 0x3f
 1307 020f 19       		.uleb128 0x19
 1308 0210 02       		.uleb128 0x2
 1309 0211 18       		.uleb128 0x18
 1310 0212 00       		.byte	0
 1311 0213 00       		.byte	0
 1312 0214 2B       		.uleb128 0x2b
 1313 0215 2E       		.uleb128 0x2e
 1314 0216 00       		.byte	0
 1315 0217 3F       		.uleb128 0x3f
 1316 0218 19       		.uleb128 0x19
 1317 0219 3C       		.uleb128 0x3c
 1318 021a 19       		.uleb128 0x19
 1319 021b 6E       		.uleb128 0x6e
 1320 021c 0E       		.uleb128 0xe
 1321 021d 03       		.uleb128 0x3
 1322 021e 0E       		.uleb128 0xe
 1323 021f 3A       		.uleb128 0x3a
 1324 0220 0B       		.uleb128 0xb
 1325 0221 3B       		.uleb128 0x3b
 1326 0222 05       		.uleb128 0x5
 1327 0223 00       		.byte	0
 1328 0224 00       		.byte	0
 1329 0225 00       		.byte	0
 1330              		.section	.debug_loc,"",%progbits
 1331              	.Ldebug_loc0:
 1332              	.LLST0:
 1333 0000 00000000 		.4byte	.LVL0
 1334 0004 38000000 		.4byte	.LVL7
 1335 0008 0300     		.2byte	0x3
 1336 000a 09       		.byte	0x9
 1337 000b FF       		.byte	0xff
 1338 000c 9F       		.byte	0x9f
 1339 000d 00000000 		.4byte	0
 1340 0011 00000000 		.4byte	0
 1341              	.LLST1:
 1342 0015 00000000 		.4byte	.LVL0
 1343 0019 10000000 		.4byte	.LVL1
 1344 001d 0200     		.2byte	0x2
 1345 001f 30       		.byte	0x30
 1346 0020 9F       		.byte	0x9f
 1347 0021 10000000 		.4byte	.LVL1
 1348 0025 2C000000 		.4byte	.LVL4
 1349 0029 0100     		.2byte	0x1
 1350 002b 50       		.byte	0x50
 1351 002c 32000000 		.4byte	.LVL6
 1352 0030 38000000 		.4byte	.LVL7
 1353 0034 0100     		.2byte	0x1
 1354 0036 50       		.byte	0x50
 1355 0037 00000000 		.4byte	0
 1356 003b 00000000 		.4byte	0
 1357              	.LLST2:
ARM GAS  C:\Users\Reza\AppData\Local\Temp\ccbGxP3A.s 			page 30


 1358 003f 1A000000 		.4byte	.LVL3
 1359 0043 32000000 		.4byte	.LVL6
 1360 0047 0200     		.2byte	0x2
 1361 0049 30       		.byte	0x30
 1362 004a 9F       		.byte	0x9f
 1363 004b 00000000 		.4byte	0
 1364 004f 00000000 		.4byte	0
 1365              		.section	.debug_aranges,"",%progbits
 1366 0000 1C000000 		.4byte	0x1c
 1367 0004 0200     		.2byte	0x2
 1368 0006 00000000 		.4byte	.Ldebug_info0
 1369 000a 04       		.byte	0x4
 1370 000b 00       		.byte	0
 1371 000c 0000     		.2byte	0
 1372 000e 0000     		.2byte	0
 1373 0010 00000000 		.4byte	.LFB150
 1374 0014 5C000000 		.4byte	.LFE150-.LFB150
 1375 0018 00000000 		.4byte	0
 1376 001c 00000000 		.4byte	0
 1377              		.section	.debug_ranges,"",%progbits
 1378              	.Ldebug_ranges0:
 1379 0000 00000000 		.4byte	.LBB10
 1380 0004 08000000 		.4byte	.LBE10
 1381 0008 0C000000 		.4byte	.LBB16
 1382 000c 38000000 		.4byte	.LBE16
 1383 0010 00000000 		.4byte	0
 1384 0014 00000000 		.4byte	0
 1385 0018 00000000 		.4byte	.LFB150
 1386 001c 5C000000 		.4byte	.LFE150
 1387 0020 00000000 		.4byte	0
 1388 0024 00000000 		.4byte	0
 1389              		.section	.debug_line,"",%progbits
 1390              	.Ldebug_line0:
 1391 0000 FA020000 		.section	.debug_str,"MS",%progbits,1
 1391      0200C102 
 1391      00000201 
 1391      FB0E0D00 
 1391      01010101 
 1392              	.LASF29:
 1393 0000 52435F45 		.ascii	"RC_ERROR_NULL\000"
 1393      52524F52 
 1393      5F4E554C 
 1393      4C00
 1394              	.LASF92:
 1395 000e 72657375 		.ascii	"result\000"
 1395      6C7400
 1396              	.LASF77:
 1397 0015 6269745F 		.ascii	"bit_field\000"
 1397      6669656C 
 1397      6400
 1398              	.LASF22:
 1399 001f 45455F55 		.ascii	"EE_UREG\000"
 1399      52454700 
 1400              	.LASF27:
 1401 0027 52435F53 		.ascii	"RC_SUCCESS\000"
 1401      55434345 
 1401      535300
ARM GAS  C:\Users\Reza\AppData\Local\Temp\ccbGxP3A.s 			page 31


 1402              	.LASF80:
 1403 0032 5254455F 		.ascii	"RTE_ADC_pullPort\000"
 1403      4144435F 
 1403      70756C6C 
 1403      506F7274 
 1403      00
 1404              	.LASF25:
 1405 0043 4576656E 		.ascii	"EventMaskType\000"
 1405      744D6173 
 1405      6B547970 
 1405      6500
 1406              	.LASF2:
 1407 0051 73686F72 		.ascii	"short int\000"
 1407      7420696E 
 1407      7400
 1408              	.LASF33:
 1409 005b 52435F45 		.ascii	"RC_ERROR_OVERRUN\000"
 1409      52524F52 
 1409      5F4F5645 
 1409      5252554E 
 1409      00
 1410              	.LASF45:
 1411 006c 52435F45 		.ascii	"RC_ERROR_WRITE_FAILS\000"
 1411      52524F52 
 1411      5F575249 
 1411      54455F46 
 1411      41494C53 
 1412              	.LASF19:
 1413 0081 73697A65 		.ascii	"sizetype\000"
 1413      74797065 
 1413      00
 1414              	.LASF71:
 1415 008a 72756E5F 		.ascii	"run_readJoystick\000"
 1415      72656164 
 1415      4A6F7973 
 1415      7469636B 
 1415      00
 1416              	.LASF55:
 1417 009b 5254455F 		.ascii	"RTE_SIGNALSTATUS_VALID\000"
 1417      5349474E 
 1417      414C5354 
 1417      41545553 
 1417      5F56414C 
 1418              	.LASF26:
 1419 00b2 73696E74 		.ascii	"sint8_t\000"
 1419      385F7400 
 1420              	.LASF44:
 1421 00ba 52435F45 		.ascii	"RC_ERROR_READ_FAILS\000"
 1421      52524F52 
 1421      5F524541 
 1421      445F4641 
 1421      494C5300 
 1422              	.LASF7:
 1423 00ce 5F5F7569 		.ascii	"__uint32_t\000"
 1423      6E743332 
 1423      5F7400
 1424              	.LASF23:
ARM GAS  C:\Users\Reza\AppData\Local\Temp\ccbGxP3A.s 			page 32


 1425 00d9 45455F46 		.ascii	"EE_FREG\000"
 1425      52454700 
 1426              	.LASF90:
 1427 00e1 736F7572 		.ascii	"source\\asw\\swc_joystick.c\000"
 1427      63655C61 
 1427      73775C73 
 1427      77635F6A 
 1427      6F797374 
 1428              	.LASF24:
 1429 00fb 45455F54 		.ascii	"EE_TID\000"
 1429      494400
 1430              	.LASF67:
 1431 0102 76616C75 		.ascii	"value\000"
 1431      6500
 1432              	.LASF12:
 1433 0108 75696E74 		.ascii	"uint8_t\000"
 1433      385F7400 
 1434              	.LASF50:
 1435 0110 52435F45 		.ascii	"RC_ERROR_INVALID_STATE\000"
 1435      52524F52 
 1435      5F494E56 
 1435      414C4944 
 1435      5F535441 
 1436              	.LASF57:
 1437 0127 5254455F 		.ascii	"RTE_signalStatus_t\000"
 1437      7369676E 
 1437      616C5374 
 1437      61747573 
 1437      5F7400
 1438              	.LASF85:
 1439 013a 45455F49 		.ascii	"EE_IRQ_nesting_level\000"
 1439      52515F6E 
 1439      65737469 
 1439      6E675F6C 
 1439      6576656C 
 1440              	.LASF20:
 1441 014f 45455F49 		.ascii	"EE_INT32\000"
 1441      4E543332 
 1441      00
 1442              	.LASF73:
 1443 0158 72756E5F 		.ascii	"run_setEngine\000"
 1443      73657445 
 1443      6E67696E 
 1443      6500
 1444              	.LASF75:
 1445 0166 72756E5F 		.ascii	"run_setLcd\000"
 1445      7365744C 
 1445      636400
 1446              	.LASF32:
 1447 0171 52435F45 		.ascii	"RC_ERROR_RANGE\000"
 1447      52524F52 
 1447      5F52414E 
 1447      474500
 1448              	.LASF15:
 1449 0180 666C6F61 		.ascii	"float\000"
 1449      7400
 1450              	.LASF42:
ARM GAS  C:\Users\Reza\AppData\Local\Temp\ccbGxP3A.s 			page 33


 1451 0186 52435F45 		.ascii	"RC_ERROR_WRITE_ONLY\000"
 1451      52524F52 
 1451      5F575249 
 1451      54455F4F 
 1451      4E4C5900 
 1452              	.LASF9:
 1453 019a 6C6F6E67 		.ascii	"long long int\000"
 1453      206C6F6E 
 1453      6720696E 
 1453      7400
 1454              	.LASF10:
 1455 01a8 6C6F6E67 		.ascii	"long long unsigned int\000"
 1455      206C6F6E 
 1455      6720756E 
 1455      7369676E 
 1455      65642069 
 1456              	.LASF82:
 1457 01bf 45455F6F 		.ascii	"EE_oo_IRQ_suspend_status\000"
 1457      6F5F4952 
 1457      515F7375 
 1457      7370656E 
 1457      645F7374 
 1458              	.LASF46:
 1459 01d8 52435F45 		.ascii	"RC_ERROR_NOT_MATCH\000"
 1459      52524F52 
 1459      5F4E4F54 
 1459      5F4D4154 
 1459      434800
 1460              	.LASF51:
 1461 01eb 52435F45 		.ascii	"RC_ERROR_UNKNOWN\000"
 1461      52524F52 
 1461      5F554E4B 
 1461      4E4F574E 
 1461      00
 1462              	.LASF30:
 1463 01fc 52435F45 		.ascii	"RC_ERROR_ZERO\000"
 1463      52524F52 
 1463      5F5A4552 
 1463      4F00
 1464              	.LASF6:
 1465 020a 6C6F6E67 		.ascii	"long int\000"
 1465      20696E74 
 1465      00
 1466              	.LASF34:
 1467 0213 52435F45 		.ascii	"RC_ERROR_UNDERRUN\000"
 1467      52524F52 
 1467      5F554E44 
 1467      45525255 
 1467      4E00
 1468              	.LASF37:
 1469 0225 52435F45 		.ascii	"RC_ERROR_BUSY\000"
 1469      52524F52 
 1469      5F425553 
 1469      5900
 1470              	.LASF53:
 1471 0233 5254455F 		.ascii	"RTE_SIGNALSTATUS_STARTUP\000"
 1471      5349474E 
ARM GAS  C:\Users\Reza\AppData\Local\Temp\ccbGxP3A.s 			page 34


 1471      414C5354 
 1471      41545553 
 1471      5F535441 
 1472              	.LASF4:
 1473 024c 5F5F7569 		.ascii	"__uint8_t\000"
 1473      6E74385F 
 1473      7400
 1474              	.LASF43:
 1475 0256 52435F45 		.ascii	"RC_ERROR_INVALID\000"
 1475      52524F52 
 1475      5F494E56 
 1475      414C4944 
 1475      00
 1476              	.LASF48:
 1477 0267 52435F45 		.ascii	"RC_ERROR_BAD_DATA\000"
 1477      52524F52 
 1477      5F424144 
 1477      5F444154 
 1477      4100
 1478              	.LASF41:
 1479 0279 52435F45 		.ascii	"RC_ERROR_READ_ONLY\000"
 1479      52524F52 
 1479      5F524541 
 1479      445F4F4E 
 1479      4C5900
 1480              	.LASF62:
 1481 028c 6F757444 		.ascii	"outDriver\000"
 1481      72697665 
 1481      7200
 1482              	.LASF18:
 1483 0296 6C6F6E67 		.ascii	"long double\000"
 1483      20646F75 
 1483      626C6500 
 1484              	.LASF60:
 1485 02a2 4144435F 		.ascii	"ADC_driverOut_t\000"
 1485      64726976 
 1485      65724F75 
 1485      745F7400 
 1486              	.LASF1:
 1487 02b2 756E7369 		.ascii	"unsigned char\000"
 1487      676E6564 
 1487      20636861 
 1487      7200
 1488              	.LASF21:
 1489 02c0 45455F55 		.ascii	"EE_UINT32\000"
 1489      494E5433 
 1489      3200
 1490              	.LASF0:
 1491 02ca 7369676E 		.ascii	"signed char\000"
 1491      65642063 
 1491      68617200 
 1492              	.LASF66:
 1493 02d6 4144435F 		.ascii	"ADC_s\000"
 1493      7300
 1494              	.LASF70:
 1495 02dc 4144435F 		.ascii	"ADC_t\000"
 1495      7400
ARM GAS  C:\Users\Reza\AppData\Local\Temp\ccbGxP3A.s 			page 35


 1496              	.LASF14:
 1497 02e2 75696E74 		.ascii	"uint32_t\000"
 1497      33325F74 
 1497      00
 1498              	.LASF11:
 1499 02eb 756E7369 		.ascii	"unsigned int\000"
 1499      676E6564 
 1499      20696E74 
 1499      00
 1500              	.LASF39:
 1501 02f8 52435F45 		.ascii	"RC_ERROR_OPEN\000"
 1501      52524F52 
 1501      5F4F5045 
 1501      4E00
 1502              	.LASF59:
 1503 0306 4144435F 		.ascii	"ADC_driverIn_t\000"
 1503      64726976 
 1503      6572496E 
 1503      5F7400
 1504              	.LASF65:
 1505 0315 4144435F 		.ascii	"ADC_cfg_s\000"
 1505      6366675F 
 1505      7300
 1506              	.LASF84:
 1507 031f 45455F73 		.ascii	"EE_std_endcycle_next_tid\000"
 1507      74645F65 
 1507      6E646379 
 1507      636C655F 
 1507      6E657874 
 1508              	.LASF91:
 1509 0338 453A5C4E 		.ascii	"E:\\New_Dell_Laptop_18.04.2021\\Drive_D\\hda\\Summe"
 1509      65775F44 
 1509      656C6C5F 
 1509      4C617074 
 1509      6F705F31 
 1510 0367 725F5365 		.ascii	"r_Semester_2020\\Embedded Architecture and Applicat"
 1510      6D657374 
 1510      65725F32 
 1510      3032305C 
 1510      456D6265 
 1511 0399 696F6E5C 		.ascii	"ion\\Lab1\\Work_Space_RTE\\RTE_Electronic_Clock.cyd"
 1511      4C616231 
 1511      5C576F72 
 1511      6B5F5370 
 1511      6163655F 
 1512 03c9 736E00   		.ascii	"sn\000"
 1513              	.LASF69:
 1514 03cc 70536967 		.ascii	"pSigCfg\000"
 1514      43666700 
 1515              	.LASF63:
 1516 03d4 65764F6E 		.ascii	"evOnUpdate\000"
 1516      55706461 
 1516      746500
 1517              	.LASF68:
 1518 03df 73746174 		.ascii	"status\000"
 1518      757300
 1519              	.LASF79:
ARM GAS  C:\Users\Reza\AppData\Local\Temp\ccbGxP3A.s 			page 36


 1520 03e6 5254455F 		.ascii	"RTE_ADC_set\000"
 1520      4144435F 
 1520      73657400 
 1521              	.LASF17:
 1522 03f2 63686172 		.ascii	"char\000"
 1522      00
 1523              	.LASF78:
 1524 03f7 7369676E 		.ascii	"signal\000"
 1524      616C00
 1525              	.LASF56:
 1526 03fe 5254455F 		.ascii	"RTE_SIGNALSTATUS_INVALID\000"
 1526      5349474E 
 1526      414C5354 
 1526      41545553 
 1526      5F494E56 
 1527              	.LASF54:
 1528 0417 5254455F 		.ascii	"RTE_SIGNALSTATUS_INITIALIZED\000"
 1528      5349474E 
 1528      414C5354 
 1528      41545553 
 1528      5F494E49 
 1529              	.LASF13:
 1530 0434 696E7433 		.ascii	"int32_t\000"
 1530      325F7400 
 1531              	.LASF72:
 1532 043c 72756E5F 		.ascii	"run_calculateControl\000"
 1532      63616C63 
 1532      756C6174 
 1532      65436F6E 
 1532      74726F6C 
 1533              	.LASF88:
 1534 0451 72756E6E 		.ascii	"runnables\000"
 1534      61626C65 
 1534      7300
 1535              	.LASF47:
 1536 045b 52435F45 		.ascii	"RC_ERROR_BAD_PARAM\000"
 1536      52524F52 
 1536      5F424144 
 1536      5F504152 
 1536      414D00
 1537              	.LASF28:
 1538 046e 52435F45 		.ascii	"RC_ERROR\000"
 1538      52524F52 
 1538      00
 1539              	.LASF3:
 1540 0477 73686F72 		.ascii	"short unsigned int\000"
 1540      7420756E 
 1540      7369676E 
 1540      65642069 
 1540      6E7400
 1541              	.LASF64:
 1542 048a 4144435F 		.ascii	"ADC_cfg_t\000"
 1542      6366675F 
 1542      7400
 1543              	.LASF83:
 1544 0494 45455F41 		.ascii	"EE_ApplicationMode\000"
 1544      70706C69 
ARM GAS  C:\Users\Reza\AppData\Local\Temp\ccbGxP3A.s 			page 37


 1544      63617469 
 1544      6F6E4D6F 
 1544      646500
 1545              	.LASF8:
 1546 04a7 6C6F6E67 		.ascii	"long unsigned int\000"
 1546      20756E73 
 1546      69676E65 
 1546      6420696E 
 1546      7400
 1547              	.LASF16:
 1548 04b9 646F7562 		.ascii	"double\000"
 1548      6C6500
 1549              	.LASF35:
 1550 04c0 52435F45 		.ascii	"RC_ERROR_BUFFER_FULL\000"
 1550      52524F52 
 1550      5F425546 
 1550      4645525F 
 1550      46554C4C 
 1551              	.LASF40:
 1552 04d5 52435F45 		.ascii	"RC_ERROR_CHECKSUM\000"
 1552      52524F52 
 1552      5F434845 
 1552      434B5355 
 1552      4D00
 1553              	.LASF74:
 1554 04e7 72756E5F 		.ascii	"run_setBrakeLight\000"
 1554      73657442 
 1554      72616B65 
 1554      4C696768 
 1554      7400
 1555              	.LASF76:
 1556 04f9 62797465 		.ascii	"byte\000"
 1556      00
 1557              	.LASF5:
 1558 04fe 5F5F696E 		.ascii	"__int32_t\000"
 1558      7433325F 
 1558      7400
 1559              	.LASF58:
 1560 0508 4144435F 		.ascii	"ADC_data_t\000"
 1560      64617461 
 1560      5F7400
 1561              	.LASF49:
 1562 0513 52435F45 		.ascii	"RC_ERROR_CANCELED\000"
 1562      52524F52 
 1562      5F43414E 
 1562      43454C45 
 1562      4400
 1563              	.LASF93:
 1564 0525 45455F6F 		.ascii	"EE_oo_SetEvent\000"
 1564      6F5F5365 
 1564      74457665 
 1564      6E7400
 1565              	.LASF61:
 1566 0534 696E4472 		.ascii	"inDriver\000"
 1566      69766572 
 1566      00
 1567              	.LASF86:
ARM GAS  C:\Users\Reza\AppData\Local\Temp\ccbGxP3A.s 			page 38


 1568 053d 49544D5F 		.ascii	"ITM_RxBuffer\000"
 1568      52784275 
 1568      66666572 
 1568      00
 1569              	.LASF89:
 1570 054a 474E5520 		.ascii	"GNU C11 5.4.1 20160609 (release) [ARM/embedded-5-br"
 1570      43313120 
 1570      352E342E 
 1570      31203230 
 1570      31363036 
 1571 057d 616E6368 		.ascii	"anch revision 237715] -mcpu=cortex-m3 -mthumb -g -O"
 1571      20726576 
 1571      6973696F 
 1571      6E203233 
 1571      37373135 
 1572 05b0 67202D66 		.ascii	"g -ffunction-sections -ffat-lto-objects\000"
 1572      66756E63 
 1572      74696F6E 
 1572      2D736563 
 1572      74696F6E 
 1573              	.LASF31:
 1574 05d8 52435F45 		.ascii	"RC_ERROR_MEMORY\000"
 1574      52524F52 
 1574      5F4D454D 
 1574      4F525900 
 1575              	.LASF81:
 1576 05e8 45455F6F 		.ascii	"EE_oo_IRQ_disable_count\000"
 1576      6F5F4952 
 1576      515F6469 
 1576      7361626C 
 1576      655F636F 
 1577              	.LASF87:
 1578 0600 4A4F5953 		.ascii	"JOYSTICK_signal\000"
 1578      5449434B 
 1578      5F736967 
 1578      6E616C00 
 1579              	.LASF36:
 1580 0610 52435F45 		.ascii	"RC_ERROR_BUFFER_EMTPY\000"
 1580      52524F52 
 1580      5F425546 
 1580      4645525F 
 1580      454D5450 
 1581              	.LASF52:
 1582 0626 52435F74 		.ascii	"RC_t\000"
 1582      00
 1583              	.LASF38:
 1584 062b 52435F45 		.ascii	"RC_ERROR_TIME_OUT\000"
 1584      52524F52 
 1584      5F54494D 
 1584      455F4F55 
 1584      5400
 1585              		.ident	"GCC: (GNU Tools for ARM Embedded Processors) 5.4.1 20160609 (release) [ARM/embedded-5-bran
