ARM GAS  C:\Users\Reza\AppData\Local\Temp\ccQBrN6Q.s 			page 1


   1              		.syntax unified
   2              		.cpu cortex-m3
   3              		.fpu softvfp
   4              		.eabi_attribute 20, 1
   5              		.eabi_attribute 21, 1
   6              		.eabi_attribute 23, 3
   7              		.eabi_attribute 24, 1
   8              		.eabi_attribute 25, 1
   9              		.eabi_attribute 26, 1
  10              		.eabi_attribute 30, 1
  11              		.eabi_attribute 34, 1
  12              		.eabi_attribute 18, 4
  13              		.thumb
  14              		.syntax unified
  15              		.file	"watchdog.c"
  16              		.text
  17              	.Ltext0:
  18              		.cfi_sections	.debug_frame
  19              		.section	.text.WD_Start,"ax",%progbits
  20              		.align	2
  21              		.global	WD_Start
  22              		.thumb
  23              		.thumb_func
  24              		.type	WD_Start, %function
  25              	WD_Start:
  26              	.LFB114:
  27              		.file 1 "source\\bsw\\watchdog\\watchdog.c"
   1:source\bsw\watchdog/watchdog.c **** /**
   2:source\bsw\watchdog/watchdog.c **** * \file <filename>
   3:source\bsw\watchdog/watchdog.c **** * \author <author-name>
   4:source\bsw\watchdog/watchdog.c **** * \date <date>
   5:source\bsw\watchdog/watchdog.c **** *
   6:source\bsw\watchdog/watchdog.c **** * \brief <Symbolic File name>
   7:source\bsw\watchdog/watchdog.c **** *
   8:source\bsw\watchdog/watchdog.c **** * \copyright Copyright ©2016
   9:source\bsw\watchdog/watchdog.c **** * Department of electrical engineering and information technology, Hochschule Darmstadt - Universit
  10:source\bsw\watchdog/watchdog.c **** * Permission to use, copy, modify, and distribute this software and its documentation for education
  11:source\bsw\watchdog/watchdog.c **** * (unless permitted by h_da) and official h_da projects, is hereby granted for enrolled students of
  12:source\bsw\watchdog/watchdog.c **** * this paragraph and the following paragraph appear in all copies, modifications, and distributions
  13:source\bsw\watchdog/watchdog.c **** * Contact Prof.Dr.-Ing. Peter Fromm, peter.fromm@h-da.de, Birkenweg 8 64295 Darmstadt - GERMANY for
  14:source\bsw\watchdog/watchdog.c **** *
  15:source\bsw\watchdog/watchdog.c **** * \warning This software is a PROTOTYPE version and is not designed or intended for use in producti
  16:source\bsw\watchdog/watchdog.c **** * The user represents and warrants that it will NOT use or redistribute the Software for such purpo
  17:source\bsw\watchdog/watchdog.c **** * This prototype is for research purposes only. This software is provided "AS IS," without a warran
  18:source\bsw\watchdog/watchdog.c **** */
  19:source\bsw\watchdog/watchdog.c **** 
  20:source\bsw\watchdog/watchdog.c **** /*****************************************************************************/
  21:source\bsw\watchdog/watchdog.c **** /* Include files                                                             */
  22:source\bsw\watchdog/watchdog.c **** /*****************************************************************************/
  23:source\bsw\watchdog/watchdog.c **** 
  24:source\bsw\watchdog/watchdog.c **** #include "project.h"
  25:source\bsw\watchdog/watchdog.c **** #include "watchdog.h"
  26:source\bsw\watchdog/watchdog.c **** #include "logging.h"
  27:source\bsw\watchdog/watchdog.c **** 
  28:source\bsw\watchdog/watchdog.c **** 
  29:source\bsw\watchdog/watchdog.c **** /*****************************************************************************/
  30:source\bsw\watchdog/watchdog.c **** /* Local pre-processor symbols/macros ('#define')                            */
ARM GAS  C:\Users\Reza\AppData\Local\Temp\ccQBrN6Q.s 			page 2


  31:source\bsw\watchdog/watchdog.c **** /*****************************************************************************/
  32:source\bsw\watchdog/watchdog.c **** 
  33:source\bsw\watchdog/watchdog.c **** /*****************************************************************************/
  34:source\bsw\watchdog/watchdog.c **** /* Global variable definitions (declared in header file with 'extern')       */
  35:source\bsw\watchdog/watchdog.c **** /*****************************************************************************/
  36:source\bsw\watchdog/watchdog.c **** extern cy_en_em_eeprom_status_t eepromReturnStatus;
  37:source\bsw\watchdog/watchdog.c **** extern uint8_t eepromReturnValue;
  38:source\bsw\watchdog/watchdog.c **** /*****************************************************************************/
  39:source\bsw\watchdog/watchdog.c **** /* Local type definitions ('typedef')                                        */
  40:source\bsw\watchdog/watchdog.c **** /*****************************************************************************/
  41:source\bsw\watchdog/watchdog.c **** #define USED_EEPROM_SECTOR1          (1u)
  42:source\bsw\watchdog/watchdog.c **** #define RESET_COUNTER_BYTE1          ((USED_EEPROM_SECTOR1 * CYDEV_EEPROM_SECTOR_SIZE) + 0x00)
  43:source\bsw\watchdog/watchdog.c **** 
  44:source\bsw\watchdog/watchdog.c **** 
  45:source\bsw\watchdog/watchdog.c **** /*****************************************************************************/
  46:source\bsw\watchdog/watchdog.c **** /* Local variable definitions ('static')                                     */
  47:source\bsw\watchdog/watchdog.c **** /*****************************************************************************/
  48:source\bsw\watchdog/watchdog.c **** 
  49:source\bsw\watchdog/watchdog.c **** 
  50:source\bsw\watchdog/watchdog.c **** /*****************************************************************************/
  51:source\bsw\watchdog/watchdog.c **** /* Local function prototypes ('static')                                      */
  52:source\bsw\watchdog/watchdog.c **** /*****************************************************************************/
  53:source\bsw\watchdog/watchdog.c **** 
  54:source\bsw\watchdog/watchdog.c **** /*****************************************************************************/
  55:source\bsw\watchdog/watchdog.c **** /* Function implementation - global ('extern') and local ('static')          */
  56:source\bsw\watchdog/watchdog.c **** /*****************************************************************************/
  57:source\bsw\watchdog/watchdog.c **** 
  58:source\bsw\watchdog/watchdog.c **** /**
  59:source\bsw\watchdog/watchdog.c ****  * Initialises the LED's and turns them off
  60:source\bsw\watchdog/watchdog.c ****  * @return RC_SUCCESS if function was executed as exepected, other error code in case of error
  61:source\bsw\watchdog/watchdog.c ****  */
  62:source\bsw\watchdog/watchdog.c **** RC_t WD_Start(WDT_TimeOut_t* timeout)
  63:source\bsw\watchdog/watchdog.c **** {
  28              		.loc 1 63 0
  29              		.cfi_startproc
  30              		@ args = 0, pretend = 0, frame = 0
  31              		@ frame_needed = 0, uses_anonymous_args = 0
  32              	.LVL0:
  33 0000 08B5     		push	{r3, lr}
  34              		.cfi_def_cfa_offset 8
  35              		.cfi_offset 3, -8
  36              		.cfi_offset 14, -4
  37              	.LVL1:
  64:source\bsw\watchdog/watchdog.c ****     RC_t result = RC_SUCCESS;
  65:source\bsw\watchdog/watchdog.c ****     CyWdtStart(timeout->timer,timeout->mode); 
  38              		.loc 1 65 0
  39 0002 4178     		ldrb	r1, [r0, #1]	@ zero_extendqisi2
  40 0004 0078     		ldrb	r0, [r0]	@ zero_extendqisi2
  41              	.LVL2:
  42 0006 FFF7FEFF 		bl	CyWdtStart
  43              	.LVL3:
  66:source\bsw\watchdog/watchdog.c ****     return result;
  67:source\bsw\watchdog/watchdog.c **** }
  44              		.loc 1 67 0
  45 000a 0020     		movs	r0, #0
  46 000c 08BD     		pop	{r3, pc}
  47              		.cfi_endproc
ARM GAS  C:\Users\Reza\AppData\Local\Temp\ccQBrN6Q.s 			page 3


  48              	.LFE114:
  49              		.size	WD_Start, .-WD_Start
  50 000e 00BF     		.section	.text.WD_Trigger,"ax",%progbits
  51              		.align	2
  52              		.global	WD_Trigger
  53              		.thumb
  54              		.thumb_func
  55              		.type	WD_Trigger, %function
  56              	WD_Trigger:
  57              	.LFB115:
  68:source\bsw\watchdog/watchdog.c **** 
  69:source\bsw\watchdog/watchdog.c **** /**
  70:source\bsw\watchdog/watchdog.c ****  * Sets the required LED
  71:source\bsw\watchdog/watchdog.c ****  * @param LED_t ledId - Identifier for the LED, ALL will change all LED's
  72:source\bsw\watchdog/watchdog.c ****  * @param LED_ONOFF_t ledOnOff - Trun the led on or off
  73:source\bsw\watchdog/watchdog.c ****  * @return RC_SUCCESS if function was executed as exepected, other error code in case of error
  74:source\bsw\watchdog/watchdog.c ****  */
  75:source\bsw\watchdog/watchdog.c **** RC_t WD_Trigger()
  76:source\bsw\watchdog/watchdog.c **** {
  58              		.loc 1 76 0
  59              		.cfi_startproc
  60              		@ args = 0, pretend = 0, frame = 0
  61              		@ frame_needed = 0, uses_anonymous_args = 0
  62 0000 10B5     		push	{r4, lr}
  63              		.cfi_def_cfa_offset 8
  64              		.cfi_offset 4, -8
  65              		.cfi_offset 14, -4
  66              	.LVL4:
  77:source\bsw\watchdog/watchdog.c **** 	RC_t result = RC_SUCCESS;
  78:source\bsw\watchdog/watchdog.c ****     uint8_t value=0;
  79:source\bsw\watchdog/watchdog.c ****     char str[50];
  80:source\bsw\watchdog/watchdog.c ****     value=runnables.byte;
  67              		.loc 1 80 0
  68 0002 0C4B     		ldr	r3, .L7
  69 0004 1C78     		ldrb	r4, [r3]	@ zero_extendqisi2
  70              	.LVL5:
  81:source\bsw\watchdog/watchdog.c ****     if(runnables.byte == 0x1F)
  71              		.loc 1 81 0
  72 0006 1B78     		ldrb	r3, [r3]	@ zero_extendqisi2
  73 0008 DBB2     		uxtb	r3, r3
  74 000a 1F2B     		cmp	r3, #31
  75 000c 05D1     		bne	.L4
  82:source\bsw\watchdog/watchdog.c ****     {
  83:source\bsw\watchdog/watchdog.c ****         //LOG_I("CyWdtClear","");
  84:source\bsw\watchdog/watchdog.c ****         //UART_LOG_PutString("Value: 0x");
  85:source\bsw\watchdog/watchdog.c ****         //sprintf(str, "%02X ", value) ;
  86:source\bsw\watchdog/watchdog.c ****         //LOG_I(str,"");
  87:source\bsw\watchdog/watchdog.c ****         //EEPROM_WriteByte(value, 0);
  88:source\bsw\watchdog/watchdog.c ****         //eepromReturnValue = EEPROM_ReadByte(0);
  89:source\bsw\watchdog/watchdog.c ****         //sprintf(str, "eepromReturnValue: %d", eepromReturnValue);
  90:source\bsw\watchdog/watchdog.c ****         //UART_LOG_PutString("EEPROM_ReadByte(0): 0x");
  91:source\bsw\watchdog/watchdog.c ****         //sprintf(str, "%02X ", EEPROM_ReadByte(0)) ;
  92:source\bsw\watchdog/watchdog.c ****         //LOG_I(str,"");
  93:source\bsw\watchdog/watchdog.c ****         //UART_LOG_PutString("Success to write runnable info to Em_EEPROM! \n\r");
  94:source\bsw\watchdog/watchdog.c ****         CyWdtClear();
  76              		.loc 1 94 0
  77 000e FFF7FEFF 		bl	CyWdtClear
ARM GAS  C:\Users\Reza\AppData\Local\Temp\ccQBrN6Q.s 			page 4


  78              	.LVL6:
  95:source\bsw\watchdog/watchdog.c ****         result = RC_SUCCESS;
  96:source\bsw\watchdog/watchdog.c ****         runnables.byte = 0x00;
  79              		.loc 1 96 0
  80 0012 0022     		movs	r2, #0
  81 0014 074B     		ldr	r3, .L7
  82 0016 1A70     		strb	r2, [r3]
  83 0018 09E0     		b	.L5
  84              	.L4:
  85 001a E4B2     		uxtb	r4, r4
  97:source\bsw\watchdog/watchdog.c ****     }
  98:source\bsw\watchdog/watchdog.c ****     else
  99:source\bsw\watchdog/watchdog.c ****     {
 100:source\bsw\watchdog/watchdog.c ****         //eepromReturnStatus = Em_EEPROM_Write(0u, &value, 1u);
 101:source\bsw\watchdog/watchdog.c ****         //sprintf(str, "value: %d", value);
 102:source\bsw\watchdog/watchdog.c ****         //LOG_I(str,"");
 103:source\bsw\watchdog/watchdog.c ****         if(value != EEPROM_ReadByte(0)){
  86              		.loc 1 103 0
  87 001c 0020     		movs	r0, #0
  88 001e FFF7FEFF 		bl	EEPROM_ReadByte
  89              	.LVL7:
  90 0022 8442     		cmp	r4, r0
  91 0024 03D0     		beq	.L5
 104:source\bsw\watchdog/watchdog.c ****         EEPROM_WriteByte(value, 0);
  92              		.loc 1 104 0
  93 0026 0021     		movs	r1, #0
  94 0028 2046     		mov	r0, r4
  95 002a FFF7FEFF 		bl	EEPROM_WriteByte
  96              	.LVL8:
  97              	.L5:
 105:source\bsw\watchdog/watchdog.c ****         }
 106:source\bsw\watchdog/watchdog.c ****         //EEPROM_WriteByte(value, RESET_COUNTER_BYTE1);
 107:source\bsw\watchdog/watchdog.c ****         //eepromReturnValue = EEPROM_ReadByte(RESET_COUNTER_BYTE1);
 108:source\bsw\watchdog/watchdog.c ****         //sprintf(str, "eepromReturnValue: %d", eepromReturnValue);
 109:source\bsw\watchdog/watchdog.c ****         //LOG_I(str,"");
 110:source\bsw\watchdog/watchdog.c ****         //UART_LOG_PutString("Success to write runnable info to Em_EEPROM! \n\r");
 111:source\bsw\watchdog/watchdog.c ****         
 112:source\bsw\watchdog/watchdog.c **** //        if(eepromReturnStatus != CY_EM_EEPROM_SUCCESS)
 113:source\bsw\watchdog/watchdog.c **** //        {
 114:source\bsw\watchdog/watchdog.c **** //            UART_LOG_PutString("Error to write runnable info to Em_EEPROM! \n\r");
 115:source\bsw\watchdog/watchdog.c **** //        }
 116:source\bsw\watchdog/watchdog.c **** //        else
 117:source\bsw\watchdog/watchdog.c **** //        {
 118:source\bsw\watchdog/watchdog.c **** //            UART_LOG_PutString("Success to write runnable info to Em_EEPROM! \n\r");
 119:source\bsw\watchdog/watchdog.c **** //        }
 120:source\bsw\watchdog/watchdog.c ****     //LOG_I("Not CyWdtClear","");
 121:source\bsw\watchdog/watchdog.c ****     result = RC_SUCCESS;
 122:source\bsw\watchdog/watchdog.c ****     }
 123:source\bsw\watchdog/watchdog.c ****     return result;
 124:source\bsw\watchdog/watchdog.c **** }
  98              		.loc 1 124 0
  99 002e 0020     		movs	r0, #0
 100 0030 10BD     		pop	{r4, pc}
 101              	.L8:
 102 0032 00BF     		.align	2
 103              	.L7:
 104 0034 00000000 		.word	runnables
ARM GAS  C:\Users\Reza\AppData\Local\Temp\ccQBrN6Q.s 			page 5


 105              		.cfi_endproc
 106              	.LFE115:
 107              		.size	WD_Trigger, .-WD_Trigger
 108              		.section	.text.WD_CheckResetBit,"ax",%progbits
 109              		.align	2
 110              		.global	WD_CheckResetBit
 111              		.thumb
 112              		.thumb_func
 113              		.type	WD_CheckResetBit, %function
 114              	WD_CheckResetBit:
 115              	.LFB116:
 125:source\bsw\watchdog/watchdog.c **** 
 126:source\bsw\watchdog/watchdog.c **** 
 127:source\bsw\watchdog/watchdog.c **** 
 128:source\bsw\watchdog/watchdog.c **** /**
 129:source\bsw\watchdog/watchdog.c ****  * Toggle the required LED
 130:source\bsw\watchdog/watchdog.c ****  * @param LED_t ledId - Identifier for the LED, ALL will change all LED's
 131:source\bsw\watchdog/watchdog.c ****  * @return RC_SUCCESS if function was executed as exepected, other error code in case of error
 132:source\bsw\watchdog/watchdog.c ****  */
 133:source\bsw\watchdog/watchdog.c **** boolean_t WD_CheckResetBit()
 134:source\bsw\watchdog/watchdog.c **** {
 116              		.loc 1 134 0
 117              		.cfi_startproc
 118              		@ args = 0, pretend = 0, frame = 32
 119              		@ frame_needed = 0, uses_anonymous_args = 0
 120 0000 10B5     		push	{r4, lr}
 121              		.cfi_def_cfa_offset 8
 122              		.cfi_offset 4, -8
 123              		.cfi_offset 14, -4
 124 0002 88B0     		sub	sp, sp, #32
 125              		.cfi_def_cfa_offset 40
 126              	.LVL9:
 135:source\bsw\watchdog/watchdog.c ****     boolean_t result = FALSE;
 136:source\bsw\watchdog/watchdog.c ****     char str[30];
 137:source\bsw\watchdog/watchdog.c ****     uint8_t reset_status = *((uint8_t *)CYREG_PHUB_CFGMEM23_CFG1) ;
 127              		.loc 1 137 0
 128 0004 0A4B     		ldr	r3, .L13
 129 0006 1C78     		ldrb	r4, [r3]	@ zero_extendqisi2
 130              	.LVL10:
 138:source\bsw\watchdog/watchdog.c ****     sprintf(str, "reset_status: %d", reset_status);
 131              		.loc 1 138 0
 132 0008 2246     		mov	r2, r4
 133 000a 0A49     		ldr	r1, .L13+4
 134 000c 6846     		mov	r0, sp
 135 000e FFF7FEFF 		bl	sprintf
 136              	.LVL11:
 139:source\bsw\watchdog/watchdog.c ****     UART_LOG_PutString(str);
 137              		.loc 1 139 0
 138 0012 6846     		mov	r0, sp
 139 0014 FFF7FEFF 		bl	UART_LOG_PutString
 140              	.LVL12:
 140:source\bsw\watchdog/watchdog.c ****     UART_LOG_PutString("\n");
 141              		.loc 1 140 0
 142 0018 0748     		ldr	r0, .L13+8
 143 001a FFF7FEFF 		bl	UART_LOG_PutString
 144              	.LVL13:
 141:source\bsw\watchdog/watchdog.c ****     
ARM GAS  C:\Users\Reza\AppData\Local\Temp\ccQBrN6Q.s 			page 6


 142:source\bsw\watchdog/watchdog.c ****     if(reset_status & 0x08u)
 145              		.loc 1 142 0
 146 001e 14F0080F 		tst	r4, #8
 147 0022 01D0     		beq	.L11
 143:source\bsw\watchdog/watchdog.c ****     {
 144:source\bsw\watchdog/watchdog.c ****         result=TRUE;
 148              		.loc 1 144 0
 149 0024 0120     		movs	r0, #1
 150 0026 00E0     		b	.L10
 151              	.L11:
 145:source\bsw\watchdog/watchdog.c ****     }
 146:source\bsw\watchdog/watchdog.c ****     else
 147:source\bsw\watchdog/watchdog.c ****     {
 148:source\bsw\watchdog/watchdog.c ****         result=FALSE;
 152              		.loc 1 148 0
 153 0028 0020     		movs	r0, #0
 154              	.L10:
 155              	.LVL14:
 149:source\bsw\watchdog/watchdog.c ****     }
 150:source\bsw\watchdog/watchdog.c ****     return result;
 151:source\bsw\watchdog/watchdog.c **** }
 156              		.loc 1 151 0
 157 002a 08B0     		add	sp, sp, #32
 158              		.cfi_def_cfa_offset 8
 159              		@ sp needed
 160 002c 10BD     		pop	{r4, pc}
 161              	.LVL15:
 162              	.L14:
 163 002e 00BF     		.align	2
 164              	.L13:
 165 0030 BC760040 		.word	1073772220
 166 0034 00000000 		.word	.LC0
 167 0038 14000000 		.word	.LC1
 168              		.cfi_endproc
 169              	.LFE116:
 170              		.size	WD_CheckResetBit, .-WD_CheckResetBit
 171              		.comm	runnables,1,4
 172              		.section	.rodata.str1.4,"aMS",%progbits,1
 173              		.align	2
 174              	.LC0:
 175 0000 72657365 		.ascii	"reset_status: %d\000"
 175      745F7374 
 175      61747573 
 175      3A202564 
 175      00
 176 0011 000000   		.space	3
 177              	.LC1:
 178 0014 0A00     		.ascii	"\012\000"
 179              		.text
 180              	.Letext0:
 181              		.file 2 "c:\\program files (x86)\\cypress\\psoc creator\\4.4\\psoc creator\\import\\gnu\\arm\\5.4.
 182              		.file 3 "c:\\program files (x86)\\cypress\\psoc creator\\4.4\\psoc creator\\import\\gnu\\arm\\5.4.
 183              		.file 4 "Generated_Source\\PSoC5/ErikaOS_1_common_ee_types.inc"
 184              		.file 5 "Generated_Source\\PSoC5/ErikaOS_1_cortex_mx_ee_cpu.inc"
 185              		.file 6 ".\\source\\bsw/global.h"
 186              		.file 7 "source\\bsw\\watchdog\\watchdog.h"
 187              		.file 8 "Generated_Source\\PSoC5/ErikaOS_1_ee_oo_intfunc.inc"
ARM GAS  C:\Users\Reza\AppData\Local\Temp\ccQBrN6Q.s 			page 7


 188              		.file 9 "Generated_Source\\PSoC5/ErikaOS_1_cortex_mx_ee_context.inc"
 189              		.file 10 "Generated_Source\\PSoC5/ErikaOS_1_common_ee_primitives.inc"
 190              		.file 11 "Generated_Source\\PSoC5/core_cm3.h"
 191              		.file 12 "Generated_Source\\PSoC5/CyLib.h"
 192              		.file 13 "Generated_Source\\PSoC5/EEPROM.h"
 193              		.file 14 "c:\\program files (x86)\\cypress\\psoc creator\\4.4\\psoc creator\\import\\gnu\\arm\\5.4
 194              		.file 15 "Generated_Source\\PSoC5/UART_LOG.h"
 195              		.section	.debug_info,"",%progbits
 196              	.Ldebug_info0:
 197 0000 58040000 		.4byte	0x458
 198 0004 0400     		.2byte	0x4
 199 0006 00000000 		.4byte	.Ldebug_abbrev0
 200 000a 04       		.byte	0x4
 201 000b 01       		.uleb128 0x1
 202 000c 98030000 		.4byte	.LASF78
 203 0010 0C       		.byte	0xc
 204 0011 70020000 		.4byte	.LASF79
 205 0015 F1020000 		.4byte	.LASF80
 206 0019 00000000 		.4byte	.Ldebug_ranges0+0
 207 001d 00000000 		.4byte	0
 208 0021 00000000 		.4byte	.Ldebug_line0
 209 0025 02       		.uleb128 0x2
 210 0026 01       		.byte	0x1
 211 0027 06       		.byte	0x6
 212 0028 8F020000 		.4byte	.LASF0
 213 002c 03       		.uleb128 0x3
 214 002d F9010000 		.4byte	.LASF4
 215 0031 02       		.byte	0x2
 216 0032 1D       		.byte	0x1d
 217 0033 37000000 		.4byte	0x37
 218 0037 02       		.uleb128 0x2
 219 0038 01       		.byte	0x1
 220 0039 08       		.byte	0x8
 221 003a 5A020000 		.4byte	.LASF1
 222 003e 02       		.uleb128 0x2
 223 003f 02       		.byte	0x2
 224 0040 05       		.byte	0x5
 225 0041 77000000 		.4byte	.LASF2
 226 0045 02       		.uleb128 0x2
 227 0046 02       		.byte	0x2
 228 0047 07       		.byte	0x7
 229 0048 85030000 		.4byte	.LASF3
 230 004c 03       		.uleb128 0x3
 231 004d EB040000 		.4byte	.LASF5
 232 0051 02       		.byte	0x2
 233 0052 3F       		.byte	0x3f
 234 0053 57000000 		.4byte	0x57
 235 0057 02       		.uleb128 0x2
 236 0058 04       		.byte	0x4
 237 0059 05       		.byte	0x5
 238 005a D0010000 		.4byte	.LASF6
 239 005e 02       		.uleb128 0x2
 240 005f 04       		.byte	0x4
 241 0060 07       		.byte	0x7
 242 0061 A6040000 		.4byte	.LASF7
 243 0065 02       		.uleb128 0x2
 244 0066 08       		.byte	0x8
ARM GAS  C:\Users\Reza\AppData\Local\Temp\ccQBrN6Q.s 			page 8


 245 0067 05       		.byte	0x5
 246 0068 85010000 		.4byte	.LASF8
 247 006c 02       		.uleb128 0x2
 248 006d 08       		.byte	0x8
 249 006e 07       		.byte	0x7
 250 006f 9B020000 		.4byte	.LASF9
 251 0073 04       		.uleb128 0x4
 252 0074 04       		.byte	0x4
 253 0075 05       		.byte	0x5
 254 0076 696E7400 		.ascii	"int\000"
 255 007a 02       		.uleb128 0x2
 256 007b 04       		.byte	0x4
 257 007c 07       		.byte	0x7
 258 007d B2020000 		.4byte	.LASF10
 259 0081 03       		.uleb128 0x3
 260 0082 09010000 		.4byte	.LASF11
 261 0086 03       		.byte	0x3
 262 0087 18       		.byte	0x18
 263 0088 2C000000 		.4byte	0x2c
 264 008c 03       		.uleb128 0x3
 265 008d 40040000 		.4byte	.LASF12
 266 0091 03       		.byte	0x3
 267 0092 2C       		.byte	0x2c
 268 0093 4C000000 		.4byte	0x4c
 269 0097 02       		.uleb128 0x2
 270 0098 04       		.byte	0x4
 271 0099 04       		.byte	0x4
 272 009a 7F010000 		.4byte	.LASF13
 273 009e 02       		.uleb128 0x2
 274 009f 08       		.byte	0x8
 275 00a0 04       		.byte	0x4
 276 00a1 B8040000 		.4byte	.LASF14
 277 00a5 02       		.uleb128 0x2
 278 00a6 01       		.byte	0x1
 279 00a7 08       		.byte	0x8
 280 00a8 26040000 		.4byte	.LASF15
 281 00ac 02       		.uleb128 0x2
 282 00ad 08       		.byte	0x8
 283 00ae 04       		.byte	0x4
 284 00af 4E020000 		.4byte	.LASF16
 285 00b3 02       		.uleb128 0x2
 286 00b4 04       		.byte	0x4
 287 00b5 07       		.byte	0x7
 288 00b6 A7000000 		.4byte	.LASF17
 289 00ba 03       		.uleb128 0x3
 290 00bb 4E010000 		.4byte	.LASF18
 291 00bf 04       		.byte	0x4
 292 00c0 53       		.byte	0x53
 293 00c1 73000000 		.4byte	0x73
 294 00c5 03       		.uleb128 0x3
 295 00c6 E5000000 		.4byte	.LASF19
 296 00ca 04       		.byte	0x4
 297 00cb 54       		.byte	0x54
 298 00cc 7A000000 		.4byte	0x7a
 299 00d0 03       		.uleb128 0x3
 300 00d1 D1040000 		.4byte	.LASF20
 301 00d5 05       		.byte	0x5
ARM GAS  C:\Users\Reza\AppData\Local\Temp\ccQBrN6Q.s 			page 9


 302 00d6 4D       		.byte	0x4d
 303 00d7 C5000000 		.4byte	0xc5
 304 00db 03       		.uleb128 0x3
 305 00dc CF000000 		.4byte	.LASF21
 306 00e0 05       		.byte	0x5
 307 00e1 4F       		.byte	0x4f
 308 00e2 C5000000 		.4byte	0xc5
 309 00e6 03       		.uleb128 0x3
 310 00e7 EF000000 		.4byte	.LASF22
 311 00eb 05       		.byte	0x5
 312 00ec 78       		.byte	0x78
 313 00ed BA000000 		.4byte	0xba
 314 00f1 05       		.uleb128 0x5
 315 00f2 81000000 		.4byte	0x81
 316 00f6 03       		.uleb128 0x3
 317 00f7 26020000 		.4byte	.LASF23
 318 00fb 06       		.byte	0x6
 319 00fc 82       		.byte	0x82
 320 00fd 37000000 		.4byte	0x37
 321 0101 06       		.uleb128 0x6
 322 0102 65524300 		.ascii	"eRC\000"
 323 0106 01       		.byte	0x1
 324 0107 25000000 		.4byte	0x25
 325 010b 06       		.byte	0x6
 326 010c AC       		.byte	0xac
 327 010d A8010000 		.4byte	0x1a8
 328 0111 07       		.uleb128 0x7
 329 0112 3D000000 		.4byte	.LASF24
 330 0116 00       		.byte	0
 331 0117 08       		.uleb128 0x8
 332 0118 20050000 		.4byte	.LASF25
 333 011c 7F       		.sleb128 -1
 334 011d 08       		.uleb128 0x8
 335 011e CD020000 		.4byte	.LASF26
 336 0122 7E       		.sleb128 -2
 337 0123 08       		.uleb128 0x8
 338 0124 C1000000 		.4byte	.LASF27
 339 0128 7D       		.sleb128 -3
 340 0129 08       		.uleb128 0x8
 341 012a 3A050000 		.4byte	.LASF28
 342 012e 7C       		.sleb128 -4
 343 012f 08       		.uleb128 0x8
 344 0130 70010000 		.4byte	.LASF29
 345 0134 7B       		.sleb128 -5
 346 0135 08       		.uleb128 0x8
 347 0136 81000000 		.4byte	.LASF30
 348 013a 7A       		.sleb128 -6
 349 013b 08       		.uleb128 0x8
 350 013c D9010000 		.4byte	.LASF31
 351 0140 79       		.sleb128 -7
 352 0141 08       		.uleb128 0x8
 353 0142 2B040000 		.4byte	.LASF32
 354 0146 78       		.sleb128 -8
 355 0147 08       		.uleb128 0x8
 356 0148 DB020000 		.4byte	.LASF33
 357 014c 77       		.sleb128 -9
 358 014d 08       		.uleb128 0x8
ARM GAS  C:\Users\Reza\AppData\Local\Temp\ccQBrN6Q.s 			page 10


 359 014e EB010000 		.4byte	.LASF34
 360 0152 76       		.sleb128 -10
 361 0153 08       		.uleb128 0x8
 362 0154 8E050000 		.4byte	.LASF35
 363 0158 75       		.sleb128 -11
 364 0159 08       		.uleb128 0x8
 365 015a BF020000 		.4byte	.LASF36
 366 015e 74       		.sleb128 -12
 367 015f 08       		.uleb128 0x8
 368 0160 BF040000 		.4byte	.LASF37
 369 0164 73       		.sleb128 -13
 370 0165 08       		.uleb128 0x8
 371 0166 2A000000 		.4byte	.LASF38
 372 016a 72       		.sleb128 -14
 373 016b 08       		.uleb128 0x8
 374 016c 53000000 		.4byte	.LASF39
 375 0170 71       		.sleb128 -15
 376 0171 08       		.uleb128 0x8
 377 0172 03020000 		.4byte	.LASF40
 378 0176 70       		.sleb128 -16
 379 0177 08       		.uleb128 0x8
 380 0178 62050000 		.4byte	.LASF41
 381 017c 6F       		.sleb128 -17
 382 017d 08       		.uleb128 0x8
 383 017e 92000000 		.4byte	.LASF42
 384 0182 6E       		.sleb128 -18
 385 0183 08       		.uleb128 0x8
 386 0184 AC010000 		.4byte	.LASF43
 387 0188 6D       		.sleb128 -19
 388 0189 08       		.uleb128 0x8
 389 018a 72040000 		.4byte	.LASF44
 390 018e 6C       		.sleb128 -20
 391 018f 08       		.uleb128 0x8
 392 0190 14020000 		.4byte	.LASF45
 393 0194 6B       		.sleb128 -21
 394 0195 08       		.uleb128 0x8
 395 0196 F5040000 		.4byte	.LASF46
 396 019a 6A       		.sleb128 -22
 397 019b 08       		.uleb128 0x8
 398 019c 11010000 		.4byte	.LASF47
 399 01a0 69       		.sleb128 -23
 400 01a1 08       		.uleb128 0x8
 401 01a2 BF010000 		.4byte	.LASF48
 402 01a6 68       		.sleb128 -24
 403 01a7 00       		.byte	0
 404 01a8 03       		.uleb128 0x3
 405 01a9 7E050000 		.4byte	.LASF49
 406 01ad 06       		.byte	0x6
 407 01ae C8       		.byte	0xc8
 408 01af 01010000 		.4byte	0x101
 409 01b3 09       		.uleb128 0x9
 410 01b4 07050000 		.4byte	.LASF81
 411 01b8 02       		.byte	0x2
 412 01b9 07       		.byte	0x7
 413 01ba 57       		.byte	0x57
 414 01bb D8010000 		.4byte	0x1d8
 415 01bf 0A       		.uleb128 0xa
ARM GAS  C:\Users\Reza\AppData\Local\Temp\ccQBrN6Q.s 			page 11


 416 01c0 30020000 		.4byte	.LASF50
 417 01c4 07       		.byte	0x7
 418 01c5 59       		.byte	0x59
 419 01c6 81000000 		.4byte	0x81
 420 01ca 00       		.byte	0
 421 01cb 0A       		.uleb128 0xa
 422 01cc E0000000 		.4byte	.LASF51
 423 01d0 07       		.byte	0x7
 424 01d1 5A       		.byte	0x5a
 425 01d2 81000000 		.4byte	0x81
 426 01d6 01       		.byte	0x1
 427 01d7 00       		.byte	0
 428 01d8 03       		.uleb128 0x3
 429 01d9 85040000 		.4byte	.LASF52
 430 01dd 07       		.byte	0x7
 431 01de 5C       		.byte	0x5c
 432 01df E3010000 		.4byte	0x1e3
 433 01e3 0B       		.uleb128 0xb
 434 01e4 B3010000 		.4byte	0x1b3
 435 01e8 0C       		.uleb128 0xc
 436 01e9 01       		.byte	0x1
 437 01ea 07       		.byte	0x7
 438 01eb 68       		.byte	0x68
 439 01ec 3C020000 		.4byte	0x23c
 440 01f0 0D       		.uleb128 0xd
 441 01f1 B0000000 		.4byte	.LASF53
 442 01f5 07       		.byte	0x7
 443 01f6 69       		.byte	0x69
 444 01f7 F1000000 		.4byte	0xf1
 445 01fb 01       		.byte	0x1
 446 01fc 01       		.byte	0x1
 447 01fd 07       		.byte	0x7
 448 01fe 00       		.byte	0
 449 01ff 0D       		.uleb128 0xd
 450 0200 48040000 		.4byte	.LASF54
 451 0204 07       		.byte	0x7
 452 0205 6A       		.byte	0x6a
 453 0206 F1000000 		.4byte	0xf1
 454 020a 01       		.byte	0x1
 455 020b 01       		.byte	0x1
 456 020c 06       		.byte	0x6
 457 020d 00       		.byte	0
 458 020e 0D       		.uleb128 0xd
 459 020f 57010000 		.4byte	.LASF55
 460 0213 07       		.byte	0x7
 461 0214 6B       		.byte	0x6b
 462 0215 F1000000 		.4byte	0xf1
 463 0219 01       		.byte	0x1
 464 021a 01       		.byte	0x1
 465 021b 05       		.byte	0x5
 466 021c 00       		.byte	0
 467 021d 0D       		.uleb128 0xd
 468 021e D9040000 		.4byte	.LASF56
 469 0222 07       		.byte	0x7
 470 0223 6C       		.byte	0x6c
 471 0224 F1000000 		.4byte	0xf1
 472 0228 01       		.byte	0x1
ARM GAS  C:\Users\Reza\AppData\Local\Temp\ccQBrN6Q.s 			page 12


 473 0229 01       		.byte	0x1
 474 022a 04       		.byte	0x4
 475 022b 00       		.byte	0
 476 022c 0D       		.uleb128 0xd
 477 022d 65010000 		.4byte	.LASF57
 478 0231 07       		.byte	0x7
 479 0232 6D       		.byte	0x6d
 480 0233 F1000000 		.4byte	0xf1
 481 0237 01       		.byte	0x1
 482 0238 01       		.byte	0x1
 483 0239 03       		.byte	0x3
 484 023a 00       		.byte	0
 485 023b 00       		.byte	0
 486 023c 0E       		.uleb128 0xe
 487 023d 01       		.byte	0x1
 488 023e 07       		.byte	0x7
 489 023f 66       		.byte	0x66
 490 0240 5B020000 		.4byte	0x25b
 491 0244 0F       		.uleb128 0xf
 492 0245 36020000 		.4byte	.LASF58
 493 0249 07       		.byte	0x7
 494 024a 67       		.byte	0x67
 495 024b F1000000 		.4byte	0xf1
 496 024f 0F       		.uleb128 0xf
 497 0250 20000000 		.4byte	.LASF59
 498 0254 07       		.byte	0x7
 499 0255 6E       		.byte	0x6e
 500 0256 E8010000 		.4byte	0x1e8
 501 025a 00       		.byte	0
 502 025b 10       		.uleb128 0x10
 503 025c D7000000 		.4byte	.LASF82
 504 0260 01       		.byte	0x1
 505 0261 3E       		.byte	0x3e
 506 0262 A8010000 		.4byte	0x1a8
 507 0266 00000000 		.4byte	.LFB114
 508 026a 0E000000 		.4byte	.LFE114-.LFB114
 509 026e 01       		.uleb128 0x1
 510 026f 9C       		.byte	0x9c
 511 0270 99020000 		.4byte	0x299
 512 0274 11       		.uleb128 0x11
 513 0275 76050000 		.4byte	.LASF83
 514 0279 01       		.byte	0x1
 515 027a 3E       		.byte	0x3e
 516 027b 99020000 		.4byte	0x299
 517 027f 00000000 		.4byte	.LLST0
 518 0283 12       		.uleb128 0x12
 519 0284 19000000 		.4byte	.LASF60
 520 0288 01       		.byte	0x1
 521 0289 40       		.byte	0x40
 522 028a A8010000 		.4byte	0x1a8
 523 028e 00       		.byte	0
 524 028f 13       		.uleb128 0x13
 525 0290 0A000000 		.4byte	.LVL3
 526 0294 19040000 		.4byte	0x419
 527 0298 00       		.byte	0
 528 0299 14       		.uleb128 0x14
 529 029a 04       		.byte	0x4
ARM GAS  C:\Users\Reza\AppData\Local\Temp\ccQBrN6Q.s 			page 13


 530 029b D8010000 		.4byte	0x1d8
 531 029f 15       		.uleb128 0x15
 532 02a0 48000000 		.4byte	.LASF62
 533 02a4 01       		.byte	0x1
 534 02a5 4B       		.byte	0x4b
 535 02a6 A8010000 		.4byte	0x1a8
 536 02aa 00000000 		.4byte	.LFB115
 537 02ae 38000000 		.4byte	.LFE115-.LFB115
 538 02b2 01       		.uleb128 0x1
 539 02b3 9C       		.byte	0x9c
 540 02b4 10030000 		.4byte	0x310
 541 02b8 12       		.uleb128 0x12
 542 02b9 19000000 		.4byte	.LASF60
 543 02bd 01       		.byte	0x1
 544 02be 4D       		.byte	0x4d
 545 02bf A8010000 		.4byte	0x1a8
 546 02c3 00       		.byte	0
 547 02c4 16       		.uleb128 0x16
 548 02c5 03010000 		.4byte	.LASF61
 549 02c9 01       		.byte	0x1
 550 02ca 4E       		.byte	0x4e
 551 02cb 81000000 		.4byte	0x81
 552 02cf 21000000 		.4byte	.LLST1
 553 02d3 17       		.uleb128 0x17
 554 02d4 73747200 		.ascii	"str\000"
 555 02d8 01       		.byte	0x1
 556 02d9 4F       		.byte	0x4f
 557 02da 10030000 		.4byte	0x310
 558 02de 13       		.uleb128 0x13
 559 02df 12000000 		.4byte	.LVL6
 560 02e3 24040000 		.4byte	0x424
 561 02e7 18       		.uleb128 0x18
 562 02e8 22000000 		.4byte	.LVL7
 563 02ec 2F040000 		.4byte	0x42f
 564 02f0 FA020000 		.4byte	0x2fa
 565 02f4 19       		.uleb128 0x19
 566 02f5 01       		.uleb128 0x1
 567 02f6 50       		.byte	0x50
 568 02f7 01       		.uleb128 0x1
 569 02f8 30       		.byte	0x30
 570 02f9 00       		.byte	0
 571 02fa 1A       		.uleb128 0x1a
 572 02fb 2E000000 		.4byte	.LVL8
 573 02ff 3A040000 		.4byte	0x43a
 574 0303 19       		.uleb128 0x19
 575 0304 01       		.uleb128 0x1
 576 0305 50       		.byte	0x50
 577 0306 02       		.uleb128 0x2
 578 0307 74       		.byte	0x74
 579 0308 00       		.sleb128 0
 580 0309 19       		.uleb128 0x19
 581 030a 01       		.uleb128 0x1
 582 030b 51       		.byte	0x51
 583 030c 01       		.uleb128 0x1
 584 030d 30       		.byte	0x30
 585 030e 00       		.byte	0
 586 030f 00       		.byte	0
ARM GAS  C:\Users\Reza\AppData\Local\Temp\ccQBrN6Q.s 			page 14


 587 0310 1B       		.uleb128 0x1b
 588 0311 A5000000 		.4byte	0xa5
 589 0315 20030000 		.4byte	0x320
 590 0319 1C       		.uleb128 0x1c
 591 031a B3000000 		.4byte	0xb3
 592 031e 31       		.byte	0x31
 593 031f 00       		.byte	0
 594 0320 15       		.uleb128 0x15
 595 0321 28010000 		.4byte	.LASF63
 596 0325 01       		.byte	0x1
 597 0326 85       		.byte	0x85
 598 0327 F6000000 		.4byte	0xf6
 599 032b 00000000 		.4byte	.LFB116
 600 032f 3C000000 		.4byte	.LFE116-.LFB116
 601 0333 01       		.uleb128 0x1
 602 0334 9C       		.byte	0x9c
 603 0335 B0030000 		.4byte	0x3b0
 604 0339 16       		.uleb128 0x16
 605 033a 19000000 		.4byte	.LASF60
 606 033e 01       		.byte	0x1
 607 033f 87       		.byte	0x87
 608 0340 F6000000 		.4byte	0xf6
 609 0344 40000000 		.4byte	.LLST2
 610 0348 1D       		.uleb128 0x1d
 611 0349 73747200 		.ascii	"str\000"
 612 034d 01       		.byte	0x1
 613 034e 88       		.byte	0x88
 614 034f B0030000 		.4byte	0x3b0
 615 0353 02       		.uleb128 0x2
 616 0354 91       		.byte	0x91
 617 0355 58       		.sleb128 -40
 618 0356 16       		.uleb128 0x16
 619 0357 F6000000 		.4byte	.LASF64
 620 035b 01       		.byte	0x1
 621 035c 89       		.byte	0x89
 622 035d 81000000 		.4byte	0x81
 623 0361 5F000000 		.4byte	.LLST3
 624 0365 18       		.uleb128 0x18
 625 0366 12000000 		.4byte	.LVL11
 626 036a 45040000 		.4byte	0x445
 627 036e 88030000 		.4byte	0x388
 628 0372 19       		.uleb128 0x19
 629 0373 01       		.uleb128 0x1
 630 0374 50       		.byte	0x50
 631 0375 02       		.uleb128 0x2
 632 0376 7D       		.byte	0x7d
 633 0377 00       		.sleb128 0
 634 0378 19       		.uleb128 0x19
 635 0379 01       		.uleb128 0x1
 636 037a 51       		.byte	0x51
 637 037b 05       		.uleb128 0x5
 638 037c 03       		.byte	0x3
 639 037d 00000000 		.4byte	.LC0
 640 0381 19       		.uleb128 0x19
 641 0382 01       		.uleb128 0x1
 642 0383 52       		.byte	0x52
 643 0384 02       		.uleb128 0x2
ARM GAS  C:\Users\Reza\AppData\Local\Temp\ccQBrN6Q.s 			page 15


 644 0385 74       		.byte	0x74
 645 0386 00       		.sleb128 0
 646 0387 00       		.byte	0
 647 0388 18       		.uleb128 0x18
 648 0389 18000000 		.4byte	.LVL12
 649 038d 50040000 		.4byte	0x450
 650 0391 9C030000 		.4byte	0x39c
 651 0395 19       		.uleb128 0x19
 652 0396 01       		.uleb128 0x1
 653 0397 50       		.byte	0x50
 654 0398 02       		.uleb128 0x2
 655 0399 7D       		.byte	0x7d
 656 039a 00       		.sleb128 0
 657 039b 00       		.byte	0
 658 039c 1A       		.uleb128 0x1a
 659 039d 1E000000 		.4byte	.LVL13
 660 03a1 50040000 		.4byte	0x450
 661 03a5 19       		.uleb128 0x19
 662 03a6 01       		.uleb128 0x1
 663 03a7 50       		.byte	0x50
 664 03a8 05       		.uleb128 0x5
 665 03a9 03       		.byte	0x3
 666 03aa 14000000 		.4byte	.LC1
 667 03ae 00       		.byte	0
 668 03af 00       		.byte	0
 669 03b0 1B       		.uleb128 0x1b
 670 03b1 A5000000 		.4byte	0xa5
 671 03b5 C0030000 		.4byte	0x3c0
 672 03b9 1C       		.uleb128 0x1c
 673 03ba B3000000 		.4byte	0xb3
 674 03be 1D       		.byte	0x1d
 675 03bf 00       		.byte	0
 676 03c0 1E       		.uleb128 0x1e
 677 03c1 4A050000 		.4byte	.LASF65
 678 03c5 08       		.byte	0x8
 679 03c6 40       		.byte	0x40
 680 03c7 D0000000 		.4byte	0xd0
 681 03cb 1E       		.uleb128 0x1e
 682 03cc 93010000 		.4byte	.LASF66
 683 03d0 08       		.byte	0x8
 684 03d1 47       		.byte	0x47
 685 03d2 DB000000 		.4byte	0xdb
 686 03d6 1E       		.uleb128 0x1e
 687 03d7 93040000 		.4byte	.LASF67
 688 03db 08       		.byte	0x8
 689 03dc 4A       		.byte	0x4a
 690 03dd D0000000 		.4byte	0xd0
 691 03e1 1E       		.uleb128 0x1e
 692 03e2 00000000 		.4byte	.LASF68
 693 03e6 09       		.byte	0x9
 694 03e7 48       		.byte	0x48
 695 03e8 E6000000 		.4byte	0xe6
 696 03ec 1E       		.uleb128 0x1e
 697 03ed 39010000 		.4byte	.LASF69
 698 03f1 0A       		.byte	0xa
 699 03f2 44       		.byte	0x44
 700 03f3 D0000000 		.4byte	0xd0
ARM GAS  C:\Users\Reza\AppData\Local\Temp\ccQBrN6Q.s 			page 16


 701 03f7 1F       		.uleb128 0x1f
 702 03f8 13050000 		.4byte	.LASF70
 703 03fc 0B       		.byte	0xb
 704 03fd 1207     		.2byte	0x712
 705 03ff 03040000 		.4byte	0x403
 706 0403 05       		.uleb128 0x5
 707 0404 8C000000 		.4byte	0x8c
 708 0408 20       		.uleb128 0x20
 709 0409 68040000 		.4byte	.LASF71
 710 040d 07       		.byte	0x7
 711 040e 6F       		.byte	0x6f
 712 040f 3C020000 		.4byte	0x23c
 713 0413 05       		.uleb128 0x5
 714 0414 03       		.byte	0x3
 715 0415 00000000 		.4byte	runnables
 716 0419 21       		.uleb128 0x21
 717 041a 5D040000 		.4byte	.LASF72
 718 041e 5D040000 		.4byte	.LASF72
 719 0422 0C       		.byte	0xc
 720 0423 72       		.byte	0x72
 721 0424 21       		.uleb128 0x21
 722 0425 83050000 		.4byte	.LASF73
 723 0429 83050000 		.4byte	.LASF73
 724 042d 0C       		.byte	0xc
 725 042e 73       		.byte	0x73
 726 042f 21       		.uleb128 0x21
 727 0430 67000000 		.4byte	.LASF74
 728 0434 67000000 		.4byte	.LASF74
 729 0438 0D       		.byte	0xd
 730 0439 23       		.byte	0x23
 731 043a 21       		.uleb128 0x21
 732 043b 29050000 		.4byte	.LASF75
 733 043f 29050000 		.4byte	.LASF75
 734 0443 0D       		.byte	0xd
 735 0444 21       		.byte	0x21
 736 0445 21       		.uleb128 0x21
 737 0446 68020000 		.4byte	.LASF76
 738 044a 68020000 		.4byte	.LASF76
 739 044e 0E       		.byte	0xe
 740 044f E7       		.byte	0xe7
 741 0450 21       		.uleb128 0x21
 742 0451 3B020000 		.4byte	.LASF77
 743 0455 3B020000 		.4byte	.LASF77
 744 0459 0F       		.byte	0xf
 745 045a 8B       		.byte	0x8b
 746 045b 00       		.byte	0
 747              		.section	.debug_abbrev,"",%progbits
 748              	.Ldebug_abbrev0:
 749 0000 01       		.uleb128 0x1
 750 0001 11       		.uleb128 0x11
 751 0002 01       		.byte	0x1
 752 0003 25       		.uleb128 0x25
 753 0004 0E       		.uleb128 0xe
 754 0005 13       		.uleb128 0x13
 755 0006 0B       		.uleb128 0xb
 756 0007 03       		.uleb128 0x3
 757 0008 0E       		.uleb128 0xe
ARM GAS  C:\Users\Reza\AppData\Local\Temp\ccQBrN6Q.s 			page 17


 758 0009 1B       		.uleb128 0x1b
 759 000a 0E       		.uleb128 0xe
 760 000b 55       		.uleb128 0x55
 761 000c 17       		.uleb128 0x17
 762 000d 11       		.uleb128 0x11
 763 000e 01       		.uleb128 0x1
 764 000f 10       		.uleb128 0x10
 765 0010 17       		.uleb128 0x17
 766 0011 00       		.byte	0
 767 0012 00       		.byte	0
 768 0013 02       		.uleb128 0x2
 769 0014 24       		.uleb128 0x24
 770 0015 00       		.byte	0
 771 0016 0B       		.uleb128 0xb
 772 0017 0B       		.uleb128 0xb
 773 0018 3E       		.uleb128 0x3e
 774 0019 0B       		.uleb128 0xb
 775 001a 03       		.uleb128 0x3
 776 001b 0E       		.uleb128 0xe
 777 001c 00       		.byte	0
 778 001d 00       		.byte	0
 779 001e 03       		.uleb128 0x3
 780 001f 16       		.uleb128 0x16
 781 0020 00       		.byte	0
 782 0021 03       		.uleb128 0x3
 783 0022 0E       		.uleb128 0xe
 784 0023 3A       		.uleb128 0x3a
 785 0024 0B       		.uleb128 0xb
 786 0025 3B       		.uleb128 0x3b
 787 0026 0B       		.uleb128 0xb
 788 0027 49       		.uleb128 0x49
 789 0028 13       		.uleb128 0x13
 790 0029 00       		.byte	0
 791 002a 00       		.byte	0
 792 002b 04       		.uleb128 0x4
 793 002c 24       		.uleb128 0x24
 794 002d 00       		.byte	0
 795 002e 0B       		.uleb128 0xb
 796 002f 0B       		.uleb128 0xb
 797 0030 3E       		.uleb128 0x3e
 798 0031 0B       		.uleb128 0xb
 799 0032 03       		.uleb128 0x3
 800 0033 08       		.uleb128 0x8
 801 0034 00       		.byte	0
 802 0035 00       		.byte	0
 803 0036 05       		.uleb128 0x5
 804 0037 35       		.uleb128 0x35
 805 0038 00       		.byte	0
 806 0039 49       		.uleb128 0x49
 807 003a 13       		.uleb128 0x13
 808 003b 00       		.byte	0
 809 003c 00       		.byte	0
 810 003d 06       		.uleb128 0x6
 811 003e 04       		.uleb128 0x4
 812 003f 01       		.byte	0x1
 813 0040 03       		.uleb128 0x3
 814 0041 08       		.uleb128 0x8
ARM GAS  C:\Users\Reza\AppData\Local\Temp\ccQBrN6Q.s 			page 18


 815 0042 0B       		.uleb128 0xb
 816 0043 0B       		.uleb128 0xb
 817 0044 49       		.uleb128 0x49
 818 0045 13       		.uleb128 0x13
 819 0046 3A       		.uleb128 0x3a
 820 0047 0B       		.uleb128 0xb
 821 0048 3B       		.uleb128 0x3b
 822 0049 0B       		.uleb128 0xb
 823 004a 01       		.uleb128 0x1
 824 004b 13       		.uleb128 0x13
 825 004c 00       		.byte	0
 826 004d 00       		.byte	0
 827 004e 07       		.uleb128 0x7
 828 004f 28       		.uleb128 0x28
 829 0050 00       		.byte	0
 830 0051 03       		.uleb128 0x3
 831 0052 0E       		.uleb128 0xe
 832 0053 1C       		.uleb128 0x1c
 833 0054 0B       		.uleb128 0xb
 834 0055 00       		.byte	0
 835 0056 00       		.byte	0
 836 0057 08       		.uleb128 0x8
 837 0058 28       		.uleb128 0x28
 838 0059 00       		.byte	0
 839 005a 03       		.uleb128 0x3
 840 005b 0E       		.uleb128 0xe
 841 005c 1C       		.uleb128 0x1c
 842 005d 0D       		.uleb128 0xd
 843 005e 00       		.byte	0
 844 005f 00       		.byte	0
 845 0060 09       		.uleb128 0x9
 846 0061 13       		.uleb128 0x13
 847 0062 01       		.byte	0x1
 848 0063 03       		.uleb128 0x3
 849 0064 0E       		.uleb128 0xe
 850 0065 0B       		.uleb128 0xb
 851 0066 0B       		.uleb128 0xb
 852 0067 3A       		.uleb128 0x3a
 853 0068 0B       		.uleb128 0xb
 854 0069 3B       		.uleb128 0x3b
 855 006a 0B       		.uleb128 0xb
 856 006b 01       		.uleb128 0x1
 857 006c 13       		.uleb128 0x13
 858 006d 00       		.byte	0
 859 006e 00       		.byte	0
 860 006f 0A       		.uleb128 0xa
 861 0070 0D       		.uleb128 0xd
 862 0071 00       		.byte	0
 863 0072 03       		.uleb128 0x3
 864 0073 0E       		.uleb128 0xe
 865 0074 3A       		.uleb128 0x3a
 866 0075 0B       		.uleb128 0xb
 867 0076 3B       		.uleb128 0x3b
 868 0077 0B       		.uleb128 0xb
 869 0078 49       		.uleb128 0x49
 870 0079 13       		.uleb128 0x13
 871 007a 38       		.uleb128 0x38
ARM GAS  C:\Users\Reza\AppData\Local\Temp\ccQBrN6Q.s 			page 19


 872 007b 0B       		.uleb128 0xb
 873 007c 00       		.byte	0
 874 007d 00       		.byte	0
 875 007e 0B       		.uleb128 0xb
 876 007f 26       		.uleb128 0x26
 877 0080 00       		.byte	0
 878 0081 49       		.uleb128 0x49
 879 0082 13       		.uleb128 0x13
 880 0083 00       		.byte	0
 881 0084 00       		.byte	0
 882 0085 0C       		.uleb128 0xc
 883 0086 13       		.uleb128 0x13
 884 0087 01       		.byte	0x1
 885 0088 0B       		.uleb128 0xb
 886 0089 0B       		.uleb128 0xb
 887 008a 3A       		.uleb128 0x3a
 888 008b 0B       		.uleb128 0xb
 889 008c 3B       		.uleb128 0x3b
 890 008d 0B       		.uleb128 0xb
 891 008e 01       		.uleb128 0x1
 892 008f 13       		.uleb128 0x13
 893 0090 00       		.byte	0
 894 0091 00       		.byte	0
 895 0092 0D       		.uleb128 0xd
 896 0093 0D       		.uleb128 0xd
 897 0094 00       		.byte	0
 898 0095 03       		.uleb128 0x3
 899 0096 0E       		.uleb128 0xe
 900 0097 3A       		.uleb128 0x3a
 901 0098 0B       		.uleb128 0xb
 902 0099 3B       		.uleb128 0x3b
 903 009a 0B       		.uleb128 0xb
 904 009b 49       		.uleb128 0x49
 905 009c 13       		.uleb128 0x13
 906 009d 0B       		.uleb128 0xb
 907 009e 0B       		.uleb128 0xb
 908 009f 0D       		.uleb128 0xd
 909 00a0 0B       		.uleb128 0xb
 910 00a1 0C       		.uleb128 0xc
 911 00a2 0B       		.uleb128 0xb
 912 00a3 38       		.uleb128 0x38
 913 00a4 0B       		.uleb128 0xb
 914 00a5 00       		.byte	0
 915 00a6 00       		.byte	0
 916 00a7 0E       		.uleb128 0xe
 917 00a8 17       		.uleb128 0x17
 918 00a9 01       		.byte	0x1
 919 00aa 0B       		.uleb128 0xb
 920 00ab 0B       		.uleb128 0xb
 921 00ac 3A       		.uleb128 0x3a
 922 00ad 0B       		.uleb128 0xb
 923 00ae 3B       		.uleb128 0x3b
 924 00af 0B       		.uleb128 0xb
 925 00b0 01       		.uleb128 0x1
 926 00b1 13       		.uleb128 0x13
 927 00b2 00       		.byte	0
 928 00b3 00       		.byte	0
ARM GAS  C:\Users\Reza\AppData\Local\Temp\ccQBrN6Q.s 			page 20


 929 00b4 0F       		.uleb128 0xf
 930 00b5 0D       		.uleb128 0xd
 931 00b6 00       		.byte	0
 932 00b7 03       		.uleb128 0x3
 933 00b8 0E       		.uleb128 0xe
 934 00b9 3A       		.uleb128 0x3a
 935 00ba 0B       		.uleb128 0xb
 936 00bb 3B       		.uleb128 0x3b
 937 00bc 0B       		.uleb128 0xb
 938 00bd 49       		.uleb128 0x49
 939 00be 13       		.uleb128 0x13
 940 00bf 00       		.byte	0
 941 00c0 00       		.byte	0
 942 00c1 10       		.uleb128 0x10
 943 00c2 2E       		.uleb128 0x2e
 944 00c3 01       		.byte	0x1
 945 00c4 3F       		.uleb128 0x3f
 946 00c5 19       		.uleb128 0x19
 947 00c6 03       		.uleb128 0x3
 948 00c7 0E       		.uleb128 0xe
 949 00c8 3A       		.uleb128 0x3a
 950 00c9 0B       		.uleb128 0xb
 951 00ca 3B       		.uleb128 0x3b
 952 00cb 0B       		.uleb128 0xb
 953 00cc 27       		.uleb128 0x27
 954 00cd 19       		.uleb128 0x19
 955 00ce 49       		.uleb128 0x49
 956 00cf 13       		.uleb128 0x13
 957 00d0 11       		.uleb128 0x11
 958 00d1 01       		.uleb128 0x1
 959 00d2 12       		.uleb128 0x12
 960 00d3 06       		.uleb128 0x6
 961 00d4 40       		.uleb128 0x40
 962 00d5 18       		.uleb128 0x18
 963 00d6 9742     		.uleb128 0x2117
 964 00d8 19       		.uleb128 0x19
 965 00d9 01       		.uleb128 0x1
 966 00da 13       		.uleb128 0x13
 967 00db 00       		.byte	0
 968 00dc 00       		.byte	0
 969 00dd 11       		.uleb128 0x11
 970 00de 05       		.uleb128 0x5
 971 00df 00       		.byte	0
 972 00e0 03       		.uleb128 0x3
 973 00e1 0E       		.uleb128 0xe
 974 00e2 3A       		.uleb128 0x3a
 975 00e3 0B       		.uleb128 0xb
 976 00e4 3B       		.uleb128 0x3b
 977 00e5 0B       		.uleb128 0xb
 978 00e6 49       		.uleb128 0x49
 979 00e7 13       		.uleb128 0x13
 980 00e8 02       		.uleb128 0x2
 981 00e9 17       		.uleb128 0x17
 982 00ea 00       		.byte	0
 983 00eb 00       		.byte	0
 984 00ec 12       		.uleb128 0x12
 985 00ed 34       		.uleb128 0x34
ARM GAS  C:\Users\Reza\AppData\Local\Temp\ccQBrN6Q.s 			page 21


 986 00ee 00       		.byte	0
 987 00ef 03       		.uleb128 0x3
 988 00f0 0E       		.uleb128 0xe
 989 00f1 3A       		.uleb128 0x3a
 990 00f2 0B       		.uleb128 0xb
 991 00f3 3B       		.uleb128 0x3b
 992 00f4 0B       		.uleb128 0xb
 993 00f5 49       		.uleb128 0x49
 994 00f6 13       		.uleb128 0x13
 995 00f7 1C       		.uleb128 0x1c
 996 00f8 0B       		.uleb128 0xb
 997 00f9 00       		.byte	0
 998 00fa 00       		.byte	0
 999 00fb 13       		.uleb128 0x13
 1000 00fc 898201   		.uleb128 0x4109
 1001 00ff 00       		.byte	0
 1002 0100 11       		.uleb128 0x11
 1003 0101 01       		.uleb128 0x1
 1004 0102 31       		.uleb128 0x31
 1005 0103 13       		.uleb128 0x13
 1006 0104 00       		.byte	0
 1007 0105 00       		.byte	0
 1008 0106 14       		.uleb128 0x14
 1009 0107 0F       		.uleb128 0xf
 1010 0108 00       		.byte	0
 1011 0109 0B       		.uleb128 0xb
 1012 010a 0B       		.uleb128 0xb
 1013 010b 49       		.uleb128 0x49
 1014 010c 13       		.uleb128 0x13
 1015 010d 00       		.byte	0
 1016 010e 00       		.byte	0
 1017 010f 15       		.uleb128 0x15
 1018 0110 2E       		.uleb128 0x2e
 1019 0111 01       		.byte	0x1
 1020 0112 3F       		.uleb128 0x3f
 1021 0113 19       		.uleb128 0x19
 1022 0114 03       		.uleb128 0x3
 1023 0115 0E       		.uleb128 0xe
 1024 0116 3A       		.uleb128 0x3a
 1025 0117 0B       		.uleb128 0xb
 1026 0118 3B       		.uleb128 0x3b
 1027 0119 0B       		.uleb128 0xb
 1028 011a 49       		.uleb128 0x49
 1029 011b 13       		.uleb128 0x13
 1030 011c 11       		.uleb128 0x11
 1031 011d 01       		.uleb128 0x1
 1032 011e 12       		.uleb128 0x12
 1033 011f 06       		.uleb128 0x6
 1034 0120 40       		.uleb128 0x40
 1035 0121 18       		.uleb128 0x18
 1036 0122 9742     		.uleb128 0x2117
 1037 0124 19       		.uleb128 0x19
 1038 0125 01       		.uleb128 0x1
 1039 0126 13       		.uleb128 0x13
 1040 0127 00       		.byte	0
 1041 0128 00       		.byte	0
 1042 0129 16       		.uleb128 0x16
ARM GAS  C:\Users\Reza\AppData\Local\Temp\ccQBrN6Q.s 			page 22


 1043 012a 34       		.uleb128 0x34
 1044 012b 00       		.byte	0
 1045 012c 03       		.uleb128 0x3
 1046 012d 0E       		.uleb128 0xe
 1047 012e 3A       		.uleb128 0x3a
 1048 012f 0B       		.uleb128 0xb
 1049 0130 3B       		.uleb128 0x3b
 1050 0131 0B       		.uleb128 0xb
 1051 0132 49       		.uleb128 0x49
 1052 0133 13       		.uleb128 0x13
 1053 0134 02       		.uleb128 0x2
 1054 0135 17       		.uleb128 0x17
 1055 0136 00       		.byte	0
 1056 0137 00       		.byte	0
 1057 0138 17       		.uleb128 0x17
 1058 0139 34       		.uleb128 0x34
 1059 013a 00       		.byte	0
 1060 013b 03       		.uleb128 0x3
 1061 013c 08       		.uleb128 0x8
 1062 013d 3A       		.uleb128 0x3a
 1063 013e 0B       		.uleb128 0xb
 1064 013f 3B       		.uleb128 0x3b
 1065 0140 0B       		.uleb128 0xb
 1066 0141 49       		.uleb128 0x49
 1067 0142 13       		.uleb128 0x13
 1068 0143 00       		.byte	0
 1069 0144 00       		.byte	0
 1070 0145 18       		.uleb128 0x18
 1071 0146 898201   		.uleb128 0x4109
 1072 0149 01       		.byte	0x1
 1073 014a 11       		.uleb128 0x11
 1074 014b 01       		.uleb128 0x1
 1075 014c 31       		.uleb128 0x31
 1076 014d 13       		.uleb128 0x13
 1077 014e 01       		.uleb128 0x1
 1078 014f 13       		.uleb128 0x13
 1079 0150 00       		.byte	0
 1080 0151 00       		.byte	0
 1081 0152 19       		.uleb128 0x19
 1082 0153 8A8201   		.uleb128 0x410a
 1083 0156 00       		.byte	0
 1084 0157 02       		.uleb128 0x2
 1085 0158 18       		.uleb128 0x18
 1086 0159 9142     		.uleb128 0x2111
 1087 015b 18       		.uleb128 0x18
 1088 015c 00       		.byte	0
 1089 015d 00       		.byte	0
 1090 015e 1A       		.uleb128 0x1a
 1091 015f 898201   		.uleb128 0x4109
 1092 0162 01       		.byte	0x1
 1093 0163 11       		.uleb128 0x11
 1094 0164 01       		.uleb128 0x1
 1095 0165 31       		.uleb128 0x31
 1096 0166 13       		.uleb128 0x13
 1097 0167 00       		.byte	0
 1098 0168 00       		.byte	0
 1099 0169 1B       		.uleb128 0x1b
ARM GAS  C:\Users\Reza\AppData\Local\Temp\ccQBrN6Q.s 			page 23


 1100 016a 01       		.uleb128 0x1
 1101 016b 01       		.byte	0x1
 1102 016c 49       		.uleb128 0x49
 1103 016d 13       		.uleb128 0x13
 1104 016e 01       		.uleb128 0x1
 1105 016f 13       		.uleb128 0x13
 1106 0170 00       		.byte	0
 1107 0171 00       		.byte	0
 1108 0172 1C       		.uleb128 0x1c
 1109 0173 21       		.uleb128 0x21
 1110 0174 00       		.byte	0
 1111 0175 49       		.uleb128 0x49
 1112 0176 13       		.uleb128 0x13
 1113 0177 2F       		.uleb128 0x2f
 1114 0178 0B       		.uleb128 0xb
 1115 0179 00       		.byte	0
 1116 017a 00       		.byte	0
 1117 017b 1D       		.uleb128 0x1d
 1118 017c 34       		.uleb128 0x34
 1119 017d 00       		.byte	0
 1120 017e 03       		.uleb128 0x3
 1121 017f 08       		.uleb128 0x8
 1122 0180 3A       		.uleb128 0x3a
 1123 0181 0B       		.uleb128 0xb
 1124 0182 3B       		.uleb128 0x3b
 1125 0183 0B       		.uleb128 0xb
 1126 0184 49       		.uleb128 0x49
 1127 0185 13       		.uleb128 0x13
 1128 0186 02       		.uleb128 0x2
 1129 0187 18       		.uleb128 0x18
 1130 0188 00       		.byte	0
 1131 0189 00       		.byte	0
 1132 018a 1E       		.uleb128 0x1e
 1133 018b 34       		.uleb128 0x34
 1134 018c 00       		.byte	0
 1135 018d 03       		.uleb128 0x3
 1136 018e 0E       		.uleb128 0xe
 1137 018f 3A       		.uleb128 0x3a
 1138 0190 0B       		.uleb128 0xb
 1139 0191 3B       		.uleb128 0x3b
 1140 0192 0B       		.uleb128 0xb
 1141 0193 49       		.uleb128 0x49
 1142 0194 13       		.uleb128 0x13
 1143 0195 3F       		.uleb128 0x3f
 1144 0196 19       		.uleb128 0x19
 1145 0197 3C       		.uleb128 0x3c
 1146 0198 19       		.uleb128 0x19
 1147 0199 00       		.byte	0
 1148 019a 00       		.byte	0
 1149 019b 1F       		.uleb128 0x1f
 1150 019c 34       		.uleb128 0x34
 1151 019d 00       		.byte	0
 1152 019e 03       		.uleb128 0x3
 1153 019f 0E       		.uleb128 0xe
 1154 01a0 3A       		.uleb128 0x3a
 1155 01a1 0B       		.uleb128 0xb
 1156 01a2 3B       		.uleb128 0x3b
ARM GAS  C:\Users\Reza\AppData\Local\Temp\ccQBrN6Q.s 			page 24


 1157 01a3 05       		.uleb128 0x5
 1158 01a4 49       		.uleb128 0x49
 1159 01a5 13       		.uleb128 0x13
 1160 01a6 3F       		.uleb128 0x3f
 1161 01a7 19       		.uleb128 0x19
 1162 01a8 3C       		.uleb128 0x3c
 1163 01a9 19       		.uleb128 0x19
 1164 01aa 00       		.byte	0
 1165 01ab 00       		.byte	0
 1166 01ac 20       		.uleb128 0x20
 1167 01ad 34       		.uleb128 0x34
 1168 01ae 00       		.byte	0
 1169 01af 03       		.uleb128 0x3
 1170 01b0 0E       		.uleb128 0xe
 1171 01b1 3A       		.uleb128 0x3a
 1172 01b2 0B       		.uleb128 0xb
 1173 01b3 3B       		.uleb128 0x3b
 1174 01b4 0B       		.uleb128 0xb
 1175 01b5 49       		.uleb128 0x49
 1176 01b6 13       		.uleb128 0x13
 1177 01b7 3F       		.uleb128 0x3f
 1178 01b8 19       		.uleb128 0x19
 1179 01b9 02       		.uleb128 0x2
 1180 01ba 18       		.uleb128 0x18
 1181 01bb 00       		.byte	0
 1182 01bc 00       		.byte	0
 1183 01bd 21       		.uleb128 0x21
 1184 01be 2E       		.uleb128 0x2e
 1185 01bf 00       		.byte	0
 1186 01c0 3F       		.uleb128 0x3f
 1187 01c1 19       		.uleb128 0x19
 1188 01c2 3C       		.uleb128 0x3c
 1189 01c3 19       		.uleb128 0x19
 1190 01c4 6E       		.uleb128 0x6e
 1191 01c5 0E       		.uleb128 0xe
 1192 01c6 03       		.uleb128 0x3
 1193 01c7 0E       		.uleb128 0xe
 1194 01c8 3A       		.uleb128 0x3a
 1195 01c9 0B       		.uleb128 0xb
 1196 01ca 3B       		.uleb128 0x3b
 1197 01cb 0B       		.uleb128 0xb
 1198 01cc 00       		.byte	0
 1199 01cd 00       		.byte	0
 1200 01ce 00       		.byte	0
 1201              		.section	.debug_loc,"",%progbits
 1202              	.Ldebug_loc0:
 1203              	.LLST0:
 1204 0000 00000000 		.4byte	.LVL0
 1205 0004 06000000 		.4byte	.LVL2
 1206 0008 0100     		.2byte	0x1
 1207 000a 50       		.byte	0x50
 1208 000b 06000000 		.4byte	.LVL2
 1209 000f 0E000000 		.4byte	.LFE114
 1210 0013 0400     		.2byte	0x4
 1211 0015 F3       		.byte	0xf3
 1212 0016 01       		.uleb128 0x1
 1213 0017 50       		.byte	0x50
ARM GAS  C:\Users\Reza\AppData\Local\Temp\ccQBrN6Q.s 			page 25


 1214 0018 9F       		.byte	0x9f
 1215 0019 00000000 		.4byte	0
 1216 001d 00000000 		.4byte	0
 1217              	.LLST1:
 1218 0021 02000000 		.4byte	.LVL4
 1219 0025 06000000 		.4byte	.LVL5
 1220 0029 0200     		.2byte	0x2
 1221 002b 30       		.byte	0x30
 1222 002c 9F       		.byte	0x9f
 1223 002d 06000000 		.4byte	.LVL5
 1224 0031 2E000000 		.4byte	.LVL8
 1225 0035 0100     		.2byte	0x1
 1226 0037 54       		.byte	0x54
 1227 0038 00000000 		.4byte	0
 1228 003c 00000000 		.4byte	0
 1229              	.LLST2:
 1230 0040 04000000 		.4byte	.LVL9
 1231 0044 2A000000 		.4byte	.LVL14
 1232 0048 0200     		.2byte	0x2
 1233 004a 30       		.byte	0x30
 1234 004b 9F       		.byte	0x9f
 1235 004c 2A000000 		.4byte	.LVL14
 1236 0050 3C000000 		.4byte	.LFE116
 1237 0054 0100     		.2byte	0x1
 1238 0056 50       		.byte	0x50
 1239 0057 00000000 		.4byte	0
 1240 005b 00000000 		.4byte	0
 1241              	.LLST3:
 1242 005f 08000000 		.4byte	.LVL10
 1243 0063 2E000000 		.4byte	.LVL15
 1244 0067 0100     		.2byte	0x1
 1245 0069 54       		.byte	0x54
 1246 006a 00000000 		.4byte	0
 1247 006e 00000000 		.4byte	0
 1248              		.section	.debug_aranges,"",%progbits
 1249 0000 2C000000 		.4byte	0x2c
 1250 0004 0200     		.2byte	0x2
 1251 0006 00000000 		.4byte	.Ldebug_info0
 1252 000a 04       		.byte	0x4
 1253 000b 00       		.byte	0
 1254 000c 0000     		.2byte	0
 1255 000e 0000     		.2byte	0
 1256 0010 00000000 		.4byte	.LFB114
 1257 0014 0E000000 		.4byte	.LFE114-.LFB114
 1258 0018 00000000 		.4byte	.LFB115
 1259 001c 38000000 		.4byte	.LFE115-.LFB115
 1260 0020 00000000 		.4byte	.LFB116
 1261 0024 3C000000 		.4byte	.LFE116-.LFB116
 1262 0028 00000000 		.4byte	0
 1263 002c 00000000 		.4byte	0
 1264              		.section	.debug_ranges,"",%progbits
 1265              	.Ldebug_ranges0:
 1266 0000 00000000 		.4byte	.LFB114
 1267 0004 0E000000 		.4byte	.LFE114
 1268 0008 00000000 		.4byte	.LFB115
 1269 000c 38000000 		.4byte	.LFE115
 1270 0010 00000000 		.4byte	.LFB116
ARM GAS  C:\Users\Reza\AppData\Local\Temp\ccQBrN6Q.s 			page 26


 1271 0014 3C000000 		.4byte	.LFE116
 1272 0018 00000000 		.4byte	0
 1273 001c 00000000 		.4byte	0
 1274              		.section	.debug_line,"",%progbits
 1275              	.Ldebug_line0:
 1276 0000 0E030000 		.section	.debug_str,"MS",%progbits,1
 1276      0200C402 
 1276      00000201 
 1276      FB0E0D00 
 1276      01010101 
 1277              	.LASF68:
 1278 0000 45455F73 		.ascii	"EE_std_endcycle_next_tid\000"
 1278      74645F65 
 1278      6E646379 
 1278      636C655F 
 1278      6E657874 
 1279              	.LASF60:
 1280 0019 72657375 		.ascii	"result\000"
 1280      6C7400
 1281              	.LASF59:
 1282 0020 6269745F 		.ascii	"bit_field\000"
 1282      6669656C 
 1282      6400
 1283              	.LASF38:
 1284 002a 52435F45 		.ascii	"RC_ERROR_READ_ONLY\000"
 1284      52524F52 
 1284      5F524541 
 1284      445F4F4E 
 1284      4C5900
 1285              	.LASF24:
 1286 003d 52435F53 		.ascii	"RC_SUCCESS\000"
 1286      55434345 
 1286      535300
 1287              	.LASF62:
 1288 0048 57445F54 		.ascii	"WD_Trigger\000"
 1288      72696767 
 1288      657200
 1289              	.LASF39:
 1290 0053 52435F45 		.ascii	"RC_ERROR_WRITE_ONLY\000"
 1290      52524F52 
 1290      5F575249 
 1290      54455F4F 
 1290      4E4C5900 
 1291              	.LASF74:
 1292 0067 45455052 		.ascii	"EEPROM_ReadByte\000"
 1292      4F4D5F52 
 1292      65616442 
 1292      79746500 
 1293              	.LASF2:
 1294 0077 73686F72 		.ascii	"short int\000"
 1294      7420696E 
 1294      7400
 1295              	.LASF30:
 1296 0081 52435F45 		.ascii	"RC_ERROR_OVERRUN\000"
 1296      52524F52 
 1296      5F4F5645 
 1296      5252554E 
ARM GAS  C:\Users\Reza\AppData\Local\Temp\ccQBrN6Q.s 			page 27


 1296      00
 1297              	.LASF42:
 1298 0092 52435F45 		.ascii	"RC_ERROR_WRITE_FAILS\000"
 1298      52524F52 
 1298      5F575249 
 1298      54455F46 
 1298      41494C53 
 1299              	.LASF17:
 1300 00a7 73697A65 		.ascii	"sizetype\000"
 1300      74797065 
 1300      00
 1301              	.LASF53:
 1302 00b0 72756E5F 		.ascii	"run_readJoystick\000"
 1302      72656164 
 1302      4A6F7973 
 1302      7469636B 
 1302      00
 1303              	.LASF27:
 1304 00c1 52435F45 		.ascii	"RC_ERROR_ZERO\000"
 1304      52524F52 
 1304      5F5A4552 
 1304      4F00
 1305              	.LASF21:
 1306 00cf 45455F46 		.ascii	"EE_FREG\000"
 1306      52454700 
 1307              	.LASF82:
 1308 00d7 57445F53 		.ascii	"WD_Start\000"
 1308      74617274 
 1308      00
 1309              	.LASF51:
 1310 00e0 6D6F6465 		.ascii	"mode\000"
 1310      00
 1311              	.LASF19:
 1312 00e5 45455F55 		.ascii	"EE_UINT32\000"
 1312      494E5433 
 1312      3200
 1313              	.LASF22:
 1314 00ef 45455F54 		.ascii	"EE_TID\000"
 1314      494400
 1315              	.LASF64:
 1316 00f6 72657365 		.ascii	"reset_status\000"
 1316      745F7374 
 1316      61747573 
 1316      00
 1317              	.LASF61:
 1318 0103 76616C75 		.ascii	"value\000"
 1318      6500
 1319              	.LASF11:
 1320 0109 75696E74 		.ascii	"uint8_t\000"
 1320      385F7400 
 1321              	.LASF47:
 1322 0111 52435F45 		.ascii	"RC_ERROR_INVALID_STATE\000"
 1322      52524F52 
 1322      5F494E56 
 1322      414C4944 
 1322      5F535441 
 1323              	.LASF63:
ARM GAS  C:\Users\Reza\AppData\Local\Temp\ccQBrN6Q.s 			page 28


 1324 0128 57445F43 		.ascii	"WD_CheckResetBit\000"
 1324      6865636B 
 1324      52657365 
 1324      74426974 
 1324      00
 1325              	.LASF69:
 1326 0139 45455F49 		.ascii	"EE_IRQ_nesting_level\000"
 1326      52515F6E 
 1326      65737469 
 1326      6E675F6C 
 1326      6576656C 
 1327              	.LASF18:
 1328 014e 45455F49 		.ascii	"EE_INT32\000"
 1328      4E543332 
 1328      00
 1329              	.LASF55:
 1330 0157 72756E5F 		.ascii	"run_setEngine\000"
 1330      73657445 
 1330      6E67696E 
 1330      6500
 1331              	.LASF57:
 1332 0165 72756E5F 		.ascii	"run_setLcd\000"
 1332      7365744C 
 1332      636400
 1333              	.LASF29:
 1334 0170 52435F45 		.ascii	"RC_ERROR_RANGE\000"
 1334      52524F52 
 1334      5F52414E 
 1334      474500
 1335              	.LASF13:
 1336 017f 666C6F61 		.ascii	"float\000"
 1336      7400
 1337              	.LASF8:
 1338 0185 6C6F6E67 		.ascii	"long long int\000"
 1338      206C6F6E 
 1338      6720696E 
 1338      7400
 1339              	.LASF66:
 1340 0193 45455F6F 		.ascii	"EE_oo_IRQ_suspend_status\000"
 1340      6F5F4952 
 1340      515F7375 
 1340      7370656E 
 1340      645F7374 
 1341              	.LASF43:
 1342 01ac 52435F45 		.ascii	"RC_ERROR_NOT_MATCH\000"
 1342      52524F52 
 1342      5F4E4F54 
 1342      5F4D4154 
 1342      434800
 1343              	.LASF48:
 1344 01bf 52435F45 		.ascii	"RC_ERROR_UNKNOWN\000"
 1344      52524F52 
 1344      5F554E4B 
 1344      4E4F574E 
 1344      00
 1345              	.LASF6:
 1346 01d0 6C6F6E67 		.ascii	"long int\000"
ARM GAS  C:\Users\Reza\AppData\Local\Temp\ccQBrN6Q.s 			page 29


 1346      20696E74 
 1346      00
 1347              	.LASF31:
 1348 01d9 52435F45 		.ascii	"RC_ERROR_UNDERRUN\000"
 1348      52524F52 
 1348      5F554E44 
 1348      45525255 
 1348      4E00
 1349              	.LASF34:
 1350 01eb 52435F45 		.ascii	"RC_ERROR_BUSY\000"
 1350      52524F52 
 1350      5F425553 
 1350      5900
 1351              	.LASF4:
 1352 01f9 5F5F7569 		.ascii	"__uint8_t\000"
 1352      6E74385F 
 1352      7400
 1353              	.LASF40:
 1354 0203 52435F45 		.ascii	"RC_ERROR_INVALID\000"
 1354      52524F52 
 1354      5F494E56 
 1354      414C4944 
 1354      00
 1355              	.LASF45:
 1356 0214 52435F45 		.ascii	"RC_ERROR_BAD_DATA\000"
 1356      52524F52 
 1356      5F424144 
 1356      5F444154 
 1356      4100
 1357              	.LASF23:
 1358 0226 626F6F6C 		.ascii	"boolean_t\000"
 1358      65616E5F 
 1358      7400
 1359              	.LASF50:
 1360 0230 74696D65 		.ascii	"timer\000"
 1360      7200
 1361              	.LASF58:
 1362 0236 62797465 		.ascii	"byte\000"
 1362      00
 1363              	.LASF77:
 1364 023b 55415254 		.ascii	"UART_LOG_PutString\000"
 1364      5F4C4F47 
 1364      5F507574 
 1364      53747269 
 1364      6E6700
 1365              	.LASF16:
 1366 024e 6C6F6E67 		.ascii	"long double\000"
 1366      20646F75 
 1366      626C6500 
 1367              	.LASF1:
 1368 025a 756E7369 		.ascii	"unsigned char\000"
 1368      676E6564 
 1368      20636861 
 1368      7200
 1369              	.LASF76:
 1370 0268 73707269 		.ascii	"sprintf\000"
 1370      6E746600 
ARM GAS  C:\Users\Reza\AppData\Local\Temp\ccQBrN6Q.s 			page 30


 1371              	.LASF79:
 1372 0270 736F7572 		.ascii	"source\\bsw\\watchdog\\watchdog.c\000"
 1372      63655C62 
 1372      73775C77 
 1372      61746368 
 1372      646F675C 
 1373              	.LASF0:
 1374 028f 7369676E 		.ascii	"signed char\000"
 1374      65642063 
 1374      68617200 
 1375              	.LASF9:
 1376 029b 6C6F6E67 		.ascii	"long long unsigned int\000"
 1376      206C6F6E 
 1376      6720756E 
 1376      7369676E 
 1376      65642069 
 1377              	.LASF10:
 1378 02b2 756E7369 		.ascii	"unsigned int\000"
 1378      676E6564 
 1378      20696E74 
 1378      00
 1379              	.LASF36:
 1380 02bf 52435F45 		.ascii	"RC_ERROR_OPEN\000"
 1380      52524F52 
 1380      5F4F5045 
 1380      4E00
 1381              	.LASF26:
 1382 02cd 52435F45 		.ascii	"RC_ERROR_NULL\000"
 1382      52524F52 
 1382      5F4E554C 
 1382      4C00
 1383              	.LASF33:
 1384 02db 52435F45 		.ascii	"RC_ERROR_BUFFER_EMTPY\000"
 1384      52524F52 
 1384      5F425546 
 1384      4645525F 
 1384      454D5450 
 1385              	.LASF80:
 1386 02f1 453A5C4E 		.ascii	"E:\\New_Dell_Laptop_18.04.2021\\Drive_D\\hda\\Summe"
 1386      65775F44 
 1386      656C6C5F 
 1386      4C617074 
 1386      6F705F31 
 1387 0320 725F5365 		.ascii	"r_Semester_2020\\Embedded Architecture and Applicat"
 1387      6D657374 
 1387      65725F32 
 1387      3032305C 
 1387      456D6265 
 1388 0352 696F6E5C 		.ascii	"ion\\Lab1\\Work_Space_RTE\\RTE_Electronic_Clock.cyd"
 1388      4C616231 
 1388      5C576F72 
 1388      6B5F5370 
 1388      6163655F 
 1389 0382 736E00   		.ascii	"sn\000"
 1390              	.LASF3:
 1391 0385 73686F72 		.ascii	"short unsigned int\000"
 1391      7420756E 
ARM GAS  C:\Users\Reza\AppData\Local\Temp\ccQBrN6Q.s 			page 31


 1391      7369676E 
 1391      65642069 
 1391      6E7400
 1392              	.LASF78:
 1393 0398 474E5520 		.ascii	"GNU C11 5.4.1 20160609 (release) [ARM/embedded-5-br"
 1393      43313120 
 1393      352E342E 
 1393      31203230 
 1393      31363036 
 1394 03cb 616E6368 		.ascii	"anch revision 237715] -mcpu=cortex-m3 -mthumb -g -O"
 1394      20726576 
 1394      6973696F 
 1394      6E203233 
 1394      37373135 
 1395 03fe 67202D66 		.ascii	"g -ffunction-sections -ffat-lto-objects\000"
 1395      66756E63 
 1395      74696F6E 
 1395      2D736563 
 1395      74696F6E 
 1396              	.LASF15:
 1397 0426 63686172 		.ascii	"char\000"
 1397      00
 1398              	.LASF32:
 1399 042b 52435F45 		.ascii	"RC_ERROR_BUFFER_FULL\000"
 1399      52524F52 
 1399      5F425546 
 1399      4645525F 
 1399      46554C4C 
 1400              	.LASF12:
 1401 0440 696E7433 		.ascii	"int32_t\000"
 1401      325F7400 
 1402              	.LASF54:
 1403 0448 72756E5F 		.ascii	"run_calculateControl\000"
 1403      63616C63 
 1403      756C6174 
 1403      65436F6E 
 1403      74726F6C 
 1404              	.LASF72:
 1405 045d 43795764 		.ascii	"CyWdtStart\000"
 1405      74537461 
 1405      727400
 1406              	.LASF71:
 1407 0468 72756E6E 		.ascii	"runnables\000"
 1407      61626C65 
 1407      7300
 1408              	.LASF44:
 1409 0472 52435F45 		.ascii	"RC_ERROR_BAD_PARAM\000"
 1409      52524F52 
 1409      5F424144 
 1409      5F504152 
 1409      414D00
 1410              	.LASF52:
 1411 0485 5744545F 		.ascii	"WDT_TimeOut_t\000"
 1411      54696D65 
 1411      4F75745F 
 1411      7400
 1412              	.LASF67:
ARM GAS  C:\Users\Reza\AppData\Local\Temp\ccQBrN6Q.s 			page 32


 1413 0493 45455F41 		.ascii	"EE_ApplicationMode\000"
 1413      70706C69 
 1413      63617469 
 1413      6F6E4D6F 
 1413      646500
 1414              	.LASF7:
 1415 04a6 6C6F6E67 		.ascii	"long unsigned int\000"
 1415      20756E73 
 1415      69676E65 
 1415      6420696E 
 1415      7400
 1416              	.LASF14:
 1417 04b8 646F7562 		.ascii	"double\000"
 1417      6C6500
 1418              	.LASF37:
 1419 04bf 52435F45 		.ascii	"RC_ERROR_CHECKSUM\000"
 1419      52524F52 
 1419      5F434845 
 1419      434B5355 
 1419      4D00
 1420              	.LASF20:
 1421 04d1 45455F55 		.ascii	"EE_UREG\000"
 1421      52454700 
 1422              	.LASF56:
 1423 04d9 72756E5F 		.ascii	"run_setBrakeLight\000"
 1423      73657442 
 1423      72616B65 
 1423      4C696768 
 1423      7400
 1424              	.LASF5:
 1425 04eb 5F5F696E 		.ascii	"__int32_t\000"
 1425      7433325F 
 1425      7400
 1426              	.LASF46:
 1427 04f5 52435F45 		.ascii	"RC_ERROR_CANCELED\000"
 1427      52524F52 
 1427      5F43414E 
 1427      43454C45 
 1427      4400
 1428              	.LASF81:
 1429 0507 5744545F 		.ascii	"WDT_TimeOut\000"
 1429      54696D65 
 1429      4F757400 
 1430              	.LASF70:
 1431 0513 49544D5F 		.ascii	"ITM_RxBuffer\000"
 1431      52784275 
 1431      66666572 
 1431      00
 1432              	.LASF25:
 1433 0520 52435F45 		.ascii	"RC_ERROR\000"
 1433      52524F52 
 1433      00
 1434              	.LASF75:
 1435 0529 45455052 		.ascii	"EEPROM_WriteByte\000"
 1435      4F4D5F57 
 1435      72697465 
 1435      42797465 
ARM GAS  C:\Users\Reza\AppData\Local\Temp\ccQBrN6Q.s 			page 33


 1435      00
 1436              	.LASF28:
 1437 053a 52435F45 		.ascii	"RC_ERROR_MEMORY\000"
 1437      52524F52 
 1437      5F4D454D 
 1437      4F525900 
 1438              	.LASF65:
 1439 054a 45455F6F 		.ascii	"EE_oo_IRQ_disable_count\000"
 1439      6F5F4952 
 1439      515F6469 
 1439      7361626C 
 1439      655F636F 
 1440              	.LASF41:
 1441 0562 52435F45 		.ascii	"RC_ERROR_READ_FAILS\000"
 1441      52524F52 
 1441      5F524541 
 1441      445F4641 
 1441      494C5300 
 1442              	.LASF83:
 1443 0576 74696D65 		.ascii	"timeout\000"
 1443      6F757400 
 1444              	.LASF49:
 1445 057e 52435F74 		.ascii	"RC_t\000"
 1445      00
 1446              	.LASF73:
 1447 0583 43795764 		.ascii	"CyWdtClear\000"
 1447      74436C65 
 1447      617200
 1448              	.LASF35:
 1449 058e 52435F45 		.ascii	"RC_ERROR_TIME_OUT\000"
 1449      52524F52 
 1449      5F54494D 
 1449      455F4F55 
 1449      5400
 1450              		.ident	"GCC: (GNU Tools for ARM Embedded Processors) 5.4.1 20160609 (release) [ARM/embedded-5-bran
